[0.020s] Invoking command in '/home/kevin/bumperbot_ws/build/bumperbot_localization': CMAKE_PREFIX_PATH=${CMAKE_PREFIX_PATH}:/home/kevin/osr_ws/install/osr_control:/home/kevin/osr_ws/install/bumperbot_py_examples:/opt/ros/humble /usr/bin/cmake /home/kevin/bumperbot_ws/src/bumperbot_localization -DCMAKE_INSTALL_PREFIX=/home/kevin/bumperbot_ws/install/bumperbot_localization
[0.126s] -- The C compiler identification is GNU 11.4.0
[0.186s] -- The CXX compiler identification is GNU 11.4.0
[0.193s] -- Detecting C compiler ABI info
[0.275s] -- Detecting C compiler ABI info - done
[0.282s] -- Check for working C compiler: /usr/bin/cc - skipped
[0.283s] -- Detecting C compile features
[0.283s] -- Detecting C compile features - done
[0.289s] -- Detecting CXX compiler ABI info
[0.374s] -- Detecting CXX compiler ABI info - done
[0.382s] -- Check for working CXX compiler: /usr/bin/c++ - skipped
[0.382s] -- Detecting CXX compile features
[0.382s] -- Detecting CXX compile features - done
[0.390s] -- Found ament_cmake: 1.3.11 (/opt/ros/humble/share/ament_cmake/cmake)
[0.559s] -- Found Python3: /usr/bin/python3 (found version "3.10.12") found components: Interpreter 
[0.681s] -- Found rclcpp: 16.0.12 (/opt/ros/humble/share/rclcpp/cmake)
[0.739s] -- Found rosidl_generator_c: 3.1.6 (/opt/ros/humble/share/rosidl_generator_c/cmake)
[0.748s] -- Found rosidl_adapter: 3.1.6 (/opt/ros/humble/share/rosidl_adapter/cmake)
[0.760s] -- Found rosidl_generator_cpp: 3.1.6 (/opt/ros/humble/share/rosidl_generator_cpp/cmake)
[0.776s] -- Using all available rosidl_typesupport_c: rosidl_typesupport_fastrtps_c;rosidl_typesupport_introspection_c
[0.799s] -- Using all available rosidl_typesupport_cpp: rosidl_typesupport_fastrtps_cpp;rosidl_typesupport_introspection_cpp
[0.867s] -- Found rmw_implementation_cmake: 6.1.2 (/opt/ros/humble/share/rmw_implementation_cmake/cmake)
[0.873s] -- Found rmw_cyclonedds_cpp: 1.3.4 (/opt/ros/humble/share/rmw_cyclonedds_cpp/cmake)
[0.904s] -- Using RMW implementation 'rmw_cyclonedds_cpp' as default
[0.918s] -- Looking for pthread.h
[1.002s] -- Looking for pthread.h - found
[1.002s] -- Performing Test CMAKE_HAVE_LIBC_PTHREAD
[1.078s] -- Performing Test CMAKE_HAVE_LIBC_PTHREAD - Success
[1.078s] -- Found Threads: TRUE  
[1.141s] -- Found rclpy: 3.3.16 (/opt/ros/humble/share/rclpy/cmake)
[1.145s] -- Found nav_msgs: 4.8.0 (/opt/ros/humble/share/nav_msgs/cmake)
[1.181s] -- Found sensor_msgs: 4.8.0 (/opt/ros/humble/share/sensor_msgs/cmake)
[1.209s] -- Found tf2: 0.25.12 (/opt/ros/humble/share/tf2/cmake)
[1.408s] -- Configuring done
[1.432s] -- Generating done
[1.440s] -- Build files have been written to: /home/kevin/bumperbot_ws/build/bumperbot_localization
[1.453s] Invoked command in '/home/kevin/bumperbot_ws/build/bumperbot_localization' returned '0': CMAKE_PREFIX_PATH=${CMAKE_PREFIX_PATH}:/home/kevin/osr_ws/install/osr_control:/home/kevin/osr_ws/install/bumperbot_py_examples:/opt/ros/humble /usr/bin/cmake /home/kevin/bumperbot_ws/src/bumperbot_localization -DCMAKE_INSTALL_PREFIX=/home/kevin/bumperbot_ws/install/bumperbot_localization
[1.453s] Invoking command in '/home/kevin/bumperbot_ws/build/bumperbot_localization': CMAKE_PREFIX_PATH=${CMAKE_PREFIX_PATH}:/home/kevin/osr_ws/install/osr_control:/home/kevin/osr_ws/install/bumperbot_py_examples:/opt/ros/humble /usr/bin/cmake --build /home/kevin/bumperbot_ws/build/bumperbot_localization -- -j6 -l6
[1.511s] [ 16%] [32mBuilding CXX object CMakeFiles/imu_republisher.dir/src/imu_republisher.cpp.o[0m
[1.511s] [ 33%] [32mBuilding CXX object CMakeFiles/kalman_filter.dir/src/kalman_filter.cpp.o[0m
[1.513s] [ 50%] [32mBuilding CXX object CMakeFiles/odometry_motion_model.dir/src/odometry_motion_model.cpp.o[0m
[1.524s] [ 50%] Built target ament_cmake_python_copy_bumperbot_localization
[1.988s] running egg_info
[1.988s] creating bumperbot_localization.egg-info
[1.988s] writing bumperbot_localization.egg-info/PKG-INFO
[1.988s] writing dependency_links to bumperbot_localization.egg-info/dependency_links.txt
[1.989s] writing top-level names to bumperbot_localization.egg-info/top_level.txt
[1.989s] writing manifest file 'bumperbot_localization.egg-info/SOURCES.txt'
[1.991s] reading manifest file 'bumperbot_localization.egg-info/SOURCES.txt'
[1.992s] writing manifest file 'bumperbot_localization.egg-info/SOURCES.txt'
[2.037s] [ 50%] Built target ament_cmake_python_build_bumperbot_localization_egg
[10.751s] [ 66%] [32m[1mLinking CXX executable imu_republisher[0m
[11.066s] [ 83%] [32m[1mLinking CXX executable odometry_motion_model[0m
[11.475s] [ 83%] Built target imu_republisher
[11.641s] [ 83%] Built target odometry_motion_model
[13.314s] [100%] [32m[1mLinking CXX executable kalman_filter[0m
[13.868s] [100%] Built target kalman_filter
[13.880s] Invoked command in '/home/kevin/bumperbot_ws/build/bumperbot_localization' returned '0': CMAKE_PREFIX_PATH=${CMAKE_PREFIX_PATH}:/home/kevin/osr_ws/install/osr_control:/home/kevin/osr_ws/install/bumperbot_py_examples:/opt/ros/humble /usr/bin/cmake --build /home/kevin/bumperbot_ws/build/bumperbot_localization -- -j6 -l6
[13.880s] Invoking command in '/home/kevin/bumperbot_ws/build/bumperbot_localization': CMAKE_PREFIX_PATH=${CMAKE_PREFIX_PATH}:/home/kevin/osr_ws/install/osr_control:/home/kevin/osr_ws/install/bumperbot_py_examples:/opt/ros/humble /usr/bin/cmake --install /home/kevin/bumperbot_ws/build/bumperbot_localization
[13.887s] -- Install configuration: ""
[13.887s] -- Installing: /home/kevin/bumperbot_ws/install/bumperbot_localization/share/bumperbot_localization/environment/pythonpath.sh
[13.888s] -- Installing: /home/kevin/bumperbot_ws/install/bumperbot_localization/share/bumperbot_localization/environment/pythonpath.dsv
[13.888s] -- Installing: /home/kevin/bumperbot_ws/install/bumperbot_localization/local/lib/python3.10/dist-packages/bumperbot_localization-0.0.0-py3.10.egg-info
[13.888s] -- Installing: /home/kevin/bumperbot_ws/install/bumperbot_localization/local/lib/python3.10/dist-packages/bumperbot_localization-0.0.0-py3.10.egg-info/PKG-INFO
[13.888s] -- Installing: /home/kevin/bumperbot_ws/install/bumperbot_localization/local/lib/python3.10/dist-packages/bumperbot_localization-0.0.0-py3.10.egg-info/top_level.txt
[13.888s] -- Installing: /home/kevin/bumperbot_ws/install/bumperbot_localization/local/lib/python3.10/dist-packages/bumperbot_localization-0.0.0-py3.10.egg-info/dependency_links.txt
[13.888s] -- Installing: /home/kevin/bumperbot_ws/install/bumperbot_localization/local/lib/python3.10/dist-packages/bumperbot_localization-0.0.0-py3.10.egg-info/SOURCES.txt
[13.888s] -- Installing: /home/kevin/bumperbot_ws/install/bumperbot_localization/local/lib/python3.10/dist-packages/bumperbot_localization
[13.888s] -- Installing: /home/kevin/bumperbot_ws/install/bumperbot_localization/local/lib/python3.10/dist-packages/bumperbot_localization/kalman_filter.py
[13.889s] -- Installing: /home/kevin/bumperbot_ws/install/bumperbot_localization/local/lib/python3.10/dist-packages/bumperbot_localization/imu_republisher.py
[13.889s] -- Installing: /home/kevin/bumperbot_ws/install/bumperbot_localization/local/lib/python3.10/dist-packages/bumperbot_localization/__init__.py
[13.889s] -- Installing: /home/kevin/bumperbot_ws/install/bumperbot_localization/local/lib/python3.10/dist-packages/bumperbot_localization/odometry_motion_model.py
[13.928s] Listing '/home/kevin/bumperbot_ws/install/bumperbot_localization/local/lib/python3.10/dist-packages/bumperbot_localization'...
[13.928s] Compiling '/home/kevin/bumperbot_ws/install/bumperbot_localization/local/lib/python3.10/dist-packages/bumperbot_localization/__init__.py'...
[13.928s] Compiling '/home/kevin/bumperbot_ws/install/bumperbot_localization/local/lib/python3.10/dist-packages/bumperbot_localization/imu_republisher.py'...
[13.928s] Compiling '/home/kevin/bumperbot_ws/install/bumperbot_localization/local/lib/python3.10/dist-packages/bumperbot_localization/kalman_filter.py'...
[13.928s] Compiling '/home/kevin/bumperbot_ws/install/bumperbot_localization/local/lib/python3.10/dist-packages/bumperbot_localization/odometry_motion_model.py'...
[13.932s] -- Installing: /home/kevin/bumperbot_ws/install/bumperbot_localization/include/include
[13.932s] -- Installing: /home/kevin/bumperbot_ws/install/bumperbot_localization/include/include/bumperbot_localization
[13.932s] -- Installing: /home/kevin/bumperbot_ws/install/bumperbot_localization/include/include/bumperbot_localization/kalman_filter.hpp
[13.932s] -- Installing: /home/kevin/bumperbot_ws/install/bumperbot_localization/include/include/bumperbot_localization/odometry_motion_model.hpp
[13.933s] -- Installing: /home/kevin/bumperbot_ws/install/bumperbot_localization/bin/odometry_motion_model
[13.937s] -- Set runtime path of "/home/kevin/bumperbot_ws/install/bumperbot_localization/bin/odometry_motion_model" to ""
[13.937s] -- Installing: /home/kevin/bumperbot_ws/install/bumperbot_localization/lib/bumperbot_localization/kalman_filter
[13.942s] -- Set runtime path of "/home/kevin/bumperbot_ws/install/bumperbot_localization/lib/bumperbot_localization/kalman_filter" to ""
[13.942s] -- Installing: /home/kevin/bumperbot_ws/install/bumperbot_localization/lib/bumperbot_localization/imu_republisher
[13.945s] -- Set runtime path of "/home/kevin/bumperbot_ws/install/bumperbot_localization/lib/bumperbot_localization/imu_republisher" to ""
[13.945s] -- Installing: /home/kevin/bumperbot_ws/install/bumperbot_localization/lib/bumperbot_localization/odometry_motion_model
[13.948s] -- Set runtime path of "/home/kevin/bumperbot_ws/install/bumperbot_localization/lib/bumperbot_localization/odometry_motion_model" to ""
[13.948s] -- Installing: /home/kevin/bumperbot_ws/install/bumperbot_localization/share/bumperbot_localization/launch
[13.948s] -- Installing: /home/kevin/bumperbot_ws/install/bumperbot_localization/share/bumperbot_localization/launch/local_localization.launch.py
[13.948s] -- Installing: /home/kevin/bumperbot_ws/install/bumperbot_localization/share/bumperbot_localization/launch/global_localization.launch.py
[13.948s] -- Installing: /home/kevin/bumperbot_ws/install/bumperbot_localization/share/bumperbot_localization/config
[13.948s] -- Installing: /home/kevin/bumperbot_ws/install/bumperbot_localization/share/bumperbot_localization/config/odometry_motion_model.rviz
[13.949s] -- Installing: /home/kevin/bumperbot_ws/install/bumperbot_localization/share/bumperbot_localization/config/amcl.yaml
[13.949s] -- Installing: /home/kevin/bumperbot_ws/install/bumperbot_localization/share/bumperbot_localization/config/ekf.yaml
[13.949s] -- Installing: /home/kevin/bumperbot_ws/install/bumperbot_localization/share/bumperbot_localization/rviz
[13.949s] -- Installing: /home/kevin/bumperbot_ws/install/bumperbot_localization/share/bumperbot_localization/rviz/global_localization.rviz
[13.950s] -- Installing: /home/kevin/bumperbot_ws/install/bumperbot_localization/lib/bumperbot_localization/kalman_filter.py
[13.950s] -- Installing: /home/kevin/bumperbot_ws/install/bumperbot_localization/lib/bumperbot_localization/imu_republisher.py
[13.950s] -- Installing: /home/kevin/bumperbot_ws/install/bumperbot_localization/lib/bumperbot_localization/odometry_motion_model.py
[13.950s] -- Installing: /home/kevin/bumperbot_ws/install/bumperbot_localization/share/ament_index/resource_index/package_run_dependencies/bumperbot_localization
[13.950s] -- Installing: /home/kevin/bumperbot_ws/install/bumperbot_localization/share/ament_index/resource_index/parent_prefix_path/bumperbot_localization
[13.950s] -- Installing: /home/kevin/bumperbot_ws/install/bumperbot_localization/share/bumperbot_localization/environment/ament_prefix_path.sh
[13.951s] -- Installing: /home/kevin/bumperbot_ws/install/bumperbot_localization/share/bumperbot_localization/environment/ament_prefix_path.dsv
[13.951s] -- Installing: /home/kevin/bumperbot_ws/install/bumperbot_localization/share/bumperbot_localization/environment/path.sh
[13.951s] -- Installing: /home/kevin/bumperbot_ws/install/bumperbot_localization/share/bumperbot_localization/environment/path.dsv
[13.951s] -- Installing: /home/kevin/bumperbot_ws/install/bumperbot_localization/share/bumperbot_localization/local_setup.bash
[13.951s] -- Installing: /home/kevin/bumperbot_ws/install/bumperbot_localization/share/bumperbot_localization/local_setup.sh
[13.951s] -- Installing: /home/kevin/bumperbot_ws/install/bumperbot_localization/share/bumperbot_localization/local_setup.zsh
[13.951s] -- Installing: /home/kevin/bumperbot_ws/install/bumperbot_localization/share/bumperbot_localization/local_setup.dsv
[13.951s] -- Installing: /home/kevin/bumperbot_ws/install/bumperbot_localization/share/bumperbot_localization/package.dsv
[13.952s] -- Installing: /home/kevin/bumperbot_ws/install/bumperbot_localization/share/ament_index/resource_index/packages/bumperbot_localization
[13.952s] -- Installing: /home/kevin/bumperbot_ws/install/bumperbot_localization/share/bumperbot_localization/cmake/bumperbot_localizationConfig.cmake
[13.952s] -- Installing: /home/kevin/bumperbot_ws/install/bumperbot_localization/share/bumperbot_localization/cmake/bumperbot_localizationConfig-version.cmake
[13.952s] -- Installing: /home/kevin/bumperbot_ws/install/bumperbot_localization/share/bumperbot_localization/package.xml
[13.954s] Invoked command in '/home/kevin/bumperbot_ws/build/bumperbot_localization' returned '0': CMAKE_PREFIX_PATH=${CMAKE_PREFIX_PATH}:/home/kevin/osr_ws/install/osr_control:/home/kevin/osr_ws/install/bumperbot_py_examples:/opt/ros/humble /usr/bin/cmake --install /home/kevin/bumperbot_ws/build/bumperbot_localization
