[0.010s] Invoking command in '/home/kevin/rover_ws/build/rover_bringup': AMENT_PREFIX_PATH=/home/kevin/rover_ws/install/rover_mapping:/home/kevin/rover_ws/install/rover_localization:/home/kevin/rover_ws/install/rover_description:/home/kevin/rover_ws/install/rover_controller:${AMENT_PREFIX_PATH} CMAKE_PREFIX_PATH=/home/kevin/rover_ws/install/rover_mapping:/home/kevin/rover_ws/install/rover_localization:/home/kevin/rover_ws/install/rover_description:/home/kevin/rover_ws/install/rover_controller:/home/kevin/osr_ws/install/osr_mapping:/home/kevin/osr_ws/install/osr_bringup:/home/kevin/osr_ws/install/osr_localization:/home/kevin/osr_ws/install/osr_interfaces:/home/kevin/osr_ws/install/osr_gazebo:/home/kevin/osr_ws/install/osr_control:/opt/ros/humble PATH=/home/kevin/rover_ws/install/rover_localization/bin:${PATH} PYTHONPATH=/home/kevin/rover_ws/install/rover_mapping/local/lib/python3.10/dist-packages:/home/kevin/rover_ws/install/rover_localization/local/lib/python3.10/dist-packages:/home/kevin/rover_ws/install/rover_controller/local/lib/python3.10/dist-packages:${PYTHONPATH} /usr/bin/cmake /home/kevin/rover_ws/src/rover_bringup -DCMAKE_INSTALL_PREFIX=/home/kevin/rover_ws/install/rover_bringup
[0.061s] -- The C compiler identification is GNU 11.4.0
[0.111s] -- The CXX compiler identification is GNU 11.4.0
[0.117s] -- Detecting C compiler ABI info
[0.178s] -- Detecting C compiler ABI info - done
[0.185s] -- Check for working C compiler: /usr/bin/cc - skipped
[0.185s] -- Detecting C compile features
[0.186s] -- Detecting C compile features - done
[0.189s] -- Detecting CXX compiler ABI info
[0.263s] -- Detecting CXX compiler ABI info - done
[0.270s] -- Check for working CXX compiler: /usr/bin/c++ - skipped
[0.270s] -- Detecting CXX compile features
[0.271s] -- Detecting CXX compile features - done
[0.274s] -- Found ament_cmake: 1.3.11 (/opt/ros/humble/share/ament_cmake/cmake)
[0.420s] -- Found Python3: /usr/bin/python3 (found version "3.10.12") found components: Interpreter 
[0.574s] -- Configuring done
[0.577s] -- Generating done
[0.578s] -- Build files have been written to: /home/kevin/rover_ws/build/rover_bringup
[0.582s] Invoked command in '/home/kevin/rover_ws/build/rover_bringup' returned '0': AMENT_PREFIX_PATH=/home/kevin/rover_ws/install/rover_mapping:/home/kevin/rover_ws/install/rover_localization:/home/kevin/rover_ws/install/rover_description:/home/kevin/rover_ws/install/rover_controller:${AMENT_PREFIX_PATH} CMAKE_PREFIX_PATH=/home/kevin/rover_ws/install/rover_mapping:/home/kevin/rover_ws/install/rover_localization:/home/kevin/rover_ws/install/rover_description:/home/kevin/rover_ws/install/rover_controller:/home/kevin/osr_ws/install/osr_mapping:/home/kevin/osr_ws/install/osr_bringup:/home/kevin/osr_ws/install/osr_localization:/home/kevin/osr_ws/install/osr_interfaces:/home/kevin/osr_ws/install/osr_gazebo:/home/kevin/osr_ws/install/osr_control:/opt/ros/humble PATH=/home/kevin/rover_ws/install/rover_localization/bin:${PATH} PYTHONPATH=/home/kevin/rover_ws/install/rover_mapping/local/lib/python3.10/dist-packages:/home/kevin/rover_ws/install/rover_localization/local/lib/python3.10/dist-packages:/home/kevin/rover_ws/install/rover_controller/local/lib/python3.10/dist-packages:${PYTHONPATH} /usr/bin/cmake /home/kevin/rover_ws/src/rover_bringup -DCMAKE_INSTALL_PREFIX=/home/kevin/rover_ws/install/rover_bringup
[0.583s] Invoking command in '/home/kevin/rover_ws/build/rover_bringup': AMENT_PREFIX_PATH=/home/kevin/rover_ws/install/rover_mapping:/home/kevin/rover_ws/install/rover_localization:/home/kevin/rover_ws/install/rover_description:/home/kevin/rover_ws/install/rover_controller:${AMENT_PREFIX_PATH} CMAKE_PREFIX_PATH=/home/kevin/rover_ws/install/rover_mapping:/home/kevin/rover_ws/install/rover_localization:/home/kevin/rover_ws/install/rover_description:/home/kevin/rover_ws/install/rover_controller:/home/kevin/osr_ws/install/osr_mapping:/home/kevin/osr_ws/install/osr_bringup:/home/kevin/osr_ws/install/osr_localization:/home/kevin/osr_ws/install/osr_interfaces:/home/kevin/osr_ws/install/osr_gazebo:/home/kevin/osr_ws/install/osr_control:/opt/ros/humble PATH=/home/kevin/rover_ws/install/rover_localization/bin:${PATH} PYTHONPATH=/home/kevin/rover_ws/install/rover_mapping/local/lib/python3.10/dist-packages:/home/kevin/rover_ws/install/rover_localization/local/lib/python3.10/dist-packages:/home/kevin/rover_ws/install/rover_controller/local/lib/python3.10/dist-packages:${PYTHONPATH} /usr/bin/cmake --build /home/kevin/rover_ws/build/rover_bringup -- -j6 -l6
[0.617s] Invoked command in '/home/kevin/rover_ws/build/rover_bringup' returned '0': AMENT_PREFIX_PATH=/home/kevin/rover_ws/install/rover_mapping:/home/kevin/rover_ws/install/rover_localization:/home/kevin/rover_ws/install/rover_description:/home/kevin/rover_ws/install/rover_controller:${AMENT_PREFIX_PATH} CMAKE_PREFIX_PATH=/home/kevin/rover_ws/install/rover_mapping:/home/kevin/rover_ws/install/rover_localization:/home/kevin/rover_ws/install/rover_description:/home/kevin/rover_ws/install/rover_controller:/home/kevin/osr_ws/install/osr_mapping:/home/kevin/osr_ws/install/osr_bringup:/home/kevin/osr_ws/install/osr_localization:/home/kevin/osr_ws/install/osr_interfaces:/home/kevin/osr_ws/install/osr_gazebo:/home/kevin/osr_ws/install/osr_control:/opt/ros/humble PATH=/home/kevin/rover_ws/install/rover_localization/bin:${PATH} PYTHONPATH=/home/kevin/rover_ws/install/rover_mapping/local/lib/python3.10/dist-packages:/home/kevin/rover_ws/install/rover_localization/local/lib/python3.10/dist-packages:/home/kevin/rover_ws/install/rover_controller/local/lib/python3.10/dist-packages:${PYTHONPATH} /usr/bin/cmake --build /home/kevin/rover_ws/build/rover_bringup -- -j6 -l6
[0.618s] Invoking command in '/home/kevin/rover_ws/build/rover_bringup': AMENT_PREFIX_PATH=/home/kevin/rover_ws/install/rover_mapping:/home/kevin/rover_ws/install/rover_localization:/home/kevin/rover_ws/install/rover_description:/home/kevin/rover_ws/install/rover_controller:${AMENT_PREFIX_PATH} CMAKE_PREFIX_PATH=/home/kevin/rover_ws/install/rover_mapping:/home/kevin/rover_ws/install/rover_localization:/home/kevin/rover_ws/install/rover_description:/home/kevin/rover_ws/install/rover_controller:/home/kevin/osr_ws/install/osr_mapping:/home/kevin/osr_ws/install/osr_bringup:/home/kevin/osr_ws/install/osr_localization:/home/kevin/osr_ws/install/osr_interfaces:/home/kevin/osr_ws/install/osr_gazebo:/home/kevin/osr_ws/install/osr_control:/opt/ros/humble PATH=/home/kevin/rover_ws/install/rover_localization/bin:${PATH} PYTHONPATH=/home/kevin/rover_ws/install/rover_mapping/local/lib/python3.10/dist-packages:/home/kevin/rover_ws/install/rover_localization/local/lib/python3.10/dist-packages:/home/kevin/rover_ws/install/rover_controller/local/lib/python3.10/dist-packages:${PYTHONPATH} /usr/bin/cmake --install /home/kevin/rover_ws/build/rover_bringup
[0.625s] -- Install configuration: ""
[0.625s] -- Installing: /home/kevin/rover_ws/install/rover_bringup/share/rover_bringup/launch
[0.625s] -- Installing: /home/kevin/rover_ws/install/rover_bringup/share/rover_bringup/launch/simulated.launch.py
[0.626s] -- Installing: /home/kevin/rover_ws/install/rover_bringup/share/ament_index/resource_index/package_run_dependencies/rover_bringup
[0.626s] -- Installing: /home/kevin/rover_ws/install/rover_bringup/share/ament_index/resource_index/parent_prefix_path/rover_bringup
[0.626s] -- Installing: /home/kevin/rover_ws/install/rover_bringup/share/rover_bringup/environment/ament_prefix_path.sh
[0.626s] -- Installing: /home/kevin/rover_ws/install/rover_bringup/share/rover_bringup/environment/ament_prefix_path.dsv
[0.626s] -- Installing: /home/kevin/rover_ws/install/rover_bringup/share/rover_bringup/environment/path.sh
[0.626s] -- Installing: /home/kevin/rover_ws/install/rover_bringup/share/rover_bringup/environment/path.dsv
[0.627s] -- Installing: /home/kevin/rover_ws/install/rover_bringup/share/rover_bringup/local_setup.bash
[0.627s] -- Installing: /home/kevin/rover_ws/install/rover_bringup/share/rover_bringup/local_setup.sh
[0.627s] -- Installing: /home/kevin/rover_ws/install/rover_bringup/share/rover_bringup/local_setup.zsh
[0.627s] -- Installing: /home/kevin/rover_ws/install/rover_bringup/share/rover_bringup/local_setup.dsv
[0.627s] -- Installing: /home/kevin/rover_ws/install/rover_bringup/share/rover_bringup/package.dsv
[0.627s] -- Installing: /home/kevin/rover_ws/install/rover_bringup/share/ament_index/resource_index/packages/rover_bringup
[0.627s] -- Installing: /home/kevin/rover_ws/install/rover_bringup/share/rover_bringup/cmake/rover_bringupConfig.cmake
[0.627s] -- Installing: /home/kevin/rover_ws/install/rover_bringup/share/rover_bringup/cmake/rover_bringupConfig-version.cmake
[0.628s] -- Installing: /home/kevin/rover_ws/install/rover_bringup/share/rover_bringup/package.xml
[0.630s] Invoked command in '/home/kevin/rover_ws/build/rover_bringup' returned '0': AMENT_PREFIX_PATH=/home/kevin/rover_ws/install/rover_mapping:/home/kevin/rover_ws/install/rover_localization:/home/kevin/rover_ws/install/rover_description:/home/kevin/rover_ws/install/rover_controller:${AMENT_PREFIX_PATH} CMAKE_PREFIX_PATH=/home/kevin/rover_ws/install/rover_mapping:/home/kevin/rover_ws/install/rover_localization:/home/kevin/rover_ws/install/rover_description:/home/kevin/rover_ws/install/rover_controller:/home/kevin/osr_ws/install/osr_mapping:/home/kevin/osr_ws/install/osr_bringup:/home/kevin/osr_ws/install/osr_localization:/home/kevin/osr_ws/install/osr_interfaces:/home/kevin/osr_ws/install/osr_gazebo:/home/kevin/osr_ws/install/osr_control:/opt/ros/humble PATH=/home/kevin/rover_ws/install/rover_localization/bin:${PATH} PYTHONPATH=/home/kevin/rover_ws/install/rover_mapping/local/lib/python3.10/dist-packages:/home/kevin/rover_ws/install/rover_localization/local/lib/python3.10/dist-packages:/home/kevin/rover_ws/install/rover_controller/local/lib/python3.10/dist-packages:${PYTHONPATH} /usr/bin/cmake --install /home/kevin/rover_ws/build/rover_bringup
