[0.024s] Invoking command in '/home/kevin/bumperbot_ws/build/bumperbot_controller': CMAKE_PREFIX_PATH=${CMAKE_PREFIX_PATH}:/home/kevin/osr_ws/install/osr_control:/home/kevin/osr_ws/install/bumperbot_py_examples:/opt/ros/humble /usr/bin/cmake --build /home/kevin/bumperbot_ws/build/bumperbot_controller -- -j6 -l6
[0.049s] -- Found ament_cmake: 1.3.11 (/opt/ros/humble/share/ament_cmake/cmake)
[0.196s] -- Found rclcpp: 16.0.12 (/opt/ros/humble/share/rclcpp/cmake)
[0.225s] -- Found rosidl_generator_c: 3.1.6 (/opt/ros/humble/share/rosidl_generator_c/cmake)
[0.229s] -- Found rosidl_adapter: 3.1.6 (/opt/ros/humble/share/rosidl_adapter/cmake)
[0.233s] -- Found rosidl_generator_cpp: 3.1.6 (/opt/ros/humble/share/rosidl_generator_cpp/cmake)
[0.243s] -- Using all available rosidl_typesupport_c: rosidl_typesupport_fastrtps_c;rosidl_typesupport_introspection_c
[0.255s] -- Using all available rosidl_typesupport_cpp: rosidl_typesupport_fastrtps_cpp;rosidl_typesupport_introspection_cpp
[0.288s] -- Found rmw_implementation_cmake: 6.1.2 (/opt/ros/humble/share/rmw_implementation_cmake/cmake)
[0.289s] -- Found rmw_cyclonedds_cpp: 1.3.4 (/opt/ros/humble/share/rmw_cyclonedds_cpp/cmake)
[0.307s] -- Using RMW implementation 'rmw_cyclonedds_cpp' as default
[0.358s] -- Found rclpy: 3.3.16 (/opt/ros/humble/share/rclpy/cmake)
[0.358s] -- Found geometry_msgs: 4.8.0 (/opt/ros/humble/share/geometry_msgs/cmake)
[0.370s] -- Found sensor_msgs: 4.8.0 (/opt/ros/humble/share/sensor_msgs/cmake)
[0.387s] -- Found nav_msgs: 4.8.0 (/opt/ros/humble/share/nav_msgs/cmake)
[0.404s] -- Found tf2_geometry_msgs: 0.25.12 (/opt/ros/humble/share/tf2_geometry_msgs/cmake)
[0.407s] -- Found eigen3_cmake_module: 0.1.1 (/opt/ros/humble/share/eigen3_cmake_module/cmake)
[0.408s] -- Ensuring Eigen3 include directory is part of orocos-kdl CMake target
[0.492s] -- Found trajectory_msgs: 4.8.0 (/opt/ros/humble/share/trajectory_msgs/cmake)
[0.638s] -- Configuring done
[0.654s] -- Generating done
[0.660s] -- Build files have been written to: /home/kevin/bumperbot_ws/build/bumperbot_controller
[0.684s] [35m[1mConsolidate compiler generated dependencies of target twist_relay[0m
[0.685s] [35m[1mConsolidate compiler generated dependencies of target simple_controller[0m
[0.701s] [ 25%] Built target ament_cmake_python_copy_bumperbot_controller
[0.702s] [ 50%] Built target twist_relay
[0.705s] [100%] Built target simple_controller
[0.971s] running egg_info
[0.971s] writing bumperbot_controller.egg-info/PKG-INFO
[0.972s] writing dependency_links to bumperbot_controller.egg-info/dependency_links.txt
[0.972s] writing top-level names to bumperbot_controller.egg-info/top_level.txt
[0.973s] reading manifest file 'bumperbot_controller.egg-info/SOURCES.txt'
[0.974s] writing manifest file 'bumperbot_controller.egg-info/SOURCES.txt'
[0.997s] [100%] Built target ament_cmake_python_build_bumperbot_controller_egg
[1.007s] Invoked command in '/home/kevin/bumperbot_ws/build/bumperbot_controller' returned '0': CMAKE_PREFIX_PATH=${CMAKE_PREFIX_PATH}:/home/kevin/osr_ws/install/osr_control:/home/kevin/osr_ws/install/bumperbot_py_examples:/opt/ros/humble /usr/bin/cmake --build /home/kevin/bumperbot_ws/build/bumperbot_controller -- -j6 -l6
[1.008s] Invoking command in '/home/kevin/bumperbot_ws/build/bumperbot_controller': CMAKE_PREFIX_PATH=${CMAKE_PREFIX_PATH}:/home/kevin/osr_ws/install/osr_control:/home/kevin/osr_ws/install/bumperbot_py_examples:/opt/ros/humble /usr/bin/cmake --install /home/kevin/bumperbot_ws/build/bumperbot_controller
[1.015s] -- Install configuration: ""
[1.015s] -- Up-to-date: /home/kevin/bumperbot_ws/install/bumperbot_controller/share/bumperbot_controller/environment/pythonpath.sh
[1.016s] -- Installing: /home/kevin/bumperbot_ws/install/bumperbot_controller/share/bumperbot_controller/environment/pythonpath.dsv
[1.016s] -- Up-to-date: /home/kevin/bumperbot_ws/install/bumperbot_controller/local/lib/python3.10/dist-packages/bumperbot_controller-0.0.0-py3.10.egg-info
[1.016s] -- Installing: /home/kevin/bumperbot_ws/install/bumperbot_controller/local/lib/python3.10/dist-packages/bumperbot_controller-0.0.0-py3.10.egg-info/PKG-INFO
[1.016s] -- Installing: /home/kevin/bumperbot_ws/install/bumperbot_controller/local/lib/python3.10/dist-packages/bumperbot_controller-0.0.0-py3.10.egg-info/top_level.txt
[1.016s] -- Installing: /home/kevin/bumperbot_ws/install/bumperbot_controller/local/lib/python3.10/dist-packages/bumperbot_controller-0.0.0-py3.10.egg-info/dependency_links.txt
[1.016s] -- Installing: /home/kevin/bumperbot_ws/install/bumperbot_controller/local/lib/python3.10/dist-packages/bumperbot_controller-0.0.0-py3.10.egg-info/SOURCES.txt
[1.016s] -- Up-to-date: /home/kevin/bumperbot_ws/install/bumperbot_controller/local/lib/python3.10/dist-packages/bumperbot_controller
[1.016s] -- Up-to-date: /home/kevin/bumperbot_ws/install/bumperbot_controller/local/lib/python3.10/dist-packages/bumperbot_controller/__init__.py
[1.016s] -- Up-to-date: /home/kevin/bumperbot_ws/install/bumperbot_controller/local/lib/python3.10/dist-packages/bumperbot_controller/twist_relay.py
[1.049s] Listing '/home/kevin/bumperbot_ws/install/bumperbot_controller/local/lib/python3.10/dist-packages/bumperbot_controller'...
[1.053s] -- Up-to-date: /home/kevin/bumperbot_ws/install/bumperbot_controller/lib/bumperbot_controller/simple_controller
[1.054s] -- Up-to-date: /home/kevin/bumperbot_ws/install/bumperbot_controller/lib/bumperbot_controller/twist_relay
[1.054s] -- Up-to-date: /home/kevin/bumperbot_ws/install/bumperbot_controller/share/bumperbot_controller/launch
[1.054s] -- Up-to-date: /home/kevin/bumperbot_ws/install/bumperbot_controller/share/bumperbot_controller/launch/joystick_teleop.launch.py
[1.054s] -- Up-to-date: /home/kevin/bumperbot_ws/install/bumperbot_controller/share/bumperbot_controller/launch/controller.launch.py
[1.054s] -- Up-to-date: /home/kevin/bumperbot_ws/install/bumperbot_controller/share/bumperbot_controller/config
[1.054s] -- Up-to-date: /home/kevin/bumperbot_ws/install/bumperbot_controller/share/bumperbot_controller/config/joy_teleop.yaml
[1.054s] -- Up-to-date: /home/kevin/bumperbot_ws/install/bumperbot_controller/share/bumperbot_controller/config/twist_mux_topics.yaml
[1.054s] -- Up-to-date: /home/kevin/bumperbot_ws/install/bumperbot_controller/share/bumperbot_controller/config/twist_mux_locks.yaml
[1.054s] -- Up-to-date: /home/kevin/bumperbot_ws/install/bumperbot_controller/share/bumperbot_controller/config/twist_mux_joy.yaml
[1.054s] -- Up-to-date: /home/kevin/bumperbot_ws/install/bumperbot_controller/share/bumperbot_controller/config/controller_velocity.yaml
[1.054s] -- Up-to-date: /home/kevin/bumperbot_ws/install/bumperbot_controller/share/bumperbot_controller/config/joy_config.yaml
[1.055s] -- Installing: /home/kevin/bumperbot_ws/install/bumperbot_controller/lib/bumperbot_controller/twist_relay.py
[1.055s] -- Installing: /home/kevin/bumperbot_ws/install/bumperbot_controller/share/ament_index/resource_index/package_run_dependencies/bumperbot_controller
[1.055s] -- Installing: /home/kevin/bumperbot_ws/install/bumperbot_controller/share/ament_index/resource_index/parent_prefix_path/bumperbot_controller
[1.055s] -- Installing: /home/kevin/bumperbot_ws/install/bumperbot_controller/share/bumperbot_controller/environment/ament_prefix_path.sh
[1.055s] -- Installing: /home/kevin/bumperbot_ws/install/bumperbot_controller/share/bumperbot_controller/environment/ament_prefix_path.dsv
[1.055s] -- Installing: /home/kevin/bumperbot_ws/install/bumperbot_controller/share/bumperbot_controller/environment/path.sh
[1.055s] -- Installing: /home/kevin/bumperbot_ws/install/bumperbot_controller/share/bumperbot_controller/environment/path.dsv
[1.055s] -- Installing: /home/kevin/bumperbot_ws/install/bumperbot_controller/share/bumperbot_controller/local_setup.bash
[1.055s] -- Installing: /home/kevin/bumperbot_ws/install/bumperbot_controller/share/bumperbot_controller/local_setup.sh
[1.055s] -- Installing: /home/kevin/bumperbot_ws/install/bumperbot_controller/share/bumperbot_controller/local_setup.zsh
[1.055s] -- Installing: /home/kevin/bumperbot_ws/install/bumperbot_controller/share/bumperbot_controller/local_setup.dsv
[1.055s] -- Installing: /home/kevin/bumperbot_ws/install/bumperbot_controller/share/bumperbot_controller/package.dsv
[1.056s] -- Installing: /home/kevin/bumperbot_ws/install/bumperbot_controller/share/ament_index/resource_index/packages/bumperbot_controller
[1.056s] -- Installing: /home/kevin/bumperbot_ws/install/bumperbot_controller/share/bumperbot_controller/cmake/bumperbot_controllerConfig.cmake
[1.056s] -- Installing: /home/kevin/bumperbot_ws/install/bumperbot_controller/share/bumperbot_controller/cmake/bumperbot_controllerConfig-version.cmake
[1.056s] -- Installing: /home/kevin/bumperbot_ws/install/bumperbot_controller/share/bumperbot_controller/package.xml
[1.058s] Invoked command in '/home/kevin/bumperbot_ws/build/bumperbot_controller' returned '0': CMAKE_PREFIX_PATH=${CMAKE_PREFIX_PATH}:/home/kevin/osr_ws/install/osr_control:/home/kevin/osr_ws/install/bumperbot_py_examples:/opt/ros/humble /usr/bin/cmake --install /home/kevin/bumperbot_ws/build/bumperbot_controller
