[ 50%] Built target simple_controller
[100%] Built target twist_relay
[100%] Built target ament_cmake_python_copy_rover_controller
running egg_info
writing rover_controller.egg-info/PKG-INFO
writing dependency_links to rover_controller.egg-info/dependency_links.txt
writing top-level names to rover_controller.egg-info/top_level.txt
reading manifest file 'rover_controller.egg-info/SOURCES.txt'
writing manifest file 'rover_controller.egg-info/SOURCES.txt'
[100%] Built target ament_cmake_python_build_rover_controller_egg
-- Install configuration: ""
-- Up-to-date: /home/kevin/rover_ws/install/rover_controller/share/rover_controller/environment/pythonpath.sh
-- Up-to-date: /home/kevin/rover_ws/install/rover_controller/share/rover_controller/environment/pythonpath.dsv
-- Up-to-date: /home/kevin/rover_ws/install/rover_controller/local/lib/python3.10/dist-packages/rover_controller-0.0.0-py3.10.egg-info
-- Installing: /home/kevin/rover_ws/install/rover_controller/local/lib/python3.10/dist-packages/rover_controller-0.0.0-py3.10.egg-info/PKG-INFO
-- Installing: /home/kevin/rover_ws/install/rover_controller/local/lib/python3.10/dist-packages/rover_controller-0.0.0-py3.10.egg-info/top_level.txt
-- Installing: /home/kevin/rover_ws/install/rover_controller/local/lib/python3.10/dist-packages/rover_controller-0.0.0-py3.10.egg-info/dependency_links.txt
-- Installing: /home/kevin/rover_ws/install/rover_controller/local/lib/python3.10/dist-packages/rover_controller-0.0.0-py3.10.egg-info/SOURCES.txt
-- Up-to-date: /home/kevin/rover_ws/install/rover_controller/local/lib/python3.10/dist-packages/rover_controller
-- Up-to-date: /home/kevin/rover_ws/install/rover_controller/local/lib/python3.10/dist-packages/rover_controller/__init__.py
-- Up-to-date: /home/kevin/rover_ws/install/rover_controller/local/lib/python3.10/dist-packages/rover_controller/twist_relay.py
Listing '/home/kevin/rover_ws/install/rover_controller/local/lib/python3.10/dist-packages/rover_controller'...
-- Up-to-date: /home/kevin/rover_ws/install/rover_controller/lib/rover_controller/simple_controller
-- Up-to-date: /home/kevin/rover_ws/install/rover_controller/lib/rover_controller/twist_relay
-- Up-to-date: /home/kevin/rover_ws/install/rover_controller/share/rover_controller/launch
-- Up-to-date: /home/kevin/rover_ws/install/rover_controller/share/rover_controller/launch/joystick_teleop.launch.py
-- Up-to-date: /home/kevin/rover_ws/install/rover_controller/share/rover_controller/launch/controller.launch.py
-- Up-to-date: /home/kevin/rover_ws/install/rover_controller/share/rover_controller/config
-- Up-to-date: /home/kevin/rover_ws/install/rover_controller/share/rover_controller/config/joy_teleop.yaml
-- Up-to-date: /home/kevin/rover_ws/install/rover_controller/share/rover_controller/config/twist_mux_topics.yaml
-- Up-to-date: /home/kevin/rover_ws/install/rover_controller/share/rover_controller/config/twist_mux_locks.yaml
-- Up-to-date: /home/kevin/rover_ws/install/rover_controller/share/rover_controller/config/twist_mux_joy.yaml
-- Up-to-date: /home/kevin/rover_ws/install/rover_controller/share/rover_controller/config/controller_velocity.yaml
-- Up-to-date: /home/kevin/rover_ws/install/rover_controller/share/rover_controller/config/joy_config.yaml
-- Up-to-date: /home/kevin/rover_ws/install/rover_controller/lib/rover_controller/twist_relay.py
-- Up-to-date: /home/kevin/rover_ws/install/rover_controller/share/ament_index/resource_index/package_run_dependencies/rover_controller
-- Up-to-date: /home/kevin/rover_ws/install/rover_controller/share/ament_index/resource_index/parent_prefix_path/rover_controller
-- Up-to-date: /home/kevin/rover_ws/install/rover_controller/share/rover_controller/environment/ament_prefix_path.sh
-- Up-to-date: /home/kevin/rover_ws/install/rover_controller/share/rover_controller/environment/ament_prefix_path.dsv
-- Up-to-date: /home/kevin/rover_ws/install/rover_controller/share/rover_controller/environment/path.sh
-- Up-to-date: /home/kevin/rover_ws/install/rover_controller/share/rover_controller/environment/path.dsv
-- Up-to-date: /home/kevin/rover_ws/install/rover_controller/share/rover_controller/local_setup.bash
-- Up-to-date: /home/kevin/rover_ws/install/rover_controller/share/rover_controller/local_setup.sh
-- Up-to-date: /home/kevin/rover_ws/install/rover_controller/share/rover_controller/local_setup.zsh
-- Up-to-date: /home/kevin/rover_ws/install/rover_controller/share/rover_controller/local_setup.dsv
-- Installing: /home/kevin/rover_ws/install/rover_controller/share/rover_controller/package.dsv
-- Up-to-date: /home/kevin/rover_ws/install/rover_controller/share/ament_index/resource_index/packages/rover_controller
-- Up-to-date: /home/kevin/rover_ws/install/rover_controller/share/rover_controller/cmake/rover_controllerConfig.cmake
-- Up-to-date: /home/kevin/rover_ws/install/rover_controller/share/rover_controller/cmake/rover_controllerConfig-version.cmake
-- Up-to-date: /home/kevin/rover_ws/install/rover_controller/share/rover_controller/package.xml
