[0.017s] Invoking command in '/home/kevin/rover_ws/build/bumperbot_localization': CMAKE_PREFIX_PATH=${CMAKE_PREFIX_PATH}:/home/kevin/osr_ws/install/osr_control:/opt/ros/humble /usr/bin/cmake --build /home/kevin/rover_ws/build/bumperbot_localization -- -j6 -l6
[0.066s] [35m[1mConsolidate compiler generated dependencies of target odometry_motion_model[0m
[0.066s] [35m[1mConsolidate compiler generated dependencies of target imu_republisher[0m
[0.066s] [35m[1mConsolidate compiler generated dependencies of target kalman_filter[0m
[0.139s] [ 33%] Built target imu_republisher
[0.167s] [ 66%] Built target odometry_motion_model
[0.167s] [100%] Built target kalman_filter
[0.167s] [100%] Built target ament_cmake_python_copy_bumperbot_localization
[0.384s] running egg_info
[0.385s] writing bumperbot_localization.egg-info/PKG-INFO
[0.385s] writing dependency_links to bumperbot_localization.egg-info/dependency_links.txt
[0.385s] writing top-level names to bumperbot_localization.egg-info/top_level.txt
[0.387s] reading manifest file 'bumperbot_localization.egg-info/SOURCES.txt'
[0.388s] writing manifest file 'bumperbot_localization.egg-info/SOURCES.txt'
[0.419s] [100%] Built target ament_cmake_python_build_bumperbot_localization_egg
[0.429s] Invoked command in '/home/kevin/rover_ws/build/bumperbot_localization' returned '0': CMAKE_PREFIX_PATH=${CMAKE_PREFIX_PATH}:/home/kevin/osr_ws/install/osr_control:/opt/ros/humble /usr/bin/cmake --build /home/kevin/rover_ws/build/bumperbot_localization -- -j6 -l6
[0.431s] Invoking command in '/home/kevin/rover_ws/build/bumperbot_localization': CMAKE_PREFIX_PATH=${CMAKE_PREFIX_PATH}:/home/kevin/osr_ws/install/osr_control:/opt/ros/humble /usr/bin/cmake --install /home/kevin/rover_ws/build/bumperbot_localization
[0.437s] -- Install configuration: ""
[0.438s] -- Up-to-date: /home/kevin/rover_ws/install/bumperbot_localization/share/bumperbot_localization/environment/pythonpath.sh
[0.438s] -- Up-to-date: /home/kevin/rover_ws/install/bumperbot_localization/share/bumperbot_localization/environment/pythonpath.dsv
[0.438s] -- Up-to-date: /home/kevin/rover_ws/install/bumperbot_localization/local/lib/python3.10/dist-packages/bumperbot_localization-0.0.0-py3.10.egg-info
[0.438s] -- Installing: /home/kevin/rover_ws/install/bumperbot_localization/local/lib/python3.10/dist-packages/bumperbot_localization-0.0.0-py3.10.egg-info/PKG-INFO
[0.438s] -- Installing: /home/kevin/rover_ws/install/bumperbot_localization/local/lib/python3.10/dist-packages/bumperbot_localization-0.0.0-py3.10.egg-info/top_level.txt
[0.438s] -- Installing: /home/kevin/rover_ws/install/bumperbot_localization/local/lib/python3.10/dist-packages/bumperbot_localization-0.0.0-py3.10.egg-info/dependency_links.txt
[0.438s] -- Installing: /home/kevin/rover_ws/install/bumperbot_localization/local/lib/python3.10/dist-packages/bumperbot_localization-0.0.0-py3.10.egg-info/SOURCES.txt
[0.438s] -- Up-to-date: /home/kevin/rover_ws/install/bumperbot_localization/local/lib/python3.10/dist-packages/bumperbot_localization
[0.438s] -- Up-to-date: /home/kevin/rover_ws/install/bumperbot_localization/local/lib/python3.10/dist-packages/bumperbot_localization/kalman_filter.py
[0.438s] -- Up-to-date: /home/kevin/rover_ws/install/bumperbot_localization/local/lib/python3.10/dist-packages/bumperbot_localization/imu_republisher.py
[0.438s] -- Up-to-date: /home/kevin/rover_ws/install/bumperbot_localization/local/lib/python3.10/dist-packages/bumperbot_localization/__init__.py
[0.438s] -- Up-to-date: /home/kevin/rover_ws/install/bumperbot_localization/local/lib/python3.10/dist-packages/bumperbot_localization/odometry_motion_model.py
[0.471s] Listing '/home/kevin/rover_ws/install/bumperbot_localization/local/lib/python3.10/dist-packages/bumperbot_localization'...
[0.475s] -- Up-to-date: /home/kevin/rover_ws/install/bumperbot_localization/include/include
[0.475s] -- Up-to-date: /home/kevin/rover_ws/install/bumperbot_localization/include/include/bumperbot_localization
[0.476s] -- Up-to-date: /home/kevin/rover_ws/install/bumperbot_localization/include/include/bumperbot_localization/kalman_filter.hpp
[0.476s] -- Up-to-date: /home/kevin/rover_ws/install/bumperbot_localization/include/include/bumperbot_localization/odometry_motion_model.hpp
[0.476s] -- Up-to-date: /home/kevin/rover_ws/install/bumperbot_localization/bin/odometry_motion_model
[0.476s] -- Up-to-date: /home/kevin/rover_ws/install/bumperbot_localization/lib/bumperbot_localization/kalman_filter
[0.476s] -- Up-to-date: /home/kevin/rover_ws/install/bumperbot_localization/lib/bumperbot_localization/imu_republisher
[0.478s] -- Up-to-date: /home/kevin/rover_ws/install/bumperbot_localization/lib/bumperbot_localization/odometry_motion_model
[0.478s] -- Up-to-date: /home/kevin/rover_ws/install/bumperbot_localization/share/bumperbot_localization/launch
[0.478s] -- Up-to-date: /home/kevin/rover_ws/install/bumperbot_localization/share/bumperbot_localization/launch/local_localization.launch.py
[0.478s] -- Up-to-date: /home/kevin/rover_ws/install/bumperbot_localization/share/bumperbot_localization/launch/global_localization.launch.py
[0.478s] -- Up-to-date: /home/kevin/rover_ws/install/bumperbot_localization/share/bumperbot_localization/config
[0.478s] -- Up-to-date: /home/kevin/rover_ws/install/bumperbot_localization/share/bumperbot_localization/config/odometry_motion_model.rviz
[0.478s] -- Up-to-date: /home/kevin/rover_ws/install/bumperbot_localization/share/bumperbot_localization/config/amcl.yaml
[0.478s] -- Up-to-date: /home/kevin/rover_ws/install/bumperbot_localization/share/bumperbot_localization/config/ekf.yaml
[0.478s] -- Up-to-date: /home/kevin/rover_ws/install/bumperbot_localization/share/bumperbot_localization/rviz
[0.478s] -- Up-to-date: /home/kevin/rover_ws/install/bumperbot_localization/share/bumperbot_localization/rviz/global_localization.rviz
[0.478s] -- Up-to-date: /home/kevin/rover_ws/install/bumperbot_localization/lib/bumperbot_localization/kalman_filter.py
[0.479s] -- Up-to-date: /home/kevin/rover_ws/install/bumperbot_localization/lib/bumperbot_localization/imu_republisher.py
[0.479s] -- Up-to-date: /home/kevin/rover_ws/install/bumperbot_localization/lib/bumperbot_localization/odometry_motion_model.py
[0.480s] -- Up-to-date: /home/kevin/rover_ws/install/bumperbot_localization/share/ament_index/resource_index/package_run_dependencies/bumperbot_localization
[0.480s] -- Up-to-date: /home/kevin/rover_ws/install/bumperbot_localization/share/ament_index/resource_index/parent_prefix_path/bumperbot_localization
[0.480s] -- Up-to-date: /home/kevin/rover_ws/install/bumperbot_localization/share/bumperbot_localization/environment/ament_prefix_path.sh
[0.480s] -- Up-to-date: /home/kevin/rover_ws/install/bumperbot_localization/share/bumperbot_localization/environment/ament_prefix_path.dsv
[0.481s] -- Up-to-date: /home/kevin/rover_ws/install/bumperbot_localization/share/bumperbot_localization/environment/path.sh
[0.481s] -- Up-to-date: /home/kevin/rover_ws/install/bumperbot_localization/share/bumperbot_localization/environment/path.dsv
[0.481s] -- Up-to-date: /home/kevin/rover_ws/install/bumperbot_localization/share/bumperbot_localization/local_setup.bash
[0.482s] -- Up-to-date: /home/kevin/rover_ws/install/bumperbot_localization/share/bumperbot_localization/local_setup.sh
[0.482s] -- Up-to-date: /home/kevin/rover_ws/install/bumperbot_localization/share/bumperbot_localization/local_setup.zsh
[0.482s] -- Up-to-date: /home/kevin/rover_ws/install/bumperbot_localization/share/bumperbot_localization/local_setup.dsv
[0.482s] -- Installing: /home/kevin/rover_ws/install/bumperbot_localization/share/bumperbot_localization/package.dsv
[0.482s] -- Up-to-date: /home/kevin/rover_ws/install/bumperbot_localization/share/ament_index/resource_index/packages/bumperbot_localization
[0.482s] -- Up-to-date: /home/kevin/rover_ws/install/bumperbot_localization/share/bumperbot_localization/cmake/bumperbot_localizationConfig.cmake
[0.482s] -- Up-to-date: /home/kevin/rover_ws/install/bumperbot_localization/share/bumperbot_localization/cmake/bumperbot_localizationConfig-version.cmake
[0.482s] -- Up-to-date: /home/kevin/rover_ws/install/bumperbot_localization/share/bumperbot_localization/package.xml
[0.484s] Invoked command in '/home/kevin/rover_ws/build/bumperbot_localization' returned '0': CMAKE_PREFIX_PATH=${CMAKE_PREFIX_PATH}:/home/kevin/osr_ws/install/osr_control:/opt/ros/humble /usr/bin/cmake --install /home/kevin/rover_ws/build/bumperbot_localization
