[0.023s] Invoking command in '/home/kevin/bumperbot_ws/build/bumperbot_controller': CMAKE_PREFIX_PATH=/opt/ros/humble /usr/bin/cmake --build /home/kevin/bumperbot_ws/build/bumperbot_controller -- -j6 -l6
[0.144s] [35m[1mConsolidate compiler generated dependencies of target simple_controller[0m
[0.155s] [35m[1mConsolidate compiler generated dependencies of target twist_relay[0m
[0.164s] [  0%] Built target ament_cmake_python_copy_bumperbot_controller
[0.199s] [ 50%] Built target twist_relay
[0.210s] [100%] Built target simple_controller
[0.430s] running egg_info
[0.430s] writing bumperbot_controller.egg-info/PKG-INFO
[0.430s] writing dependency_links to bumperbot_controller.egg-info/dependency_links.txt
[0.431s] writing top-level names to bumperbot_controller.egg-info/top_level.txt
[0.433s] reading manifest file 'bumperbot_controller.egg-info/SOURCES.txt'
[0.434s] writing manifest file 'bumperbot_controller.egg-info/SOURCES.txt'
[0.464s] [100%] Built target ament_cmake_python_build_bumperbot_controller_egg
[0.475s] Invoked command in '/home/kevin/bumperbot_ws/build/bumperbot_controller' returned '0': CMAKE_PREFIX_PATH=/opt/ros/humble /usr/bin/cmake --build /home/kevin/bumperbot_ws/build/bumperbot_controller -- -j6 -l6
[0.477s] Invoking command in '/home/kevin/bumperbot_ws/build/bumperbot_controller': CMAKE_PREFIX_PATH=/opt/ros/humble /usr/bin/cmake --install /home/kevin/bumperbot_ws/build/bumperbot_controller
[0.483s] -- Install configuration: ""
[0.484s] -- Up-to-date: /home/kevin/bumperbot_ws/install/bumperbot_controller/share/bumperbot_controller/environment/pythonpath.sh
[0.484s] -- Up-to-date: /home/kevin/bumperbot_ws/install/bumperbot_controller/share/bumperbot_controller/environment/pythonpath.dsv
[0.484s] -- Up-to-date: /home/kevin/bumperbot_ws/install/bumperbot_controller/local/lib/python3.10/dist-packages/bumperbot_controller-0.0.0-py3.10.egg-info
[0.484s] -- Installing: /home/kevin/bumperbot_ws/install/bumperbot_controller/local/lib/python3.10/dist-packages/bumperbot_controller-0.0.0-py3.10.egg-info/PKG-INFO
[0.484s] -- Installing: /home/kevin/bumperbot_ws/install/bumperbot_controller/local/lib/python3.10/dist-packages/bumperbot_controller-0.0.0-py3.10.egg-info/top_level.txt
[0.484s] -- Installing: /home/kevin/bumperbot_ws/install/bumperbot_controller/local/lib/python3.10/dist-packages/bumperbot_controller-0.0.0-py3.10.egg-info/dependency_links.txt
[0.485s] -- Installing: /home/kevin/bumperbot_ws/install/bumperbot_controller/local/lib/python3.10/dist-packages/bumperbot_controller-0.0.0-py3.10.egg-info/SOURCES.txt
[0.485s] -- Up-to-date: /home/kevin/bumperbot_ws/install/bumperbot_controller/local/lib/python3.10/dist-packages/bumperbot_controller
[0.485s] -- Up-to-date: /home/kevin/bumperbot_ws/install/bumperbot_controller/local/lib/python3.10/dist-packages/bumperbot_controller/__init__.py
[0.485s] -- Up-to-date: /home/kevin/bumperbot_ws/install/bumperbot_controller/local/lib/python3.10/dist-packages/bumperbot_controller/twist_relay.py
[0.515s] Listing '/home/kevin/bumperbot_ws/install/bumperbot_controller/local/lib/python3.10/dist-packages/bumperbot_controller'...
[0.520s] -- Up-to-date: /home/kevin/bumperbot_ws/install/bumperbot_controller/lib/bumperbot_controller/simple_controller
[0.522s] -- Up-to-date: /home/kevin/bumperbot_ws/install/bumperbot_controller/lib/bumperbot_controller/twist_relay
[0.522s] -- Up-to-date: /home/kevin/bumperbot_ws/install/bumperbot_controller/share/bumperbot_controller/launch
[0.522s] -- Up-to-date: /home/kevin/bumperbot_ws/install/bumperbot_controller/share/bumperbot_controller/launch/joystick_teleop.launch.py
[0.522s] -- Up-to-date: /home/kevin/bumperbot_ws/install/bumperbot_controller/share/bumperbot_controller/launch/controller.launch.py
[0.522s] -- Up-to-date: /home/kevin/bumperbot_ws/install/bumperbot_controller/share/bumperbot_controller/config
[0.523s] -- Up-to-date: /home/kevin/bumperbot_ws/install/bumperbot_controller/share/bumperbot_controller/config/joy_teleop.yaml
[0.523s] -- Up-to-date: /home/kevin/bumperbot_ws/install/bumperbot_controller/share/bumperbot_controller/config/twist_mux_topics.yaml
[0.523s] -- Up-to-date: /home/kevin/bumperbot_ws/install/bumperbot_controller/share/bumperbot_controller/config/twist_mux_locks.yaml
[0.523s] -- Up-to-date: /home/kevin/bumperbot_ws/install/bumperbot_controller/share/bumperbot_controller/config/twist_mux_joy.yaml
[0.523s] -- Up-to-date: /home/kevin/bumperbot_ws/install/bumperbot_controller/share/bumperbot_controller/config/controller_velocity.yaml
[0.523s] -- Up-to-date: /home/kevin/bumperbot_ws/install/bumperbot_controller/share/bumperbot_controller/config/joy_config.yaml
[0.523s] -- Up-to-date: /home/kevin/bumperbot_ws/install/bumperbot_controller/lib/bumperbot_controller/twist_relay.py
[0.523s] -- Up-to-date: /home/kevin/bumperbot_ws/install/bumperbot_controller/share/ament_index/resource_index/package_run_dependencies/bumperbot_controller
[0.524s] -- Up-to-date: /home/kevin/bumperbot_ws/install/bumperbot_controller/share/ament_index/resource_index/parent_prefix_path/bumperbot_controller
[0.524s] -- Up-to-date: /home/kevin/bumperbot_ws/install/bumperbot_controller/share/bumperbot_controller/environment/ament_prefix_path.sh
[0.524s] -- Up-to-date: /home/kevin/bumperbot_ws/install/bumperbot_controller/share/bumperbot_controller/environment/ament_prefix_path.dsv
[0.524s] -- Up-to-date: /home/kevin/bumperbot_ws/install/bumperbot_controller/share/bumperbot_controller/environment/path.sh
[0.524s] -- Up-to-date: /home/kevin/bumperbot_ws/install/bumperbot_controller/share/bumperbot_controller/environment/path.dsv
[0.524s] -- Up-to-date: /home/kevin/bumperbot_ws/install/bumperbot_controller/share/bumperbot_controller/local_setup.bash
[0.524s] -- Up-to-date: /home/kevin/bumperbot_ws/install/bumperbot_controller/share/bumperbot_controller/local_setup.sh
[0.524s] -- Up-to-date: /home/kevin/bumperbot_ws/install/bumperbot_controller/share/bumperbot_controller/local_setup.zsh
[0.524s] -- Up-to-date: /home/kevin/bumperbot_ws/install/bumperbot_controller/share/bumperbot_controller/local_setup.dsv
[0.524s] -- Installing: /home/kevin/bumperbot_ws/install/bumperbot_controller/share/bumperbot_controller/package.dsv
[0.525s] -- Up-to-date: /home/kevin/bumperbot_ws/install/bumperbot_controller/share/ament_index/resource_index/packages/bumperbot_controller
[0.525s] -- Up-to-date: /home/kevin/bumperbot_ws/install/bumperbot_controller/share/bumperbot_controller/cmake/bumperbot_controllerConfig.cmake
[0.525s] -- Up-to-date: /home/kevin/bumperbot_ws/install/bumperbot_controller/share/bumperbot_controller/cmake/bumperbot_controllerConfig-version.cmake
[0.525s] -- Up-to-date: /home/kevin/bumperbot_ws/install/bumperbot_controller/share/bumperbot_controller/package.xml
[0.529s] Invoked command in '/home/kevin/bumperbot_ws/build/bumperbot_controller' returned '0': CMAKE_PREFIX_PATH=/opt/ros/humble /usr/bin/cmake --install /home/kevin/bumperbot_ws/build/bumperbot_controller
