[0.023s] Invoking command in '/home/kevin/bumperbot_ws/build/bumperbot_mapping': CMAKE_PREFIX_PATH=/opt/ros/humble /usr/bin/cmake --build /home/kevin/bumperbot_ws/build/bumperbot_mapping -- -j6 -l6
[0.133s] [35m[1mConsolidate compiler generated dependencies of target mapping_with_known_poses[0m
[0.156s] [  0%] Built target ament_cmake_python_copy_bumperbot_mapping
[0.187s] [100%] Built target mapping_with_known_poses
[0.416s] running egg_info
[0.417s] writing bumperbot_mapping.egg-info/PKG-INFO
[0.417s] writing dependency_links to bumperbot_mapping.egg-info/dependency_links.txt
[0.417s] writing top-level names to bumperbot_mapping.egg-info/top_level.txt
[0.419s] reading manifest file 'bumperbot_mapping.egg-info/SOURCES.txt'
[0.420s] writing manifest file 'bumperbot_mapping.egg-info/SOURCES.txt'
[0.449s] [100%] Built target ament_cmake_python_build_bumperbot_mapping_egg
[0.463s] Invoked command in '/home/kevin/bumperbot_ws/build/bumperbot_mapping' returned '0': CMAKE_PREFIX_PATH=/opt/ros/humble /usr/bin/cmake --build /home/kevin/bumperbot_ws/build/bumperbot_mapping -- -j6 -l6
[0.465s] Invoking command in '/home/kevin/bumperbot_ws/build/bumperbot_mapping': CMAKE_PREFIX_PATH=/opt/ros/humble /usr/bin/cmake --install /home/kevin/bumperbot_ws/build/bumperbot_mapping
[0.472s] -- Install configuration: ""
[0.472s] -- Up-to-date: /home/kevin/bumperbot_ws/install/bumperbot_mapping/share/bumperbot_mapping/environment/pythonpath.sh
[0.472s] -- Up-to-date: /home/kevin/bumperbot_ws/install/bumperbot_mapping/share/bumperbot_mapping/environment/pythonpath.dsv
[0.473s] -- Up-to-date: /home/kevin/bumperbot_ws/install/bumperbot_mapping/local/lib/python3.10/dist-packages/bumperbot_mapping-0.0.0-py3.10.egg-info
[0.474s] -- Installing: /home/kevin/bumperbot_ws/install/bumperbot_mapping/local/lib/python3.10/dist-packages/bumperbot_mapping-0.0.0-py3.10.egg-info/PKG-INFO
[0.474s] -- Installing: /home/kevin/bumperbot_ws/install/bumperbot_mapping/local/lib/python3.10/dist-packages/bumperbot_mapping-0.0.0-py3.10.egg-info/top_level.txt
[0.474s] -- Installing: /home/kevin/bumperbot_ws/install/bumperbot_mapping/local/lib/python3.10/dist-packages/bumperbot_mapping-0.0.0-py3.10.egg-info/dependency_links.txt
[0.474s] -- Installing: /home/kevin/bumperbot_ws/install/bumperbot_mapping/local/lib/python3.10/dist-packages/bumperbot_mapping-0.0.0-py3.10.egg-info/SOURCES.txt
[0.474s] -- Up-to-date: /home/kevin/bumperbot_ws/install/bumperbot_mapping/local/lib/python3.10/dist-packages/bumperbot_mapping
[0.474s] -- Up-to-date: /home/kevin/bumperbot_ws/install/bumperbot_mapping/local/lib/python3.10/dist-packages/bumperbot_mapping/mapping_with_known_poses.py
[0.474s] -- Up-to-date: /home/kevin/bumperbot_ws/install/bumperbot_mapping/local/lib/python3.10/dist-packages/bumperbot_mapping/__init__.py
[0.503s] Listing '/home/kevin/bumperbot_ws/install/bumperbot_mapping/local/lib/python3.10/dist-packages/bumperbot_mapping'...
[0.508s] -- Up-to-date: /home/kevin/bumperbot_ws/install/bumperbot_mapping/include/include
[0.508s] -- Up-to-date: /home/kevin/bumperbot_ws/install/bumperbot_mapping/include/include/bumperbot_mapping
[0.508s] -- Up-to-date: /home/kevin/bumperbot_ws/install/bumperbot_mapping/include/include/bumperbot_mapping/mapping_with_known_poses.hpp
[0.510s] -- Up-to-date: /home/kevin/bumperbot_ws/install/bumperbot_mapping/lib/bumperbot_mapping/mapping_with_known_poses
[0.510s] -- Up-to-date: /home/kevin/bumperbot_ws/install/bumperbot_mapping/share/bumperbot_mapping/config
[0.511s] -- Up-to-date: /home/kevin/bumperbot_ws/install/bumperbot_mapping/share/bumperbot_mapping/config/slam_toolbox.yaml
[0.511s] -- Up-to-date: /home/kevin/bumperbot_ws/install/bumperbot_mapping/share/bumperbot_mapping/launch
[0.512s] -- Up-to-date: /home/kevin/bumperbot_ws/install/bumperbot_mapping/share/bumperbot_mapping/launch/slam.launch.py
[0.512s] -- Up-to-date: /home/kevin/bumperbot_ws/install/bumperbot_mapping/share/bumperbot_mapping/maps
[0.512s] -- Up-to-date: /home/kevin/bumperbot_ws/install/bumperbot_mapping/share/bumperbot_mapping/maps/small_warehouse
[0.513s] -- Up-to-date: /home/kevin/bumperbot_ws/install/bumperbot_mapping/share/bumperbot_mapping/maps/small_warehouse/map.pgm
[0.513s] -- Up-to-date: /home/kevin/bumperbot_ws/install/bumperbot_mapping/share/bumperbot_mapping/maps/small_warehouse/map.yaml
[0.513s] -- Up-to-date: /home/kevin/bumperbot_ws/install/bumperbot_mapping/share/bumperbot_mapping/maps/small_house
[0.514s] -- Up-to-date: /home/kevin/bumperbot_ws/install/bumperbot_mapping/share/bumperbot_mapping/maps/small_house/map.pgm
[0.514s] -- Up-to-date: /home/kevin/bumperbot_ws/install/bumperbot_mapping/share/bumperbot_mapping/maps/small_house/map.yaml
[0.514s] -- Up-to-date: /home/kevin/bumperbot_ws/install/bumperbot_mapping/share/bumperbot_mapping/rviz
[0.514s] -- Up-to-date: /home/kevin/bumperbot_ws/install/bumperbot_mapping/share/bumperbot_mapping/rviz/slam.rviz
[0.514s] -- Up-to-date: /home/kevin/bumperbot_ws/install/bumperbot_mapping/lib/bumperbot_mapping/mapping_with_known_poses.py
[0.515s] -- Up-to-date: /home/kevin/bumperbot_ws/install/bumperbot_mapping/share/ament_index/resource_index/package_run_dependencies/bumperbot_mapping
[0.515s] -- Up-to-date: /home/kevin/bumperbot_ws/install/bumperbot_mapping/share/ament_index/resource_index/parent_prefix_path/bumperbot_mapping
[0.515s] -- Up-to-date: /home/kevin/bumperbot_ws/install/bumperbot_mapping/share/bumperbot_mapping/environment/ament_prefix_path.sh
[0.515s] -- Up-to-date: /home/kevin/bumperbot_ws/install/bumperbot_mapping/share/bumperbot_mapping/environment/ament_prefix_path.dsv
[0.515s] -- Up-to-date: /home/kevin/bumperbot_ws/install/bumperbot_mapping/share/bumperbot_mapping/environment/path.sh
[0.515s] -- Up-to-date: /home/kevin/bumperbot_ws/install/bumperbot_mapping/share/bumperbot_mapping/environment/path.dsv
[0.515s] -- Up-to-date: /home/kevin/bumperbot_ws/install/bumperbot_mapping/share/bumperbot_mapping/local_setup.bash
[0.515s] -- Up-to-date: /home/kevin/bumperbot_ws/install/bumperbot_mapping/share/bumperbot_mapping/local_setup.sh
[0.516s] -- Up-to-date: /home/kevin/bumperbot_ws/install/bumperbot_mapping/share/bumperbot_mapping/local_setup.zsh
[0.516s] -- Up-to-date: /home/kevin/bumperbot_ws/install/bumperbot_mapping/share/bumperbot_mapping/local_setup.dsv
[0.516s] -- Installing: /home/kevin/bumperbot_ws/install/bumperbot_mapping/share/bumperbot_mapping/package.dsv
[0.516s] -- Up-to-date: /home/kevin/bumperbot_ws/install/bumperbot_mapping/share/ament_index/resource_index/packages/bumperbot_mapping
[0.516s] -- Up-to-date: /home/kevin/bumperbot_ws/install/bumperbot_mapping/share/bumperbot_mapping/cmake/bumperbot_mappingConfig.cmake
[0.516s] -- Up-to-date: /home/kevin/bumperbot_ws/install/bumperbot_mapping/share/bumperbot_mapping/cmake/bumperbot_mappingConfig-version.cmake
[0.516s] -- Up-to-date: /home/kevin/bumperbot_ws/install/bumperbot_mapping/share/bumperbot_mapping/package.xml
[0.546s] Invoked command in '/home/kevin/bumperbot_ws/build/bumperbot_mapping' returned '0': CMAKE_PREFIX_PATH=/opt/ros/humble /usr/bin/cmake --install /home/kevin/bumperbot_ws/build/bumperbot_mapping
