[0.020s] Invoking command in '/home/kevin/rover_ws/build/rover_localization': CMAKE_PREFIX_PATH=${CMAKE_PREFIX_PATH}:/home/kevin/osr_ws/install/osr_control:/opt/ros/humble /usr/bin/cmake /home/kevin/rover_ws/src/rover_localization -DCMAKE_INSTALL_PREFIX=/home/kevin/rover_ws/install/rover_localization
[0.305s] -- The C compiler identification is GNU 11.4.0
[0.548s] -- The CXX compiler identification is GNU 11.4.0
[0.562s] -- Detecting C compiler ABI info
[0.647s] -- Detecting C compiler ABI info - done
[0.653s] -- Check for working C compiler: /usr/bin/cc - skipped
[0.654s] -- Detecting C compile features
[0.654s] -- Detecting C compile features - done
[0.658s] -- Detecting CXX compiler ABI info
[0.741s] -- Detecting CXX compiler ABI info - done
[0.749s] -- Check for working CXX compiler: /usr/bin/c++ - skipped
[0.749s] -- Detecting CXX compile features
[0.749s] -- Detecting CXX compile features - done
[0.755s] -- Found ament_cmake: 1.3.11 (/opt/ros/humble/share/ament_cmake/cmake)
[0.913s] -- Found Python3: /usr/bin/python3 (found version "3.10.12") found components: Interpreter 
[3.540s] -- Found rclcpp: 16.0.12 (/opt/ros/humble/share/rclcpp/cmake)
[4.926s] -- Found rosidl_generator_c: 3.1.6 (/opt/ros/humble/share/rosidl_generator_c/cmake)
[4.934s] -- Found rosidl_adapter: 3.1.6 (/opt/ros/humble/share/rosidl_adapter/cmake)
[4.947s] -- Found rosidl_generator_cpp: 3.1.6 (/opt/ros/humble/share/rosidl_generator_cpp/cmake)
[4.964s] -- Using all available rosidl_typesupport_c: rosidl_typesupport_fastrtps_c;rosidl_typesupport_introspection_c
[4.987s] -- Using all available rosidl_typesupport_cpp: rosidl_typesupport_fastrtps_cpp;rosidl_typesupport_introspection_cpp
[5.052s] -- Found rmw_implementation_cmake: 6.1.2 (/opt/ros/humble/share/rmw_implementation_cmake/cmake)
[5.057s] -- Found rmw_cyclonedds_cpp: 1.3.4 (/opt/ros/humble/share/rmw_cyclonedds_cpp/cmake)
[5.095s] -- Using RMW implementation 'rmw_cyclonedds_cpp' as default
[5.108s] -- Looking for pthread.h
[5.209s] -- Looking for pthread.h - found
[5.209s] -- Performing Test CMAKE_HAVE_LIBC_PTHREAD
[5.276s] -- Performing Test CMAKE_HAVE_LIBC_PTHREAD - Success
[5.277s] -- Found Threads: TRUE  
[5.370s] -- Found rclpy: 3.3.16 (/opt/ros/humble/share/rclpy/cmake)
[5.375s] -- Found nav_msgs: 4.8.0 (/opt/ros/humble/share/nav_msgs/cmake)
[5.440s] -- Found sensor_msgs: 4.8.0 (/opt/ros/humble/share/sensor_msgs/cmake)
[5.467s] -- Found tf2: 0.25.12 (/opt/ros/humble/share/tf2/cmake)
[5.627s] -- Configuring done
[5.647s] -- Generating done
[5.654s] -- Build files have been written to: /home/kevin/rover_ws/build/rover_localization
[5.663s] Invoked command in '/home/kevin/rover_ws/build/rover_localization' returned '0': CMAKE_PREFIX_PATH=${CMAKE_PREFIX_PATH}:/home/kevin/osr_ws/install/osr_control:/opt/ros/humble /usr/bin/cmake /home/kevin/rover_ws/src/rover_localization -DCMAKE_INSTALL_PREFIX=/home/kevin/rover_ws/install/rover_localization
[5.664s] Invoking command in '/home/kevin/rover_ws/build/rover_localization': CMAKE_PREFIX_PATH=${CMAKE_PREFIX_PATH}:/home/kevin/osr_ws/install/osr_control:/opt/ros/humble /usr/bin/cmake --build /home/kevin/rover_ws/build/rover_localization -- -j6 -l6
[5.718s] [ 16%] [32mBuilding CXX object CMakeFiles/kalman_filter.dir/src/kalman_filter.cpp.o[0m
[5.718s] [ 33%] [32mBuilding CXX object CMakeFiles/odometry_motion_model.dir/src/odometry_motion_model.cpp.o[0m
[5.723s] [ 50%] [32mBuilding CXX object CMakeFiles/imu_republisher.dir/src/imu_republisher.cpp.o[0m
[5.729s] [ 50%] Built target ament_cmake_python_copy_rover_localization
[6.125s] running egg_info
[6.126s] creating rover_localization.egg-info
[6.126s] writing rover_localization.egg-info/PKG-INFO
[6.126s] writing dependency_links to rover_localization.egg-info/dependency_links.txt
[6.126s] writing top-level names to rover_localization.egg-info/top_level.txt
[6.127s] writing manifest file 'rover_localization.egg-info/SOURCES.txt'
[6.136s] reading manifest file 'rover_localization.egg-info/SOURCES.txt'
[6.137s] writing manifest file 'rover_localization.egg-info/SOURCES.txt'
[6.212s] [ 50%] Built target ament_cmake_python_build_rover_localization_egg
[18.951s] [ 66%] [32m[1mLinking CXX executable odometry_motion_model[0m
[18.991s] [ 83%] [32m[1mLinking CXX executable imu_republisher[0m
[19.352s] [100%] [32m[1mLinking CXX executable kalman_filter[0m
[19.744s] [100%] Built target imu_republisher
[19.765s] [100%] Built target odometry_motion_model
[20.111s] [100%] Built target kalman_filter
[20.123s] Invoked command in '/home/kevin/rover_ws/build/rover_localization' returned '0': CMAKE_PREFIX_PATH=${CMAKE_PREFIX_PATH}:/home/kevin/osr_ws/install/osr_control:/opt/ros/humble /usr/bin/cmake --build /home/kevin/rover_ws/build/rover_localization -- -j6 -l6
[20.124s] Invoking command in '/home/kevin/rover_ws/build/rover_localization': CMAKE_PREFIX_PATH=${CMAKE_PREFIX_PATH}:/home/kevin/osr_ws/install/osr_control:/opt/ros/humble /usr/bin/cmake --install /home/kevin/rover_ws/build/rover_localization
[20.131s] -- Install configuration: ""
[20.131s] -- Installing: /home/kevin/rover_ws/install/rover_localization/share/rover_localization/environment/pythonpath.sh
[20.132s] -- Installing: /home/kevin/rover_ws/install/rover_localization/share/rover_localization/environment/pythonpath.dsv
[20.132s] -- Installing: /home/kevin/rover_ws/install/rover_localization/local/lib/python3.10/dist-packages/rover_localization-0.0.0-py3.10.egg-info
[20.132s] -- Installing: /home/kevin/rover_ws/install/rover_localization/local/lib/python3.10/dist-packages/rover_localization-0.0.0-py3.10.egg-info/PKG-INFO
[20.132s] -- Installing: /home/kevin/rover_ws/install/rover_localization/local/lib/python3.10/dist-packages/rover_localization-0.0.0-py3.10.egg-info/top_level.txt
[20.132s] -- Installing: /home/kevin/rover_ws/install/rover_localization/local/lib/python3.10/dist-packages/rover_localization-0.0.0-py3.10.egg-info/dependency_links.txt
[20.132s] -- Installing: /home/kevin/rover_ws/install/rover_localization/local/lib/python3.10/dist-packages/rover_localization-0.0.0-py3.10.egg-info/SOURCES.txt
[20.132s] -- Installing: /home/kevin/rover_ws/install/rover_localization/local/lib/python3.10/dist-packages/rover_localization
[20.132s] -- Installing: /home/kevin/rover_ws/install/rover_localization/local/lib/python3.10/dist-packages/rover_localization/kalman_filter.py
[20.132s] -- Installing: /home/kevin/rover_ws/install/rover_localization/local/lib/python3.10/dist-packages/rover_localization/imu_republisher.py
[20.133s] -- Installing: /home/kevin/rover_ws/install/rover_localization/local/lib/python3.10/dist-packages/rover_localization/__init__.py
[20.133s] -- Installing: /home/kevin/rover_ws/install/rover_localization/local/lib/python3.10/dist-packages/rover_localization/odometry_motion_model.py
[20.167s] Listing '/home/kevin/rover_ws/install/rover_localization/local/lib/python3.10/dist-packages/rover_localization'...
[20.167s] Compiling '/home/kevin/rover_ws/install/rover_localization/local/lib/python3.10/dist-packages/rover_localization/__init__.py'...
[20.167s] Compiling '/home/kevin/rover_ws/install/rover_localization/local/lib/python3.10/dist-packages/rover_localization/imu_republisher.py'...
[20.167s] Compiling '/home/kevin/rover_ws/install/rover_localization/local/lib/python3.10/dist-packages/rover_localization/kalman_filter.py'...
[20.167s] Compiling '/home/kevin/rover_ws/install/rover_localization/local/lib/python3.10/dist-packages/rover_localization/odometry_motion_model.py'...
[20.171s] -- Installing: /home/kevin/rover_ws/install/rover_localization/include/include
[20.172s] -- Installing: /home/kevin/rover_ws/install/rover_localization/include/include/rover_localization
[20.172s] -- Installing: /home/kevin/rover_ws/install/rover_localization/include/include/rover_localization/kalman_filter.hpp
[20.173s] -- Installing: /home/kevin/rover_ws/install/rover_localization/include/include/rover_localization/odometry_motion_model.hpp
[20.173s] -- Installing: /home/kevin/rover_ws/install/rover_localization/bin/odometry_motion_model
[20.176s] -- Set runtime path of "/home/kevin/rover_ws/install/rover_localization/bin/odometry_motion_model" to ""
[20.176s] -- Installing: /home/kevin/rover_ws/install/rover_localization/lib/rover_localization/kalman_filter
[20.180s] -- Set runtime path of "/home/kevin/rover_ws/install/rover_localization/lib/rover_localization/kalman_filter" to ""
[20.181s] -- Installing: /home/kevin/rover_ws/install/rover_localization/lib/rover_localization/imu_republisher
[20.183s] -- Set runtime path of "/home/kevin/rover_ws/install/rover_localization/lib/rover_localization/imu_republisher" to ""
[20.183s] -- Installing: /home/kevin/rover_ws/install/rover_localization/lib/rover_localization/odometry_motion_model
[20.187s] -- Set runtime path of "/home/kevin/rover_ws/install/rover_localization/lib/rover_localization/odometry_motion_model" to ""
[20.187s] -- Installing: /home/kevin/rover_ws/install/rover_localization/share/rover_localization/launch
[20.187s] -- Installing: /home/kevin/rover_ws/install/rover_localization/share/rover_localization/launch/local_localization.launch.py
[20.187s] -- Installing: /home/kevin/rover_ws/install/rover_localization/share/rover_localization/launch/global_localization.launch.py
[20.187s] -- Installing: /home/kevin/rover_ws/install/rover_localization/share/rover_localization/config
[20.188s] -- Installing: /home/kevin/rover_ws/install/rover_localization/share/rover_localization/config/odometry_motion_model.rviz
[20.188s] -- Installing: /home/kevin/rover_ws/install/rover_localization/share/rover_localization/config/amcl.yaml
[20.188s] -- Installing: /home/kevin/rover_ws/install/rover_localization/share/rover_localization/config/ekf.yaml
[20.188s] -- Installing: /home/kevin/rover_ws/install/rover_localization/share/rover_localization/rviz
[20.189s] -- Installing: /home/kevin/rover_ws/install/rover_localization/share/rover_localization/rviz/global_localization.rviz
[20.189s] -- Installing: /home/kevin/rover_ws/install/rover_localization/lib/rover_localization/kalman_filter.py
[20.189s] -- Installing: /home/kevin/rover_ws/install/rover_localization/lib/rover_localization/imu_republisher.py
[20.189s] -- Installing: /home/kevin/rover_ws/install/rover_localization/lib/rover_localization/odometry_motion_model.py
[20.189s] -- Installing: /home/kevin/rover_ws/install/rover_localization/share/ament_index/resource_index/package_run_dependencies/rover_localization
[20.189s] -- Installing: /home/kevin/rover_ws/install/rover_localization/share/ament_index/resource_index/parent_prefix_path/rover_localization
[20.190s] -- Installing: /home/kevin/rover_ws/install/rover_localization/share/rover_localization/environment/ament_prefix_path.sh
[20.190s] -- Installing: /home/kevin/rover_ws/install/rover_localization/share/rover_localization/environment/ament_prefix_path.dsv
[20.190s] -- Installing: /home/kevin/rover_ws/install/rover_localization/share/rover_localization/environment/path.sh
[20.190s] -- Installing: /home/kevin/rover_ws/install/rover_localization/share/rover_localization/environment/path.dsv
[20.190s] -- Installing: /home/kevin/rover_ws/install/rover_localization/share/rover_localization/local_setup.bash
[20.190s] -- Installing: /home/kevin/rover_ws/install/rover_localization/share/rover_localization/local_setup.sh
[20.190s] -- Installing: /home/kevin/rover_ws/install/rover_localization/share/rover_localization/local_setup.zsh
[20.191s] -- Installing: /home/kevin/rover_ws/install/rover_localization/share/rover_localization/local_setup.dsv
[20.191s] -- Installing: /home/kevin/rover_ws/install/rover_localization/share/rover_localization/package.dsv
[20.192s] -- Installing: /home/kevin/rover_ws/install/rover_localization/share/ament_index/resource_index/packages/rover_localization
[20.192s] -- Installing: /home/kevin/rover_ws/install/rover_localization/share/rover_localization/cmake/rover_localizationConfig.cmake
[20.192s] -- Installing: /home/kevin/rover_ws/install/rover_localization/share/rover_localization/cmake/rover_localizationConfig-version.cmake
[20.192s] -- Installing: /home/kevin/rover_ws/install/rover_localization/share/rover_localization/package.xml
[20.193s] Invoked command in '/home/kevin/rover_ws/build/rover_localization' returned '0': CMAKE_PREFIX_PATH=${CMAKE_PREFIX_PATH}:/home/kevin/osr_ws/install/osr_control:/opt/ros/humble /usr/bin/cmake --install /home/kevin/rover_ws/build/rover_localization
