[0.014s] Invoking command in '/home/kevin/rover_ws/build/bumperbot_mapping': CMAKE_PREFIX_PATH=${CMAKE_PREFIX_PATH}:/home/kevin/osr_ws/install/osr_control:/opt/ros/humble /usr/bin/cmake /home/kevin/rover_ws/src/bumperbot_mapping -DCMAKE_INSTALL_PREFIX=/home/kevin/rover_ws/install/bumperbot_mapping
[0.069s] -- The C compiler identification is GNU 11.4.0
[0.125s] -- The CXX compiler identification is GNU 11.4.0
[0.132s] -- Detecting C compiler ABI info
[0.199s] -- Detecting C compiler ABI info - done
[0.206s] -- Check for working C compiler: /usr/bin/cc - skipped
[0.206s] -- Detecting C compile features
[0.206s] -- Detecting C compile features - done
[0.209s] -- Detecting CXX compiler ABI info
[0.285s] -- Detecting CXX compiler ABI info - done
[0.293s] -- Check for working CXX compiler: /usr/bin/c++ - skipped
[0.293s] -- Detecting CXX compile features
[0.294s] -- Detecting CXX compile features - done
[0.296s] -- Found ament_cmake: 1.3.11 (/opt/ros/humble/share/ament_cmake/cmake)
[0.448s] -- Found Python3: /usr/bin/python3 (found version "3.10.12") found components: Interpreter 
[0.547s] -- Found rclcpp: 16.0.12 (/opt/ros/humble/share/rclcpp/cmake)
[0.594s] -- Found rosidl_generator_c: 3.1.6 (/opt/ros/humble/share/rosidl_generator_c/cmake)
[0.604s] -- Found rosidl_adapter: 3.1.6 (/opt/ros/humble/share/rosidl_adapter/cmake)
[0.611s] -- Found rosidl_generator_cpp: 3.1.6 (/opt/ros/humble/share/rosidl_generator_cpp/cmake)
[0.625s] -- Using all available rosidl_typesupport_c: rosidl_typesupport_fastrtps_c;rosidl_typesupport_introspection_c
[0.643s] -- Using all available rosidl_typesupport_cpp: rosidl_typesupport_fastrtps_cpp;rosidl_typesupport_introspection_cpp
[0.692s] -- Found rmw_implementation_cmake: 6.1.2 (/opt/ros/humble/share/rmw_implementation_cmake/cmake)
[0.696s] -- Found rmw_cyclonedds_cpp: 1.3.4 (/opt/ros/humble/share/rmw_cyclonedds_cpp/cmake)
[0.720s] -- Using RMW implementation 'rmw_cyclonedds_cpp' as default
[0.731s] -- Looking for pthread.h
[0.803s] -- Looking for pthread.h - found
[0.803s] -- Performing Test CMAKE_HAVE_LIBC_PTHREAD
[0.871s] -- Performing Test CMAKE_HAVE_LIBC_PTHREAD - Success
[0.872s] -- Found Threads: TRUE  
[0.926s] -- Found rclpy: 3.3.16 (/opt/ros/humble/share/rclpy/cmake)
[0.929s] -- Found sensor_msgs: 4.8.0 (/opt/ros/humble/share/sensor_msgs/cmake)
[0.962s] -- Found nav_msgs: 4.8.0 (/opt/ros/humble/share/nav_msgs/cmake)
[0.980s] -- Found tf2_ros: 0.25.12 (/opt/ros/humble/share/tf2_ros/cmake)
[1.246s] -- Configuring done
[1.256s] -- Generating done
[1.261s] -- Build files have been written to: /home/kevin/rover_ws/build/bumperbot_mapping
[1.270s] Invoked command in '/home/kevin/rover_ws/build/bumperbot_mapping' returned '0': CMAKE_PREFIX_PATH=${CMAKE_PREFIX_PATH}:/home/kevin/osr_ws/install/osr_control:/opt/ros/humble /usr/bin/cmake /home/kevin/rover_ws/src/bumperbot_mapping -DCMAKE_INSTALL_PREFIX=/home/kevin/rover_ws/install/bumperbot_mapping
[1.270s] Invoking command in '/home/kevin/rover_ws/build/bumperbot_mapping': CMAKE_PREFIX_PATH=${CMAKE_PREFIX_PATH}:/home/kevin/osr_ws/install/osr_control:/opt/ros/humble /usr/bin/cmake --build /home/kevin/rover_ws/build/bumperbot_mapping -- -j6 -l6
[1.329s] [ 50%] [32mBuilding CXX object CMakeFiles/mapping_with_known_poses.dir/src/mapping_with_known_poses.cpp.o[0m
[1.357s] [ 50%] Built target ament_cmake_python_copy_bumperbot_mapping
[1.660s] running egg_info
[1.660s] creating bumperbot_mapping.egg-info
[1.660s] writing bumperbot_mapping.egg-info/PKG-INFO
[1.660s] writing dependency_links to bumperbot_mapping.egg-info/dependency_links.txt
[1.660s] writing top-level names to bumperbot_mapping.egg-info/top_level.txt
[1.660s] writing manifest file 'bumperbot_mapping.egg-info/SOURCES.txt'
[1.660s] reading manifest file 'bumperbot_mapping.egg-info/SOURCES.txt'
[1.660s] writing manifest file 'bumperbot_mapping.egg-info/SOURCES.txt'
[1.687s] [ 50%] Built target ament_cmake_python_build_bumperbot_mapping_egg
[10.754s] [100%] [32m[1mLinking CXX executable mapping_with_known_poses[0m
[11.259s] [100%] Built target mapping_with_known_poses
[11.270s] Invoked command in '/home/kevin/rover_ws/build/bumperbot_mapping' returned '0': CMAKE_PREFIX_PATH=${CMAKE_PREFIX_PATH}:/home/kevin/osr_ws/install/osr_control:/opt/ros/humble /usr/bin/cmake --build /home/kevin/rover_ws/build/bumperbot_mapping -- -j6 -l6
[11.271s] Invoking command in '/home/kevin/rover_ws/build/bumperbot_mapping': CMAKE_PREFIX_PATH=${CMAKE_PREFIX_PATH}:/home/kevin/osr_ws/install/osr_control:/opt/ros/humble /usr/bin/cmake --install /home/kevin/rover_ws/build/bumperbot_mapping
[11.278s] -- Install configuration: ""
[11.278s] -- Installing: /home/kevin/rover_ws/install/bumperbot_mapping/share/bumperbot_mapping/environment/pythonpath.sh
[11.278s] -- Installing: /home/kevin/rover_ws/install/bumperbot_mapping/share/bumperbot_mapping/environment/pythonpath.dsv
[11.278s] -- Installing: /home/kevin/rover_ws/install/bumperbot_mapping/local/lib/python3.10/dist-packages/bumperbot_mapping-0.0.0-py3.10.egg-info
[11.279s] -- Installing: /home/kevin/rover_ws/install/bumperbot_mapping/local/lib/python3.10/dist-packages/bumperbot_mapping-0.0.0-py3.10.egg-info/PKG-INFO
[11.279s] -- Installing: /home/kevin/rover_ws/install/bumperbot_mapping/local/lib/python3.10/dist-packages/bumperbot_mapping-0.0.0-py3.10.egg-info/top_level.txt
[11.279s] -- Installing: /home/kevin/rover_ws/install/bumperbot_mapping/local/lib/python3.10/dist-packages/bumperbot_mapping-0.0.0-py3.10.egg-info/dependency_links.txt
[11.279s] -- Installing: /home/kevin/rover_ws/install/bumperbot_mapping/local/lib/python3.10/dist-packages/bumperbot_mapping-0.0.0-py3.10.egg-info/SOURCES.txt
[11.279s] -- Installing: /home/kevin/rover_ws/install/bumperbot_mapping/local/lib/python3.10/dist-packages/bumperbot_mapping
[11.279s] -- Installing: /home/kevin/rover_ws/install/bumperbot_mapping/local/lib/python3.10/dist-packages/bumperbot_mapping/mapping_with_known_poses.py
[11.279s] -- Installing: /home/kevin/rover_ws/install/bumperbot_mapping/local/lib/python3.10/dist-packages/bumperbot_mapping/__init__.py
[11.315s] Listing '/home/kevin/rover_ws/install/bumperbot_mapping/local/lib/python3.10/dist-packages/bumperbot_mapping'...
[11.315s] Compiling '/home/kevin/rover_ws/install/bumperbot_mapping/local/lib/python3.10/dist-packages/bumperbot_mapping/__init__.py'...
[11.315s] Compiling '/home/kevin/rover_ws/install/bumperbot_mapping/local/lib/python3.10/dist-packages/bumperbot_mapping/mapping_with_known_poses.py'...
[11.320s] -- Installing: /home/kevin/rover_ws/install/bumperbot_mapping/include/include
[11.321s] -- Installing: /home/kevin/rover_ws/install/bumperbot_mapping/include/include/bumperbot_mapping
[11.321s] -- Installing: /home/kevin/rover_ws/install/bumperbot_mapping/include/include/bumperbot_mapping/mapping_with_known_poses.hpp
[11.321s] -- Installing: /home/kevin/rover_ws/install/bumperbot_mapping/lib/bumperbot_mapping/mapping_with_known_poses
[11.324s] -- Set runtime path of "/home/kevin/rover_ws/install/bumperbot_mapping/lib/bumperbot_mapping/mapping_with_known_poses" to ""
[11.325s] -- Installing: /home/kevin/rover_ws/install/bumperbot_mapping/share/bumperbot_mapping/config
[11.325s] -- Installing: /home/kevin/rover_ws/install/bumperbot_mapping/share/bumperbot_mapping/config/slam_toolbox.yaml
[11.325s] -- Installing: /home/kevin/rover_ws/install/bumperbot_mapping/share/bumperbot_mapping/launch
[11.325s] -- Installing: /home/kevin/rover_ws/install/bumperbot_mapping/share/bumperbot_mapping/launch/slam.launch.py
[11.325s] -- Installing: /home/kevin/rover_ws/install/bumperbot_mapping/share/bumperbot_mapping/maps
[11.325s] -- Installing: /home/kevin/rover_ws/install/bumperbot_mapping/share/bumperbot_mapping/maps/small_warehouse
[11.326s] -- Installing: /home/kevin/rover_ws/install/bumperbot_mapping/share/bumperbot_mapping/maps/small_warehouse/map.pgm
[11.326s] -- Installing: /home/kevin/rover_ws/install/bumperbot_mapping/share/bumperbot_mapping/maps/small_warehouse/map.yaml
[11.326s] -- Installing: /home/kevin/rover_ws/install/bumperbot_mapping/share/bumperbot_mapping/maps/small_house
[11.327s] -- Installing: /home/kevin/rover_ws/install/bumperbot_mapping/share/bumperbot_mapping/maps/small_house/map.pgm
[11.327s] -- Installing: /home/kevin/rover_ws/install/bumperbot_mapping/share/bumperbot_mapping/maps/small_house/map.yaml
[11.327s] -- Installing: /home/kevin/rover_ws/install/bumperbot_mapping/share/bumperbot_mapping/rviz
[11.327s] -- Installing: /home/kevin/rover_ws/install/bumperbot_mapping/share/bumperbot_mapping/rviz/slam.rviz
[11.328s] -- Installing: /home/kevin/rover_ws/install/bumperbot_mapping/lib/bumperbot_mapping/mapping_with_known_poses.py
[11.328s] -- Installing: /home/kevin/rover_ws/install/bumperbot_mapping/share/ament_index/resource_index/package_run_dependencies/bumperbot_mapping
[11.328s] -- Installing: /home/kevin/rover_ws/install/bumperbot_mapping/share/ament_index/resource_index/parent_prefix_path/bumperbot_mapping
[11.328s] -- Installing: /home/kevin/rover_ws/install/bumperbot_mapping/share/bumperbot_mapping/environment/ament_prefix_path.sh
[11.329s] -- Installing: /home/kevin/rover_ws/install/bumperbot_mapping/share/bumperbot_mapping/environment/ament_prefix_path.dsv
[11.329s] -- Installing: /home/kevin/rover_ws/install/bumperbot_mapping/share/bumperbot_mapping/environment/path.sh
[11.329s] -- Installing: /home/kevin/rover_ws/install/bumperbot_mapping/share/bumperbot_mapping/environment/path.dsv
[11.330s] -- Installing: /home/kevin/rover_ws/install/bumperbot_mapping/share/bumperbot_mapping/local_setup.bash
[11.330s] -- Installing: /home/kevin/rover_ws/install/bumperbot_mapping/share/bumperbot_mapping/local_setup.sh
[11.330s] -- Installing: /home/kevin/rover_ws/install/bumperbot_mapping/share/bumperbot_mapping/local_setup.zsh
[11.330s] -- Installing: /home/kevin/rover_ws/install/bumperbot_mapping/share/bumperbot_mapping/local_setup.dsv
[11.330s] -- Installing: /home/kevin/rover_ws/install/bumperbot_mapping/share/bumperbot_mapping/package.dsv
[11.331s] -- Installing: /home/kevin/rover_ws/install/bumperbot_mapping/share/ament_index/resource_index/packages/bumperbot_mapping
[11.331s] -- Installing: /home/kevin/rover_ws/install/bumperbot_mapping/share/bumperbot_mapping/cmake/bumperbot_mappingConfig.cmake
[11.331s] -- Installing: /home/kevin/rover_ws/install/bumperbot_mapping/share/bumperbot_mapping/cmake/bumperbot_mappingConfig-version.cmake
[11.333s] -- Installing: /home/kevin/rover_ws/install/bumperbot_mapping/share/bumperbot_mapping/package.xml
[11.334s] Invoked command in '/home/kevin/rover_ws/build/bumperbot_mapping' returned '0': CMAKE_PREFIX_PATH=${CMAKE_PREFIX_PATH}:/home/kevin/osr_ws/install/osr_control:/opt/ros/humble /usr/bin/cmake --install /home/kevin/rover_ws/build/bumperbot_mapping
