[0.022s] Invoking command in '/home/kevin/rover_ws/build/bumperbot_controller': CMAKE_PREFIX_PATH=${CMAKE_PREFIX_PATH}:/home/kevin/osr_ws/install/osr_control:/opt/ros/humble /usr/bin/cmake /home/kevin/rover_ws/src/bumperbot_controller -DCMAKE_INSTALL_PREFIX=/home/kevin/rover_ws/install/bumperbot_controller
[0.082s] -- The C compiler identification is GNU 11.4.0
[0.144s] -- The CXX compiler identification is GNU 11.4.0
[0.152s] -- Detecting C compiler ABI info
[0.215s] -- Detecting C compiler ABI info - done
[0.222s] -- Check for working C compiler: /usr/bin/cc - skipped
[0.222s] -- Detecting C compile features
[0.222s] -- Detecting C compile features - done
[0.225s] -- Detecting CXX compiler ABI info
[0.301s] -- Detecting CXX compiler ABI info - done
[0.308s] -- Check for working CXX compiler: /usr/bin/c++ - skipped
[0.308s] -- Detecting CXX compile features
[0.309s] -- Detecting CXX compile features - done
[0.312s] -- Found ament_cmake: 1.3.11 (/opt/ros/humble/share/ament_cmake/cmake)
[0.462s] -- Found Python3: /usr/bin/python3 (found version "3.10.12") found components: Interpreter 
[0.559s] -- Found rclcpp: 16.0.12 (/opt/ros/humble/share/rclcpp/cmake)
[0.605s] -- Found rosidl_generator_c: 3.1.6 (/opt/ros/humble/share/rosidl_generator_c/cmake)
[0.611s] -- Found rosidl_adapter: 3.1.6 (/opt/ros/humble/share/rosidl_adapter/cmake)
[0.621s] -- Found rosidl_generator_cpp: 3.1.6 (/opt/ros/humble/share/rosidl_generator_cpp/cmake)
[0.634s] -- Using all available rosidl_typesupport_c: rosidl_typesupport_fastrtps_c;rosidl_typesupport_introspection_c
[0.652s] -- Using all available rosidl_typesupport_cpp: rosidl_typesupport_fastrtps_cpp;rosidl_typesupport_introspection_cpp
[0.701s] -- Found rmw_implementation_cmake: 6.1.2 (/opt/ros/humble/share/rmw_implementation_cmake/cmake)
[0.704s] -- Found rmw_cyclonedds_cpp: 1.3.4 (/opt/ros/humble/share/rmw_cyclonedds_cpp/cmake)
[0.728s] -- Using RMW implementation 'rmw_cyclonedds_cpp' as default
[0.738s] -- Looking for pthread.h
[0.817s] -- Looking for pthread.h - found
[0.817s] -- Performing Test CMAKE_HAVE_LIBC_PTHREAD
[0.884s] -- Performing Test CMAKE_HAVE_LIBC_PTHREAD - Success
[0.887s] -- Found Threads: TRUE  
[0.939s] -- Found rclpy: 3.3.16 (/opt/ros/humble/share/rclpy/cmake)
[0.941s] -- Found geometry_msgs: 4.8.0 (/opt/ros/humble/share/geometry_msgs/cmake)
[0.955s] -- Found sensor_msgs: 4.8.0 (/opt/ros/humble/share/sensor_msgs/cmake)
[0.974s] -- Found nav_msgs: 4.8.0 (/opt/ros/humble/share/nav_msgs/cmake)
[0.992s] -- Found tf2_geometry_msgs: 0.25.12 (/opt/ros/humble/share/tf2_geometry_msgs/cmake)
[1.008s] -- Found eigen3_cmake_module: 0.1.1 (/opt/ros/humble/share/eigen3_cmake_module/cmake)
[1.009s] -- Found Eigen3: TRUE (found version "3.4.0") 
[1.009s] -- Ensuring Eigen3 include directory is part of orocos-kdl CMake target
[1.124s] -- Found trajectory_msgs: 4.8.0 (/opt/ros/humble/share/trajectory_msgs/cmake)
[1.311s] -- Configuring done
[1.330s] -- Generating done
[1.336s] -- Build files have been written to: /home/kevin/rover_ws/build/bumperbot_controller
[1.346s] Invoked command in '/home/kevin/rover_ws/build/bumperbot_controller' returned '0': CMAKE_PREFIX_PATH=${CMAKE_PREFIX_PATH}:/home/kevin/osr_ws/install/osr_control:/opt/ros/humble /usr/bin/cmake /home/kevin/rover_ws/src/bumperbot_controller -DCMAKE_INSTALL_PREFIX=/home/kevin/rover_ws/install/bumperbot_controller
[1.349s] Invoking command in '/home/kevin/rover_ws/build/bumperbot_controller': CMAKE_PREFIX_PATH=${CMAKE_PREFIX_PATH}:/home/kevin/osr_ws/install/osr_control:/opt/ros/humble /usr/bin/cmake --build /home/kevin/rover_ws/build/bumperbot_controller -- -j6 -l6
[1.420s] [ 25%] [32mBuilding CXX object CMakeFiles/simple_controller.dir/src/simple_controller.cpp.o[0m
[1.445s] [ 50%] [32mBuilding CXX object CMakeFiles/twist_relay.dir/src/twist_relay.cpp.o[0m
[1.451s] [ 50%] Built target ament_cmake_python_copy_bumperbot_controller
[2.022s] running egg_info
[2.026s] creating bumperbot_controller.egg-info
[2.030s] writing bumperbot_controller.egg-info/PKG-INFO
[2.030s] writing dependency_links to bumperbot_controller.egg-info/dependency_links.txt
[2.030s] writing top-level names to bumperbot_controller.egg-info/top_level.txt
[2.031s] writing manifest file 'bumperbot_controller.egg-info/SOURCES.txt'
[2.033s] reading manifest file 'bumperbot_controller.egg-info/SOURCES.txt'
[2.034s] writing manifest file 'bumperbot_controller.egg-info/SOURCES.txt'
[2.105s] [ 50%] Built target ament_cmake_python_build_bumperbot_controller_egg
[13.180s] [ 75%] [32m[1mLinking CXX executable twist_relay[0m
[13.694s] [ 75%] Built target twist_relay
[17.016s] [100%] [32m[1mLinking CXX executable simple_controller[0m
[17.752s] [100%] Built target simple_controller
[17.762s] Invoked command in '/home/kevin/rover_ws/build/bumperbot_controller' returned '0': CMAKE_PREFIX_PATH=${CMAKE_PREFIX_PATH}:/home/kevin/osr_ws/install/osr_control:/opt/ros/humble /usr/bin/cmake --build /home/kevin/rover_ws/build/bumperbot_controller -- -j6 -l6
[17.763s] Invoking command in '/home/kevin/rover_ws/build/bumperbot_controller': CMAKE_PREFIX_PATH=${CMAKE_PREFIX_PATH}:/home/kevin/osr_ws/install/osr_control:/opt/ros/humble /usr/bin/cmake --install /home/kevin/rover_ws/build/bumperbot_controller
[17.771s] -- Install configuration: ""
[17.771s] -- Installing: /home/kevin/rover_ws/install/bumperbot_controller/share/bumperbot_controller/environment/pythonpath.sh
[17.772s] -- Installing: /home/kevin/rover_ws/install/bumperbot_controller/share/bumperbot_controller/environment/pythonpath.dsv
[17.772s] -- Installing: /home/kevin/rover_ws/install/bumperbot_controller/local/lib/python3.10/dist-packages/bumperbot_controller-0.0.0-py3.10.egg-info
[17.772s] -- Installing: /home/kevin/rover_ws/install/bumperbot_controller/local/lib/python3.10/dist-packages/bumperbot_controller-0.0.0-py3.10.egg-info/PKG-INFO
[17.772s] -- Installing: /home/kevin/rover_ws/install/bumperbot_controller/local/lib/python3.10/dist-packages/bumperbot_controller-0.0.0-py3.10.egg-info/top_level.txt
[17.772s] -- Installing: /home/kevin/rover_ws/install/bumperbot_controller/local/lib/python3.10/dist-packages/bumperbot_controller-0.0.0-py3.10.egg-info/dependency_links.txt
[17.772s] -- Installing: /home/kevin/rover_ws/install/bumperbot_controller/local/lib/python3.10/dist-packages/bumperbot_controller-0.0.0-py3.10.egg-info/SOURCES.txt
[17.772s] -- Installing: /home/kevin/rover_ws/install/bumperbot_controller/local/lib/python3.10/dist-packages/bumperbot_controller
[17.772s] -- Installing: /home/kevin/rover_ws/install/bumperbot_controller/local/lib/python3.10/dist-packages/bumperbot_controller/__init__.py
[17.772s] -- Installing: /home/kevin/rover_ws/install/bumperbot_controller/local/lib/python3.10/dist-packages/bumperbot_controller/twist_relay.py
[17.804s] Listing '/home/kevin/rover_ws/install/bumperbot_controller/local/lib/python3.10/dist-packages/bumperbot_controller'...
[17.804s] Compiling '/home/kevin/rover_ws/install/bumperbot_controller/local/lib/python3.10/dist-packages/bumperbot_controller/__init__.py'...
[17.804s] Compiling '/home/kevin/rover_ws/install/bumperbot_controller/local/lib/python3.10/dist-packages/bumperbot_controller/twist_relay.py'...
[17.808s] -- Installing: /home/kevin/rover_ws/install/bumperbot_controller/lib/bumperbot_controller/simple_controller
[17.814s] -- Set runtime path of "/home/kevin/rover_ws/install/bumperbot_controller/lib/bumperbot_controller/simple_controller" to ""
[17.814s] -- Installing: /home/kevin/rover_ws/install/bumperbot_controller/lib/bumperbot_controller/twist_relay
[17.818s] -- Set runtime path of "/home/kevin/rover_ws/install/bumperbot_controller/lib/bumperbot_controller/twist_relay" to ""
[17.818s] -- Installing: /home/kevin/rover_ws/install/bumperbot_controller/share/bumperbot_controller/launch
[17.818s] -- Installing: /home/kevin/rover_ws/install/bumperbot_controller/share/bumperbot_controller/launch/joystick_teleop.launch.py
[17.819s] -- Installing: /home/kevin/rover_ws/install/bumperbot_controller/share/bumperbot_controller/launch/controller.launch.py
[17.819s] -- Installing: /home/kevin/rover_ws/install/bumperbot_controller/share/bumperbot_controller/config
[17.819s] -- Installing: /home/kevin/rover_ws/install/bumperbot_controller/share/bumperbot_controller/config/joy_teleop.yaml
[17.819s] -- Installing: /home/kevin/rover_ws/install/bumperbot_controller/share/bumperbot_controller/config/twist_mux_topics.yaml
[17.819s] -- Installing: /home/kevin/rover_ws/install/bumperbot_controller/share/bumperbot_controller/config/twist_mux_locks.yaml
[17.819s] -- Installing: /home/kevin/rover_ws/install/bumperbot_controller/share/bumperbot_controller/config/twist_mux_joy.yaml
[17.819s] -- Installing: /home/kevin/rover_ws/install/bumperbot_controller/share/bumperbot_controller/config/controller_velocity.yaml
[17.819s] -- Installing: /home/kevin/rover_ws/install/bumperbot_controller/share/bumperbot_controller/config/joy_config.yaml
[17.819s] -- Installing: /home/kevin/rover_ws/install/bumperbot_controller/lib/bumperbot_controller/twist_relay.py
[17.819s] -- Installing: /home/kevin/rover_ws/install/bumperbot_controller/share/ament_index/resource_index/package_run_dependencies/bumperbot_controller
[17.819s] -- Installing: /home/kevin/rover_ws/install/bumperbot_controller/share/ament_index/resource_index/parent_prefix_path/bumperbot_controller
[17.820s] -- Installing: /home/kevin/rover_ws/install/bumperbot_controller/share/bumperbot_controller/environment/ament_prefix_path.sh
[17.820s] -- Installing: /home/kevin/rover_ws/install/bumperbot_controller/share/bumperbot_controller/environment/ament_prefix_path.dsv
[17.820s] -- Installing: /home/kevin/rover_ws/install/bumperbot_controller/share/bumperbot_controller/environment/path.sh
[17.820s] -- Installing: /home/kevin/rover_ws/install/bumperbot_controller/share/bumperbot_controller/environment/path.dsv
[17.820s] -- Installing: /home/kevin/rover_ws/install/bumperbot_controller/share/bumperbot_controller/local_setup.bash
[17.820s] -- Installing: /home/kevin/rover_ws/install/bumperbot_controller/share/bumperbot_controller/local_setup.sh
[17.820s] -- Installing: /home/kevin/rover_ws/install/bumperbot_controller/share/bumperbot_controller/local_setup.zsh
[17.820s] -- Installing: /home/kevin/rover_ws/install/bumperbot_controller/share/bumperbot_controller/local_setup.dsv
[17.821s] -- Installing: /home/kevin/rover_ws/install/bumperbot_controller/share/bumperbot_controller/package.dsv
[17.821s] -- Installing: /home/kevin/rover_ws/install/bumperbot_controller/share/ament_index/resource_index/packages/bumperbot_controller
[17.821s] -- Installing: /home/kevin/rover_ws/install/bumperbot_controller/share/bumperbot_controller/cmake/bumperbot_controllerConfig.cmake
[17.821s] -- Installing: /home/kevin/rover_ws/install/bumperbot_controller/share/bumperbot_controller/cmake/bumperbot_controllerConfig-version.cmake
[17.821s] -- Installing: /home/kevin/rover_ws/install/bumperbot_controller/share/bumperbot_controller/package.xml
[17.823s] Invoked command in '/home/kevin/rover_ws/build/bumperbot_controller' returned '0': CMAKE_PREFIX_PATH=${CMAKE_PREFIX_PATH}:/home/kevin/osr_ws/install/osr_control:/opt/ros/humble /usr/bin/cmake --install /home/kevin/rover_ws/build/bumperbot_controller
