[0.021s] Invoking command in '/home/kevin/rover_ws/build/bumperbot_localization': CMAKE_PREFIX_PATH=${CMAKE_PREFIX_PATH}:/home/kevin/osr_ws/install/osr_control:/opt/ros/humble /usr/bin/cmake --build /home/kevin/rover_ws/build/bumperbot_localization -- -j6 -l6
[0.103s] [ 33%] Built target kalman_filter
[0.105s] [ 66%] Built target imu_republisher
[0.188s] [ 66%] Built target ament_cmake_python_copy_bumperbot_localization
[0.196s] [100%] Built target odometry_motion_model
[0.405s] running egg_info
[0.405s] writing bumperbot_localization.egg-info/PKG-INFO
[0.405s] writing dependency_links to bumperbot_localization.egg-info/dependency_links.txt
[0.405s] writing top-level names to bumperbot_localization.egg-info/top_level.txt
[0.411s] reading manifest file 'bumperbot_localization.egg-info/SOURCES.txt'
[0.411s] writing manifest file 'bumperbot_localization.egg-info/SOURCES.txt'
[0.439s] [100%] Built target ament_cmake_python_build_bumperbot_localization_egg
[0.450s] Invoked command in '/home/kevin/rover_ws/build/bumperbot_localization' returned '0': CMAKE_PREFIX_PATH=${CMAKE_PREFIX_PATH}:/home/kevin/osr_ws/install/osr_control:/opt/ros/humble /usr/bin/cmake --build /home/kevin/rover_ws/build/bumperbot_localization -- -j6 -l6
[0.452s] Invoking command in '/home/kevin/rover_ws/build/bumperbot_localization': CMAKE_PREFIX_PATH=${CMAKE_PREFIX_PATH}:/home/kevin/osr_ws/install/osr_control:/opt/ros/humble /usr/bin/cmake --install /home/kevin/rover_ws/build/bumperbot_localization
[0.459s] -- Install configuration: ""
[0.459s] -- Up-to-date: /home/kevin/rover_ws/install/bumperbot_localization/share/bumperbot_localization/environment/pythonpath.sh
[0.460s] -- Up-to-date: /home/kevin/rover_ws/install/bumperbot_localization/share/bumperbot_localization/environment/pythonpath.dsv
[0.460s] -- Up-to-date: /home/kevin/rover_ws/install/bumperbot_localization/local/lib/python3.10/dist-packages/bumperbot_localization-0.0.0-py3.10.egg-info
[0.460s] -- Installing: /home/kevin/rover_ws/install/bumperbot_localization/local/lib/python3.10/dist-packages/bumperbot_localization-0.0.0-py3.10.egg-info/PKG-INFO
[0.460s] -- Installing: /home/kevin/rover_ws/install/bumperbot_localization/local/lib/python3.10/dist-packages/bumperbot_localization-0.0.0-py3.10.egg-info/top_level.txt
[0.460s] -- Installing: /home/kevin/rover_ws/install/bumperbot_localization/local/lib/python3.10/dist-packages/bumperbot_localization-0.0.0-py3.10.egg-info/dependency_links.txt
[0.460s] -- Installing: /home/kevin/rover_ws/install/bumperbot_localization/local/lib/python3.10/dist-packages/bumperbot_localization-0.0.0-py3.10.egg-info/SOURCES.txt
[0.460s] -- Up-to-date: /home/kevin/rover_ws/install/bumperbot_localization/local/lib/python3.10/dist-packages/bumperbot_localization
[0.460s] -- Up-to-date: /home/kevin/rover_ws/install/bumperbot_localization/local/lib/python3.10/dist-packages/bumperbot_localization/kalman_filter.py
[0.461s] -- Up-to-date: /home/kevin/rover_ws/install/bumperbot_localization/local/lib/python3.10/dist-packages/bumperbot_localization/imu_republisher.py
[0.461s] -- Up-to-date: /home/kevin/rover_ws/install/bumperbot_localization/local/lib/python3.10/dist-packages/bumperbot_localization/__init__.py
[0.461s] -- Up-to-date: /home/kevin/rover_ws/install/bumperbot_localization/local/lib/python3.10/dist-packages/bumperbot_localization/odometry_motion_model.py
[0.493s] Listing '/home/kevin/rover_ws/install/bumperbot_localization/local/lib/python3.10/dist-packages/bumperbot_localization'...
[0.497s] -- Up-to-date: /home/kevin/rover_ws/install/bumperbot_localization/include/include
[0.497s] -- Up-to-date: /home/kevin/rover_ws/install/bumperbot_localization/include/include/bumperbot_localization
[0.497s] -- Up-to-date: /home/kevin/rover_ws/install/bumperbot_localization/include/include/bumperbot_localization/kalman_filter.hpp
[0.497s] -- Up-to-date: /home/kevin/rover_ws/install/bumperbot_localization/include/include/bumperbot_localization/odometry_motion_model.hpp
[0.498s] -- Up-to-date: /home/kevin/rover_ws/install/bumperbot_localization/bin/odometry_motion_model
[0.498s] -- Up-to-date: /home/kevin/rover_ws/install/bumperbot_localization/lib/bumperbot_localization/kalman_filter
[0.498s] -- Up-to-date: /home/kevin/rover_ws/install/bumperbot_localization/lib/bumperbot_localization/imu_republisher
[0.499s] -- Up-to-date: /home/kevin/rover_ws/install/bumperbot_localization/lib/bumperbot_localization/odometry_motion_model
[0.499s] -- Up-to-date: /home/kevin/rover_ws/install/bumperbot_localization/share/bumperbot_localization/launch
[0.499s] -- Up-to-date: /home/kevin/rover_ws/install/bumperbot_localization/share/bumperbot_localization/launch/local_localization.launch.py
[0.499s] -- Up-to-date: /home/kevin/rover_ws/install/bumperbot_localization/share/bumperbot_localization/launch/global_localization.launch.py
[0.499s] -- Up-to-date: /home/kevin/rover_ws/install/bumperbot_localization/share/bumperbot_localization/config
[0.499s] -- Up-to-date: /home/kevin/rover_ws/install/bumperbot_localization/share/bumperbot_localization/config/odometry_motion_model.rviz
[0.499s] -- Up-to-date: /home/kevin/rover_ws/install/bumperbot_localization/share/bumperbot_localization/config/amcl.yaml
[0.499s] -- Up-to-date: /home/kevin/rover_ws/install/bumperbot_localization/share/bumperbot_localization/config/ekf.yaml
[0.499s] -- Up-to-date: /home/kevin/rover_ws/install/bumperbot_localization/share/bumperbot_localization/rviz
[0.499s] -- Up-to-date: /home/kevin/rover_ws/install/bumperbot_localization/share/bumperbot_localization/rviz/global_localization.rviz
[0.499s] -- Up-to-date: /home/kevin/rover_ws/install/bumperbot_localization/lib/bumperbot_localization/kalman_filter.py
[0.499s] -- Up-to-date: /home/kevin/rover_ws/install/bumperbot_localization/lib/bumperbot_localization/imu_republisher.py
[0.500s] -- Up-to-date: /home/kevin/rover_ws/install/bumperbot_localization/lib/bumperbot_localization/odometry_motion_model.py
[0.500s] -- Up-to-date: /home/kevin/rover_ws/install/bumperbot_localization/share/ament_index/resource_index/package_run_dependencies/bumperbot_localization
[0.500s] -- Up-to-date: /home/kevin/rover_ws/install/bumperbot_localization/share/ament_index/resource_index/parent_prefix_path/bumperbot_localization
[0.500s] -- Up-to-date: /home/kevin/rover_ws/install/bumperbot_localization/share/bumperbot_localization/environment/ament_prefix_path.sh
[0.500s] -- Up-to-date: /home/kevin/rover_ws/install/bumperbot_localization/share/bumperbot_localization/environment/ament_prefix_path.dsv
[0.500s] -- Up-to-date: /home/kevin/rover_ws/install/bumperbot_localization/share/bumperbot_localization/environment/path.sh
[0.500s] -- Up-to-date: /home/kevin/rover_ws/install/bumperbot_localization/share/bumperbot_localization/environment/path.dsv
[0.500s] -- Up-to-date: /home/kevin/rover_ws/install/bumperbot_localization/share/bumperbot_localization/local_setup.bash
[0.500s] -- Up-to-date: /home/kevin/rover_ws/install/bumperbot_localization/share/bumperbot_localization/local_setup.sh
[0.500s] -- Up-to-date: /home/kevin/rover_ws/install/bumperbot_localization/share/bumperbot_localization/local_setup.zsh
[0.500s] -- Up-to-date: /home/kevin/rover_ws/install/bumperbot_localization/share/bumperbot_localization/local_setup.dsv
[0.500s] -- Installing: /home/kevin/rover_ws/install/bumperbot_localization/share/bumperbot_localization/package.dsv
[0.501s] -- Up-to-date: /home/kevin/rover_ws/install/bumperbot_localization/share/ament_index/resource_index/packages/bumperbot_localization
[0.501s] -- Up-to-date: /home/kevin/rover_ws/install/bumperbot_localization/share/bumperbot_localization/cmake/bumperbot_localizationConfig.cmake
[0.501s] -- Up-to-date: /home/kevin/rover_ws/install/bumperbot_localization/share/bumperbot_localization/cmake/bumperbot_localizationConfig-version.cmake
[0.501s] -- Up-to-date: /home/kevin/rover_ws/install/bumperbot_localization/share/bumperbot_localization/package.xml
[0.504s] Invoked command in '/home/kevin/rover_ws/build/bumperbot_localization' returned '0': CMAKE_PREFIX_PATH=${CMAKE_PREFIX_PATH}:/home/kevin/osr_ws/install/osr_control:/opt/ros/humble /usr/bin/cmake --install /home/kevin/rover_ws/build/bumperbot_localization
