[  0%] Built target ament_cmake_python_copy_rover_utils
[100%] Built target safety_stop
running egg_info
writing rover_utils.egg-info/PKG-INFO
writing dependency_links to rover_utils.egg-info/dependency_links.txt
writing top-level names to rover_utils.egg-info/top_level.txt
reading manifest file 'rover_utils.egg-info/SOURCES.txt'
writing manifest file 'rover_utils.egg-info/SOURCES.txt'
[100%] Built target ament_cmake_python_build_rover_utils_egg
-- Install configuration: ""
-- Up-to-date: /home/kevin/rover_ws/install/rover_utils/share/rover_utils/environment/pythonpath.sh
-- Up-to-date: /home/kevin/rover_ws/install/rover_utils/share/rover_utils/environment/pythonpath.dsv
-- Up-to-date: /home/kevin/rover_ws/install/rover_utils/local/lib/python3.10/dist-packages/rover_utils-0.0.0-py3.10.egg-info
-- Installing: /home/kevin/rover_ws/install/rover_utils/local/lib/python3.10/dist-packages/rover_utils-0.0.0-py3.10.egg-info/PKG-INFO
-- Installing: /home/kevin/rover_ws/install/rover_utils/local/lib/python3.10/dist-packages/rover_utils-0.0.0-py3.10.egg-info/top_level.txt
-- Installing: /home/kevin/rover_ws/install/rover_utils/local/lib/python3.10/dist-packages/rover_utils-0.0.0-py3.10.egg-info/dependency_links.txt
-- Installing: /home/kevin/rover_ws/install/rover_utils/local/lib/python3.10/dist-packages/rover_utils-0.0.0-py3.10.egg-info/SOURCES.txt
-- Up-to-date: /home/kevin/rover_ws/install/rover_utils/local/lib/python3.10/dist-packages/rover_utils
-- Up-to-date: /home/kevin/rover_ws/install/rover_utils/local/lib/python3.10/dist-packages/rover_utils/__init__.py
-- Up-to-date: /home/kevin/rover_ws/install/rover_utils/local/lib/python3.10/dist-packages/rover_utils/safety_stop.py
Listing '/home/kevin/rover_ws/install/rover_utils/local/lib/python3.10/dist-packages/rover_utils'...
-- Up-to-date: /home/kevin/rover_ws/install/rover_utils/lib/rover_utils/safety_stop
-- Up-to-date: /home/kevin/rover_ws/install/rover_utils/lib/rover_utils/safety_stop.py
-- Up-to-date: /home/kevin/rover_ws/install/rover_utils/share/ament_index/resource_index/package_run_dependencies/rover_utils
-- Up-to-date: /home/kevin/rover_ws/install/rover_utils/share/ament_index/resource_index/parent_prefix_path/rover_utils
-- Up-to-date: /home/kevin/rover_ws/install/rover_utils/share/rover_utils/environment/ament_prefix_path.sh
-- Up-to-date: /home/kevin/rover_ws/install/rover_utils/share/rover_utils/environment/ament_prefix_path.dsv
-- Up-to-date: /home/kevin/rover_ws/install/rover_utils/share/rover_utils/environment/path.sh
-- Up-to-date: /home/kevin/rover_ws/install/rover_utils/share/rover_utils/environment/path.dsv
-- Up-to-date: /home/kevin/rover_ws/install/rover_utils/share/rover_utils/local_setup.bash
-- Up-to-date: /home/kevin/rover_ws/install/rover_utils/share/rover_utils/local_setup.sh
-- Up-to-date: /home/kevin/rover_ws/install/rover_utils/share/rover_utils/local_setup.zsh
-- Up-to-date: /home/kevin/rover_ws/install/rover_utils/share/rover_utils/local_setup.dsv
-- Installing: /home/kevin/rover_ws/install/rover_utils/share/rover_utils/package.dsv
-- Up-to-date: /home/kevin/rover_ws/install/rover_utils/share/ament_index/resource_index/packages/rover_utils
-- Up-to-date: /home/kevin/rover_ws/install/rover_utils/share/rover_utils/cmake/rover_utilsConfig.cmake
-- Up-to-date: /home/kevin/rover_ws/install/rover_utils/share/rover_utils/cmake/rover_utilsConfig-version.cmake
-- Up-to-date: /home/kevin/rover_ws/install/rover_utils/share/rover_utils/package.xml
