[0.024s] Invoking command in '/home/kevin/rover_ws/build/bumperbot_controller': CMAKE_PREFIX_PATH=${CMAKE_PREFIX_PATH}:/home/kevin/osr_ws/install/osr_control:/opt/ros/humble /usr/bin/cmake --build /home/kevin/rover_ws/build/bumperbot_controller -- -j6 -l6
[0.085s] [  0%] Built target ament_cmake_python_copy_bumperbot_controller
[0.086s] [ 50%] Built target twist_relay
[0.089s] [100%] Built target simple_controller
[0.356s] running egg_info
[0.357s] writing bumperbot_controller.egg-info/PKG-INFO
[0.357s] writing dependency_links to bumperbot_controller.egg-info/dependency_links.txt
[0.357s] writing top-level names to bumperbot_controller.egg-info/top_level.txt
[0.359s] reading manifest file 'bumperbot_controller.egg-info/SOURCES.txt'
[0.360s] writing manifest file 'bumperbot_controller.egg-info/SOURCES.txt'
[0.386s] [100%] Built target ament_cmake_python_build_bumperbot_controller_egg
[0.397s] Invoked command in '/home/kevin/rover_ws/build/bumperbot_controller' returned '0': CMAKE_PREFIX_PATH=${CMAKE_PREFIX_PATH}:/home/kevin/osr_ws/install/osr_control:/opt/ros/humble /usr/bin/cmake --build /home/kevin/rover_ws/build/bumperbot_controller -- -j6 -l6
[0.397s] Invoking command in '/home/kevin/rover_ws/build/bumperbot_controller': CMAKE_PREFIX_PATH=${CMAKE_PREFIX_PATH}:/home/kevin/osr_ws/install/osr_control:/opt/ros/humble /usr/bin/cmake --install /home/kevin/rover_ws/build/bumperbot_controller
[0.405s] -- Install configuration: ""
[0.405s] -- Up-to-date: /home/kevin/rover_ws/install/bumperbot_controller/share/bumperbot_controller/environment/pythonpath.sh
[0.405s] -- Up-to-date: /home/kevin/rover_ws/install/bumperbot_controller/share/bumperbot_controller/environment/pythonpath.dsv
[0.405s] -- Up-to-date: /home/kevin/rover_ws/install/bumperbot_controller/local/lib/python3.10/dist-packages/bumperbot_controller-0.0.0-py3.10.egg-info
[0.405s] -- Installing: /home/kevin/rover_ws/install/bumperbot_controller/local/lib/python3.10/dist-packages/bumperbot_controller-0.0.0-py3.10.egg-info/PKG-INFO
[0.405s] -- Installing: /home/kevin/rover_ws/install/bumperbot_controller/local/lib/python3.10/dist-packages/bumperbot_controller-0.0.0-py3.10.egg-info/top_level.txt
[0.406s] -- Installing: /home/kevin/rover_ws/install/bumperbot_controller/local/lib/python3.10/dist-packages/bumperbot_controller-0.0.0-py3.10.egg-info/dependency_links.txt
[0.406s] -- Installing: /home/kevin/rover_ws/install/bumperbot_controller/local/lib/python3.10/dist-packages/bumperbot_controller-0.0.0-py3.10.egg-info/SOURCES.txt
[0.406s] -- Up-to-date: /home/kevin/rover_ws/install/bumperbot_controller/local/lib/python3.10/dist-packages/bumperbot_controller
[0.406s] -- Up-to-date: /home/kevin/rover_ws/install/bumperbot_controller/local/lib/python3.10/dist-packages/bumperbot_controller/__init__.py
[0.406s] -- Up-to-date: /home/kevin/rover_ws/install/bumperbot_controller/local/lib/python3.10/dist-packages/bumperbot_controller/twist_relay.py
[0.438s] Listing '/home/kevin/rover_ws/install/bumperbot_controller/local/lib/python3.10/dist-packages/bumperbot_controller'...
[0.443s] -- Up-to-date: /home/kevin/rover_ws/install/bumperbot_controller/lib/bumperbot_controller/simple_controller
[0.443s] -- Up-to-date: /home/kevin/rover_ws/install/bumperbot_controller/lib/bumperbot_controller/twist_relay
[0.443s] -- Up-to-date: /home/kevin/rover_ws/install/bumperbot_controller/share/bumperbot_controller/launch
[0.443s] -- Up-to-date: /home/kevin/rover_ws/install/bumperbot_controller/share/bumperbot_controller/launch/joystick_teleop.launch.py
[0.443s] -- Up-to-date: /home/kevin/rover_ws/install/bumperbot_controller/share/bumperbot_controller/launch/controller.launch.py
[0.443s] -- Up-to-date: /home/kevin/rover_ws/install/bumperbot_controller/share/bumperbot_controller/config
[0.443s] -- Up-to-date: /home/kevin/rover_ws/install/bumperbot_controller/share/bumperbot_controller/config/joy_teleop.yaml
[0.444s] -- Up-to-date: /home/kevin/rover_ws/install/bumperbot_controller/share/bumperbot_controller/config/twist_mux_topics.yaml
[0.444s] -- Up-to-date: /home/kevin/rover_ws/install/bumperbot_controller/share/bumperbot_controller/config/twist_mux_locks.yaml
[0.444s] -- Up-to-date: /home/kevin/rover_ws/install/bumperbot_controller/share/bumperbot_controller/config/twist_mux_joy.yaml
[0.444s] -- Up-to-date: /home/kevin/rover_ws/install/bumperbot_controller/share/bumperbot_controller/config/controller_velocity.yaml
[0.444s] -- Up-to-date: /home/kevin/rover_ws/install/bumperbot_controller/share/bumperbot_controller/config/joy_config.yaml
[0.444s] -- Up-to-date: /home/kevin/rover_ws/install/bumperbot_controller/lib/bumperbot_controller/twist_relay.py
[0.444s] -- Up-to-date: /home/kevin/rover_ws/install/bumperbot_controller/share/ament_index/resource_index/package_run_dependencies/bumperbot_controller
[0.444s] -- Up-to-date: /home/kevin/rover_ws/install/bumperbot_controller/share/ament_index/resource_index/parent_prefix_path/bumperbot_controller
[0.444s] -- Up-to-date: /home/kevin/rover_ws/install/bumperbot_controller/share/bumperbot_controller/environment/ament_prefix_path.sh
[0.444s] -- Up-to-date: /home/kevin/rover_ws/install/bumperbot_controller/share/bumperbot_controller/environment/ament_prefix_path.dsv
[0.444s] -- Up-to-date: /home/kevin/rover_ws/install/bumperbot_controller/share/bumperbot_controller/environment/path.sh
[0.444s] -- Up-to-date: /home/kevin/rover_ws/install/bumperbot_controller/share/bumperbot_controller/environment/path.dsv
[0.444s] -- Up-to-date: /home/kevin/rover_ws/install/bumperbot_controller/share/bumperbot_controller/local_setup.bash
[0.444s] -- Up-to-date: /home/kevin/rover_ws/install/bumperbot_controller/share/bumperbot_controller/local_setup.sh
[0.444s] -- Up-to-date: /home/kevin/rover_ws/install/bumperbot_controller/share/bumperbot_controller/local_setup.zsh
[0.444s] -- Up-to-date: /home/kevin/rover_ws/install/bumperbot_controller/share/bumperbot_controller/local_setup.dsv
[0.445s] -- Installing: /home/kevin/rover_ws/install/bumperbot_controller/share/bumperbot_controller/package.dsv
[0.445s] -- Up-to-date: /home/kevin/rover_ws/install/bumperbot_controller/share/ament_index/resource_index/packages/bumperbot_controller
[0.445s] -- Up-to-date: /home/kevin/rover_ws/install/bumperbot_controller/share/bumperbot_controller/cmake/bumperbot_controllerConfig.cmake
[0.445s] -- Up-to-date: /home/kevin/rover_ws/install/bumperbot_controller/share/bumperbot_controller/cmake/bumperbot_controllerConfig-version.cmake
[0.445s] -- Up-to-date: /home/kevin/rover_ws/install/bumperbot_controller/share/bumperbot_controller/package.xml
[0.446s] Invoked command in '/home/kevin/rover_ws/build/bumperbot_controller' returned '0': CMAKE_PREFIX_PATH=${CMAKE_PREFIX_PATH}:/home/kevin/osr_ws/install/osr_control:/opt/ros/humble /usr/bin/cmake --install /home/kevin/rover_ws/build/bumperbot_controller
