[0.021s] Invoking command in '/home/kevin/rover_ws/build/rover_mapping': CMAKE_PREFIX_PATH=${CMAKE_PREFIX_PATH}:/home/kevin/osr_ws/install/osr_control:/opt/ros/humble /usr/bin/cmake /home/kevin/rover_ws/src/rover_mapping -DCMAKE_INSTALL_PREFIX=/home/kevin/rover_ws/install/rover_mapping
[0.300s] -- The C compiler identification is GNU 11.4.0
[0.544s] -- The CXX compiler identification is GNU 11.4.0
[0.558s] -- Detecting C compiler ABI info
[0.642s] -- Detecting C compiler ABI info - done
[0.649s] -- Check for working C compiler: /usr/bin/cc - skipped
[0.649s] -- Detecting C compile features
[0.650s] -- Detecting C compile features - done
[0.653s] -- Detecting CXX compiler ABI info
[0.736s] -- Detecting CXX compiler ABI info - done
[0.744s] -- Check for working CXX compiler: /usr/bin/c++ - skipped
[0.744s] -- Detecting CXX compile features
[0.744s] -- Detecting CXX compile features - done
[0.750s] -- Found ament_cmake: 1.3.11 (/opt/ros/humble/share/ament_cmake/cmake)
[0.908s] -- Found Python3: /usr/bin/python3 (found version "3.10.12") found components: Interpreter 
[3.535s] -- Found rclcpp: 16.0.12 (/opt/ros/humble/share/rclcpp/cmake)
[4.922s] -- Found rosidl_generator_c: 3.1.6 (/opt/ros/humble/share/rosidl_generator_c/cmake)
[4.930s] -- Found rosidl_adapter: 3.1.6 (/opt/ros/humble/share/rosidl_adapter/cmake)
[4.942s] -- Found rosidl_generator_cpp: 3.1.6 (/opt/ros/humble/share/rosidl_generator_cpp/cmake)
[4.960s] -- Using all available rosidl_typesupport_c: rosidl_typesupport_fastrtps_c;rosidl_typesupport_introspection_c
[4.982s] -- Using all available rosidl_typesupport_cpp: rosidl_typesupport_fastrtps_cpp;rosidl_typesupport_introspection_cpp
[5.048s] -- Found rmw_implementation_cmake: 6.1.2 (/opt/ros/humble/share/rmw_implementation_cmake/cmake)
[5.052s] -- Found rmw_cyclonedds_cpp: 1.3.4 (/opt/ros/humble/share/rmw_cyclonedds_cpp/cmake)
[5.091s] -- Using RMW implementation 'rmw_cyclonedds_cpp' as default
[5.104s] -- Looking for pthread.h
[5.196s] -- Looking for pthread.h - found
[5.196s] -- Performing Test CMAKE_HAVE_LIBC_PTHREAD
[5.271s] -- Performing Test CMAKE_HAVE_LIBC_PTHREAD - Success
[5.272s] -- Found Threads: TRUE  
[5.366s] -- Found rclpy: 3.3.16 (/opt/ros/humble/share/rclpy/cmake)
[5.372s] -- Found sensor_msgs: 4.8.0 (/opt/ros/humble/share/sensor_msgs/cmake)
[5.436s] -- Found nav_msgs: 4.8.0 (/opt/ros/humble/share/nav_msgs/cmake)
[5.458s] -- Found tf2_ros: 0.25.12 (/opt/ros/humble/share/tf2_ros/cmake)
[5.777s] -- Configuring done
[5.792s] -- Generating done
[5.797s] -- Build files have been written to: /home/kevin/rover_ws/build/rover_mapping
[5.809s] Invoked command in '/home/kevin/rover_ws/build/rover_mapping' returned '0': CMAKE_PREFIX_PATH=${CMAKE_PREFIX_PATH}:/home/kevin/osr_ws/install/osr_control:/opt/ros/humble /usr/bin/cmake /home/kevin/rover_ws/src/rover_mapping -DCMAKE_INSTALL_PREFIX=/home/kevin/rover_ws/install/rover_mapping
[5.809s] Invoking command in '/home/kevin/rover_ws/build/rover_mapping': CMAKE_PREFIX_PATH=${CMAKE_PREFIX_PATH}:/home/kevin/osr_ws/install/osr_control:/opt/ros/humble /usr/bin/cmake --build /home/kevin/rover_ws/build/rover_mapping -- -j6 -l6
[5.867s] [ 50%] [32mBuilding CXX object CMakeFiles/mapping_with_known_poses.dir/src/mapping_with_known_poses.cpp.o[0m
[5.897s] [ 50%] Built target ament_cmake_python_copy_rover_mapping
[6.194s] running egg_info
[6.195s] creating rover_mapping.egg-info
[6.195s] writing rover_mapping.egg-info/PKG-INFO
[6.195s] writing dependency_links to rover_mapping.egg-info/dependency_links.txt
[6.195s] writing top-level names to rover_mapping.egg-info/top_level.txt
[6.195s] writing manifest file 'rover_mapping.egg-info/SOURCES.txt'
[6.200s] reading manifest file 'rover_mapping.egg-info/SOURCES.txt'
[6.200s] writing manifest file 'rover_mapping.egg-info/SOURCES.txt'
[6.225s] [ 50%] Built target ament_cmake_python_build_rover_mapping_egg
[19.073s] [100%] [32m[1mLinking CXX executable mapping_with_known_poses[0m
[19.974s] [100%] Built target mapping_with_known_poses
[19.987s] Invoked command in '/home/kevin/rover_ws/build/rover_mapping' returned '0': CMAKE_PREFIX_PATH=${CMAKE_PREFIX_PATH}:/home/kevin/osr_ws/install/osr_control:/opt/ros/humble /usr/bin/cmake --build /home/kevin/rover_ws/build/rover_mapping -- -j6 -l6
[19.988s] Invoking command in '/home/kevin/rover_ws/build/rover_mapping': CMAKE_PREFIX_PATH=${CMAKE_PREFIX_PATH}:/home/kevin/osr_ws/install/osr_control:/opt/ros/humble /usr/bin/cmake --install /home/kevin/rover_ws/build/rover_mapping
[19.995s] -- Install configuration: ""
[19.995s] -- Installing: /home/kevin/rover_ws/install/rover_mapping/share/rover_mapping/environment/pythonpath.sh
[19.995s] -- Installing: /home/kevin/rover_ws/install/rover_mapping/share/rover_mapping/environment/pythonpath.dsv
[19.995s] -- Installing: /home/kevin/rover_ws/install/rover_mapping/local/lib/python3.10/dist-packages/rover_mapping-0.0.0-py3.10.egg-info
[19.995s] -- Installing: /home/kevin/rover_ws/install/rover_mapping/local/lib/python3.10/dist-packages/rover_mapping-0.0.0-py3.10.egg-info/PKG-INFO
[19.995s] -- Installing: /home/kevin/rover_ws/install/rover_mapping/local/lib/python3.10/dist-packages/rover_mapping-0.0.0-py3.10.egg-info/top_level.txt
[19.996s] -- Installing: /home/kevin/rover_ws/install/rover_mapping/local/lib/python3.10/dist-packages/rover_mapping-0.0.0-py3.10.egg-info/dependency_links.txt
[19.996s] -- Installing: /home/kevin/rover_ws/install/rover_mapping/local/lib/python3.10/dist-packages/rover_mapping-0.0.0-py3.10.egg-info/SOURCES.txt
[19.996s] -- Installing: /home/kevin/rover_ws/install/rover_mapping/local/lib/python3.10/dist-packages/rover_mapping
[19.996s] -- Installing: /home/kevin/rover_ws/install/rover_mapping/local/lib/python3.10/dist-packages/rover_mapping/mapping_with_known_poses.py
[19.996s] -- Installing: /home/kevin/rover_ws/install/rover_mapping/local/lib/python3.10/dist-packages/rover_mapping/__init__.py
[20.032s] Listing '/home/kevin/rover_ws/install/rover_mapping/local/lib/python3.10/dist-packages/rover_mapping'...
[20.033s] Compiling '/home/kevin/rover_ws/install/rover_mapping/local/lib/python3.10/dist-packages/rover_mapping/__init__.py'...
[20.033s] Compiling '/home/kevin/rover_ws/install/rover_mapping/local/lib/python3.10/dist-packages/rover_mapping/mapping_with_known_poses.py'...
[20.038s] -- Installing: /home/kevin/rover_ws/install/rover_mapping/include/include
[20.038s] -- Installing: /home/kevin/rover_ws/install/rover_mapping/include/include/rover_mapping
[20.038s] -- Installing: /home/kevin/rover_ws/install/rover_mapping/include/include/rover_mapping/mapping_with_known_poses.hpp
[20.038s] -- Installing: /home/kevin/rover_ws/install/rover_mapping/lib/rover_mapping/mapping_with_known_poses
[20.041s] -- Set runtime path of "/home/kevin/rover_ws/install/rover_mapping/lib/rover_mapping/mapping_with_known_poses" to ""
[20.042s] -- Installing: /home/kevin/rover_ws/install/rover_mapping/share/rover_mapping/config
[20.042s] -- Installing: /home/kevin/rover_ws/install/rover_mapping/share/rover_mapping/config/slam_toolbox.yaml
[20.042s] -- Installing: /home/kevin/rover_ws/install/rover_mapping/share/rover_mapping/launch
[20.042s] -- Installing: /home/kevin/rover_ws/install/rover_mapping/share/rover_mapping/launch/slam.launch.py
[20.042s] -- Installing: /home/kevin/rover_ws/install/rover_mapping/share/rover_mapping/maps
[20.043s] -- Installing: /home/kevin/rover_ws/install/rover_mapping/share/rover_mapping/maps/small_warehouse
[20.043s] -- Installing: /home/kevin/rover_ws/install/rover_mapping/share/rover_mapping/maps/small_warehouse/map.pgm
[20.044s] -- Installing: /home/kevin/rover_ws/install/rover_mapping/share/rover_mapping/maps/small_warehouse/map.yaml
[20.044s] -- Installing: /home/kevin/rover_ws/install/rover_mapping/share/rover_mapping/maps/small_house
[20.044s] -- Installing: /home/kevin/rover_ws/install/rover_mapping/share/rover_mapping/maps/small_house/map.pgm
[20.046s] -- Installing: /home/kevin/rover_ws/install/rover_mapping/share/rover_mapping/maps/small_house/map.yaml
[20.046s] -- Installing: /home/kevin/rover_ws/install/rover_mapping/share/rover_mapping/rviz
[20.046s] -- Installing: /home/kevin/rover_ws/install/rover_mapping/share/rover_mapping/rviz/slam.rviz
[20.046s] -- Installing: /home/kevin/rover_ws/install/rover_mapping/lib/rover_mapping/mapping_with_known_poses.py
[20.047s] -- Installing: /home/kevin/rover_ws/install/rover_mapping/share/ament_index/resource_index/package_run_dependencies/rover_mapping
[20.047s] -- Installing: /home/kevin/rover_ws/install/rover_mapping/share/ament_index/resource_index/parent_prefix_path/rover_mapping
[20.047s] -- Installing: /home/kevin/rover_ws/install/rover_mapping/share/rover_mapping/environment/ament_prefix_path.sh
[20.047s] -- Installing: /home/kevin/rover_ws/install/rover_mapping/share/rover_mapping/environment/ament_prefix_path.dsv
[20.047s] -- Installing: /home/kevin/rover_ws/install/rover_mapping/share/rover_mapping/environment/path.sh
[20.047s] -- Installing: /home/kevin/rover_ws/install/rover_mapping/share/rover_mapping/environment/path.dsv
[20.047s] -- Installing: /home/kevin/rover_ws/install/rover_mapping/share/rover_mapping/local_setup.bash
[20.048s] -- Installing: /home/kevin/rover_ws/install/rover_mapping/share/rover_mapping/local_setup.sh
[20.048s] -- Installing: /home/kevin/rover_ws/install/rover_mapping/share/rover_mapping/local_setup.zsh
[20.048s] -- Installing: /home/kevin/rover_ws/install/rover_mapping/share/rover_mapping/local_setup.dsv
[20.048s] -- Installing: /home/kevin/rover_ws/install/rover_mapping/share/rover_mapping/package.dsv
[20.048s] -- Installing: /home/kevin/rover_ws/install/rover_mapping/share/ament_index/resource_index/packages/rover_mapping
[20.048s] -- Installing: /home/kevin/rover_ws/install/rover_mapping/share/rover_mapping/cmake/rover_mappingConfig.cmake
[20.048s] -- Installing: /home/kevin/rover_ws/install/rover_mapping/share/rover_mapping/cmake/rover_mappingConfig-version.cmake
[20.048s] -- Installing: /home/kevin/rover_ws/install/rover_mapping/share/rover_mapping/package.xml
[20.053s] Invoked command in '/home/kevin/rover_ws/build/rover_mapping' returned '0': CMAKE_PREFIX_PATH=${CMAKE_PREFIX_PATH}:/home/kevin/osr_ws/install/osr_control:/opt/ros/humble /usr/bin/cmake --install /home/kevin/rover_ws/build/rover_mapping
