[0.024s] Invoking command in '/home/kevin/rover_ws/build/rover_controller': CMAKE_PREFIX_PATH=${CMAKE_PREFIX_PATH}:/home/kevin/osr_ws/install/osr_control:/opt/ros/humble /usr/bin/cmake --build /home/kevin/rover_ws/build/rover_controller -- -j6 -l6
[0.073s] [35m[1mConsolidate compiler generated dependencies of target twist_relay[0m
[0.073s] [35m[1mConsolidate compiler generated dependencies of target simple_controller[0m
[0.111s] [  0%] Built target ament_cmake_python_copy_rover_controller
[0.128s] [ 50%] Built target simple_controller
[0.128s] [100%] Built target twist_relay
[0.449s] running egg_info
[0.449s] writing rover_controller.egg-info/PKG-INFO
[0.449s] writing dependency_links to rover_controller.egg-info/dependency_links.txt
[0.449s] writing top-level names to rover_controller.egg-info/top_level.txt
[0.454s] reading manifest file 'rover_controller.egg-info/SOURCES.txt'
[0.454s] writing manifest file 'rover_controller.egg-info/SOURCES.txt'
[0.488s] [100%] Built target ament_cmake_python_build_rover_controller_egg
[0.502s] Invoked command in '/home/kevin/rover_ws/build/rover_controller' returned '0': CMAKE_PREFIX_PATH=${CMAKE_PREFIX_PATH}:/home/kevin/osr_ws/install/osr_control:/opt/ros/humble /usr/bin/cmake --build /home/kevin/rover_ws/build/rover_controller -- -j6 -l6
[0.506s] Invoking command in '/home/kevin/rover_ws/build/rover_controller': CMAKE_PREFIX_PATH=${CMAKE_PREFIX_PATH}:/home/kevin/osr_ws/install/osr_control:/opt/ros/humble /usr/bin/cmake --install /home/kevin/rover_ws/build/rover_controller
[0.513s] -- Install configuration: ""
[0.513s] -- Up-to-date: /home/kevin/rover_ws/install/rover_controller/share/rover_controller/environment/pythonpath.sh
[0.513s] -- Up-to-date: /home/kevin/rover_ws/install/rover_controller/share/rover_controller/environment/pythonpath.dsv
[0.513s] -- Up-to-date: /home/kevin/rover_ws/install/rover_controller/local/lib/python3.10/dist-packages/rover_controller-0.0.0-py3.10.egg-info
[0.513s] -- Installing: /home/kevin/rover_ws/install/rover_controller/local/lib/python3.10/dist-packages/rover_controller-0.0.0-py3.10.egg-info/PKG-INFO
[0.513s] -- Installing: /home/kevin/rover_ws/install/rover_controller/local/lib/python3.10/dist-packages/rover_controller-0.0.0-py3.10.egg-info/top_level.txt
[0.513s] -- Installing: /home/kevin/rover_ws/install/rover_controller/local/lib/python3.10/dist-packages/rover_controller-0.0.0-py3.10.egg-info/dependency_links.txt
[0.513s] -- Installing: /home/kevin/rover_ws/install/rover_controller/local/lib/python3.10/dist-packages/rover_controller-0.0.0-py3.10.egg-info/SOURCES.txt
[0.514s] -- Up-to-date: /home/kevin/rover_ws/install/rover_controller/local/lib/python3.10/dist-packages/rover_controller
[0.514s] -- Up-to-date: /home/kevin/rover_ws/install/rover_controller/local/lib/python3.10/dist-packages/rover_controller/__init__.py
[0.514s] -- Up-to-date: /home/kevin/rover_ws/install/rover_controller/local/lib/python3.10/dist-packages/rover_controller/twist_relay.py
[0.545s] Listing '/home/kevin/rover_ws/install/rover_controller/local/lib/python3.10/dist-packages/rover_controller'...
[0.549s] -- Up-to-date: /home/kevin/rover_ws/install/rover_controller/lib/rover_controller/simple_controller
[0.553s] -- Up-to-date: /home/kevin/rover_ws/install/rover_controller/lib/rover_controller/twist_relay
[0.553s] -- Up-to-date: /home/kevin/rover_ws/install/rover_controller/share/rover_controller/launch
[0.554s] -- Up-to-date: /home/kevin/rover_ws/install/rover_controller/share/rover_controller/launch/joystick_teleop.launch.py
[0.554s] -- Up-to-date: /home/kevin/rover_ws/install/rover_controller/share/rover_controller/launch/controller.launch.py
[0.554s] -- Up-to-date: /home/kevin/rover_ws/install/rover_controller/share/rover_controller/config
[0.554s] -- Up-to-date: /home/kevin/rover_ws/install/rover_controller/share/rover_controller/config/joy_teleop.yaml
[0.554s] -- Up-to-date: /home/kevin/rover_ws/install/rover_controller/share/rover_controller/config/twist_mux_topics.yaml
[0.554s] -- Up-to-date: /home/kevin/rover_ws/install/rover_controller/share/rover_controller/config/twist_mux_locks.yaml
[0.554s] -- Up-to-date: /home/kevin/rover_ws/install/rover_controller/share/rover_controller/config/twist_mux_joy.yaml
[0.554s] -- Up-to-date: /home/kevin/rover_ws/install/rover_controller/share/rover_controller/config/controller_velocity.yaml
[0.554s] -- Up-to-date: /home/kevin/rover_ws/install/rover_controller/share/rover_controller/config/joy_config.yaml
[0.554s] -- Up-to-date: /home/kevin/rover_ws/install/rover_controller/lib/rover_controller/twist_relay.py
[0.554s] -- Up-to-date: /home/kevin/rover_ws/install/rover_controller/share/ament_index/resource_index/package_run_dependencies/rover_controller
[0.554s] -- Up-to-date: /home/kevin/rover_ws/install/rover_controller/share/ament_index/resource_index/parent_prefix_path/rover_controller
[0.555s] -- Up-to-date: /home/kevin/rover_ws/install/rover_controller/share/rover_controller/environment/ament_prefix_path.sh
[0.555s] -- Up-to-date: /home/kevin/rover_ws/install/rover_controller/share/rover_controller/environment/ament_prefix_path.dsv
[0.555s] -- Up-to-date: /home/kevin/rover_ws/install/rover_controller/share/rover_controller/environment/path.sh
[0.555s] -- Up-to-date: /home/kevin/rover_ws/install/rover_controller/share/rover_controller/environment/path.dsv
[0.555s] -- Up-to-date: /home/kevin/rover_ws/install/rover_controller/share/rover_controller/local_setup.bash
[0.555s] -- Up-to-date: /home/kevin/rover_ws/install/rover_controller/share/rover_controller/local_setup.sh
[0.555s] -- Up-to-date: /home/kevin/rover_ws/install/rover_controller/share/rover_controller/local_setup.zsh
[0.555s] -- Up-to-date: /home/kevin/rover_ws/install/rover_controller/share/rover_controller/local_setup.dsv
[0.555s] -- Installing: /home/kevin/rover_ws/install/rover_controller/share/rover_controller/package.dsv
[0.555s] -- Up-to-date: /home/kevin/rover_ws/install/rover_controller/share/ament_index/resource_index/packages/rover_controller
[0.556s] -- Up-to-date: /home/kevin/rover_ws/install/rover_controller/share/rover_controller/cmake/rover_controllerConfig.cmake
[0.556s] -- Up-to-date: /home/kevin/rover_ws/install/rover_controller/share/rover_controller/cmake/rover_controllerConfig-version.cmake
[0.556s] -- Up-to-date: /home/kevin/rover_ws/install/rover_controller/share/rover_controller/package.xml
[0.560s] Invoked command in '/home/kevin/rover_ws/build/rover_controller' returned '0': CMAKE_PREFIX_PATH=${CMAKE_PREFIX_PATH}:/home/kevin/osr_ws/install/osr_control:/opt/ros/humble /usr/bin/cmake --install /home/kevin/rover_ws/build/rover_controller
