[100%] Built target mapping_with_known_poses
[100%] Built target ament_cmake_python_copy_rover_mapping
running egg_info
writing rover_mapping.egg-info/PKG-INFO
writing dependency_links to rover_mapping.egg-info/dependency_links.txt
writing top-level names to rover_mapping.egg-info/top_level.txt
reading manifest file 'rover_mapping.egg-info/SOURCES.txt'
writing manifest file 'rover_mapping.egg-info/SOURCES.txt'
[100%] Built target ament_cmake_python_build_rover_mapping_egg
-- Install configuration: ""
-- Up-to-date: /home/kevin/rover_ws/install/rover_mapping/share/rover_mapping/environment/pythonpath.sh
-- Up-to-date: /home/kevin/rover_ws/install/rover_mapping/share/rover_mapping/environment/pythonpath.dsv
-- Up-to-date: /home/kevin/rover_ws/install/rover_mapping/local/lib/python3.10/dist-packages/rover_mapping-0.0.0-py3.10.egg-info
-- Installing: /home/kevin/rover_ws/install/rover_mapping/local/lib/python3.10/dist-packages/rover_mapping-0.0.0-py3.10.egg-info/PKG-INFO
-- Installing: /home/kevin/rover_ws/install/rover_mapping/local/lib/python3.10/dist-packages/rover_mapping-0.0.0-py3.10.egg-info/top_level.txt
-- Installing: /home/kevin/rover_ws/install/rover_mapping/local/lib/python3.10/dist-packages/rover_mapping-0.0.0-py3.10.egg-info/dependency_links.txt
-- Installing: /home/kevin/rover_ws/install/rover_mapping/local/lib/python3.10/dist-packages/rover_mapping-0.0.0-py3.10.egg-info/SOURCES.txt
-- Up-to-date: /home/kevin/rover_ws/install/rover_mapping/local/lib/python3.10/dist-packages/rover_mapping
-- Up-to-date: /home/kevin/rover_ws/install/rover_mapping/local/lib/python3.10/dist-packages/rover_mapping/mapping_with_known_poses.py
-- Up-to-date: /home/kevin/rover_ws/install/rover_mapping/local/lib/python3.10/dist-packages/rover_mapping/__init__.py
Listing '/home/kevin/rover_ws/install/rover_mapping/local/lib/python3.10/dist-packages/rover_mapping'...
-- Up-to-date: /home/kevin/rover_ws/install/rover_mapping/include/include
-- Up-to-date: /home/kevin/rover_ws/install/rover_mapping/include/include/rover_mapping
-- Up-to-date: /home/kevin/rover_ws/install/rover_mapping/include/include/rover_mapping/mapping_with_known_poses.hpp
-- Up-to-date: /home/kevin/rover_ws/install/rover_mapping/lib/rover_mapping/mapping_with_known_poses
-- Up-to-date: /home/kevin/rover_ws/install/rover_mapping/share/rover_mapping/config
-- Up-to-date: /home/kevin/rover_ws/install/rover_mapping/share/rover_mapping/config/slam_toolbox.yaml
-- Up-to-date: /home/kevin/rover_ws/install/rover_mapping/share/rover_mapping/launch
-- Up-to-date: /home/kevin/rover_ws/install/rover_mapping/share/rover_mapping/launch/slam.launch.py
-- Up-to-date: /home/kevin/rover_ws/install/rover_mapping/share/rover_mapping/maps
-- Up-to-date: /home/kevin/rover_ws/install/rover_mapping/share/rover_mapping/maps/small_warehouse
-- Up-to-date: /home/kevin/rover_ws/install/rover_mapping/share/rover_mapping/maps/small_warehouse/map.pgm
-- Up-to-date: /home/kevin/rover_ws/install/rover_mapping/share/rover_mapping/maps/small_warehouse/map.yaml
-- Up-to-date: /home/kevin/rover_ws/install/rover_mapping/share/rover_mapping/maps/small_house
-- Up-to-date: /home/kevin/rover_ws/install/rover_mapping/share/rover_mapping/maps/small_house/map.pgm
-- Up-to-date: /home/kevin/rover_ws/install/rover_mapping/share/rover_mapping/maps/small_house/map.yaml
-- Up-to-date: /home/kevin/rover_ws/install/rover_mapping/share/rover_mapping/rviz
-- Up-to-date: /home/kevin/rover_ws/install/rover_mapping/share/rover_mapping/rviz/slam.rviz
-- Up-to-date: /home/kevin/rover_ws/install/rover_mapping/lib/rover_mapping/mapping_with_known_poses.py
-- Up-to-date: /home/kevin/rover_ws/install/rover_mapping/share/ament_index/resource_index/package_run_dependencies/rover_mapping
-- Up-to-date: /home/kevin/rover_ws/install/rover_mapping/share/ament_index/resource_index/parent_prefix_path/rover_mapping
-- Up-to-date: /home/kevin/rover_ws/install/rover_mapping/share/rover_mapping/environment/ament_prefix_path.sh
-- Up-to-date: /home/kevin/rover_ws/install/rover_mapping/share/rover_mapping/environment/ament_prefix_path.dsv
-- Up-to-date: /home/kevin/rover_ws/install/rover_mapping/share/rover_mapping/environment/path.sh
-- Up-to-date: /home/kevin/rover_ws/install/rover_mapping/share/rover_mapping/environment/path.dsv
-- Up-to-date: /home/kevin/rover_ws/install/rover_mapping/share/rover_mapping/local_setup.bash
-- Up-to-date: /home/kevin/rover_ws/install/rover_mapping/share/rover_mapping/local_setup.sh
-- Up-to-date: /home/kevin/rover_ws/install/rover_mapping/share/rover_mapping/local_setup.zsh
-- Up-to-date: /home/kevin/rover_ws/install/rover_mapping/share/rover_mapping/local_setup.dsv
-- Installing: /home/kevin/rover_ws/install/rover_mapping/share/rover_mapping/package.dsv
-- Up-to-date: /home/kevin/rover_ws/install/rover_mapping/share/ament_index/resource_index/packages/rover_mapping
-- Up-to-date: /home/kevin/rover_ws/install/rover_mapping/share/rover_mapping/cmake/rover_mappingConfig.cmake
-- Up-to-date: /home/kevin/rover_ws/install/rover_mapping/share/rover_mapping/cmake/rover_mappingConfig-version.cmake
-- Up-to-date: /home/kevin/rover_ws/install/rover_mapping/share/rover_mapping/package.xml
