[0.011s] Invoking command in '/home/kevin/rover_ws/build/bumperbot_bringup': CMAKE_PREFIX_PATH=/home/kevin/rover_ws/install/bumperbot_mapping:/home/kevin/rover_ws/install/bumperbot_localization:/home/kevin/rover_ws/install/bumperbot_description:/home/kevin/rover_ws/install/bumperbot_controller:/home/kevin/osr_ws/install/osr_mapping:/home/kevin/osr_ws/install/osr_bringup:/home/kevin/osr_ws/install/osr_localization:/home/kevin/osr_ws/install/osr_interfaces:/home/kevin/osr_ws/install/osr_gazebo:/home/kevin/rover_ws/install/bumperbot_bringup:/home/kevin/osr_ws/install/osr_control:/opt/ros/humble /usr/bin/cmake /home/kevin/rover_ws/src/bumperbot_bringup -DCMAKE_INSTALL_PREFIX=/home/kevin/rover_ws/install/bumperbot_bringup
[0.061s] -- The C compiler identification is GNU 11.4.0
[0.114s] -- The CXX compiler identification is GNU 11.4.0
[0.120s] -- Detecting C compiler ABI info
[0.182s] -- Detecting C compiler ABI info - done
[0.189s] -- Check for working C compiler: /usr/bin/cc - skipped
[0.190s] -- Detecting C compile features
[0.190s] -- Detecting C compile features - done
[0.193s] -- Detecting CXX compiler ABI info
[0.265s] -- Detecting CXX compiler ABI info - done
[0.272s] -- Check for working CXX compiler: /usr/bin/c++ - skipped
[0.273s] -- Detecting CXX compile features
[0.273s] -- Detecting CXX compile features - done
[0.276s] -- Found ament_cmake: 1.3.11 (/opt/ros/humble/share/ament_cmake/cmake)
[0.425s] -- Found Python3: /usr/bin/python3 (found version "3.10.12") found components: Interpreter 
[0.588s] -- Configuring done
[0.591s] -- Generating done
[0.592s] -- Build files have been written to: /home/kevin/rover_ws/build/bumperbot_bringup
[0.596s] Invoked command in '/home/kevin/rover_ws/build/bumperbot_bringup' returned '0': CMAKE_PREFIX_PATH=/home/kevin/rover_ws/install/bumperbot_mapping:/home/kevin/rover_ws/install/bumperbot_localization:/home/kevin/rover_ws/install/bumperbot_description:/home/kevin/rover_ws/install/bumperbot_controller:/home/kevin/osr_ws/install/osr_mapping:/home/kevin/osr_ws/install/osr_bringup:/home/kevin/osr_ws/install/osr_localization:/home/kevin/osr_ws/install/osr_interfaces:/home/kevin/osr_ws/install/osr_gazebo:/home/kevin/rover_ws/install/bumperbot_bringup:/home/kevin/osr_ws/install/osr_control:/opt/ros/humble /usr/bin/cmake /home/kevin/rover_ws/src/bumperbot_bringup -DCMAKE_INSTALL_PREFIX=/home/kevin/rover_ws/install/bumperbot_bringup
[0.597s] Invoking command in '/home/kevin/rover_ws/build/bumperbot_bringup': CMAKE_PREFIX_PATH=/home/kevin/rover_ws/install/bumperbot_mapping:/home/kevin/rover_ws/install/bumperbot_localization:/home/kevin/rover_ws/install/bumperbot_description:/home/kevin/rover_ws/install/bumperbot_controller:/home/kevin/osr_ws/install/osr_mapping:/home/kevin/osr_ws/install/osr_bringup:/home/kevin/osr_ws/install/osr_localization:/home/kevin/osr_ws/install/osr_interfaces:/home/kevin/osr_ws/install/osr_gazebo:/home/kevin/rover_ws/install/bumperbot_bringup:/home/kevin/osr_ws/install/osr_control:/opt/ros/humble /usr/bin/cmake --build /home/kevin/rover_ws/build/bumperbot_bringup -- -j6 -l6
[0.631s] Invoked command in '/home/kevin/rover_ws/build/bumperbot_bringup' returned '0': CMAKE_PREFIX_PATH=/home/kevin/rover_ws/install/bumperbot_mapping:/home/kevin/rover_ws/install/bumperbot_localization:/home/kevin/rover_ws/install/bumperbot_description:/home/kevin/rover_ws/install/bumperbot_controller:/home/kevin/osr_ws/install/osr_mapping:/home/kevin/osr_ws/install/osr_bringup:/home/kevin/osr_ws/install/osr_localization:/home/kevin/osr_ws/install/osr_interfaces:/home/kevin/osr_ws/install/osr_gazebo:/home/kevin/rover_ws/install/bumperbot_bringup:/home/kevin/osr_ws/install/osr_control:/opt/ros/humble /usr/bin/cmake --build /home/kevin/rover_ws/build/bumperbot_bringup -- -j6 -l6
[0.632s] Invoking command in '/home/kevin/rover_ws/build/bumperbot_bringup': CMAKE_PREFIX_PATH=/home/kevin/rover_ws/install/bumperbot_mapping:/home/kevin/rover_ws/install/bumperbot_localization:/home/kevin/rover_ws/install/bumperbot_description:/home/kevin/rover_ws/install/bumperbot_controller:/home/kevin/osr_ws/install/osr_mapping:/home/kevin/osr_ws/install/osr_bringup:/home/kevin/osr_ws/install/osr_localization:/home/kevin/osr_ws/install/osr_interfaces:/home/kevin/osr_ws/install/osr_gazebo:/home/kevin/rover_ws/install/bumperbot_bringup:/home/kevin/osr_ws/install/osr_control:/opt/ros/humble /usr/bin/cmake --install /home/kevin/rover_ws/build/bumperbot_bringup
[0.639s] -- Install configuration: ""
[0.639s] -- Installing: /home/kevin/rover_ws/install/bumperbot_bringup/share/bumperbot_bringup/config
[0.639s] -- Installing: /home/kevin/rover_ws/install/bumperbot_bringup/share/bumperbot_bringup/config/rplidar_a1.yaml
[0.639s] -- Installing: /home/kevin/rover_ws/install/bumperbot_bringup/share/bumperbot_bringup/launch
[0.639s] -- Installing: /home/kevin/rover_ws/install/bumperbot_bringup/share/bumperbot_bringup/launch/simulated_bumperbot.launch.py
[0.639s] -- Installing: /home/kevin/rover_ws/install/bumperbot_bringup/share/ament_index/resource_index/package_run_dependencies/bumperbot_bringup
[0.639s] -- Installing: /home/kevin/rover_ws/install/bumperbot_bringup/share/ament_index/resource_index/parent_prefix_path/bumperbot_bringup
[0.640s] -- Installing: /home/kevin/rover_ws/install/bumperbot_bringup/share/bumperbot_bringup/environment/ament_prefix_path.sh
[0.640s] -- Installing: /home/kevin/rover_ws/install/bumperbot_bringup/share/bumperbot_bringup/environment/ament_prefix_path.dsv
[0.640s] -- Installing: /home/kevin/rover_ws/install/bumperbot_bringup/share/bumperbot_bringup/environment/path.sh
[0.640s] -- Installing: /home/kevin/rover_ws/install/bumperbot_bringup/share/bumperbot_bringup/environment/path.dsv
[0.640s] -- Installing: /home/kevin/rover_ws/install/bumperbot_bringup/share/bumperbot_bringup/local_setup.bash
[0.640s] -- Installing: /home/kevin/rover_ws/install/bumperbot_bringup/share/bumperbot_bringup/local_setup.sh
[0.640s] -- Installing: /home/kevin/rover_ws/install/bumperbot_bringup/share/bumperbot_bringup/local_setup.zsh
[0.640s] -- Installing: /home/kevin/rover_ws/install/bumperbot_bringup/share/bumperbot_bringup/local_setup.dsv
[0.641s] -- Installing: /home/kevin/rover_ws/install/bumperbot_bringup/share/bumperbot_bringup/package.dsv
[0.641s] -- Installing: /home/kevin/rover_ws/install/bumperbot_bringup/share/ament_index/resource_index/packages/bumperbot_bringup
[0.641s] -- Installing: /home/kevin/rover_ws/install/bumperbot_bringup/share/bumperbot_bringup/cmake/bumperbot_bringupConfig.cmake
[0.641s] -- Installing: /home/kevin/rover_ws/install/bumperbot_bringup/share/bumperbot_bringup/cmake/bumperbot_bringupConfig-version.cmake
[0.641s] -- Installing: /home/kevin/rover_ws/install/bumperbot_bringup/share/bumperbot_bringup/package.xml
[0.643s] Invoked command in '/home/kevin/rover_ws/build/bumperbot_bringup' returned '0': CMAKE_PREFIX_PATH=/home/kevin/rover_ws/install/bumperbot_mapping:/home/kevin/rover_ws/install/bumperbot_localization:/home/kevin/rover_ws/install/bumperbot_description:/home/kevin/rover_ws/install/bumperbot_controller:/home/kevin/osr_ws/install/osr_mapping:/home/kevin/osr_ws/install/osr_bringup:/home/kevin/osr_ws/install/osr_localization:/home/kevin/osr_ws/install/osr_interfaces:/home/kevin/osr_ws/install/osr_gazebo:/home/kevin/rover_ws/install/bumperbot_bringup:/home/kevin/osr_ws/install/osr_control:/opt/ros/humble /usr/bin/cmake --install /home/kevin/rover_ws/build/bumperbot_bringup
