[0.017s] Invoking command in '/home/kevin/bumperbot_ws/build/bumperbot_localization': CMAKE_PREFIX_PATH=${CMAKE_PREFIX_PATH}:/home/kevin/osr_ws/install/osr_control:/home/kevin/osr_ws/install/bumperbot_py_examples:/opt/ros/humble /usr/bin/cmake --build /home/kevin/bumperbot_ws/build/bumperbot_localization -- -j6 -l6
[0.076s] [ 33%] Built target odometry_motion_model
[0.083s] [ 66%] Built target kalman_filter
[0.084s] [100%] Built target imu_republisher
[0.118s] [100%] Built target ament_cmake_python_copy_bumperbot_localization
[0.360s] running egg_info
[0.360s] writing bumperbot_localization.egg-info/PKG-INFO
[0.361s] writing dependency_links to bumperbot_localization.egg-info/dependency_links.txt
[0.361s] writing top-level names to bumperbot_localization.egg-info/top_level.txt
[0.363s] reading manifest file 'bumperbot_localization.egg-info/SOURCES.txt'
[0.363s] writing manifest file 'bumperbot_localization.egg-info/SOURCES.txt'
[0.393s] [100%] Built target ament_cmake_python_build_bumperbot_localization_egg
[0.404s] Invoked command in '/home/kevin/bumperbot_ws/build/bumperbot_localization' returned '0': CMAKE_PREFIX_PATH=${CMAKE_PREFIX_PATH}:/home/kevin/osr_ws/install/osr_control:/home/kevin/osr_ws/install/bumperbot_py_examples:/opt/ros/humble /usr/bin/cmake --build /home/kevin/bumperbot_ws/build/bumperbot_localization -- -j6 -l6
[0.405s] Invoking command in '/home/kevin/bumperbot_ws/build/bumperbot_localization': CMAKE_PREFIX_PATH=${CMAKE_PREFIX_PATH}:/home/kevin/osr_ws/install/osr_control:/home/kevin/osr_ws/install/bumperbot_py_examples:/opt/ros/humble /usr/bin/cmake --install /home/kevin/bumperbot_ws/build/bumperbot_localization
[0.412s] -- Install configuration: ""
[0.413s] -- Up-to-date: /home/kevin/bumperbot_ws/install/bumperbot_localization/share/bumperbot_localization/environment/pythonpath.sh
[0.413s] -- Up-to-date: /home/kevin/bumperbot_ws/install/bumperbot_localization/share/bumperbot_localization/environment/pythonpath.dsv
[0.414s] -- Up-to-date: /home/kevin/bumperbot_ws/install/bumperbot_localization/local/lib/python3.10/dist-packages/bumperbot_localization-0.0.0-py3.10.egg-info
[0.414s] -- Installing: /home/kevin/bumperbot_ws/install/bumperbot_localization/local/lib/python3.10/dist-packages/bumperbot_localization-0.0.0-py3.10.egg-info/PKG-INFO
[0.414s] -- Installing: /home/kevin/bumperbot_ws/install/bumperbot_localization/local/lib/python3.10/dist-packages/bumperbot_localization-0.0.0-py3.10.egg-info/top_level.txt
[0.414s] -- Installing: /home/kevin/bumperbot_ws/install/bumperbot_localization/local/lib/python3.10/dist-packages/bumperbot_localization-0.0.0-py3.10.egg-info/dependency_links.txt
[0.414s] -- Installing: /home/kevin/bumperbot_ws/install/bumperbot_localization/local/lib/python3.10/dist-packages/bumperbot_localization-0.0.0-py3.10.egg-info/SOURCES.txt
[0.414s] -- Up-to-date: /home/kevin/bumperbot_ws/install/bumperbot_localization/local/lib/python3.10/dist-packages/bumperbot_localization
[0.414s] -- Up-to-date: /home/kevin/bumperbot_ws/install/bumperbot_localization/local/lib/python3.10/dist-packages/bumperbot_localization/kalman_filter.py
[0.414s] -- Up-to-date: /home/kevin/bumperbot_ws/install/bumperbot_localization/local/lib/python3.10/dist-packages/bumperbot_localization/imu_republisher.py
[0.414s] -- Up-to-date: /home/kevin/bumperbot_ws/install/bumperbot_localization/local/lib/python3.10/dist-packages/bumperbot_localization/__init__.py
[0.414s] -- Up-to-date: /home/kevin/bumperbot_ws/install/bumperbot_localization/local/lib/python3.10/dist-packages/bumperbot_localization/odometry_motion_model.py
[0.447s] Listing '/home/kevin/bumperbot_ws/install/bumperbot_localization/local/lib/python3.10/dist-packages/bumperbot_localization'...
[0.451s] -- Up-to-date: /home/kevin/bumperbot_ws/install/bumperbot_localization/include/include
[0.454s] -- Up-to-date: /home/kevin/bumperbot_ws/install/bumperbot_localization/include/include/bumperbot_localization
[0.454s] -- Up-to-date: /home/kevin/bumperbot_ws/install/bumperbot_localization/include/include/bumperbot_localization/kalman_filter.hpp
[0.454s] -- Up-to-date: /home/kevin/bumperbot_ws/install/bumperbot_localization/include/include/bumperbot_localization/odometry_motion_model.hpp
[0.454s] -- Up-to-date: /home/kevin/bumperbot_ws/install/bumperbot_localization/bin/odometry_motion_model
[0.454s] -- Up-to-date: /home/kevin/bumperbot_ws/install/bumperbot_localization/lib/bumperbot_localization/kalman_filter
[0.454s] -- Up-to-date: /home/kevin/bumperbot_ws/install/bumperbot_localization/lib/bumperbot_localization/imu_republisher
[0.454s] -- Up-to-date: /home/kevin/bumperbot_ws/install/bumperbot_localization/lib/bumperbot_localization/odometry_motion_model
[0.454s] -- Up-to-date: /home/kevin/bumperbot_ws/install/bumperbot_localization/share/bumperbot_localization/launch
[0.455s] -- Up-to-date: /home/kevin/bumperbot_ws/install/bumperbot_localization/share/bumperbot_localization/launch/local_localization.launch.py
[0.455s] -- Up-to-date: /home/kevin/bumperbot_ws/install/bumperbot_localization/share/bumperbot_localization/launch/global_localization.launch.py
[0.455s] -- Up-to-date: /home/kevin/bumperbot_ws/install/bumperbot_localization/share/bumperbot_localization/config
[0.455s] -- Up-to-date: /home/kevin/bumperbot_ws/install/bumperbot_localization/share/bumperbot_localization/config/odometry_motion_model.rviz
[0.455s] -- Up-to-date: /home/kevin/bumperbot_ws/install/bumperbot_localization/share/bumperbot_localization/config/amcl.yaml
[0.455s] -- Up-to-date: /home/kevin/bumperbot_ws/install/bumperbot_localization/share/bumperbot_localization/config/ekf.yaml
[0.455s] -- Up-to-date: /home/kevin/bumperbot_ws/install/bumperbot_localization/share/bumperbot_localization/rviz
[0.455s] -- Up-to-date: /home/kevin/bumperbot_ws/install/bumperbot_localization/share/bumperbot_localization/rviz/global_localization.rviz
[0.455s] -- Up-to-date: /home/kevin/bumperbot_ws/install/bumperbot_localization/lib/bumperbot_localization/kalman_filter.py
[0.455s] -- Up-to-date: /home/kevin/bumperbot_ws/install/bumperbot_localization/lib/bumperbot_localization/imu_republisher.py
[0.455s] -- Up-to-date: /home/kevin/bumperbot_ws/install/bumperbot_localization/lib/bumperbot_localization/odometry_motion_model.py
[0.455s] -- Up-to-date: /home/kevin/bumperbot_ws/install/bumperbot_localization/share/ament_index/resource_index/package_run_dependencies/bumperbot_localization
[0.455s] -- Up-to-date: /home/kevin/bumperbot_ws/install/bumperbot_localization/share/ament_index/resource_index/parent_prefix_path/bumperbot_localization
[0.455s] -- Up-to-date: /home/kevin/bumperbot_ws/install/bumperbot_localization/share/bumperbot_localization/environment/ament_prefix_path.sh
[0.455s] -- Up-to-date: /home/kevin/bumperbot_ws/install/bumperbot_localization/share/bumperbot_localization/environment/ament_prefix_path.dsv
[0.455s] -- Up-to-date: /home/kevin/bumperbot_ws/install/bumperbot_localization/share/bumperbot_localization/environment/path.sh
[0.455s] -- Up-to-date: /home/kevin/bumperbot_ws/install/bumperbot_localization/share/bumperbot_localization/environment/path.dsv
[0.455s] -- Up-to-date: /home/kevin/bumperbot_ws/install/bumperbot_localization/share/bumperbot_localization/local_setup.bash
[0.456s] -- Up-to-date: /home/kevin/bumperbot_ws/install/bumperbot_localization/share/bumperbot_localization/local_setup.sh
[0.456s] -- Up-to-date: /home/kevin/bumperbot_ws/install/bumperbot_localization/share/bumperbot_localization/local_setup.zsh
[0.456s] -- Up-to-date: /home/kevin/bumperbot_ws/install/bumperbot_localization/share/bumperbot_localization/local_setup.dsv
[0.456s] -- Installing: /home/kevin/bumperbot_ws/install/bumperbot_localization/share/bumperbot_localization/package.dsv
[0.463s] -- Up-to-date: /home/kevin/bumperbot_ws/install/bumperbot_localization/share/ament_index/resource_index/packages/bumperbot_localization
[0.463s] -- Up-to-date: /home/kevin/bumperbot_ws/install/bumperbot_localization/share/bumperbot_localization/cmake/bumperbot_localizationConfig.cmake
[0.463s] -- Up-to-date: /home/kevin/bumperbot_ws/install/bumperbot_localization/share/bumperbot_localization/cmake/bumperbot_localizationConfig-version.cmake
[0.463s] -- Up-to-date: /home/kevin/bumperbot_ws/install/bumperbot_localization/share/bumperbot_localization/package.xml
[0.474s] Invoked command in '/home/kevin/bumperbot_ws/build/bumperbot_localization' returned '0': CMAKE_PREFIX_PATH=${CMAKE_PREFIX_PATH}:/home/kevin/osr_ws/install/osr_control:/home/kevin/osr_ws/install/bumperbot_py_examples:/opt/ros/humble /usr/bin/cmake --install /home/kevin/bumperbot_ws/build/bumperbot_localization
