[0.021s] Invoking command in '/home/kevin/rover_ws/build/rover_utils': CMAKE_PREFIX_PATH=${CMAKE_PREFIX_PATH}:/home/kevin/osr_ws/install/osr_control:/opt/ros/humble /usr/bin/cmake --build /home/kevin/rover_ws/build/rover_utils -- -j6 -l6
[0.091s] [35m[1mConsolidate compiler generated dependencies of target safety_stop[0m
[0.174s] [  0%] Built target ament_cmake_python_copy_rover_utils
[0.179s] [100%] Built target safety_stop
[0.410s] running egg_info
[0.411s] writing rover_utils.egg-info/PKG-INFO
[0.412s] writing dependency_links to rover_utils.egg-info/dependency_links.txt
[0.412s] writing top-level names to rover_utils.egg-info/top_level.txt
[0.415s] reading manifest file 'rover_utils.egg-info/SOURCES.txt'
[0.415s] writing manifest file 'rover_utils.egg-info/SOURCES.txt'
[0.451s] [100%] Built target ament_cmake_python_build_rover_utils_egg
[0.468s] Invoked command in '/home/kevin/rover_ws/build/rover_utils' returned '0': CMAKE_PREFIX_PATH=${CMAKE_PREFIX_PATH}:/home/kevin/osr_ws/install/osr_control:/opt/ros/humble /usr/bin/cmake --build /home/kevin/rover_ws/build/rover_utils -- -j6 -l6
[0.469s] Invoking command in '/home/kevin/rover_ws/build/rover_utils': CMAKE_PREFIX_PATH=${CMAKE_PREFIX_PATH}:/home/kevin/osr_ws/install/osr_control:/opt/ros/humble /usr/bin/cmake --install /home/kevin/rover_ws/build/rover_utils
[0.480s] -- Install configuration: ""
[0.480s] -- Up-to-date: /home/kevin/rover_ws/install/rover_utils/share/rover_utils/environment/pythonpath.sh
[0.480s] -- Up-to-date: /home/kevin/rover_ws/install/rover_utils/share/rover_utils/environment/pythonpath.dsv
[0.480s] -- Up-to-date: /home/kevin/rover_ws/install/rover_utils/local/lib/python3.10/dist-packages/rover_utils-0.0.0-py3.10.egg-info
[0.480s] -- Installing: /home/kevin/rover_ws/install/rover_utils/local/lib/python3.10/dist-packages/rover_utils-0.0.0-py3.10.egg-info/PKG-INFO
[0.480s] -- Installing: /home/kevin/rover_ws/install/rover_utils/local/lib/python3.10/dist-packages/rover_utils-0.0.0-py3.10.egg-info/top_level.txt
[0.480s] -- Installing: /home/kevin/rover_ws/install/rover_utils/local/lib/python3.10/dist-packages/rover_utils-0.0.0-py3.10.egg-info/dependency_links.txt
[0.480s] -- Installing: /home/kevin/rover_ws/install/rover_utils/local/lib/python3.10/dist-packages/rover_utils-0.0.0-py3.10.egg-info/SOURCES.txt
[0.480s] -- Up-to-date: /home/kevin/rover_ws/install/rover_utils/local/lib/python3.10/dist-packages/rover_utils
[0.480s] -- Up-to-date: /home/kevin/rover_ws/install/rover_utils/local/lib/python3.10/dist-packages/rover_utils/__init__.py
[0.480s] -- Up-to-date: /home/kevin/rover_ws/install/rover_utils/local/lib/python3.10/dist-packages/rover_utils/safety_stop.py
[0.511s] Listing '/home/kevin/rover_ws/install/rover_utils/local/lib/python3.10/dist-packages/rover_utils'...
[0.516s] -- Up-to-date: /home/kevin/rover_ws/install/rover_utils/lib/rover_utils/safety_stop
[0.516s] -- Up-to-date: /home/kevin/rover_ws/install/rover_utils/lib/rover_utils/safety_stop.py
[0.516s] -- Up-to-date: /home/kevin/rover_ws/install/rover_utils/share/ament_index/resource_index/package_run_dependencies/rover_utils
[0.516s] -- Up-to-date: /home/kevin/rover_ws/install/rover_utils/share/ament_index/resource_index/parent_prefix_path/rover_utils
[0.516s] -- Up-to-date: /home/kevin/rover_ws/install/rover_utils/share/rover_utils/environment/ament_prefix_path.sh
[0.516s] -- Up-to-date: /home/kevin/rover_ws/install/rover_utils/share/rover_utils/environment/ament_prefix_path.dsv
[0.516s] -- Up-to-date: /home/kevin/rover_ws/install/rover_utils/share/rover_utils/environment/path.sh
[0.516s] -- Up-to-date: /home/kevin/rover_ws/install/rover_utils/share/rover_utils/environment/path.dsv
[0.517s] -- Up-to-date: /home/kevin/rover_ws/install/rover_utils/share/rover_utils/local_setup.bash
[0.517s] -- Up-to-date: /home/kevin/rover_ws/install/rover_utils/share/rover_utils/local_setup.sh
[0.517s] -- Up-to-date: /home/kevin/rover_ws/install/rover_utils/share/rover_utils/local_setup.zsh
[0.517s] -- Up-to-date: /home/kevin/rover_ws/install/rover_utils/share/rover_utils/local_setup.dsv
[0.517s] -- Installing: /home/kevin/rover_ws/install/rover_utils/share/rover_utils/package.dsv
[0.517s] -- Up-to-date: /home/kevin/rover_ws/install/rover_utils/share/ament_index/resource_index/packages/rover_utils
[0.517s] -- Up-to-date: /home/kevin/rover_ws/install/rover_utils/share/rover_utils/cmake/rover_utilsConfig.cmake
[0.517s] -- Up-to-date: /home/kevin/rover_ws/install/rover_utils/share/rover_utils/cmake/rover_utilsConfig-version.cmake
[0.517s] -- Up-to-date: /home/kevin/rover_ws/install/rover_utils/share/rover_utils/package.xml
[0.519s] Invoked command in '/home/kevin/rover_ws/build/rover_utils' returned '0': CMAKE_PREFIX_PATH=${CMAKE_PREFIX_PATH}:/home/kevin/osr_ws/install/osr_control:/opt/ros/humble /usr/bin/cmake --install /home/kevin/rover_ws/build/rover_utils
