[0.019s] Invoking command in '/home/kevin/rover_ws/build/rover_mapping': CMAKE_PREFIX_PATH=${CMAKE_PREFIX_PATH}:/home/kevin/osr_ws/install/osr_control:/opt/ros/humble /usr/bin/cmake --build /home/kevin/rover_ws/build/rover_mapping -- -j6 -l6
[0.069s] [35m[1mConsolidate compiler generated dependencies of target mapping_with_known_poses[0m
[0.114s] [  0%] Built target ament_cmake_python_copy_rover_mapping
[0.123s] [100%] Built target mapping_with_known_poses
[0.443s] running egg_info
[0.444s] writing rover_mapping.egg-info/PKG-INFO
[0.444s] writing dependency_links to rover_mapping.egg-info/dependency_links.txt
[0.445s] writing top-level names to rover_mapping.egg-info/top_level.txt
[0.447s] reading manifest file 'rover_mapping.egg-info/SOURCES.txt'
[0.448s] writing manifest file 'rover_mapping.egg-info/SOURCES.txt'
[0.485s] [100%] Built target ament_cmake_python_build_rover_mapping_egg
[0.495s] Invoked command in '/home/kevin/rover_ws/build/rover_mapping' returned '0': CMAKE_PREFIX_PATH=${CMAKE_PREFIX_PATH}:/home/kevin/osr_ws/install/osr_control:/opt/ros/humble /usr/bin/cmake --build /home/kevin/rover_ws/build/rover_mapping -- -j6 -l6
[0.498s] Invoking command in '/home/kevin/rover_ws/build/rover_mapping': CMAKE_PREFIX_PATH=${CMAKE_PREFIX_PATH}:/home/kevin/osr_ws/install/osr_control:/opt/ros/humble /usr/bin/cmake --install /home/kevin/rover_ws/build/rover_mapping
[0.503s] -- Install configuration: ""
[0.505s] -- Up-to-date: /home/kevin/rover_ws/install/rover_mapping/share/rover_mapping/environment/pythonpath.sh
[0.505s] -- Up-to-date: /home/kevin/rover_ws/install/rover_mapping/share/rover_mapping/environment/pythonpath.dsv
[0.505s] -- Up-to-date: /home/kevin/rover_ws/install/rover_mapping/local/lib/python3.10/dist-packages/rover_mapping-0.0.0-py3.10.egg-info
[0.506s] -- Installing: /home/kevin/rover_ws/install/rover_mapping/local/lib/python3.10/dist-packages/rover_mapping-0.0.0-py3.10.egg-info/PKG-INFO
[0.506s] -- Installing: /home/kevin/rover_ws/install/rover_mapping/local/lib/python3.10/dist-packages/rover_mapping-0.0.0-py3.10.egg-info/top_level.txt
[0.506s] -- Installing: /home/kevin/rover_ws/install/rover_mapping/local/lib/python3.10/dist-packages/rover_mapping-0.0.0-py3.10.egg-info/dependency_links.txt
[0.506s] -- Installing: /home/kevin/rover_ws/install/rover_mapping/local/lib/python3.10/dist-packages/rover_mapping-0.0.0-py3.10.egg-info/SOURCES.txt
[0.506s] -- Up-to-date: /home/kevin/rover_ws/install/rover_mapping/local/lib/python3.10/dist-packages/rover_mapping
[0.506s] -- Up-to-date: /home/kevin/rover_ws/install/rover_mapping/local/lib/python3.10/dist-packages/rover_mapping/mapping_with_known_poses.py
[0.506s] -- Up-to-date: /home/kevin/rover_ws/install/rover_mapping/local/lib/python3.10/dist-packages/rover_mapping/__init__.py
[0.542s] Listing '/home/kevin/rover_ws/install/rover_mapping/local/lib/python3.10/dist-packages/rover_mapping'...
[0.546s] -- Up-to-date: /home/kevin/rover_ws/install/rover_mapping/include/include
[0.546s] -- Up-to-date: /home/kevin/rover_ws/install/rover_mapping/include/include/rover_mapping
[0.546s] -- Up-to-date: /home/kevin/rover_ws/install/rover_mapping/include/include/rover_mapping/mapping_with_known_poses.hpp
[0.546s] -- Up-to-date: /home/kevin/rover_ws/install/rover_mapping/lib/rover_mapping/mapping_with_known_poses
[0.546s] -- Up-to-date: /home/kevin/rover_ws/install/rover_mapping/share/rover_mapping/config
[0.546s] -- Up-to-date: /home/kevin/rover_ws/install/rover_mapping/share/rover_mapping/config/slam_toolbox.yaml
[0.547s] -- Up-to-date: /home/kevin/rover_ws/install/rover_mapping/share/rover_mapping/launch
[0.547s] -- Up-to-date: /home/kevin/rover_ws/install/rover_mapping/share/rover_mapping/launch/slam.launch.py
[0.547s] -- Up-to-date: /home/kevin/rover_ws/install/rover_mapping/share/rover_mapping/maps
[0.547s] -- Up-to-date: /home/kevin/rover_ws/install/rover_mapping/share/rover_mapping/maps/small_warehouse
[0.547s] -- Up-to-date: /home/kevin/rover_ws/install/rover_mapping/share/rover_mapping/maps/small_warehouse/map.pgm
[0.547s] -- Up-to-date: /home/kevin/rover_ws/install/rover_mapping/share/rover_mapping/maps/small_warehouse/map.yaml
[0.547s] -- Up-to-date: /home/kevin/rover_ws/install/rover_mapping/share/rover_mapping/maps/small_house
[0.547s] -- Up-to-date: /home/kevin/rover_ws/install/rover_mapping/share/rover_mapping/maps/small_house/map.pgm
[0.547s] -- Up-to-date: /home/kevin/rover_ws/install/rover_mapping/share/rover_mapping/maps/small_house/map.yaml
[0.547s] -- Up-to-date: /home/kevin/rover_ws/install/rover_mapping/share/rover_mapping/rviz
[0.547s] -- Up-to-date: /home/kevin/rover_ws/install/rover_mapping/share/rover_mapping/rviz/slam.rviz
[0.547s] -- Up-to-date: /home/kevin/rover_ws/install/rover_mapping/lib/rover_mapping/mapping_with_known_poses.py
[0.547s] -- Up-to-date: /home/kevin/rover_ws/install/rover_mapping/share/ament_index/resource_index/package_run_dependencies/rover_mapping
[0.547s] -- Up-to-date: /home/kevin/rover_ws/install/rover_mapping/share/ament_index/resource_index/parent_prefix_path/rover_mapping
[0.547s] -- Up-to-date: /home/kevin/rover_ws/install/rover_mapping/share/rover_mapping/environment/ament_prefix_path.sh
[0.548s] -- Up-to-date: /home/kevin/rover_ws/install/rover_mapping/share/rover_mapping/environment/ament_prefix_path.dsv
[0.548s] -- Up-to-date: /home/kevin/rover_ws/install/rover_mapping/share/rover_mapping/environment/path.sh
[0.548s] -- Up-to-date: /home/kevin/rover_ws/install/rover_mapping/share/rover_mapping/environment/path.dsv
[0.548s] -- Up-to-date: /home/kevin/rover_ws/install/rover_mapping/share/rover_mapping/local_setup.bash
[0.548s] -- Up-to-date: /home/kevin/rover_ws/install/rover_mapping/share/rover_mapping/local_setup.sh
[0.548s] -- Up-to-date: /home/kevin/rover_ws/install/rover_mapping/share/rover_mapping/local_setup.zsh
[0.548s] -- Up-to-date: /home/kevin/rover_ws/install/rover_mapping/share/rover_mapping/local_setup.dsv
[0.548s] -- Installing: /home/kevin/rover_ws/install/rover_mapping/share/rover_mapping/package.dsv
[0.548s] -- Up-to-date: /home/kevin/rover_ws/install/rover_mapping/share/ament_index/resource_index/packages/rover_mapping
[0.548s] -- Up-to-date: /home/kevin/rover_ws/install/rover_mapping/share/rover_mapping/cmake/rover_mappingConfig.cmake
[0.548s] -- Up-to-date: /home/kevin/rover_ws/install/rover_mapping/share/rover_mapping/cmake/rover_mappingConfig-version.cmake
[0.548s] -- Up-to-date: /home/kevin/rover_ws/install/rover_mapping/share/rover_mapping/package.xml
[0.577s] Invoked command in '/home/kevin/rover_ws/build/rover_mapping' returned '0': CMAKE_PREFIX_PATH=${CMAKE_PREFIX_PATH}:/home/kevin/osr_ws/install/osr_control:/opt/ros/humble /usr/bin/cmake --install /home/kevin/rover_ws/build/rover_mapping
