[0.106s] DEBUG:colcon:Command line arguments: ['/usr/bin/colcon', 'list', '-p', '--base-paths', '/home/kevin/rover_ws']
[0.106s] DEBUG:colcon:Parsed command line arguments: Namespace(log_base=None, log_level=None, verb_name='list', build_base='build', ignore_user_meta=False, metas=['./colcon.meta'], base_paths=['/home/kevin/rover_ws'], packages_ignore=None, packages_ignore_regex=None, paths=None, packages_up_to=None, packages_up_to_regex=None, packages_above=None, packages_above_and_dependencies=None, packages_above_depth=None, packages_select_by_dep=None, packages_skip_by_dep=None, packages_skip_up_to=None, packages_select_build_failed=False, packages_skip_build_finished=False, packages_select_test_failures=False, packages_skip_test_passed=False, packages_select=None, packages_skip=None, packages_select_regex=None, packages_skip_regex=None, packages_start=None, packages_end=None, allow_overriding=[], topological_order=False, names_only=False, paths_only=True, topological_graph=False, topological_graph_dot=False, topological_graph_density=False, topological_graph_legend=False, topological_graph_dot_cluster=False, topological_graph_dot_include_skipped=False, mixin_files=None, mixin=None, verb_parser=<colcon_mixin.mixin.mixin_argument.MixinArgumentDecorator object at 0x7cbbcad95390>, verb_extension=<colcon_package_information.verb.list.ListVerb object at 0x7cbbcae6e5f0>, main=<bound method ListVerb.main of <colcon_package_information.verb.list.ListVerb object at 0x7cbbcae6e5f0>>, mixin_verb=('list',))
[0.311s] Level 1:colcon.colcon_core.package_discovery:discover_packages(colcon_meta) check parameters
[0.311s] Level 1:colcon.colcon_core.package_discovery:discover_packages(recursive) check parameters
[0.311s] Level 1:colcon.colcon_core.package_discovery:discover_packages(ignore) check parameters
[0.311s] Level 1:colcon.colcon_core.package_discovery:discover_packages(path) check parameters
[0.311s] Level 1:colcon.colcon_core.package_discovery:discover_packages(recursive) discover
[0.311s] INFO:colcon.colcon_core.package_discovery:Crawling recursively for packages in '/home/kevin/rover_ws'
[0.311s] Level 1:colcon.colcon_core.package_identification:_identify(/home/kevin/rover_ws) by extensions ['ignore', 'ignore_ament_install']
[0.311s] Level 1:colcon.colcon_core.package_identification:_identify(/home/kevin/rover_ws) by extension 'ignore'
[0.311s] Level 1:colcon.colcon_core.package_identification:_identify(/home/kevin/rover_ws) by extension 'ignore_ament_install'
[0.311s] Level 1:colcon.colcon_core.package_identification:_identify(/home/kevin/rover_ws) by extensions ['colcon_pkg']
[0.312s] Level 1:colcon.colcon_core.package_identification:_identify(/home/kevin/rover_ws) by extension 'colcon_pkg'
[0.312s] Level 1:colcon.colcon_core.package_identification:_identify(/home/kevin/rover_ws) by extensions ['colcon_meta']
[0.312s] Level 1:colcon.colcon_core.package_identification:_identify(/home/kevin/rover_ws) by extension 'colcon_meta'
[0.312s] Level 1:colcon.colcon_core.package_identification:_identify(/home/kevin/rover_ws) by extensions ['ros']
[0.312s] Level 1:colcon.colcon_core.package_identification:_identify(/home/kevin/rover_ws) by extension 'ros'
[0.322s] Level 1:colcon.colcon_core.package_identification:_identify(/home/kevin/rover_ws) by extensions ['cmake', 'python']
[0.323s] Level 1:colcon.colcon_core.package_identification:_identify(/home/kevin/rover_ws) by extension 'cmake'
[0.323s] Level 1:colcon.colcon_core.package_identification:_identify(/home/kevin/rover_ws) by extension 'python'
[0.323s] Level 1:colcon.colcon_core.package_identification:_identify(/home/kevin/rover_ws) by extensions ['python_setup_py']
[0.323s] Level 1:colcon.colcon_core.package_identification:_identify(/home/kevin/rover_ws) by extension 'python_setup_py'
[0.323s] Level 1:colcon.colcon_core.package_identification:_identify(/home/kevin/rover_ws/build) by extensions ['ignore', 'ignore_ament_install']
[0.323s] Level 1:colcon.colcon_core.package_identification:_identify(/home/kevin/rover_ws/build) by extension 'ignore'
[0.323s] Level 1:colcon.colcon_core.package_identification:_identify(/home/kevin/rover_ws/build) ignored
[0.323s] Level 1:colcon.colcon_core.package_identification:_identify(/home/kevin/rover_ws/install) by extensions ['ignore', 'ignore_ament_install']
[0.323s] Level 1:colcon.colcon_core.package_identification:_identify(/home/kevin/rover_ws/install) by extension 'ignore'
[0.323s] Level 1:colcon.colcon_core.package_identification:_identify(/home/kevin/rover_ws/install) ignored
[0.323s] Level 1:colcon.colcon_core.package_identification:_identify(/home/kevin/rover_ws/log) by extensions ['ignore', 'ignore_ament_install']
[0.323s] Level 1:colcon.colcon_core.package_identification:_identify(/home/kevin/rover_ws/log) by extension 'ignore'
[0.324s] Level 1:colcon.colcon_core.package_identification:_identify(/home/kevin/rover_ws/log) ignored
[0.324s] Level 1:colcon.colcon_core.package_identification:_identify(/home/kevin/rover_ws/src) by extensions ['ignore', 'ignore_ament_install']
[0.324s] Level 1:colcon.colcon_core.package_identification:_identify(/home/kevin/rover_ws/src) by extension 'ignore'
[0.324s] Level 1:colcon.colcon_core.package_identification:_identify(/home/kevin/rover_ws/src) by extension 'ignore_ament_install'
[0.324s] Level 1:colcon.colcon_core.package_identification:_identify(/home/kevin/rover_ws/src) by extensions ['colcon_pkg']
[0.324s] Level 1:colcon.colcon_core.package_identification:_identify(/home/kevin/rover_ws/src) by extension 'colcon_pkg'
[0.324s] Level 1:colcon.colcon_core.package_identification:_identify(/home/kevin/rover_ws/src) by extensions ['colcon_meta']
[0.324s] Level 1:colcon.colcon_core.package_identification:_identify(/home/kevin/rover_ws/src) by extension 'colcon_meta'
[0.324s] Level 1:colcon.colcon_core.package_identification:_identify(/home/kevin/rover_ws/src) by extensions ['ros']
[0.324s] Level 1:colcon.colcon_core.package_identification:_identify(/home/kevin/rover_ws/src) by extension 'ros'
[0.324s] Level 1:colcon.colcon_core.package_identification:_identify(/home/kevin/rover_ws/src) by extensions ['cmake', 'python']
[0.324s] Level 1:colcon.colcon_core.package_identification:_identify(/home/kevin/rover_ws/src) by extension 'cmake'
[0.324s] Level 1:colcon.colcon_core.package_identification:_identify(/home/kevin/rover_ws/src) by extension 'python'
[0.324s] Level 1:colcon.colcon_core.package_identification:_identify(/home/kevin/rover_ws/src) by extensions ['python_setup_py']
[0.324s] Level 1:colcon.colcon_core.package_identification:_identify(/home/kevin/rover_ws/src) by extension 'python_setup_py'
[0.324s] Level 1:colcon.colcon_core.package_identification:_identify(/home/kevin/rover_ws/src/rover_bringup) by extensions ['ignore', 'ignore_ament_install']
[0.324s] Level 1:colcon.colcon_core.package_identification:_identify(/home/kevin/rover_ws/src/rover_bringup) by extension 'ignore'
[0.324s] Level 1:colcon.colcon_core.package_identification:_identify(/home/kevin/rover_ws/src/rover_bringup) by extension 'ignore_ament_install'
[0.325s] Level 1:colcon.colcon_core.package_identification:_identify(/home/kevin/rover_ws/src/rover_bringup) by extensions ['colcon_pkg']
[0.325s] Level 1:colcon.colcon_core.package_identification:_identify(/home/kevin/rover_ws/src/rover_bringup) by extension 'colcon_pkg'
[0.325s] Level 1:colcon.colcon_core.package_identification:_identify(/home/kevin/rover_ws/src/rover_bringup) by extensions ['colcon_meta']
[0.325s] Level 1:colcon.colcon_core.package_identification:_identify(/home/kevin/rover_ws/src/rover_bringup) by extension 'colcon_meta'
[0.325s] Level 1:colcon.colcon_core.package_identification:_identify(/home/kevin/rover_ws/src/rover_bringup) by extensions ['ros']
[0.325s] Level 1:colcon.colcon_core.package_identification:_identify(/home/kevin/rover_ws/src/rover_bringup) by extension 'ros'
[0.328s] DEBUG:colcon.colcon_core.package_identification:Package '/home/kevin/rover_ws/src/rover_bringup' with type 'ros.ament_cmake' and name 'rover_bringup'
[0.328s] Level 1:colcon.colcon_core.package_identification:_identify(/home/kevin/rover_ws/src/rover_controller) by extensions ['ignore', 'ignore_ament_install']
[0.328s] Level 1:colcon.colcon_core.package_identification:_identify(/home/kevin/rover_ws/src/rover_controller) by extension 'ignore'
[0.329s] Level 1:colcon.colcon_core.package_identification:_identify(/home/kevin/rover_ws/src/rover_controller) by extension 'ignore_ament_install'
[0.329s] Level 1:colcon.colcon_core.package_identification:_identify(/home/kevin/rover_ws/src/rover_controller) by extensions ['colcon_pkg']
[0.329s] Level 1:colcon.colcon_core.package_identification:_identify(/home/kevin/rover_ws/src/rover_controller) by extension 'colcon_pkg'
[0.329s] Level 1:colcon.colcon_core.package_identification:_identify(/home/kevin/rover_ws/src/rover_controller) by extensions ['colcon_meta']
[0.329s] Level 1:colcon.colcon_core.package_identification:_identify(/home/kevin/rover_ws/src/rover_controller) by extension 'colcon_meta'
[0.329s] Level 1:colcon.colcon_core.package_identification:_identify(/home/kevin/rover_ws/src/rover_controller) by extensions ['ros']
[0.329s] Level 1:colcon.colcon_core.package_identification:_identify(/home/kevin/rover_ws/src/rover_controller) by extension 'ros'
[0.330s] DEBUG:colcon.colcon_core.package_identification:Package '/home/kevin/rover_ws/src/rover_controller' with type 'ros.ament_cmake' and name 'rover_controller'
[0.330s] Level 1:colcon.colcon_core.package_identification:_identify(/home/kevin/rover_ws/src/rover_description) by extensions ['ignore', 'ignore_ament_install']
[0.330s] Level 1:colcon.colcon_core.package_identification:_identify(/home/kevin/rover_ws/src/rover_description) by extension 'ignore'
[0.330s] Level 1:colcon.colcon_core.package_identification:_identify(/home/kevin/rover_ws/src/rover_description) by extension 'ignore_ament_install'
[0.330s] Level 1:colcon.colcon_core.package_identification:_identify(/home/kevin/rover_ws/src/rover_description) by extensions ['colcon_pkg']
[0.331s] Level 1:colcon.colcon_core.package_identification:_identify(/home/kevin/rover_ws/src/rover_description) by extension 'colcon_pkg'
[0.331s] Level 1:colcon.colcon_core.package_identification:_identify(/home/kevin/rover_ws/src/rover_description) by extensions ['colcon_meta']
[0.331s] Level 1:colcon.colcon_core.package_identification:_identify(/home/kevin/rover_ws/src/rover_description) by extension 'colcon_meta'
[0.331s] Level 1:colcon.colcon_core.package_identification:_identify(/home/kevin/rover_ws/src/rover_description) by extensions ['ros']
[0.331s] Level 1:colcon.colcon_core.package_identification:_identify(/home/kevin/rover_ws/src/rover_description) by extension 'ros'
[0.343s] DEBUG:colcon.colcon_core.package_identification:Package '/home/kevin/rover_ws/src/rover_description' with type 'ros.ament_cmake' and name 'rover_description'
[0.344s] Level 1:colcon.colcon_core.package_identification:_identify(/home/kevin/rover_ws/src/rover_localization) by extensions ['ignore', 'ignore_ament_install']
[0.344s] Level 1:colcon.colcon_core.package_identification:_identify(/home/kevin/rover_ws/src/rover_localization) by extension 'ignore'
[0.344s] Level 1:colcon.colcon_core.package_identification:_identify(/home/kevin/rover_ws/src/rover_localization) by extension 'ignore_ament_install'
[0.344s] Level 1:colcon.colcon_core.package_identification:_identify(/home/kevin/rover_ws/src/rover_localization) by extensions ['colcon_pkg']
[0.344s] Level 1:colcon.colcon_core.package_identification:_identify(/home/kevin/rover_ws/src/rover_localization) by extension 'colcon_pkg'
[0.344s] Level 1:colcon.colcon_core.package_identification:_identify(/home/kevin/rover_ws/src/rover_localization) by extensions ['colcon_meta']
[0.344s] Level 1:colcon.colcon_core.package_identification:_identify(/home/kevin/rover_ws/src/rover_localization) by extension 'colcon_meta'
[0.344s] Level 1:colcon.colcon_core.package_identification:_identify(/home/kevin/rover_ws/src/rover_localization) by extensions ['ros']
[0.344s] Level 1:colcon.colcon_core.package_identification:_identify(/home/kevin/rover_ws/src/rover_localization) by extension 'ros'
[0.345s] DEBUG:colcon.colcon_core.package_identification:Package '/home/kevin/rover_ws/src/rover_localization' with type 'ros.ament_cmake' and name 'rover_localization'
[0.345s] Level 1:colcon.colcon_core.package_identification:_identify(/home/kevin/rover_ws/src/rover_mapping) by extensions ['ignore', 'ignore_ament_install']
[0.345s] Level 1:colcon.colcon_core.package_identification:_identify(/home/kevin/rover_ws/src/rover_mapping) by extension 'ignore'
[0.345s] Level 1:colcon.colcon_core.package_identification:_identify(/home/kevin/rover_ws/src/rover_mapping) by extension 'ignore_ament_install'
[0.346s] Level 1:colcon.colcon_core.package_identification:_identify(/home/kevin/rover_ws/src/rover_mapping) by extensions ['colcon_pkg']
[0.346s] Level 1:colcon.colcon_core.package_identification:_identify(/home/kevin/rover_ws/src/rover_mapping) by extension 'colcon_pkg'
[0.346s] Level 1:colcon.colcon_core.package_identification:_identify(/home/kevin/rover_ws/src/rover_mapping) by extensions ['colcon_meta']
[0.346s] Level 1:colcon.colcon_core.package_identification:_identify(/home/kevin/rover_ws/src/rover_mapping) by extension 'colcon_meta'
[0.346s] Level 1:colcon.colcon_core.package_identification:_identify(/home/kevin/rover_ws/src/rover_mapping) by extensions ['ros']
[0.346s] Level 1:colcon.colcon_core.package_identification:_identify(/home/kevin/rover_ws/src/rover_mapping) by extension 'ros'
[0.347s] DEBUG:colcon.colcon_core.package_identification:Package '/home/kevin/rover_ws/src/rover_mapping' with type 'ros.ament_cmake' and name 'rover_mapping'
[0.347s] Level 1:colcon.colcon_core.package_identification:_identify(/home/kevin/rover_ws/src/rover_planning) by extensions ['ignore', 'ignore_ament_install']
[0.347s] Level 1:colcon.colcon_core.package_identification:_identify(/home/kevin/rover_ws/src/rover_planning) by extension 'ignore'
[0.347s] Level 1:colcon.colcon_core.package_identification:_identify(/home/kevin/rover_ws/src/rover_planning) ignored
[0.347s] Level 1:colcon.colcon_core.package_identification:_identify(/home/kevin/rover_ws/src/rover_utils) by extensions ['ignore', 'ignore_ament_install']
[0.347s] Level 1:colcon.colcon_core.package_identification:_identify(/home/kevin/rover_ws/src/rover_utils) by extension 'ignore'
[0.347s] Level 1:colcon.colcon_core.package_identification:_identify(/home/kevin/rover_ws/src/rover_utils) by extension 'ignore_ament_install'
[0.347s] Level 1:colcon.colcon_core.package_identification:_identify(/home/kevin/rover_ws/src/rover_utils) by extensions ['colcon_pkg']
[0.347s] Level 1:colcon.colcon_core.package_identification:_identify(/home/kevin/rover_ws/src/rover_utils) by extension 'colcon_pkg'
[0.347s] Level 1:colcon.colcon_core.package_identification:_identify(/home/kevin/rover_ws/src/rover_utils) by extensions ['colcon_meta']
[0.347s] Level 1:colcon.colcon_core.package_identification:_identify(/home/kevin/rover_ws/src/rover_utils) by extension 'colcon_meta'
[0.347s] Level 1:colcon.colcon_core.package_identification:_identify(/home/kevin/rover_ws/src/rover_utils) by extensions ['ros']
[0.347s] Level 1:colcon.colcon_core.package_identification:_identify(/home/kevin/rover_ws/src/rover_utils) by extension 'ros'
[0.348s] DEBUG:colcon.colcon_core.package_identification:Package '/home/kevin/rover_ws/src/rover_utils' with type 'ros.ament_cmake' and name 'rover_utils'
[0.348s] Level 1:colcon.colcon_core.package_discovery:discover_packages(recursive) using defaults
