[0.017s] Invoking command in '/home/kevin/bumperbot_ws/build/bumperbot_mapping': CMAKE_PREFIX_PATH=${CMAKE_PREFIX_PATH}:/home/kevin/osr_ws/install/osr_control:/home/kevin/osr_ws/install/bumperbot_py_examples:/opt/ros/humble /usr/bin/cmake --build /home/kevin/bumperbot_ws/build/bumperbot_mapping -- -j6 -l6
[0.098s] [100%] Built target mapping_with_known_poses
[0.114s] [100%] Built target ament_cmake_python_copy_bumperbot_mapping
[0.361s] running egg_info
[0.361s] writing bumperbot_mapping.egg-info/PKG-INFO
[0.362s] writing dependency_links to bumperbot_mapping.egg-info/dependency_links.txt
[0.362s] writing top-level names to bumperbot_mapping.egg-info/top_level.txt
[0.364s] reading manifest file 'bumperbot_mapping.egg-info/SOURCES.txt'
[0.365s] writing manifest file 'bumperbot_mapping.egg-info/SOURCES.txt'
[0.393s] [100%] Built target ament_cmake_python_build_bumperbot_mapping_egg
[0.404s] Invoked command in '/home/kevin/bumperbot_ws/build/bumperbot_mapping' returned '0': CMAKE_PREFIX_PATH=${CMAKE_PREFIX_PATH}:/home/kevin/osr_ws/install/osr_control:/home/kevin/osr_ws/install/bumperbot_py_examples:/opt/ros/humble /usr/bin/cmake --build /home/kevin/bumperbot_ws/build/bumperbot_mapping -- -j6 -l6
[0.406s] Invoking command in '/home/kevin/bumperbot_ws/build/bumperbot_mapping': CMAKE_PREFIX_PATH=${CMAKE_PREFIX_PATH}:/home/kevin/osr_ws/install/osr_control:/home/kevin/osr_ws/install/bumperbot_py_examples:/opt/ros/humble /usr/bin/cmake --install /home/kevin/bumperbot_ws/build/bumperbot_mapping
[0.414s] -- Install configuration: ""
[0.414s] -- Up-to-date: /home/kevin/bumperbot_ws/install/bumperbot_mapping/share/bumperbot_mapping/environment/pythonpath.sh
[0.414s] -- Up-to-date: /home/kevin/bumperbot_ws/install/bumperbot_mapping/share/bumperbot_mapping/environment/pythonpath.dsv
[0.414s] -- Up-to-date: /home/kevin/bumperbot_ws/install/bumperbot_mapping/local/lib/python3.10/dist-packages/bumperbot_mapping-0.0.0-py3.10.egg-info
[0.414s] -- Installing: /home/kevin/bumperbot_ws/install/bumperbot_mapping/local/lib/python3.10/dist-packages/bumperbot_mapping-0.0.0-py3.10.egg-info/PKG-INFO
[0.414s] -- Installing: /home/kevin/bumperbot_ws/install/bumperbot_mapping/local/lib/python3.10/dist-packages/bumperbot_mapping-0.0.0-py3.10.egg-info/top_level.txt
[0.414s] -- Installing: /home/kevin/bumperbot_ws/install/bumperbot_mapping/local/lib/python3.10/dist-packages/bumperbot_mapping-0.0.0-py3.10.egg-info/dependency_links.txt
[0.414s] -- Installing: /home/kevin/bumperbot_ws/install/bumperbot_mapping/local/lib/python3.10/dist-packages/bumperbot_mapping-0.0.0-py3.10.egg-info/SOURCES.txt
[0.414s] -- Up-to-date: /home/kevin/bumperbot_ws/install/bumperbot_mapping/local/lib/python3.10/dist-packages/bumperbot_mapping
[0.414s] -- Up-to-date: /home/kevin/bumperbot_ws/install/bumperbot_mapping/local/lib/python3.10/dist-packages/bumperbot_mapping/mapping_with_known_poses.py
[0.414s] -- Up-to-date: /home/kevin/bumperbot_ws/install/bumperbot_mapping/local/lib/python3.10/dist-packages/bumperbot_mapping/__init__.py
[0.450s] Listing '/home/kevin/bumperbot_ws/install/bumperbot_mapping/local/lib/python3.10/dist-packages/bumperbot_mapping'...
[0.452s] -- Up-to-date: /home/kevin/bumperbot_ws/install/bumperbot_mapping/include/include
[0.452s] -- Up-to-date: /home/kevin/bumperbot_ws/install/bumperbot_mapping/include/include/bumperbot_mapping
[0.452s] -- Up-to-date: /home/kevin/bumperbot_ws/install/bumperbot_mapping/include/include/bumperbot_mapping/mapping_with_known_poses.hpp
[0.452s] -- Up-to-date: /home/kevin/bumperbot_ws/install/bumperbot_mapping/lib/bumperbot_mapping/mapping_with_known_poses
[0.456s] -- Up-to-date: /home/kevin/bumperbot_ws/install/bumperbot_mapping/share/bumperbot_mapping/config
[0.456s] -- Up-to-date: /home/kevin/bumperbot_ws/install/bumperbot_mapping/share/bumperbot_mapping/config/slam_toolbox.yaml
[0.456s] -- Up-to-date: /home/kevin/bumperbot_ws/install/bumperbot_mapping/share/bumperbot_mapping/launch
[0.456s] -- Up-to-date: /home/kevin/bumperbot_ws/install/bumperbot_mapping/share/bumperbot_mapping/launch/slam.launch.py
[0.456s] -- Up-to-date: /home/kevin/bumperbot_ws/install/bumperbot_mapping/share/bumperbot_mapping/maps
[0.456s] -- Up-to-date: /home/kevin/bumperbot_ws/install/bumperbot_mapping/share/bumperbot_mapping/maps/small_warehouse
[0.456s] -- Up-to-date: /home/kevin/bumperbot_ws/install/bumperbot_mapping/share/bumperbot_mapping/maps/small_warehouse/map.pgm
[0.456s] -- Up-to-date: /home/kevin/bumperbot_ws/install/bumperbot_mapping/share/bumperbot_mapping/maps/small_warehouse/map.yaml
[0.456s] -- Up-to-date: /home/kevin/bumperbot_ws/install/bumperbot_mapping/share/bumperbot_mapping/maps/small_house
[0.456s] -- Up-to-date: /home/kevin/bumperbot_ws/install/bumperbot_mapping/share/bumperbot_mapping/maps/small_house/map.pgm
[0.457s] -- Up-to-date: /home/kevin/bumperbot_ws/install/bumperbot_mapping/share/bumperbot_mapping/maps/small_house/map.yaml
[0.457s] -- Up-to-date: /home/kevin/bumperbot_ws/install/bumperbot_mapping/share/bumperbot_mapping/rviz
[0.457s] -- Up-to-date: /home/kevin/bumperbot_ws/install/bumperbot_mapping/share/bumperbot_mapping/rviz/slam.rviz
[0.457s] -- Up-to-date: /home/kevin/bumperbot_ws/install/bumperbot_mapping/lib/bumperbot_mapping/mapping_with_known_poses.py
[0.458s] -- Up-to-date: /home/kevin/bumperbot_ws/install/bumperbot_mapping/share/ament_index/resource_index/package_run_dependencies/bumperbot_mapping
[0.458s] -- Up-to-date: /home/kevin/bumperbot_ws/install/bumperbot_mapping/share/ament_index/resource_index/parent_prefix_path/bumperbot_mapping
[0.458s] -- Up-to-date: /home/kevin/bumperbot_ws/install/bumperbot_mapping/share/bumperbot_mapping/environment/ament_prefix_path.sh
[0.458s] -- Up-to-date: /home/kevin/bumperbot_ws/install/bumperbot_mapping/share/bumperbot_mapping/environment/ament_prefix_path.dsv
[0.458s] -- Up-to-date: /home/kevin/bumperbot_ws/install/bumperbot_mapping/share/bumperbot_mapping/environment/path.sh
[0.458s] -- Up-to-date: /home/kevin/bumperbot_ws/install/bumperbot_mapping/share/bumperbot_mapping/environment/path.dsv
[0.458s] -- Up-to-date: /home/kevin/bumperbot_ws/install/bumperbot_mapping/share/bumperbot_mapping/local_setup.bash
[0.458s] -- Up-to-date: /home/kevin/bumperbot_ws/install/bumperbot_mapping/share/bumperbot_mapping/local_setup.sh
[0.458s] -- Up-to-date: /home/kevin/bumperbot_ws/install/bumperbot_mapping/share/bumperbot_mapping/local_setup.zsh
[0.458s] -- Up-to-date: /home/kevin/bumperbot_ws/install/bumperbot_mapping/share/bumperbot_mapping/local_setup.dsv
[0.458s] -- Installing: /home/kevin/bumperbot_ws/install/bumperbot_mapping/share/bumperbot_mapping/package.dsv
[0.458s] -- Up-to-date: /home/kevin/bumperbot_ws/install/bumperbot_mapping/share/ament_index/resource_index/packages/bumperbot_mapping
[0.458s] -- Up-to-date: /home/kevin/bumperbot_ws/install/bumperbot_mapping/share/bumperbot_mapping/cmake/bumperbot_mappingConfig.cmake
[0.458s] -- Up-to-date: /home/kevin/bumperbot_ws/install/bumperbot_mapping/share/bumperbot_mapping/cmake/bumperbot_mappingConfig-version.cmake
[0.458s] -- Up-to-date: /home/kevin/bumperbot_ws/install/bumperbot_mapping/share/bumperbot_mapping/package.xml
[0.459s] Invoked command in '/home/kevin/bumperbot_ws/build/bumperbot_mapping' returned '0': CMAKE_PREFIX_PATH=${CMAKE_PREFIX_PATH}:/home/kevin/osr_ws/install/osr_control:/home/kevin/osr_ws/install/bumperbot_py_examples:/opt/ros/humble /usr/bin/cmake --install /home/kevin/bumperbot_ws/build/bumperbot_mapping
