[0.009s] Invoking command in '/home/kevin/bumperbot_ws/build/bumperbot_bringup': AMENT_PREFIX_PATH=/home/kevin/bumperbot_ws/install/bumperbot_mapping:/home/kevin/bumperbot_ws/install/bumperbot_localization:/home/kevin/bumperbot_ws/install/bumperbot_description:/home/kevin/bumperbot_ws/install/bumperbot_controller:${AMENT_PREFIX_PATH} CMAKE_PREFIX_PATH=/home/kevin/bumperbot_ws/install/bumperbot_mapping:/home/kevin/bumperbot_ws/install/bumperbot_localization:/home/kevin/bumperbot_ws/install/bumperbot_description:/home/kevin/bumperbot_ws/install/bumperbot_controller:/opt/ros/humble PATH=/home/kevin/bumperbot_ws/install/bumperbot_localization/bin:${PATH} PYTHONPATH=/home/kevin/bumperbot_ws/install/bumperbot_mapping/local/lib/python3.10/dist-packages:/home/kevin/bumperbot_ws/install/bumperbot_localization/local/lib/python3.10/dist-packages:/home/kevin/bumperbot_ws/install/bumperbot_controller/local/lib/python3.10/dist-packages:${PYTHONPATH} /usr/bin/cmake /home/kevin/bumperbot_ws/src/bumperbot_bringup -DCMAKE_INSTALL_PREFIX=/home/kevin/bumperbot_ws/install/bumperbot_bringup
[0.062s] -- The C compiler identification is GNU 11.4.0
[0.112s] -- The CXX compiler identification is GNU 11.4.0
[0.119s] -- Detecting C compiler ABI info
[0.179s] -- Detecting C compiler ABI info - done
[0.186s] -- Check for working C compiler: /usr/bin/cc - skipped
[0.186s] -- Detecting C compile features
[0.187s] -- Detecting C compile features - done
[0.189s] -- Detecting CXX compiler ABI info
[0.267s] -- Detecting CXX compiler ABI info - done
[0.275s] -- Check for working CXX compiler: /usr/bin/c++ - skipped
[0.275s] -- Detecting CXX compile features
[0.275s] -- Detecting CXX compile features - done
[0.278s] -- Found ament_cmake: 1.3.11 (/opt/ros/humble/share/ament_cmake/cmake)
[0.419s] -- Found Python3: /usr/bin/python3 (found version "3.10.12") found components: Interpreter 
[0.563s] -- Configuring done
[0.566s] -- Generating done
[0.567s] -- Build files have been written to: /home/kevin/bumperbot_ws/build/bumperbot_bringup
[0.571s] Invoked command in '/home/kevin/bumperbot_ws/build/bumperbot_bringup' returned '0': AMENT_PREFIX_PATH=/home/kevin/bumperbot_ws/install/bumperbot_mapping:/home/kevin/bumperbot_ws/install/bumperbot_localization:/home/kevin/bumperbot_ws/install/bumperbot_description:/home/kevin/bumperbot_ws/install/bumperbot_controller:${AMENT_PREFIX_PATH} CMAKE_PREFIX_PATH=/home/kevin/bumperbot_ws/install/bumperbot_mapping:/home/kevin/bumperbot_ws/install/bumperbot_localization:/home/kevin/bumperbot_ws/install/bumperbot_description:/home/kevin/bumperbot_ws/install/bumperbot_controller:/opt/ros/humble PATH=/home/kevin/bumperbot_ws/install/bumperbot_localization/bin:${PATH} PYTHONPATH=/home/kevin/bumperbot_ws/install/bumperbot_mapping/local/lib/python3.10/dist-packages:/home/kevin/bumperbot_ws/install/bumperbot_localization/local/lib/python3.10/dist-packages:/home/kevin/bumperbot_ws/install/bumperbot_controller/local/lib/python3.10/dist-packages:${PYTHONPATH} /usr/bin/cmake /home/kevin/bumperbot_ws/src/bumperbot_bringup -DCMAKE_INSTALL_PREFIX=/home/kevin/bumperbot_ws/install/bumperbot_bringup
[0.572s] Invoking command in '/home/kevin/bumperbot_ws/build/bumperbot_bringup': AMENT_PREFIX_PATH=/home/kevin/bumperbot_ws/install/bumperbot_mapping:/home/kevin/bumperbot_ws/install/bumperbot_localization:/home/kevin/bumperbot_ws/install/bumperbot_description:/home/kevin/bumperbot_ws/install/bumperbot_controller:${AMENT_PREFIX_PATH} CMAKE_PREFIX_PATH=/home/kevin/bumperbot_ws/install/bumperbot_mapping:/home/kevin/bumperbot_ws/install/bumperbot_localization:/home/kevin/bumperbot_ws/install/bumperbot_description:/home/kevin/bumperbot_ws/install/bumperbot_controller:/opt/ros/humble PATH=/home/kevin/bumperbot_ws/install/bumperbot_localization/bin:${PATH} PYTHONPATH=/home/kevin/bumperbot_ws/install/bumperbot_mapping/local/lib/python3.10/dist-packages:/home/kevin/bumperbot_ws/install/bumperbot_localization/local/lib/python3.10/dist-packages:/home/kevin/bumperbot_ws/install/bumperbot_controller/local/lib/python3.10/dist-packages:${PYTHONPATH} /usr/bin/cmake --build /home/kevin/bumperbot_ws/build/bumperbot_bringup -- -j6 -l6
[0.604s] Invoked command in '/home/kevin/bumperbot_ws/build/bumperbot_bringup' returned '0': AMENT_PREFIX_PATH=/home/kevin/bumperbot_ws/install/bumperbot_mapping:/home/kevin/bumperbot_ws/install/bumperbot_localization:/home/kevin/bumperbot_ws/install/bumperbot_description:/home/kevin/bumperbot_ws/install/bumperbot_controller:${AMENT_PREFIX_PATH} CMAKE_PREFIX_PATH=/home/kevin/bumperbot_ws/install/bumperbot_mapping:/home/kevin/bumperbot_ws/install/bumperbot_localization:/home/kevin/bumperbot_ws/install/bumperbot_description:/home/kevin/bumperbot_ws/install/bumperbot_controller:/opt/ros/humble PATH=/home/kevin/bumperbot_ws/install/bumperbot_localization/bin:${PATH} PYTHONPATH=/home/kevin/bumperbot_ws/install/bumperbot_mapping/local/lib/python3.10/dist-packages:/home/kevin/bumperbot_ws/install/bumperbot_localization/local/lib/python3.10/dist-packages:/home/kevin/bumperbot_ws/install/bumperbot_controller/local/lib/python3.10/dist-packages:${PYTHONPATH} /usr/bin/cmake --build /home/kevin/bumperbot_ws/build/bumperbot_bringup -- -j6 -l6
[0.606s] Invoking command in '/home/kevin/bumperbot_ws/build/bumperbot_bringup': AMENT_PREFIX_PATH=/home/kevin/bumperbot_ws/install/bumperbot_mapping:/home/kevin/bumperbot_ws/install/bumperbot_localization:/home/kevin/bumperbot_ws/install/bumperbot_description:/home/kevin/bumperbot_ws/install/bumperbot_controller:${AMENT_PREFIX_PATH} CMAKE_PREFIX_PATH=/home/kevin/bumperbot_ws/install/bumperbot_mapping:/home/kevin/bumperbot_ws/install/bumperbot_localization:/home/kevin/bumperbot_ws/install/bumperbot_description:/home/kevin/bumperbot_ws/install/bumperbot_controller:/opt/ros/humble PATH=/home/kevin/bumperbot_ws/install/bumperbot_localization/bin:${PATH} PYTHONPATH=/home/kevin/bumperbot_ws/install/bumperbot_mapping/local/lib/python3.10/dist-packages:/home/kevin/bumperbot_ws/install/bumperbot_localization/local/lib/python3.10/dist-packages:/home/kevin/bumperbot_ws/install/bumperbot_controller/local/lib/python3.10/dist-packages:${PYTHONPATH} /usr/bin/cmake --install /home/kevin/bumperbot_ws/build/bumperbot_bringup
[0.612s] -- Install configuration: ""
[0.612s] -- Installing: /home/kevin/bumperbot_ws/install/bumperbot_bringup/share/bumperbot_bringup/config
[0.612s] -- Installing: /home/kevin/bumperbot_ws/install/bumperbot_bringup/share/bumperbot_bringup/config/rplidar_a1.yaml
[0.612s] -- Installing: /home/kevin/bumperbot_ws/install/bumperbot_bringup/share/bumperbot_bringup/launch
[0.612s] -- Installing: /home/kevin/bumperbot_ws/install/bumperbot_bringup/share/bumperbot_bringup/launch/simulated_bumperbot.launch.py
[0.612s] -- Installing: /home/kevin/bumperbot_ws/install/bumperbot_bringup/share/ament_index/resource_index/package_run_dependencies/bumperbot_bringup
[0.612s] -- Installing: /home/kevin/bumperbot_ws/install/bumperbot_bringup/share/ament_index/resource_index/parent_prefix_path/bumperbot_bringup
[0.613s] -- Installing: /home/kevin/bumperbot_ws/install/bumperbot_bringup/share/bumperbot_bringup/environment/ament_prefix_path.sh
[0.613s] -- Installing: /home/kevin/bumperbot_ws/install/bumperbot_bringup/share/bumperbot_bringup/environment/ament_prefix_path.dsv
[0.613s] -- Installing: /home/kevin/bumperbot_ws/install/bumperbot_bringup/share/bumperbot_bringup/environment/path.sh
[0.613s] -- Installing: /home/kevin/bumperbot_ws/install/bumperbot_bringup/share/bumperbot_bringup/environment/path.dsv
[0.613s] -- Installing: /home/kevin/bumperbot_ws/install/bumperbot_bringup/share/bumperbot_bringup/local_setup.bash
[0.613s] -- Installing: /home/kevin/bumperbot_ws/install/bumperbot_bringup/share/bumperbot_bringup/local_setup.sh
[0.613s] -- Installing: /home/kevin/bumperbot_ws/install/bumperbot_bringup/share/bumperbot_bringup/local_setup.zsh
[0.614s] -- Installing: /home/kevin/bumperbot_ws/install/bumperbot_bringup/share/bumperbot_bringup/local_setup.dsv
[0.614s] -- Installing: /home/kevin/bumperbot_ws/install/bumperbot_bringup/share/bumperbot_bringup/package.dsv
[0.614s] -- Installing: /home/kevin/bumperbot_ws/install/bumperbot_bringup/share/ament_index/resource_index/packages/bumperbot_bringup
[0.614s] -- Installing: /home/kevin/bumperbot_ws/install/bumperbot_bringup/share/bumperbot_bringup/cmake/bumperbot_bringupConfig.cmake
[0.614s] -- Installing: /home/kevin/bumperbot_ws/install/bumperbot_bringup/share/bumperbot_bringup/cmake/bumperbot_bringupConfig-version.cmake
[0.614s] -- Installing: /home/kevin/bumperbot_ws/install/bumperbot_bringup/share/bumperbot_bringup/package.xml
[0.616s] Invoked command in '/home/kevin/bumperbot_ws/build/bumperbot_bringup' returned '0': AMENT_PREFIX_PATH=/home/kevin/bumperbot_ws/install/bumperbot_mapping:/home/kevin/bumperbot_ws/install/bumperbot_localization:/home/kevin/bumperbot_ws/install/bumperbot_description:/home/kevin/bumperbot_ws/install/bumperbot_controller:${AMENT_PREFIX_PATH} CMAKE_PREFIX_PATH=/home/kevin/bumperbot_ws/install/bumperbot_mapping:/home/kevin/bumperbot_ws/install/bumperbot_localization:/home/kevin/bumperbot_ws/install/bumperbot_description:/home/kevin/bumperbot_ws/install/bumperbot_controller:/opt/ros/humble PATH=/home/kevin/bumperbot_ws/install/bumperbot_localization/bin:${PATH} PYTHONPATH=/home/kevin/bumperbot_ws/install/bumperbot_mapping/local/lib/python3.10/dist-packages:/home/kevin/bumperbot_ws/install/bumperbot_localization/local/lib/python3.10/dist-packages:/home/kevin/bumperbot_ws/install/bumperbot_controller/local/lib/python3.10/dist-packages:${PYTHONPATH} /usr/bin/cmake --install /home/kevin/bumperbot_ws/build/bumperbot_bringup
