[0.012s] Invoking command in '/home/kevin/rover_ws/build/bumperbot_bringup': CMAKE_PREFIX_PATH=/home/kevin/rover_ws/install/bumperbot_mapping:/home/kevin/rover_ws/install/bumperbot_localization:/home/kevin/rover_ws/install/bumperbot_description:/home/kevin/rover_ws/install/bumperbot_controller:/home/kevin/osr_ws/install/osr_mapping:/home/kevin/osr_ws/install/osr_bringup:/home/kevin/osr_ws/install/osr_localization:/home/kevin/osr_ws/install/osr_interfaces:/home/kevin/osr_ws/install/osr_gazebo:/home/kevin/rover_ws/install/bumperbot_bringup:/home/kevin/osr_ws/install/osr_control:/opt/ros/humble /usr/bin/cmake --build /home/kevin/rover_ws/build/bumperbot_bringup -- -j6 -l6
[0.044s] Invoked command in '/home/kevin/rover_ws/build/bumperbot_bringup' returned '0': CMAKE_PREFIX_PATH=/home/kevin/rover_ws/install/bumperbot_mapping:/home/kevin/rover_ws/install/bumperbot_localization:/home/kevin/rover_ws/install/bumperbot_description:/home/kevin/rover_ws/install/bumperbot_controller:/home/kevin/osr_ws/install/osr_mapping:/home/kevin/osr_ws/install/osr_bringup:/home/kevin/osr_ws/install/osr_localization:/home/kevin/osr_ws/install/osr_interfaces:/home/kevin/osr_ws/install/osr_gazebo:/home/kevin/rover_ws/install/bumperbot_bringup:/home/kevin/osr_ws/install/osr_control:/opt/ros/humble /usr/bin/cmake --build /home/kevin/rover_ws/build/bumperbot_bringup -- -j6 -l6
[0.046s] Invoking command in '/home/kevin/rover_ws/build/bumperbot_bringup': CMAKE_PREFIX_PATH=/home/kevin/rover_ws/install/bumperbot_mapping:/home/kevin/rover_ws/install/bumperbot_localization:/home/kevin/rover_ws/install/bumperbot_description:/home/kevin/rover_ws/install/bumperbot_controller:/home/kevin/osr_ws/install/osr_mapping:/home/kevin/osr_ws/install/osr_bringup:/home/kevin/osr_ws/install/osr_localization:/home/kevin/osr_ws/install/osr_interfaces:/home/kevin/osr_ws/install/osr_gazebo:/home/kevin/rover_ws/install/bumperbot_bringup:/home/kevin/osr_ws/install/osr_control:/opt/ros/humble /usr/bin/cmake --install /home/kevin/rover_ws/build/bumperbot_bringup
[0.052s] -- Install configuration: ""
[0.052s] -- Up-to-date: /home/kevin/rover_ws/install/bumperbot_bringup/share/bumperbot_bringup/config
[0.053s] -- Up-to-date: /home/kevin/rover_ws/install/bumperbot_bringup/share/bumperbot_bringup/config/rplidar_a1.yaml
[0.053s] -- Up-to-date: /home/kevin/rover_ws/install/bumperbot_bringup/share/bumperbot_bringup/launch
[0.053s] -- Up-to-date: /home/kevin/rover_ws/install/bumperbot_bringup/share/bumperbot_bringup/launch/simulated_bumperbot.launch.py
[0.053s] -- Up-to-date: /home/kevin/rover_ws/install/bumperbot_bringup/share/ament_index/resource_index/package_run_dependencies/bumperbot_bringup
[0.053s] -- Up-to-date: /home/kevin/rover_ws/install/bumperbot_bringup/share/ament_index/resource_index/parent_prefix_path/bumperbot_bringup
[0.053s] -- Up-to-date: /home/kevin/rover_ws/install/bumperbot_bringup/share/bumperbot_bringup/environment/ament_prefix_path.sh
[0.053s] -- Up-to-date: /home/kevin/rover_ws/install/bumperbot_bringup/share/bumperbot_bringup/environment/ament_prefix_path.dsv
[0.053s] -- Up-to-date: /home/kevin/rover_ws/install/bumperbot_bringup/share/bumperbot_bringup/environment/path.sh
[0.053s] -- Up-to-date: /home/kevin/rover_ws/install/bumperbot_bringup/share/bumperbot_bringup/environment/path.dsv
[0.053s] -- Up-to-date: /home/kevin/rover_ws/install/bumperbot_bringup/share/bumperbot_bringup/local_setup.bash
[0.053s] -- Up-to-date: /home/kevin/rover_ws/install/bumperbot_bringup/share/bumperbot_bringup/local_setup.sh
[0.053s] -- Up-to-date: /home/kevin/rover_ws/install/bumperbot_bringup/share/bumperbot_bringup/local_setup.zsh
[0.053s] -- Up-to-date: /home/kevin/rover_ws/install/bumperbot_bringup/share/bumperbot_bringup/local_setup.dsv
[0.053s] -- Installing: /home/kevin/rover_ws/install/bumperbot_bringup/share/bumperbot_bringup/package.dsv
[0.053s] -- Up-to-date: /home/kevin/rover_ws/install/bumperbot_bringup/share/ament_index/resource_index/packages/bumperbot_bringup
[0.053s] -- Up-to-date: /home/kevin/rover_ws/install/bumperbot_bringup/share/bumperbot_bringup/cmake/bumperbot_bringupConfig.cmake
[0.053s] -- Up-to-date: /home/kevin/rover_ws/install/bumperbot_bringup/share/bumperbot_bringup/cmake/bumperbot_bringupConfig-version.cmake
[0.054s] -- Up-to-date: /home/kevin/rover_ws/install/bumperbot_bringup/share/bumperbot_bringup/package.xml
[0.054s] Invoked command in '/home/kevin/rover_ws/build/bumperbot_bringup' returned '0': CMAKE_PREFIX_PATH=/home/kevin/rover_ws/install/bumperbot_mapping:/home/kevin/rover_ws/install/bumperbot_localization:/home/kevin/rover_ws/install/bumperbot_description:/home/kevin/rover_ws/install/bumperbot_controller:/home/kevin/osr_ws/install/osr_mapping:/home/kevin/osr_ws/install/osr_bringup:/home/kevin/osr_ws/install/osr_localization:/home/kevin/osr_ws/install/osr_interfaces:/home/kevin/osr_ws/install/osr_gazebo:/home/kevin/rover_ws/install/bumperbot_bringup:/home/kevin/osr_ws/install/osr_control:/opt/ros/humble /usr/bin/cmake --install /home/kevin/rover_ws/build/bumperbot_bringup
