[0.012s] Invoking command in '/home/kevin/bumperbot_ws/build/bumperbot_bringup': AMENT_PREFIX_PATH=/home/kevin/bumperbot_ws/install/bumperbot_mapping:/home/kevin/bumperbot_ws/install/bumperbot_localization:/home/kevin/bumperbot_ws/install/bumperbot_description:/home/kevin/bumperbot_ws/install/bumperbot_controller:${AMENT_PREFIX_PATH} CMAKE_PREFIX_PATH=/home/kevin/bumperbot_ws/install/bumperbot_mapping:/home/kevin/bumperbot_ws/install/bumperbot_localization:/home/kevin/bumperbot_ws/install/bumperbot_description:/home/kevin/bumperbot_ws/install/bumperbot_controller:/opt/ros/humble PATH=/home/kevin/bumperbot_ws/install/bumperbot_localization/bin:${PATH} PYTHONPATH=/home/kevin/bumperbot_ws/install/bumperbot_mapping/local/lib/python3.10/dist-packages:/home/kevin/bumperbot_ws/install/bumperbot_localization/local/lib/python3.10/dist-packages:/home/kevin/bumperbot_ws/install/bumperbot_controller/local/lib/python3.10/dist-packages:${PYTHONPATH} /usr/bin/cmake --build /home/kevin/bumperbot_ws/build/bumperbot_bringup -- -j6 -l6
[0.048s] Invoked command in '/home/kevin/bumperbot_ws/build/bumperbot_bringup' returned '0': AMENT_PREFIX_PATH=/home/kevin/bumperbot_ws/install/bumperbot_mapping:/home/kevin/bumperbot_ws/install/bumperbot_localization:/home/kevin/bumperbot_ws/install/bumperbot_description:/home/kevin/bumperbot_ws/install/bumperbot_controller:${AMENT_PREFIX_PATH} CMAKE_PREFIX_PATH=/home/kevin/bumperbot_ws/install/bumperbot_mapping:/home/kevin/bumperbot_ws/install/bumperbot_localization:/home/kevin/bumperbot_ws/install/bumperbot_description:/home/kevin/bumperbot_ws/install/bumperbot_controller:/opt/ros/humble PATH=/home/kevin/bumperbot_ws/install/bumperbot_localization/bin:${PATH} PYTHONPATH=/home/kevin/bumperbot_ws/install/bumperbot_mapping/local/lib/python3.10/dist-packages:/home/kevin/bumperbot_ws/install/bumperbot_localization/local/lib/python3.10/dist-packages:/home/kevin/bumperbot_ws/install/bumperbot_controller/local/lib/python3.10/dist-packages:${PYTHONPATH} /usr/bin/cmake --build /home/kevin/bumperbot_ws/build/bumperbot_bringup -- -j6 -l6
[0.049s] Invoking command in '/home/kevin/bumperbot_ws/build/bumperbot_bringup': AMENT_PREFIX_PATH=/home/kevin/bumperbot_ws/install/bumperbot_mapping:/home/kevin/bumperbot_ws/install/bumperbot_localization:/home/kevin/bumperbot_ws/install/bumperbot_description:/home/kevin/bumperbot_ws/install/bumperbot_controller:${AMENT_PREFIX_PATH} CMAKE_PREFIX_PATH=/home/kevin/bumperbot_ws/install/bumperbot_mapping:/home/kevin/bumperbot_ws/install/bumperbot_localization:/home/kevin/bumperbot_ws/install/bumperbot_description:/home/kevin/bumperbot_ws/install/bumperbot_controller:/opt/ros/humble PATH=/home/kevin/bumperbot_ws/install/bumperbot_localization/bin:${PATH} PYTHONPATH=/home/kevin/bumperbot_ws/install/bumperbot_mapping/local/lib/python3.10/dist-packages:/home/kevin/bumperbot_ws/install/bumperbot_localization/local/lib/python3.10/dist-packages:/home/kevin/bumperbot_ws/install/bumperbot_controller/local/lib/python3.10/dist-packages:${PYTHONPATH} /usr/bin/cmake --install /home/kevin/bumperbot_ws/build/bumperbot_bringup
[0.056s] -- Install configuration: ""
[0.057s] -- Up-to-date: /home/kevin/bumperbot_ws/install/bumperbot_bringup/share/bumperbot_bringup/config
[0.057s] -- Up-to-date: /home/kevin/bumperbot_ws/install/bumperbot_bringup/share/bumperbot_bringup/config/rplidar_a1.yaml
[0.057s] -- Up-to-date: /home/kevin/bumperbot_ws/install/bumperbot_bringup/share/bumperbot_bringup/launch
[0.057s] -- Up-to-date: /home/kevin/bumperbot_ws/install/bumperbot_bringup/share/bumperbot_bringup/launch/simulated_bumperbot.launch.py
[0.058s] -- Up-to-date: /home/kevin/bumperbot_ws/install/bumperbot_bringup/share/ament_index/resource_index/package_run_dependencies/bumperbot_bringup
[0.058s] -- Up-to-date: /home/kevin/bumperbot_ws/install/bumperbot_bringup/share/ament_index/resource_index/parent_prefix_path/bumperbot_bringup
[0.058s] -- Up-to-date: /home/kevin/bumperbot_ws/install/bumperbot_bringup/share/bumperbot_bringup/environment/ament_prefix_path.sh
[0.058s] -- Up-to-date: /home/kevin/bumperbot_ws/install/bumperbot_bringup/share/bumperbot_bringup/environment/ament_prefix_path.dsv
[0.058s] -- Up-to-date: /home/kevin/bumperbot_ws/install/bumperbot_bringup/share/bumperbot_bringup/environment/path.sh
[0.058s] -- Up-to-date: /home/kevin/bumperbot_ws/install/bumperbot_bringup/share/bumperbot_bringup/environment/path.dsv
[0.058s] -- Up-to-date: /home/kevin/bumperbot_ws/install/bumperbot_bringup/share/bumperbot_bringup/local_setup.bash
[0.058s] -- Up-to-date: /home/kevin/bumperbot_ws/install/bumperbot_bringup/share/bumperbot_bringup/local_setup.sh
[0.058s] -- Up-to-date: /home/kevin/bumperbot_ws/install/bumperbot_bringup/share/bumperbot_bringup/local_setup.zsh
[0.058s] -- Up-to-date: /home/kevin/bumperbot_ws/install/bumperbot_bringup/share/bumperbot_bringup/local_setup.dsv
[0.058s] -- Up-to-date: /home/kevin/bumperbot_ws/install/bumperbot_bringup/share/bumperbot_bringup/package.dsv
[0.058s] -- Up-to-date: /home/kevin/bumperbot_ws/install/bumperbot_bringup/share/ament_index/resource_index/packages/bumperbot_bringup
[0.059s] -- Up-to-date: /home/kevin/bumperbot_ws/install/bumperbot_bringup/share/bumperbot_bringup/cmake/bumperbot_bringupConfig.cmake
[0.059s] -- Up-to-date: /home/kevin/bumperbot_ws/install/bumperbot_bringup/share/bumperbot_bringup/cmake/bumperbot_bringupConfig-version.cmake
[0.059s] -- Up-to-date: /home/kevin/bumperbot_ws/install/bumperbot_bringup/share/bumperbot_bringup/package.xml
[0.060s] Invoked command in '/home/kevin/bumperbot_ws/build/bumperbot_bringup' returned '0': AMENT_PREFIX_PATH=/home/kevin/bumperbot_ws/install/bumperbot_mapping:/home/kevin/bumperbot_ws/install/bumperbot_localization:/home/kevin/bumperbot_ws/install/bumperbot_description:/home/kevin/bumperbot_ws/install/bumperbot_controller:${AMENT_PREFIX_PATH} CMAKE_PREFIX_PATH=/home/kevin/bumperbot_ws/install/bumperbot_mapping:/home/kevin/bumperbot_ws/install/bumperbot_localization:/home/kevin/bumperbot_ws/install/bumperbot_description:/home/kevin/bumperbot_ws/install/bumperbot_controller:/opt/ros/humble PATH=/home/kevin/bumperbot_ws/install/bumperbot_localization/bin:${PATH} PYTHONPATH=/home/kevin/bumperbot_ws/install/bumperbot_mapping/local/lib/python3.10/dist-packages:/home/kevin/bumperbot_ws/install/bumperbot_localization/local/lib/python3.10/dist-packages:/home/kevin/bumperbot_ws/install/bumperbot_controller/local/lib/python3.10/dist-packages:${PYTHONPATH} /usr/bin/cmake --install /home/kevin/bumperbot_ws/build/bumperbot_bringup
