[0.016s] Invoking command in '/home/kevin/rover_ws/build/bumperbot_localization': CMAKE_PREFIX_PATH=${CMAKE_PREFIX_PATH}:/home/kevin/osr_ws/install/osr_control:/opt/ros/humble /usr/bin/cmake /home/kevin/rover_ws/src/bumperbot_localization -DCMAKE_INSTALL_PREFIX=/home/kevin/rover_ws/install/bumperbot_localization
[0.080s] -- The C compiler identification is GNU 11.4.0
[0.131s] -- The CXX compiler identification is GNU 11.4.0
[0.138s] -- Detecting C compiler ABI info
[0.202s] -- Detecting C compiler ABI info - done
[0.209s] -- Check for working C compiler: /usr/bin/cc - skipped
[0.210s] -- Detecting C compile features
[0.210s] -- Detecting C compile features - done
[0.213s] -- Detecting CXX compiler ABI info
[0.289s] -- Detecting CXX compiler ABI info - done
[0.296s] -- Check for working CXX compiler: /usr/bin/c++ - skipped
[0.296s] -- Detecting CXX compile features
[0.296s] -- Detecting CXX compile features - done
[0.299s] -- Found ament_cmake: 1.3.11 (/opt/ros/humble/share/ament_cmake/cmake)
[0.451s] -- Found Python3: /usr/bin/python3 (found version "3.10.12") found components: Interpreter 
[0.548s] -- Found rclcpp: 16.0.12 (/opt/ros/humble/share/rclcpp/cmake)
[0.595s] -- Found rosidl_generator_c: 3.1.6 (/opt/ros/humble/share/rosidl_generator_c/cmake)
[0.601s] -- Found rosidl_adapter: 3.1.6 (/opt/ros/humble/share/rosidl_adapter/cmake)
[0.612s] -- Found rosidl_generator_cpp: 3.1.6 (/opt/ros/humble/share/rosidl_generator_cpp/cmake)
[0.624s] -- Using all available rosidl_typesupport_c: rosidl_typesupport_fastrtps_c;rosidl_typesupport_introspection_c
[0.642s] -- Using all available rosidl_typesupport_cpp: rosidl_typesupport_fastrtps_cpp;rosidl_typesupport_introspection_cpp
[0.691s] -- Found rmw_implementation_cmake: 6.1.2 (/opt/ros/humble/share/rmw_implementation_cmake/cmake)
[0.694s] -- Found rmw_cyclonedds_cpp: 1.3.4 (/opt/ros/humble/share/rmw_cyclonedds_cpp/cmake)
[0.718s] -- Using RMW implementation 'rmw_cyclonedds_cpp' as default
[0.727s] -- Looking for pthread.h
[0.795s] -- Looking for pthread.h - found
[0.798s] -- Performing Test CMAKE_HAVE_LIBC_PTHREAD
[0.871s] -- Performing Test CMAKE_HAVE_LIBC_PTHREAD - Success
[0.871s] -- Found Threads: TRUE  
[0.924s] -- Found rclpy: 3.3.16 (/opt/ros/humble/share/rclpy/cmake)
[0.926s] -- Found nav_msgs: 4.8.0 (/opt/ros/humble/share/nav_msgs/cmake)
[0.959s] -- Found sensor_msgs: 4.8.0 (/opt/ros/humble/share/sensor_msgs/cmake)
[0.978s] -- Found tf2: 0.25.12 (/opt/ros/humble/share/tf2/cmake)
[1.150s] -- Configuring done
[1.166s] -- Generating done
[1.173s] -- Build files have been written to: /home/kevin/rover_ws/build/bumperbot_localization
[1.182s] Invoked command in '/home/kevin/rover_ws/build/bumperbot_localization' returned '0': CMAKE_PREFIX_PATH=${CMAKE_PREFIX_PATH}:/home/kevin/osr_ws/install/osr_control:/opt/ros/humble /usr/bin/cmake /home/kevin/rover_ws/src/bumperbot_localization -DCMAKE_INSTALL_PREFIX=/home/kevin/rover_ws/install/bumperbot_localization
[1.184s] Invoking command in '/home/kevin/rover_ws/build/bumperbot_localization': CMAKE_PREFIX_PATH=${CMAKE_PREFIX_PATH}:/home/kevin/osr_ws/install/osr_control:/opt/ros/humble /usr/bin/cmake --build /home/kevin/rover_ws/build/bumperbot_localization -- -j6 -l6
[1.234s] [ 16%] [32mBuilding CXX object CMakeFiles/imu_republisher.dir/src/imu_republisher.cpp.o[0m
[1.234s] [ 33%] [32mBuilding CXX object CMakeFiles/kalman_filter.dir/src/kalman_filter.cpp.o[0m
[1.241s] [ 50%] [32mBuilding CXX object CMakeFiles/odometry_motion_model.dir/src/odometry_motion_model.cpp.o[0m
[1.242s] [ 50%] Built target ament_cmake_python_copy_bumperbot_localization
[1.537s] running egg_info
[1.538s] creating bumperbot_localization.egg-info
[1.538s] writing bumperbot_localization.egg-info/PKG-INFO
[1.538s] writing dependency_links to bumperbot_localization.egg-info/dependency_links.txt
[1.539s] writing top-level names to bumperbot_localization.egg-info/top_level.txt
[1.539s] writing manifest file 'bumperbot_localization.egg-info/SOURCES.txt'
[1.541s] reading manifest file 'bumperbot_localization.egg-info/SOURCES.txt'
[1.544s] writing manifest file 'bumperbot_localization.egg-info/SOURCES.txt'
[1.574s] [ 50%] Built target ament_cmake_python_build_bumperbot_localization_egg
[9.836s] [ 66%] [32m[1mLinking CXX executable imu_republisher[0m
[10.311s] [ 66%] Built target imu_republisher
[10.450s] [ 83%] [32m[1mLinking CXX executable odometry_motion_model[0m
[10.961s] [ 83%] Built target odometry_motion_model
[12.335s] [100%] [32m[1mLinking CXX executable kalman_filter[0m
[12.874s] [100%] Built target kalman_filter
[12.885s] Invoked command in '/home/kevin/rover_ws/build/bumperbot_localization' returned '0': CMAKE_PREFIX_PATH=${CMAKE_PREFIX_PATH}:/home/kevin/osr_ws/install/osr_control:/opt/ros/humble /usr/bin/cmake --build /home/kevin/rover_ws/build/bumperbot_localization -- -j6 -l6
[12.886s] Invoking command in '/home/kevin/rover_ws/build/bumperbot_localization': CMAKE_PREFIX_PATH=${CMAKE_PREFIX_PATH}:/home/kevin/osr_ws/install/osr_control:/opt/ros/humble /usr/bin/cmake --install /home/kevin/rover_ws/build/bumperbot_localization
[12.894s] -- Install configuration: ""
[12.894s] -- Installing: /home/kevin/rover_ws/install/bumperbot_localization/share/bumperbot_localization/environment/pythonpath.sh
[12.894s] -- Installing: /home/kevin/rover_ws/install/bumperbot_localization/share/bumperbot_localization/environment/pythonpath.dsv
[12.894s] -- Installing: /home/kevin/rover_ws/install/bumperbot_localization/local/lib/python3.10/dist-packages/bumperbot_localization-0.0.0-py3.10.egg-info
[12.894s] -- Installing: /home/kevin/rover_ws/install/bumperbot_localization/local/lib/python3.10/dist-packages/bumperbot_localization-0.0.0-py3.10.egg-info/PKG-INFO
[12.895s] -- Installing: /home/kevin/rover_ws/install/bumperbot_localization/local/lib/python3.10/dist-packages/bumperbot_localization-0.0.0-py3.10.egg-info/top_level.txt
[12.895s] -- Installing: /home/kevin/rover_ws/install/bumperbot_localization/local/lib/python3.10/dist-packages/bumperbot_localization-0.0.0-py3.10.egg-info/dependency_links.txt
[12.895s] -- Installing: /home/kevin/rover_ws/install/bumperbot_localization/local/lib/python3.10/dist-packages/bumperbot_localization-0.0.0-py3.10.egg-info/SOURCES.txt
[12.895s] -- Installing: /home/kevin/rover_ws/install/bumperbot_localization/local/lib/python3.10/dist-packages/bumperbot_localization
[12.895s] -- Installing: /home/kevin/rover_ws/install/bumperbot_localization/local/lib/python3.10/dist-packages/bumperbot_localization/kalman_filter.py
[12.895s] -- Installing: /home/kevin/rover_ws/install/bumperbot_localization/local/lib/python3.10/dist-packages/bumperbot_localization/imu_republisher.py
[12.895s] -- Installing: /home/kevin/rover_ws/install/bumperbot_localization/local/lib/python3.10/dist-packages/bumperbot_localization/__init__.py
[12.895s] -- Installing: /home/kevin/rover_ws/install/bumperbot_localization/local/lib/python3.10/dist-packages/bumperbot_localization/odometry_motion_model.py
[12.931s] Listing '/home/kevin/rover_ws/install/bumperbot_localization/local/lib/python3.10/dist-packages/bumperbot_localization'...
[12.931s] Compiling '/home/kevin/rover_ws/install/bumperbot_localization/local/lib/python3.10/dist-packages/bumperbot_localization/__init__.py'...
[12.931s] Compiling '/home/kevin/rover_ws/install/bumperbot_localization/local/lib/python3.10/dist-packages/bumperbot_localization/imu_republisher.py'...
[12.931s] Compiling '/home/kevin/rover_ws/install/bumperbot_localization/local/lib/python3.10/dist-packages/bumperbot_localization/kalman_filter.py'...
[12.931s] Compiling '/home/kevin/rover_ws/install/bumperbot_localization/local/lib/python3.10/dist-packages/bumperbot_localization/odometry_motion_model.py'...
[12.936s] -- Installing: /home/kevin/rover_ws/install/bumperbot_localization/include/include
[12.936s] -- Installing: /home/kevin/rover_ws/install/bumperbot_localization/include/include/bumperbot_localization
[12.936s] -- Installing: /home/kevin/rover_ws/install/bumperbot_localization/include/include/bumperbot_localization/kalman_filter.hpp
[12.936s] -- Installing: /home/kevin/rover_ws/install/bumperbot_localization/include/include/bumperbot_localization/odometry_motion_model.hpp
[12.936s] -- Installing: /home/kevin/rover_ws/install/bumperbot_localization/bin/odometry_motion_model
[12.940s] -- Set runtime path of "/home/kevin/rover_ws/install/bumperbot_localization/bin/odometry_motion_model" to ""
[12.940s] -- Installing: /home/kevin/rover_ws/install/bumperbot_localization/lib/bumperbot_localization/kalman_filter
[12.944s] -- Set runtime path of "/home/kevin/rover_ws/install/bumperbot_localization/lib/bumperbot_localization/kalman_filter" to ""
[12.944s] -- Installing: /home/kevin/rover_ws/install/bumperbot_localization/lib/bumperbot_localization/imu_republisher
[12.947s] -- Set runtime path of "/home/kevin/rover_ws/install/bumperbot_localization/lib/bumperbot_localization/imu_republisher" to ""
[12.947s] -- Installing: /home/kevin/rover_ws/install/bumperbot_localization/lib/bumperbot_localization/odometry_motion_model
[12.950s] -- Set runtime path of "/home/kevin/rover_ws/install/bumperbot_localization/lib/bumperbot_localization/odometry_motion_model" to ""
[12.950s] -- Installing: /home/kevin/rover_ws/install/bumperbot_localization/share/bumperbot_localization/launch
[12.951s] -- Installing: /home/kevin/rover_ws/install/bumperbot_localization/share/bumperbot_localization/launch/local_localization.launch.py
[12.951s] -- Installing: /home/kevin/rover_ws/install/bumperbot_localization/share/bumperbot_localization/launch/global_localization.launch.py
[12.951s] -- Installing: /home/kevin/rover_ws/install/bumperbot_localization/share/bumperbot_localization/config
[12.951s] -- Installing: /home/kevin/rover_ws/install/bumperbot_localization/share/bumperbot_localization/config/odometry_motion_model.rviz
[12.951s] -- Installing: /home/kevin/rover_ws/install/bumperbot_localization/share/bumperbot_localization/config/amcl.yaml
[12.951s] -- Installing: /home/kevin/rover_ws/install/bumperbot_localization/share/bumperbot_localization/config/ekf.yaml
[12.951s] -- Installing: /home/kevin/rover_ws/install/bumperbot_localization/share/bumperbot_localization/rviz
[12.951s] -- Installing: /home/kevin/rover_ws/install/bumperbot_localization/share/bumperbot_localization/rviz/global_localization.rviz
[12.951s] -- Installing: /home/kevin/rover_ws/install/bumperbot_localization/lib/bumperbot_localization/kalman_filter.py
[12.951s] -- Installing: /home/kevin/rover_ws/install/bumperbot_localization/lib/bumperbot_localization/imu_republisher.py
[12.951s] -- Installing: /home/kevin/rover_ws/install/bumperbot_localization/lib/bumperbot_localization/odometry_motion_model.py
[12.952s] -- Installing: /home/kevin/rover_ws/install/bumperbot_localization/share/ament_index/resource_index/package_run_dependencies/bumperbot_localization
[12.952s] -- Installing: /home/kevin/rover_ws/install/bumperbot_localization/share/ament_index/resource_index/parent_prefix_path/bumperbot_localization
[12.952s] -- Installing: /home/kevin/rover_ws/install/bumperbot_localization/share/bumperbot_localization/environment/ament_prefix_path.sh
[12.952s] -- Installing: /home/kevin/rover_ws/install/bumperbot_localization/share/bumperbot_localization/environment/ament_prefix_path.dsv
[12.952s] -- Installing: /home/kevin/rover_ws/install/bumperbot_localization/share/bumperbot_localization/environment/path.sh
[12.952s] -- Installing: /home/kevin/rover_ws/install/bumperbot_localization/share/bumperbot_localization/environment/path.dsv
[12.952s] -- Installing: /home/kevin/rover_ws/install/bumperbot_localization/share/bumperbot_localization/local_setup.bash
[12.952s] -- Installing: /home/kevin/rover_ws/install/bumperbot_localization/share/bumperbot_localization/local_setup.sh
[12.953s] -- Installing: /home/kevin/rover_ws/install/bumperbot_localization/share/bumperbot_localization/local_setup.zsh
[12.953s] -- Installing: /home/kevin/rover_ws/install/bumperbot_localization/share/bumperbot_localization/local_setup.dsv
[12.953s] -- Installing: /home/kevin/rover_ws/install/bumperbot_localization/share/bumperbot_localization/package.dsv
[12.953s] -- Installing: /home/kevin/rover_ws/install/bumperbot_localization/share/ament_index/resource_index/packages/bumperbot_localization
[12.953s] -- Installing: /home/kevin/rover_ws/install/bumperbot_localization/share/bumperbot_localization/cmake/bumperbot_localizationConfig.cmake
[12.953s] -- Installing: /home/kevin/rover_ws/install/bumperbot_localization/share/bumperbot_localization/cmake/bumperbot_localizationConfig-version.cmake
[12.953s] -- Installing: /home/kevin/rover_ws/install/bumperbot_localization/share/bumperbot_localization/package.xml
[12.956s] Invoked command in '/home/kevin/rover_ws/build/bumperbot_localization' returned '0': CMAKE_PREFIX_PATH=${CMAKE_PREFIX_PATH}:/home/kevin/osr_ws/install/osr_control:/opt/ros/humble /usr/bin/cmake --install /home/kevin/rover_ws/build/bumperbot_localization
