-- The C compiler identification is GNU 11.4.0
-- The CXX compiler identification is GNU 11.4.0
-- Detecting C compiler ABI info
-- Detecting C compiler ABI info - done
-- Check for working C compiler: /usr/bin/cc - skipped
-- Detecting C compile features
-- Detecting C compile features - done
-- Detecting CXX compiler ABI info
-- Detecting CXX compiler ABI info - done
-- Check for working CXX compiler: /usr/bin/c++ - skipped
-- Detecting CXX compile features
-- Detecting CXX compile features - done
-- Found ament_cmake: 1.3.11 (/opt/ros/humble/share/ament_cmake/cmake)
-- Found Python3: /usr/bin/python3 (found version "3.10.12") found components: Interpreter 
-- Found rclcpp: 16.0.12 (/opt/ros/humble/share/rclcpp/cmake)
-- Found rosidl_generator_c: 3.1.6 (/opt/ros/humble/share/rosidl_generator_c/cmake)
-- Found rosidl_adapter: 3.1.6 (/opt/ros/humble/share/rosidl_adapter/cmake)
-- Found rosidl_generator_cpp: 3.1.6 (/opt/ros/humble/share/rosidl_generator_cpp/cmake)
-- Using all available rosidl_typesupport_c: rosidl_typesupport_fastrtps_c;rosidl_typesupport_introspection_c
-- Using all available rosidl_typesupport_cpp: rosidl_typesupport_fastrtps_cpp;rosidl_typesupport_introspection_cpp
-- Found rmw_implementation_cmake: 6.1.2 (/opt/ros/humble/share/rmw_implementation_cmake/cmake)
-- Found rmw_cyclonedds_cpp: 1.3.4 (/opt/ros/humble/share/rmw_cyclonedds_cpp/cmake)
-- Using RMW implementation 'rmw_cyclonedds_cpp' as default
-- Looking for pthread.h
-- Looking for pthread.h - found
-- Performing Test CMAKE_HAVE_LIBC_PTHREAD
-- Performing Test CMAKE_HAVE_LIBC_PTHREAD - Success
-- Found Threads: TRUE  
-- Found rclpy: 3.3.16 (/opt/ros/humble/share/rclpy/cmake)
-- Found geometry_msgs: 4.8.0 (/opt/ros/humble/share/geometry_msgs/cmake)
-- Found sensor_msgs: 4.8.0 (/opt/ros/humble/share/sensor_msgs/cmake)
-- Found nav_msgs: 4.8.0 (/opt/ros/humble/share/nav_msgs/cmake)
-- Found tf2_geometry_msgs: 0.25.12 (/opt/ros/humble/share/tf2_geometry_msgs/cmake)
-- Found eigen3_cmake_module: 0.1.1 (/opt/ros/humble/share/eigen3_cmake_module/cmake)
-- Found Eigen3: TRUE (found version "3.4.0") 
-- Ensuring Eigen3 include directory is part of orocos-kdl CMake target
-- Found trajectory_msgs: 4.8.0 (/opt/ros/humble/share/trajectory_msgs/cmake)
-- Configuring done
-- Generating done
-- Build files have been written to: /home/kevin/rover_ws/build/rover_controller
[ 25%] [32mBuilding CXX object CMakeFiles/simple_controller.dir/src/simple_controller.cpp.o[0m
[ 50%] [32mBuilding CXX object CMakeFiles/twist_relay.dir/src/twist_relay.cpp.o[0m
[ 50%] Built target ament_cmake_python_copy_rover_controller
running egg_info
creating rover_controller.egg-info
writing rover_controller.egg-info/PKG-INFO
writing dependency_links to rover_controller.egg-info/dependency_links.txt
writing top-level names to rover_controller.egg-info/top_level.txt
writing manifest file 'rover_controller.egg-info/SOURCES.txt'
reading manifest file 'rover_controller.egg-info/SOURCES.txt'
writing manifest file 'rover_controller.egg-info/SOURCES.txt'
[ 50%] Built target ament_cmake_python_build_rover_controller_egg
[ 75%] [32m[1mLinking CXX executable twist_relay[0m
[ 75%] Built target twist_relay
[100%] [32m[1mLinking CXX executable simple_controller[0m
[100%] Built target simple_controller
-- Install configuration: ""
-- Installing: /home/kevin/rover_ws/install/rover_controller/share/rover_controller/environment/pythonpath.sh
-- Installing: /home/kevin/rover_ws/install/rover_controller/share/rover_controller/environment/pythonpath.dsv
-- Installing: /home/kevin/rover_ws/install/rover_controller/local/lib/python3.10/dist-packages/rover_controller-0.0.0-py3.10.egg-info
-- Installing: /home/kevin/rover_ws/install/rover_controller/local/lib/python3.10/dist-packages/rover_controller-0.0.0-py3.10.egg-info/PKG-INFO
-- Installing: /home/kevin/rover_ws/install/rover_controller/local/lib/python3.10/dist-packages/rover_controller-0.0.0-py3.10.egg-info/top_level.txt
-- Installing: /home/kevin/rover_ws/install/rover_controller/local/lib/python3.10/dist-packages/rover_controller-0.0.0-py3.10.egg-info/dependency_links.txt
-- Installing: /home/kevin/rover_ws/install/rover_controller/local/lib/python3.10/dist-packages/rover_controller-0.0.0-py3.10.egg-info/SOURCES.txt
-- Installing: /home/kevin/rover_ws/install/rover_controller/local/lib/python3.10/dist-packages/rover_controller
-- Installing: /home/kevin/rover_ws/install/rover_controller/local/lib/python3.10/dist-packages/rover_controller/__init__.py
-- Installing: /home/kevin/rover_ws/install/rover_controller/local/lib/python3.10/dist-packages/rover_controller/twist_relay.py
Listing '/home/kevin/rover_ws/install/rover_controller/local/lib/python3.10/dist-packages/rover_controller'...
Compiling '/home/kevin/rover_ws/install/rover_controller/local/lib/python3.10/dist-packages/rover_controller/__init__.py'...
Compiling '/home/kevin/rover_ws/install/rover_controller/local/lib/python3.10/dist-packages/rover_controller/twist_relay.py'...
-- Installing: /home/kevin/rover_ws/install/rover_controller/lib/rover_controller/simple_controller
-- Set runtime path of "/home/kevin/rover_ws/install/rover_controller/lib/rover_controller/simple_controller" to ""
-- Installing: /home/kevin/rover_ws/install/rover_controller/lib/rover_controller/twist_relay
-- Set runtime path of "/home/kevin/rover_ws/install/rover_controller/lib/rover_controller/twist_relay" to ""
-- Installing: /home/kevin/rover_ws/install/rover_controller/share/rover_controller/launch
-- Installing: /home/kevin/rover_ws/install/rover_controller/share/rover_controller/launch/joystick_teleop.launch.py
-- Installing: /home/kevin/rover_ws/install/rover_controller/share/rover_controller/launch/controller.launch.py
-- Installing: /home/kevin/rover_ws/install/rover_controller/share/rover_controller/config
-- Installing: /home/kevin/rover_ws/install/rover_controller/share/rover_controller/config/joy_teleop.yaml
-- Installing: /home/kevin/rover_ws/install/rover_controller/share/rover_controller/config/twist_mux_topics.yaml
-- Installing: /home/kevin/rover_ws/install/rover_controller/share/rover_controller/config/twist_mux_locks.yaml
-- Installing: /home/kevin/rover_ws/install/rover_controller/share/rover_controller/config/twist_mux_joy.yaml
-- Installing: /home/kevin/rover_ws/install/rover_controller/share/rover_controller/config/controller_velocity.yaml
-- Installing: /home/kevin/rover_ws/install/rover_controller/share/rover_controller/config/joy_config.yaml
-- Installing: /home/kevin/rover_ws/install/rover_controller/lib/rover_controller/twist_relay.py
-- Installing: /home/kevin/rover_ws/install/rover_controller/share/ament_index/resource_index/package_run_dependencies/rover_controller
-- Installing: /home/kevin/rover_ws/install/rover_controller/share/ament_index/resource_index/parent_prefix_path/rover_controller
-- Installing: /home/kevin/rover_ws/install/rover_controller/share/rover_controller/environment/ament_prefix_path.sh
-- Installing: /home/kevin/rover_ws/install/rover_controller/share/rover_controller/environment/ament_prefix_path.dsv
-- Installing: /home/kevin/rover_ws/install/rover_controller/share/rover_controller/environment/path.sh
-- Installing: /home/kevin/rover_ws/install/rover_controller/share/rover_controller/environment/path.dsv
-- Installing: /home/kevin/rover_ws/install/rover_controller/share/rover_controller/local_setup.bash
-- Installing: /home/kevin/rover_ws/install/rover_controller/share/rover_controller/local_setup.sh
-- Installing: /home/kevin/rover_ws/install/rover_controller/share/rover_controller/local_setup.zsh
-- Installing: /home/kevin/rover_ws/install/rover_controller/share/rover_controller/local_setup.dsv
-- Installing: /home/kevin/rover_ws/install/rover_controller/share/rover_controller/package.dsv
-- Installing: /home/kevin/rover_ws/install/rover_controller/share/ament_index/resource_index/packages/rover_controller
-- Installing: /home/kevin/rover_ws/install/rover_controller/share/rover_controller/cmake/rover_controllerConfig.cmake
-- Installing: /home/kevin/rover_ws/install/rover_controller/share/rover_controller/cmake/rover_controllerConfig-version.cmake
-- Installing: /home/kevin/rover_ws/install/rover_controller/share/rover_controller/package.xml
