[0.026s] Invoking command in '/home/kevin/rover_ws/build/rover_controller': CMAKE_PREFIX_PATH=${CMAKE_PREFIX_PATH}:/home/kevin/osr_ws/install/osr_control:/opt/ros/humble /usr/bin/cmake /home/kevin/rover_ws/src/rover_controller -DCMAKE_INSTALL_PREFIX=/home/kevin/rover_ws/install/rover_controller
[0.317s] -- The C compiler identification is GNU 11.4.0
[0.560s] -- The CXX compiler identification is GNU 11.4.0
[0.574s] -- Detecting C compiler ABI info
[0.659s] -- Detecting C compiler ABI info - done
[0.666s] -- Check for working C compiler: /usr/bin/cc - skipped
[0.666s] -- Detecting C compile features
[0.667s] -- Detecting C compile features - done
[0.670s] -- Detecting CXX compiler ABI info
[0.753s] -- Detecting CXX compiler ABI info - done
[0.760s] -- Check for working CXX compiler: /usr/bin/c++ - skipped
[0.760s] -- Detecting CXX compile features
[0.761s] -- Detecting CXX compile features - done
[0.767s] -- Found ament_cmake: 1.3.11 (/opt/ros/humble/share/ament_cmake/cmake)
[0.925s] -- Found Python3: /usr/bin/python3 (found version "3.10.12") found components: Interpreter 
[3.552s] -- Found rclcpp: 16.0.12 (/opt/ros/humble/share/rclcpp/cmake)
[4.938s] -- Found rosidl_generator_c: 3.1.6 (/opt/ros/humble/share/rosidl_generator_c/cmake)
[4.946s] -- Found rosidl_adapter: 3.1.6 (/opt/ros/humble/share/rosidl_adapter/cmake)
[4.959s] -- Found rosidl_generator_cpp: 3.1.6 (/opt/ros/humble/share/rosidl_generator_cpp/cmake)
[4.977s] -- Using all available rosidl_typesupport_c: rosidl_typesupport_fastrtps_c;rosidl_typesupport_introspection_c
[4.999s] -- Using all available rosidl_typesupport_cpp: rosidl_typesupport_fastrtps_cpp;rosidl_typesupport_introspection_cpp
[5.064s] -- Found rmw_implementation_cmake: 6.1.2 (/opt/ros/humble/share/rmw_implementation_cmake/cmake)
[5.069s] -- Found rmw_cyclonedds_cpp: 1.3.4 (/opt/ros/humble/share/rmw_cyclonedds_cpp/cmake)
[5.107s] -- Using RMW implementation 'rmw_cyclonedds_cpp' as default
[5.121s] -- Looking for pthread.h
[5.221s] -- Looking for pthread.h - found
[5.224s] -- Performing Test CMAKE_HAVE_LIBC_PTHREAD
[5.289s] -- Performing Test CMAKE_HAVE_LIBC_PTHREAD - Success
[5.290s] -- Found Threads: TRUE  
[5.382s] -- Found rclpy: 3.3.16 (/opt/ros/humble/share/rclpy/cmake)
[5.388s] -- Found geometry_msgs: 4.8.0 (/opt/ros/humble/share/geometry_msgs/cmake)
[5.420s] -- Found sensor_msgs: 4.8.0 (/opt/ros/humble/share/sensor_msgs/cmake)
[5.453s] -- Found nav_msgs: 4.8.0 (/opt/ros/humble/share/nav_msgs/cmake)
[5.474s] -- Found tf2_geometry_msgs: 0.25.12 (/opt/ros/humble/share/tf2_geometry_msgs/cmake)
[5.506s] -- Found eigen3_cmake_module: 0.1.1 (/opt/ros/humble/share/eigen3_cmake_module/cmake)
[5.508s] -- Found Eigen3: TRUE (found version "3.4.0") 
[5.509s] -- Ensuring Eigen3 include directory is part of orocos-kdl CMake target
[5.630s] -- Found trajectory_msgs: 4.8.0 (/opt/ros/humble/share/trajectory_msgs/cmake)
[5.818s] -- Configuring done
[5.844s] -- Generating done
[5.851s] -- Build files have been written to: /home/kevin/rover_ws/build/rover_controller
[5.865s] Invoked command in '/home/kevin/rover_ws/build/rover_controller' returned '0': CMAKE_PREFIX_PATH=${CMAKE_PREFIX_PATH}:/home/kevin/osr_ws/install/osr_control:/opt/ros/humble /usr/bin/cmake /home/kevin/rover_ws/src/rover_controller -DCMAKE_INSTALL_PREFIX=/home/kevin/rover_ws/install/rover_controller
[5.865s] Invoking command in '/home/kevin/rover_ws/build/rover_controller': CMAKE_PREFIX_PATH=${CMAKE_PREFIX_PATH}:/home/kevin/osr_ws/install/osr_control:/opt/ros/humble /usr/bin/cmake --build /home/kevin/rover_ws/build/rover_controller -- -j6 -l6
[5.938s] [ 25%] [32mBuilding CXX object CMakeFiles/simple_controller.dir/src/simple_controller.cpp.o[0m
[5.947s] [ 50%] [32mBuilding CXX object CMakeFiles/twist_relay.dir/src/twist_relay.cpp.o[0m
[5.958s] [ 50%] Built target ament_cmake_python_copy_rover_controller
[6.254s] running egg_info
[6.254s] creating rover_controller.egg-info
[6.254s] writing rover_controller.egg-info/PKG-INFO
[6.255s] writing dependency_links to rover_controller.egg-info/dependency_links.txt
[6.255s] writing top-level names to rover_controller.egg-info/top_level.txt
[6.255s] writing manifest file 'rover_controller.egg-info/SOURCES.txt'
[6.257s] reading manifest file 'rover_controller.egg-info/SOURCES.txt'
[6.257s] writing manifest file 'rover_controller.egg-info/SOURCES.txt'
[6.284s] [ 50%] Built target ament_cmake_python_build_rover_controller_egg
[19.737s] [ 75%] [32m[1mLinking CXX executable twist_relay[0m
[20.361s] [ 75%] Built target twist_relay
[23.112s] [100%] [32m[1mLinking CXX executable simple_controller[0m
[23.991s] [100%] Built target simple_controller
[24.001s] Invoked command in '/home/kevin/rover_ws/build/rover_controller' returned '0': CMAKE_PREFIX_PATH=${CMAKE_PREFIX_PATH}:/home/kevin/osr_ws/install/osr_control:/opt/ros/humble /usr/bin/cmake --build /home/kevin/rover_ws/build/rover_controller -- -j6 -l6
[24.002s] Invoking command in '/home/kevin/rover_ws/build/rover_controller': CMAKE_PREFIX_PATH=${CMAKE_PREFIX_PATH}:/home/kevin/osr_ws/install/osr_control:/opt/ros/humble /usr/bin/cmake --install /home/kevin/rover_ws/build/rover_controller
[24.009s] -- Install configuration: ""
[24.009s] -- Installing: /home/kevin/rover_ws/install/rover_controller/share/rover_controller/environment/pythonpath.sh
[24.009s] -- Installing: /home/kevin/rover_ws/install/rover_controller/share/rover_controller/environment/pythonpath.dsv
[24.009s] -- Installing: /home/kevin/rover_ws/install/rover_controller/local/lib/python3.10/dist-packages/rover_controller-0.0.0-py3.10.egg-info
[24.010s] -- Installing: /home/kevin/rover_ws/install/rover_controller/local/lib/python3.10/dist-packages/rover_controller-0.0.0-py3.10.egg-info/PKG-INFO
[24.010s] -- Installing: /home/kevin/rover_ws/install/rover_controller/local/lib/python3.10/dist-packages/rover_controller-0.0.0-py3.10.egg-info/top_level.txt
[24.010s] -- Installing: /home/kevin/rover_ws/install/rover_controller/local/lib/python3.10/dist-packages/rover_controller-0.0.0-py3.10.egg-info/dependency_links.txt
[24.010s] -- Installing: /home/kevin/rover_ws/install/rover_controller/local/lib/python3.10/dist-packages/rover_controller-0.0.0-py3.10.egg-info/SOURCES.txt
[24.010s] -- Installing: /home/kevin/rover_ws/install/rover_controller/local/lib/python3.10/dist-packages/rover_controller
[24.010s] -- Installing: /home/kevin/rover_ws/install/rover_controller/local/lib/python3.10/dist-packages/rover_controller/__init__.py
[24.010s] -- Installing: /home/kevin/rover_ws/install/rover_controller/local/lib/python3.10/dist-packages/rover_controller/twist_relay.py
[24.040s] Listing '/home/kevin/rover_ws/install/rover_controller/local/lib/python3.10/dist-packages/rover_controller'...
[24.040s] Compiling '/home/kevin/rover_ws/install/rover_controller/local/lib/python3.10/dist-packages/rover_controller/__init__.py'...
[24.040s] Compiling '/home/kevin/rover_ws/install/rover_controller/local/lib/python3.10/dist-packages/rover_controller/twist_relay.py'...
[24.044s] -- Installing: /home/kevin/rover_ws/install/rover_controller/lib/rover_controller/simple_controller
[24.050s] -- Set runtime path of "/home/kevin/rover_ws/install/rover_controller/lib/rover_controller/simple_controller" to ""
[24.050s] -- Installing: /home/kevin/rover_ws/install/rover_controller/lib/rover_controller/twist_relay
[24.054s] -- Set runtime path of "/home/kevin/rover_ws/install/rover_controller/lib/rover_controller/twist_relay" to ""
[24.054s] -- Installing: /home/kevin/rover_ws/install/rover_controller/share/rover_controller/launch
[24.055s] -- Installing: /home/kevin/rover_ws/install/rover_controller/share/rover_controller/launch/joystick_teleop.launch.py
[24.055s] -- Installing: /home/kevin/rover_ws/install/rover_controller/share/rover_controller/launch/controller.launch.py
[24.055s] -- Installing: /home/kevin/rover_ws/install/rover_controller/share/rover_controller/config
[24.055s] -- Installing: /home/kevin/rover_ws/install/rover_controller/share/rover_controller/config/joy_teleop.yaml
[24.056s] -- Installing: /home/kevin/rover_ws/install/rover_controller/share/rover_controller/config/twist_mux_topics.yaml
[24.056s] -- Installing: /home/kevin/rover_ws/install/rover_controller/share/rover_controller/config/twist_mux_locks.yaml
[24.056s] -- Installing: /home/kevin/rover_ws/install/rover_controller/share/rover_controller/config/twist_mux_joy.yaml
[24.056s] -- Installing: /home/kevin/rover_ws/install/rover_controller/share/rover_controller/config/controller_velocity.yaml
[24.056s] -- Installing: /home/kevin/rover_ws/install/rover_controller/share/rover_controller/config/joy_config.yaml
[24.057s] -- Installing: /home/kevin/rover_ws/install/rover_controller/lib/rover_controller/twist_relay.py
[24.057s] -- Installing: /home/kevin/rover_ws/install/rover_controller/share/ament_index/resource_index/package_run_dependencies/rover_controller
[24.057s] -- Installing: /home/kevin/rover_ws/install/rover_controller/share/ament_index/resource_index/parent_prefix_path/rover_controller
[24.057s] -- Installing: /home/kevin/rover_ws/install/rover_controller/share/rover_controller/environment/ament_prefix_path.sh
[24.057s] -- Installing: /home/kevin/rover_ws/install/rover_controller/share/rover_controller/environment/ament_prefix_path.dsv
[24.057s] -- Installing: /home/kevin/rover_ws/install/rover_controller/share/rover_controller/environment/path.sh
[24.058s] -- Installing: /home/kevin/rover_ws/install/rover_controller/share/rover_controller/environment/path.dsv
[24.058s] -- Installing: /home/kevin/rover_ws/install/rover_controller/share/rover_controller/local_setup.bash
[24.058s] -- Installing: /home/kevin/rover_ws/install/rover_controller/share/rover_controller/local_setup.sh
[24.058s] -- Installing: /home/kevin/rover_ws/install/rover_controller/share/rover_controller/local_setup.zsh
[24.058s] -- Installing: /home/kevin/rover_ws/install/rover_controller/share/rover_controller/local_setup.dsv
[24.058s] -- Installing: /home/kevin/rover_ws/install/rover_controller/share/rover_controller/package.dsv
[24.058s] -- Installing: /home/kevin/rover_ws/install/rover_controller/share/ament_index/resource_index/packages/rover_controller
[24.058s] -- Installing: /home/kevin/rover_ws/install/rover_controller/share/rover_controller/cmake/rover_controllerConfig.cmake
[24.058s] -- Installing: /home/kevin/rover_ws/install/rover_controller/share/rover_controller/cmake/rover_controllerConfig-version.cmake
[24.059s] -- Installing: /home/kevin/rover_ws/install/rover_controller/share/rover_controller/package.xml
[24.061s] Invoked command in '/home/kevin/rover_ws/build/rover_controller' returned '0': CMAKE_PREFIX_PATH=${CMAKE_PREFIX_PATH}:/home/kevin/osr_ws/install/osr_control:/opt/ros/humble /usr/bin/cmake --install /home/kevin/rover_ws/build/rover_controller
