-- The C compiler identification is GNU 11.4.0
-- The CXX compiler identification is GNU 11.4.0
-- Detecting C compiler ABI info
-- Detecting C compiler ABI info - done
-- Check for working C compiler: /usr/bin/cc - skipped
-- Detecting C compile features
-- Detecting C compile features - done
-- Detecting CXX compiler ABI info
-- Detecting CXX compiler ABI info - done
-- Check for working CXX compiler: /usr/bin/c++ - skipped
-- Detecting CXX compile features
-- Detecting CXX compile features - done
-- Found ament_cmake: 1.3.11 (/opt/ros/humble/share/ament_cmake/cmake)
-- Found Python3: /usr/bin/python3 (found version "3.10.12") found components: Interpreter 
-- Found rclcpp: 16.0.12 (/opt/ros/humble/share/rclcpp/cmake)
-- Found rosidl_generator_c: 3.1.6 (/opt/ros/humble/share/rosidl_generator_c/cmake)
-- Found rosidl_adapter: 3.1.6 (/opt/ros/humble/share/rosidl_adapter/cmake)
-- Found rosidl_generator_cpp: 3.1.6 (/opt/ros/humble/share/rosidl_generator_cpp/cmake)
-- Using all available rosidl_typesupport_c: rosidl_typesupport_fastrtps_c;rosidl_typesupport_introspection_c
-- Using all available rosidl_typesupport_cpp: rosidl_typesupport_fastrtps_cpp;rosidl_typesupport_introspection_cpp
-- Found rmw_implementation_cmake: 6.1.2 (/opt/ros/humble/share/rmw_implementation_cmake/cmake)
-- Found rmw_cyclonedds_cpp: 1.3.4 (/opt/ros/humble/share/rmw_cyclonedds_cpp/cmake)
-- Using RMW implementation 'rmw_cyclonedds_cpp' as default
-- Looking for pthread.h
-- Looking for pthread.h - found
-- Performing Test CMAKE_HAVE_LIBC_PTHREAD
-- Performing Test CMAKE_HAVE_LIBC_PTHREAD - Success
-- Found Threads: TRUE  
-- Found rclpy: 3.3.16 (/opt/ros/humble/share/rclpy/cmake)
-- Found geometry_msgs: 4.8.0 (/opt/ros/humble/share/geometry_msgs/cmake)
-- Found sensor_msgs: 4.8.0 (/opt/ros/humble/share/sensor_msgs/cmake)
-- Found twist_mux_msgs: 3.0.1 (/opt/ros/humble/share/twist_mux_msgs/cmake)
-- Found rclcpp_action: 16.0.12 (/opt/ros/humble/share/rclcpp_action/cmake)
-- Found visualization_msgs: 4.8.0 (/opt/ros/humble/share/visualization_msgs/cmake)
-- Configuring done
-- Generating done
-- Build files have been written to: /home/kevin/rover_ws/build/rover_utils
[ 50%] [32mBuilding CXX object CMakeFiles/safety_stop.dir/src/safety_stop.cpp.o[0m
[ 50%] Built target ament_cmake_python_copy_rover_utils
running egg_info
creating rover_utils.egg-info
writing rover_utils.egg-info/PKG-INFO
writing dependency_links to rover_utils.egg-info/dependency_links.txt
writing top-level names to rover_utils.egg-info/top_level.txt
writing manifest file 'rover_utils.egg-info/SOURCES.txt'
reading manifest file 'rover_utils.egg-info/SOURCES.txt'
writing manifest file 'rover_utils.egg-info/SOURCES.txt'
[ 50%] Built target ament_cmake_python_build_rover_utils_egg
[100%] [32m[1mLinking CXX executable safety_stop[0m
[100%] Built target safety_stop
-- Install configuration: ""
-- Installing: /home/kevin/rover_ws/install/rover_utils/share/rover_utils/environment/pythonpath.sh
-- Installing: /home/kevin/rover_ws/install/rover_utils/share/rover_utils/environment/pythonpath.dsv
-- Installing: /home/kevin/rover_ws/install/rover_utils/local/lib/python3.10/dist-packages/rover_utils-0.0.0-py3.10.egg-info
-- Installing: /home/kevin/rover_ws/install/rover_utils/local/lib/python3.10/dist-packages/rover_utils-0.0.0-py3.10.egg-info/PKG-INFO
-- Installing: /home/kevin/rover_ws/install/rover_utils/local/lib/python3.10/dist-packages/rover_utils-0.0.0-py3.10.egg-info/top_level.txt
-- Installing: /home/kevin/rover_ws/install/rover_utils/local/lib/python3.10/dist-packages/rover_utils-0.0.0-py3.10.egg-info/dependency_links.txt
-- Installing: /home/kevin/rover_ws/install/rover_utils/local/lib/python3.10/dist-packages/rover_utils-0.0.0-py3.10.egg-info/SOURCES.txt
-- Installing: /home/kevin/rover_ws/install/rover_utils/local/lib/python3.10/dist-packages/rover_utils
-- Installing: /home/kevin/rover_ws/install/rover_utils/local/lib/python3.10/dist-packages/rover_utils/__init__.py
-- Installing: /home/kevin/rover_ws/install/rover_utils/local/lib/python3.10/dist-packages/rover_utils/safety_stop.py
Listing '/home/kevin/rover_ws/install/rover_utils/local/lib/python3.10/dist-packages/rover_utils'...
Compiling '/home/kevin/rover_ws/install/rover_utils/local/lib/python3.10/dist-packages/rover_utils/__init__.py'...
Compiling '/home/kevin/rover_ws/install/rover_utils/local/lib/python3.10/dist-packages/rover_utils/safety_stop.py'...
-- Installing: /home/kevin/rover_ws/install/rover_utils/lib/rover_utils/safety_stop
-- Set runtime path of "/home/kevin/rover_ws/install/rover_utils/lib/rover_utils/safety_stop" to ""
-- Installing: /home/kevin/rover_ws/install/rover_utils/lib/rover_utils/safety_stop.py
-- Installing: /home/kevin/rover_ws/install/rover_utils/share/ament_index/resource_index/package_run_dependencies/rover_utils
-- Installing: /home/kevin/rover_ws/install/rover_utils/share/ament_index/resource_index/parent_prefix_path/rover_utils
-- Installing: /home/kevin/rover_ws/install/rover_utils/share/rover_utils/environment/ament_prefix_path.sh
-- Installing: /home/kevin/rover_ws/install/rover_utils/share/rover_utils/environment/ament_prefix_path.dsv
-- Installing: /home/kevin/rover_ws/install/rover_utils/share/rover_utils/environment/path.sh
-- Installing: /home/kevin/rover_ws/install/rover_utils/share/rover_utils/environment/path.dsv
-- Installing: /home/kevin/rover_ws/install/rover_utils/share/rover_utils/local_setup.bash
-- Installing: /home/kevin/rover_ws/install/rover_utils/share/rover_utils/local_setup.sh
-- Installing: /home/kevin/rover_ws/install/rover_utils/share/rover_utils/local_setup.zsh
-- Installing: /home/kevin/rover_ws/install/rover_utils/share/rover_utils/local_setup.dsv
-- Installing: /home/kevin/rover_ws/install/rover_utils/share/rover_utils/package.dsv
-- Installing: /home/kevin/rover_ws/install/rover_utils/share/ament_index/resource_index/packages/rover_utils
-- Installing: /home/kevin/rover_ws/install/rover_utils/share/rover_utils/cmake/rover_utilsConfig.cmake
-- Installing: /home/kevin/rover_ws/install/rover_utils/share/rover_utils/cmake/rover_utilsConfig-version.cmake
-- Installing: /home/kevin/rover_ws/install/rover_utils/share/rover_utils/package.xml
