[0.017s] Invoking command in '/home/kevin/bumperbot_ws/build/bumperbot_controller': CMAKE_PREFIX_PATH=/opt/ros/humble /usr/bin/cmake /home/kevin/bumperbot_ws/src/bumperbot_controller -DCMAKE_INSTALL_PREFIX=/home/kevin/bumperbot_ws/install/bumperbot_controller
[0.071s] -- The C compiler identification is GNU 11.4.0
[0.127s] -- The CXX compiler identification is GNU 11.4.0
[0.133s] -- Detecting C compiler ABI info
[0.197s] -- Detecting C compiler ABI info - done
[0.204s] -- Check for working C compiler: /usr/bin/cc - skipped
[0.204s] -- Detecting C compile features
[0.204s] -- Detecting C compile features - done
[0.207s] -- Detecting CXX compiler ABI info
[0.283s] -- Detecting CXX compiler ABI info - done
[0.290s] -- Check for working CXX compiler: /usr/bin/c++ - skipped
[0.290s] -- Detecting CXX compile features
[0.291s] -- Detecting CXX compile features - done
[0.293s] -- Found ament_cmake: 1.3.11 (/opt/ros/humble/share/ament_cmake/cmake)
[0.437s] -- Found Python3: /usr/bin/python3 (found version "3.10.12") found components: Interpreter 
[0.524s] -- Found rclcpp: 16.0.12 (/opt/ros/humble/share/rclcpp/cmake)
[0.564s] -- Found rosidl_generator_c: 3.1.6 (/opt/ros/humble/share/rosidl_generator_c/cmake)
[0.569s] -- Found rosidl_adapter: 3.1.6 (/opt/ros/humble/share/rosidl_adapter/cmake)
[0.577s] -- Found rosidl_generator_cpp: 3.1.6 (/opt/ros/humble/share/rosidl_generator_cpp/cmake)
[0.588s] -- Using all available rosidl_typesupport_c: rosidl_typesupport_fastrtps_c;rosidl_typesupport_introspection_c
[0.604s] -- Using all available rosidl_typesupport_cpp: rosidl_typesupport_fastrtps_cpp;rosidl_typesupport_introspection_cpp
[0.647s] -- Found rmw_implementation_cmake: 6.1.2 (/opt/ros/humble/share/rmw_implementation_cmake/cmake)
[0.650s] -- Found rmw_cyclonedds_cpp: 1.3.4 (/opt/ros/humble/share/rmw_cyclonedds_cpp/cmake)
[0.670s] -- Using RMW implementation 'rmw_cyclonedds_cpp' as default
[0.678s] -- Looking for pthread.h
[0.743s] -- Looking for pthread.h - found
[0.743s] -- Performing Test CMAKE_HAVE_LIBC_PTHREAD
[0.813s] -- Performing Test CMAKE_HAVE_LIBC_PTHREAD - Success
[0.813s] -- Found Threads: TRUE  
[0.863s] -- Found rclpy: 3.3.16 (/opt/ros/humble/share/rclpy/cmake)
[0.864s] -- Found geometry_msgs: 4.8.0 (/opt/ros/humble/share/geometry_msgs/cmake)
[0.878s] -- Found sensor_msgs: 4.8.0 (/opt/ros/humble/share/sensor_msgs/cmake)
[0.896s] -- Found nav_msgs: 4.8.0 (/opt/ros/humble/share/nav_msgs/cmake)
[0.913s] -- Found tf2_geometry_msgs: 0.25.12 (/opt/ros/humble/share/tf2_geometry_msgs/cmake)
[0.927s] -- Found eigen3_cmake_module: 0.1.1 (/opt/ros/humble/share/eigen3_cmake_module/cmake)
[0.928s] -- Found Eigen3: TRUE (found version "3.4.0") 
[0.928s] -- Ensuring Eigen3 include directory is part of orocos-kdl CMake target
[1.031s] -- Found trajectory_msgs: 4.8.0 (/opt/ros/humble/share/trajectory_msgs/cmake)
[1.199s] -- Configuring done
[1.220s] -- Generating done
[1.226s] -- Build files have been written to: /home/kevin/bumperbot_ws/build/bumperbot_controller
[1.247s] Invoked command in '/home/kevin/bumperbot_ws/build/bumperbot_controller' returned '0': CMAKE_PREFIX_PATH=/opt/ros/humble /usr/bin/cmake /home/kevin/bumperbot_ws/src/bumperbot_controller -DCMAKE_INSTALL_PREFIX=/home/kevin/bumperbot_ws/install/bumperbot_controller
[1.247s] Invoking command in '/home/kevin/bumperbot_ws/build/bumperbot_controller': CMAKE_PREFIX_PATH=/opt/ros/humble /usr/bin/cmake --build /home/kevin/bumperbot_ws/build/bumperbot_controller -- -j6 -l6
[1.326s] [ 25%] [32mBuilding CXX object CMakeFiles/simple_controller.dir/src/simple_controller.cpp.o[0m
[1.329s] [ 50%] [32mBuilding CXX object CMakeFiles/twist_relay.dir/src/twist_relay.cpp.o[0m
[1.345s] [ 50%] Built target ament_cmake_python_copy_bumperbot_controller
[1.721s] running egg_info
[1.723s] creating bumperbot_controller.egg-info
[1.723s] writing bumperbot_controller.egg-info/PKG-INFO
[1.723s] writing dependency_links to bumperbot_controller.egg-info/dependency_links.txt
[1.723s] writing top-level names to bumperbot_controller.egg-info/top_level.txt
[1.723s] writing manifest file 'bumperbot_controller.egg-info/SOURCES.txt'
[1.725s] reading manifest file 'bumperbot_controller.egg-info/SOURCES.txt'
[1.725s] writing manifest file 'bumperbot_controller.egg-info/SOURCES.txt'
[1.757s] [ 50%] Built target ament_cmake_python_build_bumperbot_controller_egg
[12.877s] [ 75%] [32m[1mLinking CXX executable twist_relay[0m
[13.377s] [ 75%] Built target twist_relay
[16.836s] [100%] [32m[1mLinking CXX executable simple_controller[0m
[17.547s] [100%] Built target simple_controller
[17.557s] Invoked command in '/home/kevin/bumperbot_ws/build/bumperbot_controller' returned '0': CMAKE_PREFIX_PATH=/opt/ros/humble /usr/bin/cmake --build /home/kevin/bumperbot_ws/build/bumperbot_controller -- -j6 -l6
[17.558s] Invoking command in '/home/kevin/bumperbot_ws/build/bumperbot_controller': CMAKE_PREFIX_PATH=/opt/ros/humble /usr/bin/cmake --install /home/kevin/bumperbot_ws/build/bumperbot_controller
[17.565s] -- Install configuration: ""
[17.565s] -- Installing: /home/kevin/bumperbot_ws/install/bumperbot_controller/share/bumperbot_controller/environment/pythonpath.sh
[17.565s] -- Installing: /home/kevin/bumperbot_ws/install/bumperbot_controller/share/bumperbot_controller/environment/pythonpath.dsv
[17.565s] -- Installing: /home/kevin/bumperbot_ws/install/bumperbot_controller/local/lib/python3.10/dist-packages/bumperbot_controller-0.0.0-py3.10.egg-info
[17.565s] -- Installing: /home/kevin/bumperbot_ws/install/bumperbot_controller/local/lib/python3.10/dist-packages/bumperbot_controller-0.0.0-py3.10.egg-info/PKG-INFO
[17.565s] -- Installing: /home/kevin/bumperbot_ws/install/bumperbot_controller/local/lib/python3.10/dist-packages/bumperbot_controller-0.0.0-py3.10.egg-info/top_level.txt
[17.565s] -- Installing: /home/kevin/bumperbot_ws/install/bumperbot_controller/local/lib/python3.10/dist-packages/bumperbot_controller-0.0.0-py3.10.egg-info/dependency_links.txt
[17.566s] -- Installing: /home/kevin/bumperbot_ws/install/bumperbot_controller/local/lib/python3.10/dist-packages/bumperbot_controller-0.0.0-py3.10.egg-info/SOURCES.txt
[17.566s] -- Installing: /home/kevin/bumperbot_ws/install/bumperbot_controller/local/lib/python3.10/dist-packages/bumperbot_controller
[17.566s] -- Installing: /home/kevin/bumperbot_ws/install/bumperbot_controller/local/lib/python3.10/dist-packages/bumperbot_controller/__init__.py
[17.566s] -- Installing: /home/kevin/bumperbot_ws/install/bumperbot_controller/local/lib/python3.10/dist-packages/bumperbot_controller/twist_relay.py
[17.597s] Listing '/home/kevin/bumperbot_ws/install/bumperbot_controller/local/lib/python3.10/dist-packages/bumperbot_controller'...
[17.597s] Compiling '/home/kevin/bumperbot_ws/install/bumperbot_controller/local/lib/python3.10/dist-packages/bumperbot_controller/__init__.py'...
[17.597s] Compiling '/home/kevin/bumperbot_ws/install/bumperbot_controller/local/lib/python3.10/dist-packages/bumperbot_controller/twist_relay.py'...
[17.602s] -- Installing: /home/kevin/bumperbot_ws/install/bumperbot_controller/lib/bumperbot_controller/simple_controller
[17.608s] -- Set runtime path of "/home/kevin/bumperbot_ws/install/bumperbot_controller/lib/bumperbot_controller/simple_controller" to ""
[17.608s] -- Installing: /home/kevin/bumperbot_ws/install/bumperbot_controller/lib/bumperbot_controller/twist_relay
[17.613s] -- Set runtime path of "/home/kevin/bumperbot_ws/install/bumperbot_controller/lib/bumperbot_controller/twist_relay" to ""
[17.613s] -- Installing: /home/kevin/bumperbot_ws/install/bumperbot_controller/share/bumperbot_controller/launch
[17.613s] -- Installing: /home/kevin/bumperbot_ws/install/bumperbot_controller/share/bumperbot_controller/launch/joystick_teleop.launch.py
[17.613s] -- Installing: /home/kevin/bumperbot_ws/install/bumperbot_controller/share/bumperbot_controller/launch/controller.launch.py
[17.613s] -- Installing: /home/kevin/bumperbot_ws/install/bumperbot_controller/share/bumperbot_controller/config
[17.613s] -- Installing: /home/kevin/bumperbot_ws/install/bumperbot_controller/share/bumperbot_controller/config/joy_teleop.yaml
[17.613s] -- Installing: /home/kevin/bumperbot_ws/install/bumperbot_controller/share/bumperbot_controller/config/twist_mux_topics.yaml
[17.613s] -- Installing: /home/kevin/bumperbot_ws/install/bumperbot_controller/share/bumperbot_controller/config/twist_mux_locks.yaml
[17.613s] -- Installing: /home/kevin/bumperbot_ws/install/bumperbot_controller/share/bumperbot_controller/config/twist_mux_joy.yaml
[17.613s] -- Installing: /home/kevin/bumperbot_ws/install/bumperbot_controller/share/bumperbot_controller/config/controller_velocity.yaml
[17.614s] -- Installing: /home/kevin/bumperbot_ws/install/bumperbot_controller/share/bumperbot_controller/config/joy_config.yaml
[17.614s] -- Installing: /home/kevin/bumperbot_ws/install/bumperbot_controller/lib/bumperbot_controller/twist_relay.py
[17.614s] -- Installing: /home/kevin/bumperbot_ws/install/bumperbot_controller/share/ament_index/resource_index/package_run_dependencies/bumperbot_controller
[17.614s] -- Installing: /home/kevin/bumperbot_ws/install/bumperbot_controller/share/ament_index/resource_index/parent_prefix_path/bumperbot_controller
[17.614s] -- Installing: /home/kevin/bumperbot_ws/install/bumperbot_controller/share/bumperbot_controller/environment/ament_prefix_path.sh
[17.614s] -- Installing: /home/kevin/bumperbot_ws/install/bumperbot_controller/share/bumperbot_controller/environment/ament_prefix_path.dsv
[17.614s] -- Installing: /home/kevin/bumperbot_ws/install/bumperbot_controller/share/bumperbot_controller/environment/path.sh
[17.614s] -- Installing: /home/kevin/bumperbot_ws/install/bumperbot_controller/share/bumperbot_controller/environment/path.dsv
[17.614s] -- Installing: /home/kevin/bumperbot_ws/install/bumperbot_controller/share/bumperbot_controller/local_setup.bash
[17.615s] -- Installing: /home/kevin/bumperbot_ws/install/bumperbot_controller/share/bumperbot_controller/local_setup.sh
[17.615s] -- Installing: /home/kevin/bumperbot_ws/install/bumperbot_controller/share/bumperbot_controller/local_setup.zsh
[17.615s] -- Installing: /home/kevin/bumperbot_ws/install/bumperbot_controller/share/bumperbot_controller/local_setup.dsv
[17.615s] -- Installing: /home/kevin/bumperbot_ws/install/bumperbot_controller/share/bumperbot_controller/package.dsv
[17.615s] -- Installing: /home/kevin/bumperbot_ws/install/bumperbot_controller/share/ament_index/resource_index/packages/bumperbot_controller
[17.615s] -- Installing: /home/kevin/bumperbot_ws/install/bumperbot_controller/share/bumperbot_controller/cmake/bumperbot_controllerConfig.cmake
[17.615s] -- Installing: /home/kevin/bumperbot_ws/install/bumperbot_controller/share/bumperbot_controller/cmake/bumperbot_controllerConfig-version.cmake
[17.616s] -- Installing: /home/kevin/bumperbot_ws/install/bumperbot_controller/share/bumperbot_controller/package.xml
[17.618s] Invoked command in '/home/kevin/bumperbot_ws/build/bumperbot_controller' returned '0': CMAKE_PREFIX_PATH=/opt/ros/humble /usr/bin/cmake --install /home/kevin/bumperbot_ws/build/bumperbot_controller
