[0.012s] Invoking command in '/home/kevin/bumperbot_ws/build/bumperbot_mapping': CMAKE_PREFIX_PATH=/opt/ros/humble /usr/bin/cmake /home/kevin/bumperbot_ws/src/bumperbot_mapping -DCMAKE_INSTALL_PREFIX=/home/kevin/bumperbot_ws/install/bumperbot_mapping
[0.065s] -- The C compiler identification is GNU 11.4.0
[0.120s] -- The CXX compiler identification is GNU 11.4.0
[0.126s] -- Detecting C compiler ABI info
[0.189s] -- Detecting C compiler ABI info - done
[0.196s] -- Check for working C compiler: /usr/bin/cc - skipped
[0.196s] -- Detecting C compile features
[0.196s] -- Detecting C compile features - done
[0.199s] -- Detecting CXX compiler ABI info
[0.272s] -- Detecting CXX compiler ABI info - done
[0.280s] -- Check for working CXX compiler: /usr/bin/c++ - skipped
[0.281s] -- Detecting CXX compile features
[0.281s] -- Detecting CXX compile features - done
[0.283s] -- Found ament_cmake: 1.3.11 (/opt/ros/humble/share/ament_cmake/cmake)
[0.426s] -- Found Python3: /usr/bin/python3 (found version "3.10.12") found components: Interpreter 
[0.513s] -- Found rclcpp: 16.0.12 (/opt/ros/humble/share/rclcpp/cmake)
[0.552s] -- Found rosidl_generator_c: 3.1.6 (/opt/ros/humble/share/rosidl_generator_c/cmake)
[0.557s] -- Found rosidl_adapter: 3.1.6 (/opt/ros/humble/share/rosidl_adapter/cmake)
[0.565s] -- Found rosidl_generator_cpp: 3.1.6 (/opt/ros/humble/share/rosidl_generator_cpp/cmake)
[0.576s] -- Using all available rosidl_typesupport_c: rosidl_typesupport_fastrtps_c;rosidl_typesupport_introspection_c
[0.592s] -- Using all available rosidl_typesupport_cpp: rosidl_typesupport_fastrtps_cpp;rosidl_typesupport_introspection_cpp
[0.634s] -- Found rmw_implementation_cmake: 6.1.2 (/opt/ros/humble/share/rmw_implementation_cmake/cmake)
[0.636s] -- Found rmw_cyclonedds_cpp: 1.3.4 (/opt/ros/humble/share/rmw_cyclonedds_cpp/cmake)
[0.656s] -- Using RMW implementation 'rmw_cyclonedds_cpp' as default
[0.664s] -- Looking for pthread.h
[0.731s] -- Looking for pthread.h - found
[0.734s] -- Performing Test CMAKE_HAVE_LIBC_PTHREAD
[0.799s] -- Performing Test CMAKE_HAVE_LIBC_PTHREAD - Success
[0.800s] -- Found Threads: TRUE  
[0.852s] -- Found rclpy: 3.3.16 (/opt/ros/humble/share/rclpy/cmake)
[0.853s] -- Found sensor_msgs: 4.8.0 (/opt/ros/humble/share/sensor_msgs/cmake)
[0.884s] -- Found nav_msgs: 4.8.0 (/opt/ros/humble/share/nav_msgs/cmake)
[0.902s] -- Found tf2_ros: 0.25.12 (/opt/ros/humble/share/tf2_ros/cmake)
[1.151s] -- Configuring done
[1.163s] -- Generating done
[1.166s] -- Build files have been written to: /home/kevin/bumperbot_ws/build/bumperbot_mapping
[1.176s] Invoked command in '/home/kevin/bumperbot_ws/build/bumperbot_mapping' returned '0': CMAKE_PREFIX_PATH=/opt/ros/humble /usr/bin/cmake /home/kevin/bumperbot_ws/src/bumperbot_mapping -DCMAKE_INSTALL_PREFIX=/home/kevin/bumperbot_ws/install/bumperbot_mapping
[1.177s] Invoking command in '/home/kevin/bumperbot_ws/build/bumperbot_mapping': CMAKE_PREFIX_PATH=/opt/ros/humble /usr/bin/cmake --build /home/kevin/bumperbot_ws/build/bumperbot_mapping -- -j6 -l6
[1.236s] [ 50%] [32mBuilding CXX object CMakeFiles/mapping_with_known_poses.dir/src/mapping_with_known_poses.cpp.o[0m
[1.257s] [ 50%] Built target ament_cmake_python_copy_bumperbot_mapping
[1.552s] running egg_info
[1.553s] creating bumperbot_mapping.egg-info
[1.560s] writing bumperbot_mapping.egg-info/PKG-INFO
[1.560s] writing dependency_links to bumperbot_mapping.egg-info/dependency_links.txt
[1.560s] writing top-level names to bumperbot_mapping.egg-info/top_level.txt
[1.560s] writing manifest file 'bumperbot_mapping.egg-info/SOURCES.txt'
[1.566s] reading manifest file 'bumperbot_mapping.egg-info/SOURCES.txt'
[1.566s] writing manifest file 'bumperbot_mapping.egg-info/SOURCES.txt'
[1.619s] [ 50%] Built target ament_cmake_python_build_bumperbot_mapping_egg
[10.483s] [100%] [32m[1mLinking CXX executable mapping_with_known_poses[0m
[10.994s] [100%] Built target mapping_with_known_poses
[11.005s] Invoked command in '/home/kevin/bumperbot_ws/build/bumperbot_mapping' returned '0': CMAKE_PREFIX_PATH=/opt/ros/humble /usr/bin/cmake --build /home/kevin/bumperbot_ws/build/bumperbot_mapping -- -j6 -l6
[11.007s] Invoking command in '/home/kevin/bumperbot_ws/build/bumperbot_mapping': CMAKE_PREFIX_PATH=/opt/ros/humble /usr/bin/cmake --install /home/kevin/bumperbot_ws/build/bumperbot_mapping
[11.013s] -- Install configuration: ""
[11.013s] -- Installing: /home/kevin/bumperbot_ws/install/bumperbot_mapping/share/bumperbot_mapping/environment/pythonpath.sh
[11.013s] -- Installing: /home/kevin/bumperbot_ws/install/bumperbot_mapping/share/bumperbot_mapping/environment/pythonpath.dsv
[11.013s] -- Installing: /home/kevin/bumperbot_ws/install/bumperbot_mapping/local/lib/python3.10/dist-packages/bumperbot_mapping-0.0.0-py3.10.egg-info
[11.014s] -- Installing: /home/kevin/bumperbot_ws/install/bumperbot_mapping/local/lib/python3.10/dist-packages/bumperbot_mapping-0.0.0-py3.10.egg-info/PKG-INFO
[11.014s] -- Installing: /home/kevin/bumperbot_ws/install/bumperbot_mapping/local/lib/python3.10/dist-packages/bumperbot_mapping-0.0.0-py3.10.egg-info/top_level.txt
[11.014s] -- Installing: /home/kevin/bumperbot_ws/install/bumperbot_mapping/local/lib/python3.10/dist-packages/bumperbot_mapping-0.0.0-py3.10.egg-info/dependency_links.txt
[11.014s] -- Installing: /home/kevin/bumperbot_ws/install/bumperbot_mapping/local/lib/python3.10/dist-packages/bumperbot_mapping-0.0.0-py3.10.egg-info/SOURCES.txt
[11.014s] -- Installing: /home/kevin/bumperbot_ws/install/bumperbot_mapping/local/lib/python3.10/dist-packages/bumperbot_mapping
[11.018s] -- Installing: /home/kevin/bumperbot_ws/install/bumperbot_mapping/local/lib/python3.10/dist-packages/bumperbot_mapping/mapping_with_known_poses.py
[11.018s] -- Installing: /home/kevin/bumperbot_ws/install/bumperbot_mapping/local/lib/python3.10/dist-packages/bumperbot_mapping/__init__.py
[11.046s] Listing '/home/kevin/bumperbot_ws/install/bumperbot_mapping/local/lib/python3.10/dist-packages/bumperbot_mapping'...
[11.046s] Compiling '/home/kevin/bumperbot_ws/install/bumperbot_mapping/local/lib/python3.10/dist-packages/bumperbot_mapping/__init__.py'...
[11.046s] Compiling '/home/kevin/bumperbot_ws/install/bumperbot_mapping/local/lib/python3.10/dist-packages/bumperbot_mapping/mapping_with_known_poses.py'...
[11.051s] -- Installing: /home/kevin/bumperbot_ws/install/bumperbot_mapping/include/include
[11.051s] -- Installing: /home/kevin/bumperbot_ws/install/bumperbot_mapping/include/include/bumperbot_mapping
[11.051s] -- Installing: /home/kevin/bumperbot_ws/install/bumperbot_mapping/include/include/bumperbot_mapping/mapping_with_known_poses.hpp
[11.051s] -- Installing: /home/kevin/bumperbot_ws/install/bumperbot_mapping/lib/bumperbot_mapping/mapping_with_known_poses
[11.054s] -- Set runtime path of "/home/kevin/bumperbot_ws/install/bumperbot_mapping/lib/bumperbot_mapping/mapping_with_known_poses" to ""
[11.054s] -- Installing: /home/kevin/bumperbot_ws/install/bumperbot_mapping/share/bumperbot_mapping/config
[11.054s] -- Installing: /home/kevin/bumperbot_ws/install/bumperbot_mapping/share/bumperbot_mapping/config/slam_toolbox.yaml
[11.054s] -- Installing: /home/kevin/bumperbot_ws/install/bumperbot_mapping/share/bumperbot_mapping/launch
[11.054s] -- Installing: /home/kevin/bumperbot_ws/install/bumperbot_mapping/share/bumperbot_mapping/launch/slam.launch.py
[11.055s] -- Installing: /home/kevin/bumperbot_ws/install/bumperbot_mapping/share/bumperbot_mapping/maps
[11.055s] -- Installing: /home/kevin/bumperbot_ws/install/bumperbot_mapping/share/bumperbot_mapping/maps/small_warehouse
[11.055s] -- Installing: /home/kevin/bumperbot_ws/install/bumperbot_mapping/share/bumperbot_mapping/maps/small_warehouse/map.pgm
[11.055s] -- Installing: /home/kevin/bumperbot_ws/install/bumperbot_mapping/share/bumperbot_mapping/maps/small_warehouse/map.yaml
[11.055s] -- Installing: /home/kevin/bumperbot_ws/install/bumperbot_mapping/share/bumperbot_mapping/maps/small_house
[11.055s] -- Installing: /home/kevin/bumperbot_ws/install/bumperbot_mapping/share/bumperbot_mapping/maps/small_house/map.pgm
[11.055s] -- Installing: /home/kevin/bumperbot_ws/install/bumperbot_mapping/share/bumperbot_mapping/maps/small_house/map.yaml
[11.055s] -- Installing: /home/kevin/bumperbot_ws/install/bumperbot_mapping/share/bumperbot_mapping/rviz
[11.056s] -- Installing: /home/kevin/bumperbot_ws/install/bumperbot_mapping/share/bumperbot_mapping/rviz/slam.rviz
[11.056s] -- Installing: /home/kevin/bumperbot_ws/install/bumperbot_mapping/lib/bumperbot_mapping/mapping_with_known_poses.py
[11.056s] -- Installing: /home/kevin/bumperbot_ws/install/bumperbot_mapping/share/ament_index/resource_index/package_run_dependencies/bumperbot_mapping
[11.056s] -- Installing: /home/kevin/bumperbot_ws/install/bumperbot_mapping/share/ament_index/resource_index/parent_prefix_path/bumperbot_mapping
[11.056s] -- Installing: /home/kevin/bumperbot_ws/install/bumperbot_mapping/share/bumperbot_mapping/environment/ament_prefix_path.sh
[11.056s] -- Installing: /home/kevin/bumperbot_ws/install/bumperbot_mapping/share/bumperbot_mapping/environment/ament_prefix_path.dsv
[11.056s] -- Installing: /home/kevin/bumperbot_ws/install/bumperbot_mapping/share/bumperbot_mapping/environment/path.sh
[11.056s] -- Installing: /home/kevin/bumperbot_ws/install/bumperbot_mapping/share/bumperbot_mapping/environment/path.dsv
[11.057s] -- Installing: /home/kevin/bumperbot_ws/install/bumperbot_mapping/share/bumperbot_mapping/local_setup.bash
[11.057s] -- Installing: /home/kevin/bumperbot_ws/install/bumperbot_mapping/share/bumperbot_mapping/local_setup.sh
[11.057s] -- Installing: /home/kevin/bumperbot_ws/install/bumperbot_mapping/share/bumperbot_mapping/local_setup.zsh
[11.057s] -- Installing: /home/kevin/bumperbot_ws/install/bumperbot_mapping/share/bumperbot_mapping/local_setup.dsv
[11.057s] -- Installing: /home/kevin/bumperbot_ws/install/bumperbot_mapping/share/bumperbot_mapping/package.dsv
[11.057s] -- Installing: /home/kevin/bumperbot_ws/install/bumperbot_mapping/share/ament_index/resource_index/packages/bumperbot_mapping
[11.057s] -- Installing: /home/kevin/bumperbot_ws/install/bumperbot_mapping/share/bumperbot_mapping/cmake/bumperbot_mappingConfig.cmake
[11.057s] -- Installing: /home/kevin/bumperbot_ws/install/bumperbot_mapping/share/bumperbot_mapping/cmake/bumperbot_mappingConfig-version.cmake
[11.058s] -- Installing: /home/kevin/bumperbot_ws/install/bumperbot_mapping/share/bumperbot_mapping/package.xml
[11.060s] Invoked command in '/home/kevin/bumperbot_ws/build/bumperbot_mapping' returned '0': CMAKE_PREFIX_PATH=/opt/ros/humble /usr/bin/cmake --install /home/kevin/bumperbot_ws/build/bumperbot_mapping
