-- The C compiler identification is GNU 11.4.0
-- The CXX compiler identification is GNU 11.4.0
-- Detecting C compiler ABI info
-- Detecting C compiler ABI info - done
-- Check for working C compiler: /usr/bin/cc - skipped
-- Detecting C compile features
-- Detecting C compile features - done
-- Detecting CXX compiler ABI info
-- Detecting CXX compiler ABI info - done
-- Check for working CXX compiler: /usr/bin/c++ - skipped
-- Detecting CXX compile features
-- Detecting CXX compile features - done
-- Found ament_cmake: 1.3.11 (/opt/ros/humble/share/ament_cmake/cmake)
-- Found Python3: /usr/bin/python3 (found version "3.10.12") found components: Interpreter 
-- Found rclcpp: 16.0.12 (/opt/ros/humble/share/rclcpp/cmake)
-- Found rosidl_generator_c: 3.1.6 (/opt/ros/humble/share/rosidl_generator_c/cmake)
-- Found rosidl_adapter: 3.1.6 (/opt/ros/humble/share/rosidl_adapter/cmake)
-- Found rosidl_generator_cpp: 3.1.6 (/opt/ros/humble/share/rosidl_generator_cpp/cmake)
-- Using all available rosidl_typesupport_c: rosidl_typesupport_fastrtps_c;rosidl_typesupport_introspection_c
-- Using all available rosidl_typesupport_cpp: rosidl_typesupport_fastrtps_cpp;rosidl_typesupport_introspection_cpp
-- Found rmw_implementation_cmake: 6.1.2 (/opt/ros/humble/share/rmw_implementation_cmake/cmake)
-- Found rmw_cyclonedds_cpp: 1.3.4 (/opt/ros/humble/share/rmw_cyclonedds_cpp/cmake)
-- Using RMW implementation 'rmw_cyclonedds_cpp' as default
-- Looking for pthread.h
-- Looking for pthread.h - found
-- Performing Test CMAKE_HAVE_LIBC_PTHREAD
-- Performing Test CMAKE_HAVE_LIBC_PTHREAD - Success
-- Found Threads: TRUE  
-- Found rclpy: 3.3.16 (/opt/ros/humble/share/rclpy/cmake)
-- Found nav_msgs: 4.8.0 (/opt/ros/humble/share/nav_msgs/cmake)
-- Found tf2_ros: 0.25.12 (/opt/ros/humble/share/tf2_ros/cmake)
-- Configuring done
-- Generating done
-- Build files have been written to: /home/kevin/rover_ws/build/rover_planning
[ 25%] [32mBuilding CXX object CMakeFiles/a_star_planner.dir/src/a_star_planner.cpp.o[0m
[ 50%] [32mBuilding CXX object CMakeFiles/dijkstra_planner.dir/src/dijkstra_planner.cpp.o[0m
[ 50%] Built target ament_cmake_python_copy_rover_planning
running egg_info
creating rover_planning.egg-info
writing rover_planning.egg-info/PKG-INFO
writing dependency_links to rover_planning.egg-info/dependency_links.txt
writing top-level names to rover_planning.egg-info/top_level.txt
writing manifest file 'rover_planning.egg-info/SOURCES.txt'
reading manifest file 'rover_planning.egg-info/SOURCES.txt'
writing manifest file 'rover_planning.egg-info/SOURCES.txt'
[ 50%] Built target ament_cmake_python_build_rover_planning_egg
[ 75%] [32m[1mLinking CXX executable a_star_planner[0m
[ 75%] Built target a_star_planner
[100%] [32m[1mLinking CXX executable dijkstra_planner[0m
[100%] Built target dijkstra_planner
-- Install configuration: ""
-- Installing: /home/kevin/rover_ws/install/rover_planning/share/rover_planning/environment/pythonpath.sh
-- Installing: /home/kevin/rover_ws/install/rover_planning/share/rover_planning/environment/pythonpath.dsv
-- Installing: /home/kevin/rover_ws/install/rover_planning/local/lib/python3.10/dist-packages/rover_planning-0.0.0-py3.10.egg-info
-- Installing: /home/kevin/rover_ws/install/rover_planning/local/lib/python3.10/dist-packages/rover_planning-0.0.0-py3.10.egg-info/PKG-INFO
-- Installing: /home/kevin/rover_ws/install/rover_planning/local/lib/python3.10/dist-packages/rover_planning-0.0.0-py3.10.egg-info/top_level.txt
-- Installing: /home/kevin/rover_ws/install/rover_planning/local/lib/python3.10/dist-packages/rover_planning-0.0.0-py3.10.egg-info/dependency_links.txt
-- Installing: /home/kevin/rover_ws/install/rover_planning/local/lib/python3.10/dist-packages/rover_planning-0.0.0-py3.10.egg-info/SOURCES.txt
-- Installing: /home/kevin/rover_ws/install/rover_planning/local/lib/python3.10/dist-packages/rover_planning
-- Installing: /home/kevin/rover_ws/install/rover_planning/local/lib/python3.10/dist-packages/rover_planning/__init__.py
-- Installing: /home/kevin/rover_ws/install/rover_planning/local/lib/python3.10/dist-packages/rover_planning/a_star_planner.py
-- Installing: /home/kevin/rover_ws/install/rover_planning/local/lib/python3.10/dist-packages/rover_planning/dijkstra_planner.py
Listing '/home/kevin/rover_ws/install/rover_planning/local/lib/python3.10/dist-packages/rover_planning'...
Compiling '/home/kevin/rover_ws/install/rover_planning/local/lib/python3.10/dist-packages/rover_planning/__init__.py'...
Compiling '/home/kevin/rover_ws/install/rover_planning/local/lib/python3.10/dist-packages/rover_planning/a_star_planner.py'...
Compiling '/home/kevin/rover_ws/install/rover_planning/local/lib/python3.10/dist-packages/rover_planning/dijkstra_planner.py'...
-- Installing: /home/kevin/rover_ws/install/rover_planning/include/include
-- Installing: /home/kevin/rover_ws/install/rover_planning/include/include/rover_planning
-- Installing: /home/kevin/rover_ws/install/rover_planning/include/include/rover_planning/a_star_planner.hpp
-- Installing: /home/kevin/rover_ws/install/rover_planning/include/include/rover_planning/dijkstra_planner.hpp
-- Installing: /home/kevin/rover_ws/install/rover_planning/lib/rover_planning/dijkstra_planner
-- Set runtime path of "/home/kevin/rover_ws/install/rover_planning/lib/rover_planning/dijkstra_planner" to ""
-- Installing: /home/kevin/rover_ws/install/rover_planning/lib/rover_planning/a_star_planner
-- Set runtime path of "/home/kevin/rover_ws/install/rover_planning/lib/rover_planning/a_star_planner" to ""
-- Installing: /home/kevin/rover_ws/install/rover_planning/lib/rover_planning/a_star_planner.py
-- Installing: /home/kevin/rover_ws/install/rover_planning/lib/rover_planning/dijkstra_planner.py
-- Installing: /home/kevin/rover_ws/install/rover_planning/share/ament_index/resource_index/package_run_dependencies/rover_planning
-- Installing: /home/kevin/rover_ws/install/rover_planning/share/ament_index/resource_index/parent_prefix_path/rover_planning
-- Installing: /home/kevin/rover_ws/install/rover_planning/share/rover_planning/environment/ament_prefix_path.sh
-- Installing: /home/kevin/rover_ws/install/rover_planning/share/rover_planning/environment/ament_prefix_path.dsv
-- Installing: /home/kevin/rover_ws/install/rover_planning/share/rover_planning/environment/path.sh
-- Installing: /home/kevin/rover_ws/install/rover_planning/share/rover_planning/environment/path.dsv
-- Installing: /home/kevin/rover_ws/install/rover_planning/share/rover_planning/local_setup.bash
-- Installing: /home/kevin/rover_ws/install/rover_planning/share/rover_planning/local_setup.sh
-- Installing: /home/kevin/rover_ws/install/rover_planning/share/rover_planning/local_setup.zsh
-- Installing: /home/kevin/rover_ws/install/rover_planning/share/rover_planning/local_setup.dsv
-- Installing: /home/kevin/rover_ws/install/rover_planning/share/rover_planning/package.dsv
-- Installing: /home/kevin/rover_ws/install/rover_planning/share/ament_index/resource_index/packages/rover_planning
-- Installing: /home/kevin/rover_ws/install/rover_planning/share/rover_planning/cmake/ament_cmake_export_include_directories-extras.cmake
-- Installing: /home/kevin/rover_ws/install/rover_planning/share/rover_planning/cmake/ament_cmake_export_dependencies-extras.cmake
-- Installing: /home/kevin/rover_ws/install/rover_planning/share/rover_planning/cmake/rover_planningConfig.cmake
-- Installing: /home/kevin/rover_ws/install/rover_planning/share/rover_planning/cmake/rover_planningConfig-version.cmake
-- Installing: /home/kevin/rover_ws/install/rover_planning/share/rover_planning/package.xml
