[0.021s] Invoking command in '/home/kevin/rover_ws/build/rover_planning': CMAKE_PREFIX_PATH=${CMAKE_PREFIX_PATH}:/home/kevin/osr_ws/install/osr_control:/opt/ros/humble /usr/bin/cmake /home/kevin/rover_ws/src/rover_planning -DCMAKE_INSTALL_PREFIX=/home/kevin/rover_ws/install/rover_planning
[0.106s] -- The C compiler identification is GNU 11.4.0
[0.170s] -- The CXX compiler identification is GNU 11.4.0
[0.177s] -- Detecting C compiler ABI info
[0.246s] -- Detecting C compiler ABI info - done
[0.255s] -- Check for working C compiler: /usr/bin/cc - skipped
[0.255s] -- Detecting C compile features
[0.256s] -- Detecting C compile features - done
[0.260s] -- Detecting CXX compiler ABI info
[0.373s] -- Detecting CXX compiler ABI info - done
[0.386s] -- Check for working CXX compiler: /usr/bin/c++ - skipped
[0.386s] -- Detecting CXX compile features
[0.386s] -- Detecting CXX compile features - done
[0.398s] -- Found ament_cmake: 1.3.11 (/opt/ros/humble/share/ament_cmake/cmake)
[0.612s] -- Found Python3: /usr/bin/python3 (found version "3.10.12") found components: Interpreter 
[0.684s] -- Found rclcpp: 16.0.12 (/opt/ros/humble/share/rclcpp/cmake)
[0.730s] -- Found rosidl_generator_c: 3.1.6 (/opt/ros/humble/share/rosidl_generator_c/cmake)
[0.736s] -- Found rosidl_adapter: 3.1.6 (/opt/ros/humble/share/rosidl_adapter/cmake)
[0.745s] -- Found rosidl_generator_cpp: 3.1.6 (/opt/ros/humble/share/rosidl_generator_cpp/cmake)
[0.758s] -- Using all available rosidl_typesupport_c: rosidl_typesupport_fastrtps_c;rosidl_typesupport_introspection_c
[0.775s] -- Using all available rosidl_typesupport_cpp: rosidl_typesupport_fastrtps_cpp;rosidl_typesupport_introspection_cpp
[0.823s] -- Found rmw_implementation_cmake: 6.1.2 (/opt/ros/humble/share/rmw_implementation_cmake/cmake)
[0.826s] -- Found rmw_cyclonedds_cpp: 1.3.4 (/opt/ros/humble/share/rmw_cyclonedds_cpp/cmake)
[0.850s] -- Using RMW implementation 'rmw_cyclonedds_cpp' as default
[0.860s] -- Looking for pthread.h
[0.927s] -- Looking for pthread.h - found
[0.927s] -- Performing Test CMAKE_HAVE_LIBC_PTHREAD
[0.995s] -- Performing Test CMAKE_HAVE_LIBC_PTHREAD - Success
[0.996s] -- Found Threads: TRUE  
[1.049s] -- Found rclpy: 3.3.16 (/opt/ros/humble/share/rclpy/cmake)
[1.051s] -- Found nav_msgs: 4.8.0 (/opt/ros/humble/share/nav_msgs/cmake)
[1.085s] -- Found tf2_ros: 0.25.12 (/opt/ros/humble/share/tf2_ros/cmake)
[1.340s] -- Configuring done
[1.358s] -- Generating done
[1.364s] -- Build files have been written to: /home/kevin/rover_ws/build/rover_planning
[1.372s] Invoked command in '/home/kevin/rover_ws/build/rover_planning' returned '0': CMAKE_PREFIX_PATH=${CMAKE_PREFIX_PATH}:/home/kevin/osr_ws/install/osr_control:/opt/ros/humble /usr/bin/cmake /home/kevin/rover_ws/src/rover_planning -DCMAKE_INSTALL_PREFIX=/home/kevin/rover_ws/install/rover_planning
[1.375s] Invoking command in '/home/kevin/rover_ws/build/rover_planning': CMAKE_PREFIX_PATH=${CMAKE_PREFIX_PATH}:/home/kevin/osr_ws/install/osr_control:/opt/ros/humble /usr/bin/cmake --build /home/kevin/rover_ws/build/rover_planning -- -j6 -l6
[1.420s] [ 25%] [32mBuilding CXX object CMakeFiles/a_star_planner.dir/src/a_star_planner.cpp.o[0m
[1.421s] [ 50%] [32mBuilding CXX object CMakeFiles/dijkstra_planner.dir/src/dijkstra_planner.cpp.o[0m
[1.428s] [ 50%] Built target ament_cmake_python_copy_rover_planning
[1.688s] running egg_info
[1.688s] creating rover_planning.egg-info
[1.688s] writing rover_planning.egg-info/PKG-INFO
[1.688s] writing dependency_links to rover_planning.egg-info/dependency_links.txt
[1.689s] writing top-level names to rover_planning.egg-info/top_level.txt
[1.689s] writing manifest file 'rover_planning.egg-info/SOURCES.txt'
[1.690s] reading manifest file 'rover_planning.egg-info/SOURCES.txt'
[1.691s] writing manifest file 'rover_planning.egg-info/SOURCES.txt'
[1.715s] [ 50%] Built target ament_cmake_python_build_rover_planning_egg
[12.864s] [ 75%] [32m[1mLinking CXX executable a_star_planner[0m
[13.471s] [ 75%] Built target a_star_planner
[13.805s] [100%] [32m[1mLinking CXX executable dijkstra_planner[0m
[14.353s] [100%] Built target dijkstra_planner
[14.364s] Invoked command in '/home/kevin/rover_ws/build/rover_planning' returned '0': CMAKE_PREFIX_PATH=${CMAKE_PREFIX_PATH}:/home/kevin/osr_ws/install/osr_control:/opt/ros/humble /usr/bin/cmake --build /home/kevin/rover_ws/build/rover_planning -- -j6 -l6
[14.365s] Invoking command in '/home/kevin/rover_ws/build/rover_planning': CMAKE_PREFIX_PATH=${CMAKE_PREFIX_PATH}:/home/kevin/osr_ws/install/osr_control:/opt/ros/humble /usr/bin/cmake --install /home/kevin/rover_ws/build/rover_planning
[14.372s] -- Install configuration: ""
[14.372s] -- Installing: /home/kevin/rover_ws/install/rover_planning/share/rover_planning/environment/pythonpath.sh
[14.372s] -- Installing: /home/kevin/rover_ws/install/rover_planning/share/rover_planning/environment/pythonpath.dsv
[14.372s] -- Installing: /home/kevin/rover_ws/install/rover_planning/local/lib/python3.10/dist-packages/rover_planning-0.0.0-py3.10.egg-info
[14.372s] -- Installing: /home/kevin/rover_ws/install/rover_planning/local/lib/python3.10/dist-packages/rover_planning-0.0.0-py3.10.egg-info/PKG-INFO
[14.373s] -- Installing: /home/kevin/rover_ws/install/rover_planning/local/lib/python3.10/dist-packages/rover_planning-0.0.0-py3.10.egg-info/top_level.txt
[14.373s] -- Installing: /home/kevin/rover_ws/install/rover_planning/local/lib/python3.10/dist-packages/rover_planning-0.0.0-py3.10.egg-info/dependency_links.txt
[14.373s] -- Installing: /home/kevin/rover_ws/install/rover_planning/local/lib/python3.10/dist-packages/rover_planning-0.0.0-py3.10.egg-info/SOURCES.txt
[14.373s] -- Installing: /home/kevin/rover_ws/install/rover_planning/local/lib/python3.10/dist-packages/rover_planning
[14.373s] -- Installing: /home/kevin/rover_ws/install/rover_planning/local/lib/python3.10/dist-packages/rover_planning/__init__.py
[14.373s] -- Installing: /home/kevin/rover_ws/install/rover_planning/local/lib/python3.10/dist-packages/rover_planning/a_star_planner.py
[14.373s] -- Installing: /home/kevin/rover_ws/install/rover_planning/local/lib/python3.10/dist-packages/rover_planning/dijkstra_planner.py
[14.405s] Listing '/home/kevin/rover_ws/install/rover_planning/local/lib/python3.10/dist-packages/rover_planning'...
[14.406s] Compiling '/home/kevin/rover_ws/install/rover_planning/local/lib/python3.10/dist-packages/rover_planning/__init__.py'...
[14.406s] Compiling '/home/kevin/rover_ws/install/rover_planning/local/lib/python3.10/dist-packages/rover_planning/a_star_planner.py'...
[14.406s] Compiling '/home/kevin/rover_ws/install/rover_planning/local/lib/python3.10/dist-packages/rover_planning/dijkstra_planner.py'...
[14.409s] -- Installing: /home/kevin/rover_ws/install/rover_planning/include/include
[14.410s] -- Installing: /home/kevin/rover_ws/install/rover_planning/include/include/rover_planning
[14.410s] -- Installing: /home/kevin/rover_ws/install/rover_planning/include/include/rover_planning/a_star_planner.hpp
[14.410s] -- Installing: /home/kevin/rover_ws/install/rover_planning/include/include/rover_planning/dijkstra_planner.hpp
[14.410s] -- Installing: /home/kevin/rover_ws/install/rover_planning/lib/rover_planning/dijkstra_planner
[14.414s] -- Set runtime path of "/home/kevin/rover_ws/install/rover_planning/lib/rover_planning/dijkstra_planner" to ""
[14.415s] -- Installing: /home/kevin/rover_ws/install/rover_planning/lib/rover_planning/a_star_planner
[14.419s] -- Set runtime path of "/home/kevin/rover_ws/install/rover_planning/lib/rover_planning/a_star_planner" to ""
[14.419s] -- Installing: /home/kevin/rover_ws/install/rover_planning/lib/rover_planning/a_star_planner.py
[14.419s] -- Installing: /home/kevin/rover_ws/install/rover_planning/lib/rover_planning/dijkstra_planner.py
[14.419s] -- Installing: /home/kevin/rover_ws/install/rover_planning/share/ament_index/resource_index/package_run_dependencies/rover_planning
[14.420s] -- Installing: /home/kevin/rover_ws/install/rover_planning/share/ament_index/resource_index/parent_prefix_path/rover_planning
[14.420s] -- Installing: /home/kevin/rover_ws/install/rover_planning/share/rover_planning/environment/ament_prefix_path.sh
[14.420s] -- Installing: /home/kevin/rover_ws/install/rover_planning/share/rover_planning/environment/ament_prefix_path.dsv
[14.420s] -- Installing: /home/kevin/rover_ws/install/rover_planning/share/rover_planning/environment/path.sh
[14.420s] -- Installing: /home/kevin/rover_ws/install/rover_planning/share/rover_planning/environment/path.dsv
[14.420s] -- Installing: /home/kevin/rover_ws/install/rover_planning/share/rover_planning/local_setup.bash
[14.420s] -- Installing: /home/kevin/rover_ws/install/rover_planning/share/rover_planning/local_setup.sh
[14.421s] -- Installing: /home/kevin/rover_ws/install/rover_planning/share/rover_planning/local_setup.zsh
[14.421s] -- Installing: /home/kevin/rover_ws/install/rover_planning/share/rover_planning/local_setup.dsv
[14.421s] -- Installing: /home/kevin/rover_ws/install/rover_planning/share/rover_planning/package.dsv
[14.421s] -- Installing: /home/kevin/rover_ws/install/rover_planning/share/ament_index/resource_index/packages/rover_planning
[14.421s] -- Installing: /home/kevin/rover_ws/install/rover_planning/share/rover_planning/cmake/ament_cmake_export_include_directories-extras.cmake
[14.421s] -- Installing: /home/kevin/rover_ws/install/rover_planning/share/rover_planning/cmake/ament_cmake_export_dependencies-extras.cmake
[14.421s] -- Installing: /home/kevin/rover_ws/install/rover_planning/share/rover_planning/cmake/rover_planningConfig.cmake
[14.421s] -- Installing: /home/kevin/rover_ws/install/rover_planning/share/rover_planning/cmake/rover_planningConfig-version.cmake
[14.422s] -- Installing: /home/kevin/rover_ws/install/rover_planning/share/rover_planning/package.xml
[14.424s] Invoked command in '/home/kevin/rover_ws/build/rover_planning' returned '0': CMAKE_PREFIX_PATH=${CMAKE_PREFIX_PATH}:/home/kevin/osr_ws/install/osr_control:/opt/ros/humble /usr/bin/cmake --install /home/kevin/rover_ws/build/rover_planning
