[0.025s] Invoking command in '/home/kevin/rover_ws/build/rover_localization': CMAKE_PREFIX_PATH=${CMAKE_PREFIX_PATH}:/home/kevin/osr_ws/install/osr_control:/opt/ros/humble /usr/bin/cmake --build /home/kevin/rover_ws/build/rover_localization -- -j6 -l6
[0.103s] [ 33%] Built target kalman_filter
[0.104s] [ 66%] Built target imu_republisher
[0.109s] [ 66%] Built target ament_cmake_python_copy_rover_localization
[0.111s] [100%] Built target odometry_motion_model
[0.394s] running egg_info
[0.394s] writing rover_localization.egg-info/PKG-INFO
[0.394s] writing dependency_links to rover_localization.egg-info/dependency_links.txt
[0.394s] writing top-level names to rover_localization.egg-info/top_level.txt
[0.398s] reading manifest file 'rover_localization.egg-info/SOURCES.txt'
[0.400s] writing manifest file 'rover_localization.egg-info/SOURCES.txt'
[0.445s] [100%] Built target ament_cmake_python_build_rover_localization_egg
[0.579s] Invoked command in '/home/kevin/rover_ws/build/rover_localization' returned '0': CMAKE_PREFIX_PATH=${CMAKE_PREFIX_PATH}:/home/kevin/osr_ws/install/osr_control:/opt/ros/humble /usr/bin/cmake --build /home/kevin/rover_ws/build/rover_localization -- -j6 -l6
[0.580s] Invoking command in '/home/kevin/rover_ws/build/rover_localization': CMAKE_PREFIX_PATH=${CMAKE_PREFIX_PATH}:/home/kevin/osr_ws/install/osr_control:/opt/ros/humble /usr/bin/cmake --install /home/kevin/rover_ws/build/rover_localization
[0.595s] -- Install configuration: ""
[0.596s] -- Up-to-date: /home/kevin/rover_ws/install/rover_localization/share/rover_localization/environment/pythonpath.sh
[0.596s] -- Up-to-date: /home/kevin/rover_ws/install/rover_localization/share/rover_localization/environment/pythonpath.dsv
[0.596s] -- Up-to-date: /home/kevin/rover_ws/install/rover_localization/local/lib/python3.10/dist-packages/rover_localization-0.0.0-py3.10.egg-info
[0.596s] -- Installing: /home/kevin/rover_ws/install/rover_localization/local/lib/python3.10/dist-packages/rover_localization-0.0.0-py3.10.egg-info/PKG-INFO
[0.596s] -- Installing: /home/kevin/rover_ws/install/rover_localization/local/lib/python3.10/dist-packages/rover_localization-0.0.0-py3.10.egg-info/top_level.txt
[0.596s] -- Installing: /home/kevin/rover_ws/install/rover_localization/local/lib/python3.10/dist-packages/rover_localization-0.0.0-py3.10.egg-info/dependency_links.txt
[0.596s] -- Installing: /home/kevin/rover_ws/install/rover_localization/local/lib/python3.10/dist-packages/rover_localization-0.0.0-py3.10.egg-info/SOURCES.txt
[0.596s] -- Up-to-date: /home/kevin/rover_ws/install/rover_localization/local/lib/python3.10/dist-packages/rover_localization
[0.596s] -- Up-to-date: /home/kevin/rover_ws/install/rover_localization/local/lib/python3.10/dist-packages/rover_localization/kalman_filter.py
[0.596s] -- Up-to-date: /home/kevin/rover_ws/install/rover_localization/local/lib/python3.10/dist-packages/rover_localization/imu_republisher.py
[0.596s] -- Up-to-date: /home/kevin/rover_ws/install/rover_localization/local/lib/python3.10/dist-packages/rover_localization/__init__.py
[0.596s] -- Up-to-date: /home/kevin/rover_ws/install/rover_localization/local/lib/python3.10/dist-packages/rover_localization/odometry_motion_model.py
[0.608s] Listing '/home/kevin/rover_ws/install/rover_localization/local/lib/python3.10/dist-packages/rover_localization'...
[0.609s] -- Up-to-date: /home/kevin/rover_ws/install/rover_localization/include/include
[0.609s] -- Up-to-date: /home/kevin/rover_ws/install/rover_localization/include/include/rover_localization
[0.609s] -- Up-to-date: /home/kevin/rover_ws/install/rover_localization/include/include/rover_localization/kalman_filter.hpp
[0.609s] -- Up-to-date: /home/kevin/rover_ws/install/rover_localization/include/include/rover_localization/odometry_motion_model.hpp
[0.609s] -- Up-to-date: /home/kevin/rover_ws/install/rover_localization/bin/odometry_motion_model
[0.609s] -- Up-to-date: /home/kevin/rover_ws/install/rover_localization/lib/rover_localization/kalman_filter
[0.609s] -- Up-to-date: /home/kevin/rover_ws/install/rover_localization/lib/rover_localization/imu_republisher
[0.610s] -- Up-to-date: /home/kevin/rover_ws/install/rover_localization/lib/rover_localization/odometry_motion_model
[0.610s] -- Up-to-date: /home/kevin/rover_ws/install/rover_localization/share/rover_localization/launch
[0.610s] -- Up-to-date: /home/kevin/rover_ws/install/rover_localization/share/rover_localization/launch/local_localization.launch.py
[0.610s] -- Up-to-date: /home/kevin/rover_ws/install/rover_localization/share/rover_localization/launch/global_localization.launch.py
[0.610s] -- Up-to-date: /home/kevin/rover_ws/install/rover_localization/share/rover_localization/config
[0.610s] -- Up-to-date: /home/kevin/rover_ws/install/rover_localization/share/rover_localization/config/odometry_motion_model.rviz
[0.610s] -- Up-to-date: /home/kevin/rover_ws/install/rover_localization/share/rover_localization/config/amcl.yaml
[0.610s] -- Up-to-date: /home/kevin/rover_ws/install/rover_localization/share/rover_localization/config/ekf.yaml
[0.610s] -- Up-to-date: /home/kevin/rover_ws/install/rover_localization/share/rover_localization/rviz
[0.610s] -- Up-to-date: /home/kevin/rover_ws/install/rover_localization/share/rover_localization/rviz/global_localization.rviz
[0.610s] -- Up-to-date: /home/kevin/rover_ws/install/rover_localization/lib/rover_localization/kalman_filter.py
[0.611s] -- Up-to-date: /home/kevin/rover_ws/install/rover_localization/lib/rover_localization/imu_republisher.py
[0.611s] -- Up-to-date: /home/kevin/rover_ws/install/rover_localization/lib/rover_localization/odometry_motion_model.py
[0.611s] -- Up-to-date: /home/kevin/rover_ws/install/rover_localization/share/ament_index/resource_index/package_run_dependencies/rover_localization
[0.611s] -- Up-to-date: /home/kevin/rover_ws/install/rover_localization/share/ament_index/resource_index/parent_prefix_path/rover_localization
[0.611s] -- Up-to-date: /home/kevin/rover_ws/install/rover_localization/share/rover_localization/environment/ament_prefix_path.sh
[0.611s] -- Up-to-date: /home/kevin/rover_ws/install/rover_localization/share/rover_localization/environment/ament_prefix_path.dsv
[0.611s] -- Up-to-date: /home/kevin/rover_ws/install/rover_localization/share/rover_localization/environment/path.sh
[0.611s] -- Up-to-date: /home/kevin/rover_ws/install/rover_localization/share/rover_localization/environment/path.dsv
[0.611s] -- Up-to-date: /home/kevin/rover_ws/install/rover_localization/share/rover_localization/local_setup.bash
[0.611s] -- Up-to-date: /home/kevin/rover_ws/install/rover_localization/share/rover_localization/local_setup.sh
[0.611s] -- Up-to-date: /home/kevin/rover_ws/install/rover_localization/share/rover_localization/local_setup.zsh
[0.611s] -- Up-to-date: /home/kevin/rover_ws/install/rover_localization/share/rover_localization/local_setup.dsv
[0.611s] -- Installing: /home/kevin/rover_ws/install/rover_localization/share/rover_localization/package.dsv
[0.611s] -- Up-to-date: /home/kevin/rover_ws/install/rover_localization/share/ament_index/resource_index/packages/rover_localization
[0.611s] -- Up-to-date: /home/kevin/rover_ws/install/rover_localization/share/rover_localization/cmake/rover_localizationConfig.cmake
[0.611s] -- Up-to-date: /home/kevin/rover_ws/install/rover_localization/share/rover_localization/cmake/rover_localizationConfig-version.cmake
[0.611s] -- Up-to-date: /home/kevin/rover_ws/install/rover_localization/share/rover_localization/package.xml
[0.625s] Invoked command in '/home/kevin/rover_ws/build/rover_localization' returned '0': CMAKE_PREFIX_PATH=${CMAKE_PREFIX_PATH}:/home/kevin/osr_ws/install/osr_control:/opt/ros/humble /usr/bin/cmake --install /home/kevin/rover_ws/build/rover_localization
