[35m[1mConsolidate compiler generated dependencies of target twist_relay[0m
[35m[1mConsolidate compiler generated dependencies of target simple_controller[0m
[ 50%] Built target twist_relay
[ 75%] [32mBuilding CXX object CMakeFiles/simple_controller.dir/src/simple_controller.cpp.o[0m
[ 75%] Built target ament_cmake_python_copy_bumperbot_controller
running egg_info
writing bumperbot_controller.egg-info/PKG-INFO
writing dependency_links to bumperbot_controller.egg-info/dependency_links.txt
writing top-level names to bumperbot_controller.egg-info/top_level.txt
reading manifest file 'bumperbot_controller.egg-info/SOURCES.txt'
writing manifest file 'bumperbot_controller.egg-info/SOURCES.txt'
[ 75%] Built target ament_cmake_python_build_bumperbot_controller_egg
[100%] [32m[1mLinking CXX executable simple_controller[0m
[100%] Built target simple_controller
-- Install configuration: ""
-- Installing: /home/kevin/bumperbot_ws/install/bumperbot_controller/share/bumperbot_controller/environment/pythonpath.sh
-- Installing: /home/kevin/bumperbot_ws/install/bumperbot_controller/share/bumperbot_controller/environment/pythonpath.dsv
-- Installing: /home/kevin/bumperbot_ws/install/bumperbot_controller/local/lib/python3.10/dist-packages/bumperbot_controller-0.0.0-py3.10.egg-info
-- Installing: /home/kevin/bumperbot_ws/install/bumperbot_controller/local/lib/python3.10/dist-packages/bumperbot_controller-0.0.0-py3.10.egg-info/PKG-INFO
-- Installing: /home/kevin/bumperbot_ws/install/bumperbot_controller/local/lib/python3.10/dist-packages/bumperbot_controller-0.0.0-py3.10.egg-info/top_level.txt
-- Installing: /home/kevin/bumperbot_ws/install/bumperbot_controller/local/lib/python3.10/dist-packages/bumperbot_controller-0.0.0-py3.10.egg-info/dependency_links.txt
-- Installing: /home/kevin/bumperbot_ws/install/bumperbot_controller/local/lib/python3.10/dist-packages/bumperbot_controller-0.0.0-py3.10.egg-info/SOURCES.txt
-- Installing: /home/kevin/bumperbot_ws/install/bumperbot_controller/local/lib/python3.10/dist-packages/bumperbot_controller
-- Installing: /home/kevin/bumperbot_ws/install/bumperbot_controller/local/lib/python3.10/dist-packages/bumperbot_controller/__init__.py
-- Installing: /home/kevin/bumperbot_ws/install/bumperbot_controller/local/lib/python3.10/dist-packages/bumperbot_controller/twist_relay.py
Listing '/home/kevin/bumperbot_ws/install/bumperbot_controller/local/lib/python3.10/dist-packages/bumperbot_controller'...
Compiling '/home/kevin/bumperbot_ws/install/bumperbot_controller/local/lib/python3.10/dist-packages/bumperbot_controller/__init__.py'...
Compiling '/home/kevin/bumperbot_ws/install/bumperbot_controller/local/lib/python3.10/dist-packages/bumperbot_controller/twist_relay.py'...
-- Installing: /home/kevin/bumperbot_ws/install/bumperbot_controller/lib/bumperbot_controller/simple_controller
-- Set runtime path of "/home/kevin/bumperbot_ws/install/bumperbot_controller/lib/bumperbot_controller/simple_controller" to ""
-- Installing: /home/kevin/bumperbot_ws/install/bumperbot_controller/lib/bumperbot_controller/twist_relay
-- Set runtime path of "/home/kevin/bumperbot_ws/install/bumperbot_controller/lib/bumperbot_controller/twist_relay" to ""
-- Installing: /home/kevin/bumperbot_ws/install/bumperbot_controller/share/bumperbot_controller/launch
-- Installing: /home/kevin/bumperbot_ws/install/bumperbot_controller/share/bumperbot_controller/launch/joystick_teleop.launch.py
-- Installing: /home/kevin/bumperbot_ws/install/bumperbot_controller/share/bumperbot_controller/launch/controller.launch.py
-- Installing: /home/kevin/bumperbot_ws/install/bumperbot_controller/share/bumperbot_controller/config
-- Installing: /home/kevin/bumperbot_ws/install/bumperbot_controller/share/bumperbot_controller/config/joy_teleop.yaml
-- Installing: /home/kevin/bumperbot_ws/install/bumperbot_controller/share/bumperbot_controller/config/twist_mux_topics.yaml
-- Installing: /home/kevin/bumperbot_ws/install/bumperbot_controller/share/bumperbot_controller/config/twist_mux_locks.yaml
-- Installing: /home/kevin/bumperbot_ws/install/bumperbot_controller/share/bumperbot_controller/config/twist_mux_joy.yaml
-- Installing: /home/kevin/bumperbot_ws/install/bumperbot_controller/share/bumperbot_controller/config/controller_velocity.yaml
-- Installing: /home/kevin/bumperbot_ws/install/bumperbot_controller/share/bumperbot_controller/config/joy_config.yaml
[31mCMake Error at cmake_install.cmake:117 (file):
  file INSTALL cannot find
  "/home/kevin/bumperbot_ws/src/bumperbot_controller/bumperbot_controller/simple_controller.py":
  No such file or directory.

[0m
