[0.026s] Invoking command in '/home/kevin/bumperbot_ws/build/bumperbot_controller': CMAKE_PREFIX_PATH=${CMAKE_PREFIX_PATH}:/home/kevin/osr_ws/install/osr_control:/home/kevin/osr_ws/install/bumperbot_py_examples:/opt/ros/humble /usr/bin/cmake --build /home/kevin/bumperbot_ws/build/bumperbot_controller -- -j6 -l6
[0.077s] [35m[1mConsolidate compiler generated dependencies of target twist_relay[0m
[0.077s] [35m[1mConsolidate compiler generated dependencies of target simple_controller[0m
[0.136s] [ 50%] Built target twist_relay
[0.149s] [ 75%] [32mBuilding CXX object CMakeFiles/simple_controller.dir/src/simple_controller.cpp.o[0m
[0.149s] [ 75%] Built target ament_cmake_python_copy_bumperbot_controller
[0.465s] running egg_info
[0.465s] writing bumperbot_controller.egg-info/PKG-INFO
[0.465s] writing dependency_links to bumperbot_controller.egg-info/dependency_links.txt
[0.465s] writing top-level names to bumperbot_controller.egg-info/top_level.txt
[0.467s] reading manifest file 'bumperbot_controller.egg-info/SOURCES.txt'
[0.475s] writing manifest file 'bumperbot_controller.egg-info/SOURCES.txt'
[0.505s] [ 75%] Built target ament_cmake_python_build_bumperbot_controller_egg
[14.173s] [100%] [32m[1mLinking CXX executable simple_controller[0m
[15.004s] [100%] Built target simple_controller
[15.014s] Invoked command in '/home/kevin/bumperbot_ws/build/bumperbot_controller' returned '0': CMAKE_PREFIX_PATH=${CMAKE_PREFIX_PATH}:/home/kevin/osr_ws/install/osr_control:/home/kevin/osr_ws/install/bumperbot_py_examples:/opt/ros/humble /usr/bin/cmake --build /home/kevin/bumperbot_ws/build/bumperbot_controller -- -j6 -l6
[15.016s] Invoking command in '/home/kevin/bumperbot_ws/build/bumperbot_controller': CMAKE_PREFIX_PATH=${CMAKE_PREFIX_PATH}:/home/kevin/osr_ws/install/osr_control:/home/kevin/osr_ws/install/bumperbot_py_examples:/opt/ros/humble /usr/bin/cmake --install /home/kevin/bumperbot_ws/build/bumperbot_controller
[15.023s] -- Install configuration: ""
[15.023s] -- Installing: /home/kevin/bumperbot_ws/install/bumperbot_controller/share/bumperbot_controller/environment/pythonpath.sh
[15.023s] -- Installing: /home/kevin/bumperbot_ws/install/bumperbot_controller/share/bumperbot_controller/environment/pythonpath.dsv
[15.024s] -- Installing: /home/kevin/bumperbot_ws/install/bumperbot_controller/local/lib/python3.10/dist-packages/bumperbot_controller-0.0.0-py3.10.egg-info
[15.024s] -- Installing: /home/kevin/bumperbot_ws/install/bumperbot_controller/local/lib/python3.10/dist-packages/bumperbot_controller-0.0.0-py3.10.egg-info/PKG-INFO
[15.024s] -- Installing: /home/kevin/bumperbot_ws/install/bumperbot_controller/local/lib/python3.10/dist-packages/bumperbot_controller-0.0.0-py3.10.egg-info/top_level.txt
[15.024s] -- Installing: /home/kevin/bumperbot_ws/install/bumperbot_controller/local/lib/python3.10/dist-packages/bumperbot_controller-0.0.0-py3.10.egg-info/dependency_links.txt
[15.024s] -- Installing: /home/kevin/bumperbot_ws/install/bumperbot_controller/local/lib/python3.10/dist-packages/bumperbot_controller-0.0.0-py3.10.egg-info/SOURCES.txt
[15.024s] -- Installing: /home/kevin/bumperbot_ws/install/bumperbot_controller/local/lib/python3.10/dist-packages/bumperbot_controller
[15.024s] -- Installing: /home/kevin/bumperbot_ws/install/bumperbot_controller/local/lib/python3.10/dist-packages/bumperbot_controller/__init__.py
[15.024s] -- Installing: /home/kevin/bumperbot_ws/install/bumperbot_controller/local/lib/python3.10/dist-packages/bumperbot_controller/twist_relay.py
[15.059s] Listing '/home/kevin/bumperbot_ws/install/bumperbot_controller/local/lib/python3.10/dist-packages/bumperbot_controller'...
[15.059s] Compiling '/home/kevin/bumperbot_ws/install/bumperbot_controller/local/lib/python3.10/dist-packages/bumperbot_controller/__init__.py'...
[15.059s] Compiling '/home/kevin/bumperbot_ws/install/bumperbot_controller/local/lib/python3.10/dist-packages/bumperbot_controller/twist_relay.py'...
[15.063s] -- Installing: /home/kevin/bumperbot_ws/install/bumperbot_controller/lib/bumperbot_controller/simple_controller
[15.070s] -- Set runtime path of "/home/kevin/bumperbot_ws/install/bumperbot_controller/lib/bumperbot_controller/simple_controller" to ""
[15.070s] -- Installing: /home/kevin/bumperbot_ws/install/bumperbot_controller/lib/bumperbot_controller/twist_relay
[15.074s] -- Set runtime path of "/home/kevin/bumperbot_ws/install/bumperbot_controller/lib/bumperbot_controller/twist_relay" to ""
[15.074s] -- Installing: /home/kevin/bumperbot_ws/install/bumperbot_controller/share/bumperbot_controller/launch
[15.074s] -- Installing: /home/kevin/bumperbot_ws/install/bumperbot_controller/share/bumperbot_controller/launch/joystick_teleop.launch.py
[15.075s] -- Installing: /home/kevin/bumperbot_ws/install/bumperbot_controller/share/bumperbot_controller/launch/controller.launch.py
[15.075s] -- Installing: /home/kevin/bumperbot_ws/install/bumperbot_controller/share/bumperbot_controller/config
[15.075s] -- Installing: /home/kevin/bumperbot_ws/install/bumperbot_controller/share/bumperbot_controller/config/joy_teleop.yaml
[15.075s] -- Installing: /home/kevin/bumperbot_ws/install/bumperbot_controller/share/bumperbot_controller/config/twist_mux_topics.yaml
[15.075s] -- Installing: /home/kevin/bumperbot_ws/install/bumperbot_controller/share/bumperbot_controller/config/twist_mux_locks.yaml
[15.076s] -- Installing: /home/kevin/bumperbot_ws/install/bumperbot_controller/share/bumperbot_controller/config/twist_mux_joy.yaml
[15.076s] -- Installing: /home/kevin/bumperbot_ws/install/bumperbot_controller/share/bumperbot_controller/config/controller_velocity.yaml
[15.076s] -- Installing: /home/kevin/bumperbot_ws/install/bumperbot_controller/share/bumperbot_controller/config/joy_config.yaml
[15.076s] [31mCMake Error at cmake_install.cmake:117 (file):
[15.077s]   file INSTALL cannot find
[15.077s]   "/home/kevin/bumperbot_ws/src/bumperbot_controller/bumperbot_controller/simple_controller.py":
[15.077s]   No such file or directory.
[15.077s] 
[15.077s] [0m
[15.079s] Invoked command in '/home/kevin/bumperbot_ws/build/bumperbot_controller' returned '1': CMAKE_PREFIX_PATH=${CMAKE_PREFIX_PATH}:/home/kevin/osr_ws/install/osr_control:/home/kevin/osr_ws/install/bumperbot_py_examples:/opt/ros/humble /usr/bin/cmake --install /home/kevin/bumperbot_ws/build/bumperbot_controller
