[0.103s] DEBUG:colcon:Command line arguments: ['/usr/bin/colcon', 'build']
[0.104s] DEBUG:colcon:Parsed command line arguments: Namespace(log_base=None, log_level=None, verb_name='build', build_base='build', install_base='install', merge_install=False, symlink_install=False, test_result_base=None, continue_on_error=False, executor='parallel', parallel_workers=6, event_handlers=None, ignore_user_meta=False, metas=['./colcon.meta'], base_paths=['.'], packages_ignore=None, packages_ignore_regex=None, paths=None, packages_up_to=None, packages_up_to_regex=None, packages_above=None, packages_above_and_dependencies=None, packages_above_depth=None, packages_select_by_dep=None, packages_skip_by_dep=None, packages_skip_up_to=None, packages_select_build_failed=False, packages_skip_build_finished=False, packages_select_test_failures=False, packages_skip_test_passed=False, packages_select=None, packages_skip=None, packages_select_regex=None, packages_skip_regex=None, packages_start=None, packages_end=None, allow_overriding=[], cmake_args=None, cmake_target=None, cmake_target_skip_unavailable=False, cmake_clean_cache=False, cmake_clean_first=False, cmake_force_configure=False, ament_cmake_args=None, catkin_cmake_args=None, catkin_skip_building_tests=False, mixin_files=None, mixin=None, verb_parser=<colcon_mixin.mixin.mixin_argument.MixinArgumentDecorator object at 0x78fec21032b0>, verb_extension=<colcon_core.verb.build.BuildVerb object at 0x78fec20bc850>, main=<bound method BuildVerb.main of <colcon_core.verb.build.BuildVerb object at 0x78fec20bc850>>, mixin_verb=('build',))
[0.282s] Level 1:colcon.colcon_core.package_discovery:discover_packages(colcon_meta) check parameters
[0.282s] Level 1:colcon.colcon_core.package_discovery:discover_packages(recursive) check parameters
[0.282s] Level 1:colcon.colcon_core.package_discovery:discover_packages(ignore) check parameters
[0.282s] Level 1:colcon.colcon_core.package_discovery:discover_packages(path) check parameters
[0.282s] Level 1:colcon.colcon_core.package_discovery:discover_packages(colcon_meta) discover
[0.282s] Level 1:colcon.colcon_core.package_discovery:discover_packages(recursive) discover
[0.282s] INFO:colcon.colcon_core.package_discovery:Crawling recursively for packages in '/home/kevin/bumperbot_ws'
[0.282s] Level 1:colcon.colcon_core.package_identification:_identify(.) by extensions ['ignore', 'ignore_ament_install']
[0.283s] Level 1:colcon.colcon_core.package_identification:_identify(.) by extension 'ignore'
[0.283s] Level 1:colcon.colcon_core.package_identification:_identify(.) by extension 'ignore_ament_install'
[0.283s] Level 1:colcon.colcon_core.package_identification:_identify(.) by extensions ['colcon_pkg']
[0.283s] Level 1:colcon.colcon_core.package_identification:_identify(.) by extension 'colcon_pkg'
[0.283s] Level 1:colcon.colcon_core.package_identification:_identify(.) by extensions ['colcon_meta']
[0.283s] Level 1:colcon.colcon_core.package_identification:_identify(.) by extension 'colcon_meta'
[0.283s] Level 1:colcon.colcon_core.package_identification:_identify(.) by extensions ['ros']
[0.283s] Level 1:colcon.colcon_core.package_identification:_identify(.) by extension 'ros'
[0.293s] Level 1:colcon.colcon_core.package_identification:_identify(.) by extensions ['cmake', 'python']
[0.293s] Level 1:colcon.colcon_core.package_identification:_identify(.) by extension 'cmake'
[0.293s] Level 1:colcon.colcon_core.package_identification:_identify(.) by extension 'python'
[0.293s] Level 1:colcon.colcon_core.package_identification:_identify(.) by extensions ['python_setup_py']
[0.293s] Level 1:colcon.colcon_core.package_identification:_identify(.) by extension 'python_setup_py'
[0.293s] Level 1:colcon.colcon_core.package_identification:_identify(build) by extensions ['ignore', 'ignore_ament_install']
[0.293s] Level 1:colcon.colcon_core.package_identification:_identify(build) by extension 'ignore'
[0.293s] Level 1:colcon.colcon_core.package_identification:_identify(build) ignored
[0.293s] Level 1:colcon.colcon_core.package_identification:_identify(install) by extensions ['ignore', 'ignore_ament_install']
[0.294s] Level 1:colcon.colcon_core.package_identification:_identify(install) by extension 'ignore'
[0.294s] Level 1:colcon.colcon_core.package_identification:_identify(install) ignored
[0.294s] Level 1:colcon.colcon_core.package_identification:_identify(log) by extensions ['ignore', 'ignore_ament_install']
[0.294s] Level 1:colcon.colcon_core.package_identification:_identify(log) by extension 'ignore'
[0.294s] Level 1:colcon.colcon_core.package_identification:_identify(log) ignored
[0.294s] Level 1:colcon.colcon_core.package_identification:_identify(src) by extensions ['ignore', 'ignore_ament_install']
[0.294s] Level 1:colcon.colcon_core.package_identification:_identify(src) by extension 'ignore'
[0.294s] Level 1:colcon.colcon_core.package_identification:_identify(src) by extension 'ignore_ament_install'
[0.294s] Level 1:colcon.colcon_core.package_identification:_identify(src) by extensions ['colcon_pkg']
[0.294s] Level 1:colcon.colcon_core.package_identification:_identify(src) by extension 'colcon_pkg'
[0.294s] Level 1:colcon.colcon_core.package_identification:_identify(src) by extensions ['colcon_meta']
[0.294s] Level 1:colcon.colcon_core.package_identification:_identify(src) by extension 'colcon_meta'
[0.294s] Level 1:colcon.colcon_core.package_identification:_identify(src) by extensions ['ros']
[0.294s] Level 1:colcon.colcon_core.package_identification:_identify(src) by extension 'ros'
[0.294s] Level 1:colcon.colcon_core.package_identification:_identify(src) by extensions ['cmake', 'python']
[0.294s] Level 1:colcon.colcon_core.package_identification:_identify(src) by extension 'cmake'
[0.294s] Level 1:colcon.colcon_core.package_identification:_identify(src) by extension 'python'
[0.294s] Level 1:colcon.colcon_core.package_identification:_identify(src) by extensions ['python_setup_py']
[0.294s] Level 1:colcon.colcon_core.package_identification:_identify(src) by extension 'python_setup_py'
[0.294s] Level 1:colcon.colcon_core.package_identification:_identify(src/bumperbot_bringup) by extensions ['ignore', 'ignore_ament_install']
[0.295s] Level 1:colcon.colcon_core.package_identification:_identify(src/bumperbot_bringup) by extension 'ignore'
[0.295s] Level 1:colcon.colcon_core.package_identification:_identify(src/bumperbot_bringup) by extension 'ignore_ament_install'
[0.295s] Level 1:colcon.colcon_core.package_identification:_identify(src/bumperbot_bringup) by extensions ['colcon_pkg']
[0.295s] Level 1:colcon.colcon_core.package_identification:_identify(src/bumperbot_bringup) by extension 'colcon_pkg'
[0.295s] Level 1:colcon.colcon_core.package_identification:_identify(src/bumperbot_bringup) by extensions ['colcon_meta']
[0.295s] Level 1:colcon.colcon_core.package_identification:_identify(src/bumperbot_bringup) by extension 'colcon_meta'
[0.295s] Level 1:colcon.colcon_core.package_identification:_identify(src/bumperbot_bringup) by extensions ['ros']
[0.295s] Level 1:colcon.colcon_core.package_identification:_identify(src/bumperbot_bringup) by extension 'ros'
[0.304s] DEBUG:colcon.colcon_core.package_identification:Package 'src/bumperbot_bringup' with type 'ros.ament_cmake' and name 'bumperbot_bringup'
[0.304s] Level 1:colcon.colcon_core.package_identification:_identify(src/bumperbot_controller) by extensions ['ignore', 'ignore_ament_install']
[0.304s] Level 1:colcon.colcon_core.package_identification:_identify(src/bumperbot_controller) by extension 'ignore'
[0.304s] Level 1:colcon.colcon_core.package_identification:_identify(src/bumperbot_controller) by extension 'ignore_ament_install'
[0.304s] Level 1:colcon.colcon_core.package_identification:_identify(src/bumperbot_controller) by extensions ['colcon_pkg']
[0.304s] Level 1:colcon.colcon_core.package_identification:_identify(src/bumperbot_controller) by extension 'colcon_pkg'
[0.304s] Level 1:colcon.colcon_core.package_identification:_identify(src/bumperbot_controller) by extensions ['colcon_meta']
[0.304s] Level 1:colcon.colcon_core.package_identification:_identify(src/bumperbot_controller) by extension 'colcon_meta'
[0.304s] Level 1:colcon.colcon_core.package_identification:_identify(src/bumperbot_controller) by extensions ['ros']
[0.304s] Level 1:colcon.colcon_core.package_identification:_identify(src/bumperbot_controller) by extension 'ros'
[0.306s] DEBUG:colcon.colcon_core.package_identification:Package 'src/bumperbot_controller' with type 'ros.ament_cmake' and name 'bumperbot_controller'
[0.306s] Level 1:colcon.colcon_core.package_identification:_identify(src/bumperbot_description) by extensions ['ignore', 'ignore_ament_install']
[0.306s] Level 1:colcon.colcon_core.package_identification:_identify(src/bumperbot_description) by extension 'ignore'
[0.306s] Level 1:colcon.colcon_core.package_identification:_identify(src/bumperbot_description) by extension 'ignore_ament_install'
[0.306s] Level 1:colcon.colcon_core.package_identification:_identify(src/bumperbot_description) by extensions ['colcon_pkg']
[0.306s] Level 1:colcon.colcon_core.package_identification:_identify(src/bumperbot_description) by extension 'colcon_pkg'
[0.306s] Level 1:colcon.colcon_core.package_identification:_identify(src/bumperbot_description) by extensions ['colcon_meta']
[0.306s] Level 1:colcon.colcon_core.package_identification:_identify(src/bumperbot_description) by extension 'colcon_meta'
[0.306s] Level 1:colcon.colcon_core.package_identification:_identify(src/bumperbot_description) by extensions ['ros']
[0.306s] Level 1:colcon.colcon_core.package_identification:_identify(src/bumperbot_description) by extension 'ros'
[0.308s] DEBUG:colcon.colcon_core.package_identification:Package 'src/bumperbot_description' with type 'ros.ament_cmake' and name 'bumperbot_description'
[0.308s] Level 1:colcon.colcon_core.package_identification:_identify(src/bumperbot_localization) by extensions ['ignore', 'ignore_ament_install']
[0.308s] Level 1:colcon.colcon_core.package_identification:_identify(src/bumperbot_localization) by extension 'ignore'
[0.308s] Level 1:colcon.colcon_core.package_identification:_identify(src/bumperbot_localization) by extension 'ignore_ament_install'
[0.309s] Level 1:colcon.colcon_core.package_identification:_identify(src/bumperbot_localization) by extensions ['colcon_pkg']
[0.309s] Level 1:colcon.colcon_core.package_identification:_identify(src/bumperbot_localization) by extension 'colcon_pkg'
[0.309s] Level 1:colcon.colcon_core.package_identification:_identify(src/bumperbot_localization) by extensions ['colcon_meta']
[0.309s] Level 1:colcon.colcon_core.package_identification:_identify(src/bumperbot_localization) by extension 'colcon_meta'
[0.309s] Level 1:colcon.colcon_core.package_identification:_identify(src/bumperbot_localization) by extensions ['ros']
[0.309s] Level 1:colcon.colcon_core.package_identification:_identify(src/bumperbot_localization) by extension 'ros'
[0.310s] DEBUG:colcon.colcon_core.package_identification:Package 'src/bumperbot_localization' with type 'ros.ament_cmake' and name 'bumperbot_localization'
[0.310s] Level 1:colcon.colcon_core.package_identification:_identify(src/bumperbot_mapping) by extensions ['ignore', 'ignore_ament_install']
[0.310s] Level 1:colcon.colcon_core.package_identification:_identify(src/bumperbot_mapping) by extension 'ignore'
[0.310s] Level 1:colcon.colcon_core.package_identification:_identify(src/bumperbot_mapping) by extension 'ignore_ament_install'
[0.310s] Level 1:colcon.colcon_core.package_identification:_identify(src/bumperbot_mapping) by extensions ['colcon_pkg']
[0.310s] Level 1:colcon.colcon_core.package_identification:_identify(src/bumperbot_mapping) by extension 'colcon_pkg'
[0.310s] Level 1:colcon.colcon_core.package_identification:_identify(src/bumperbot_mapping) by extensions ['colcon_meta']
[0.310s] Level 1:colcon.colcon_core.package_identification:_identify(src/bumperbot_mapping) by extension 'colcon_meta'
[0.310s] Level 1:colcon.colcon_core.package_identification:_identify(src/bumperbot_mapping) by extensions ['ros']
[0.310s] Level 1:colcon.colcon_core.package_identification:_identify(src/bumperbot_mapping) by extension 'ros'
[0.311s] DEBUG:colcon.colcon_core.package_identification:Package 'src/bumperbot_mapping' with type 'ros.ament_cmake' and name 'bumperbot_mapping'
[0.311s] Level 1:colcon.colcon_core.package_identification:_identify(src/bumperbot_planning) by extensions ['ignore', 'ignore_ament_install']
[0.311s] Level 1:colcon.colcon_core.package_identification:_identify(src/bumperbot_planning) by extension 'ignore'
[0.311s] Level 1:colcon.colcon_core.package_identification:_identify(src/bumperbot_planning) ignored
[0.311s] Level 1:colcon.colcon_core.package_identification:_identify(src/bumperbot_utils) by extensions ['ignore', 'ignore_ament_install']
[0.311s] Level 1:colcon.colcon_core.package_identification:_identify(src/bumperbot_utils) by extension 'ignore'
[0.311s] Level 1:colcon.colcon_core.package_identification:_identify(src/bumperbot_utils) ignored
[0.311s] Level 1:colcon.colcon_core.package_discovery:discover_packages(recursive) using defaults
[0.311s] Level 1:colcon.colcon_core.package_discovery:discover_packages(ignore) discover
[0.312s] Level 1:colcon.colcon_core.package_discovery:discover_packages(ignore) using defaults
[0.312s] Level 1:colcon.colcon_core.package_discovery:discover_packages(path) discover
[0.312s] Level 1:colcon.colcon_core.package_discovery:discover_packages(path) using defaults
[0.330s] Level 1:colcon.colcon_core.package_discovery:discover_packages(prefix_path) check parameters
[0.330s] Level 1:colcon.colcon_core.package_discovery:discover_packages(prefix_path) discover
[0.332s] DEBUG:colcon.colcon_installed_package_information.package_discovery:Found 383 installed packages in /opt/ros/humble
[0.334s] Level 1:colcon.colcon_core.package_discovery:discover_packages(prefix_path) using defaults
[0.378s] Level 5:colcon.colcon_core.verb:set package 'bumperbot_controller' build argument 'cmake_args' from command line to 'None'
[0.378s] Level 5:colcon.colcon_core.verb:set package 'bumperbot_controller' build argument 'cmake_target' from command line to 'None'
[0.378s] Level 5:colcon.colcon_core.verb:set package 'bumperbot_controller' build argument 'cmake_target_skip_unavailable' from command line to 'False'
[0.378s] Level 5:colcon.colcon_core.verb:set package 'bumperbot_controller' build argument 'cmake_clean_cache' from command line to 'False'
[0.378s] Level 5:colcon.colcon_core.verb:set package 'bumperbot_controller' build argument 'cmake_clean_first' from command line to 'False'
[0.378s] Level 5:colcon.colcon_core.verb:set package 'bumperbot_controller' build argument 'cmake_force_configure' from command line to 'False'
[0.378s] Level 5:colcon.colcon_core.verb:set package 'bumperbot_controller' build argument 'ament_cmake_args' from command line to 'None'
[0.378s] Level 5:colcon.colcon_core.verb:set package 'bumperbot_controller' build argument 'catkin_cmake_args' from command line to 'None'
[0.378s] Level 5:colcon.colcon_core.verb:set package 'bumperbot_controller' build argument 'catkin_skip_building_tests' from command line to 'False'
[0.378s] DEBUG:colcon.colcon_core.verb:Building package 'bumperbot_controller' with the following arguments: {'ament_cmake_args': None, 'build_base': '/home/kevin/bumperbot_ws/build/bumperbot_controller', 'catkin_cmake_args': None, 'catkin_skip_building_tests': False, 'cmake_args': None, 'cmake_clean_cache': False, 'cmake_clean_first': False, 'cmake_force_configure': False, 'cmake_target': None, 'cmake_target_skip_unavailable': False, 'install_base': '/home/kevin/bumperbot_ws/install/bumperbot_controller', 'merge_install': False, 'path': '/home/kevin/bumperbot_ws/src/bumperbot_controller', 'symlink_install': False, 'test_result_base': None}
[0.378s] Level 5:colcon.colcon_core.verb:set package 'bumperbot_description' build argument 'cmake_args' from command line to 'None'
[0.378s] Level 5:colcon.colcon_core.verb:set package 'bumperbot_description' build argument 'cmake_target' from command line to 'None'
[0.378s] Level 5:colcon.colcon_core.verb:set package 'bumperbot_description' build argument 'cmake_target_skip_unavailable' from command line to 'False'
[0.379s] Level 5:colcon.colcon_core.verb:set package 'bumperbot_description' build argument 'cmake_clean_cache' from command line to 'False'
[0.379s] Level 5:colcon.colcon_core.verb:set package 'bumperbot_description' build argument 'cmake_clean_first' from command line to 'False'
[0.379s] Level 5:colcon.colcon_core.verb:set package 'bumperbot_description' build argument 'cmake_force_configure' from command line to 'False'
[0.379s] Level 5:colcon.colcon_core.verb:set package 'bumperbot_description' build argument 'ament_cmake_args' from command line to 'None'
[0.379s] Level 5:colcon.colcon_core.verb:set package 'bumperbot_description' build argument 'catkin_cmake_args' from command line to 'None'
[0.379s] Level 5:colcon.colcon_core.verb:set package 'bumperbot_description' build argument 'catkin_skip_building_tests' from command line to 'False'
[0.379s] DEBUG:colcon.colcon_core.verb:Building package 'bumperbot_description' with the following arguments: {'ament_cmake_args': None, 'build_base': '/home/kevin/bumperbot_ws/build/bumperbot_description', 'catkin_cmake_args': None, 'catkin_skip_building_tests': False, 'cmake_args': None, 'cmake_clean_cache': False, 'cmake_clean_first': False, 'cmake_force_configure': False, 'cmake_target': None, 'cmake_target_skip_unavailable': False, 'install_base': '/home/kevin/bumperbot_ws/install/bumperbot_description', 'merge_install': False, 'path': '/home/kevin/bumperbot_ws/src/bumperbot_description', 'symlink_install': False, 'test_result_base': None}
[0.379s] Level 5:colcon.colcon_core.verb:set package 'bumperbot_localization' build argument 'cmake_args' from command line to 'None'
[0.379s] Level 5:colcon.colcon_core.verb:set package 'bumperbot_localization' build argument 'cmake_target' from command line to 'None'
[0.379s] Level 5:colcon.colcon_core.verb:set package 'bumperbot_localization' build argument 'cmake_target_skip_unavailable' from command line to 'False'
[0.379s] Level 5:colcon.colcon_core.verb:set package 'bumperbot_localization' build argument 'cmake_clean_cache' from command line to 'False'
[0.379s] Level 5:colcon.colcon_core.verb:set package 'bumperbot_localization' build argument 'cmake_clean_first' from command line to 'False'
[0.379s] Level 5:colcon.colcon_core.verb:set package 'bumperbot_localization' build argument 'cmake_force_configure' from command line to 'False'
[0.379s] Level 5:colcon.colcon_core.verb:set package 'bumperbot_localization' build argument 'ament_cmake_args' from command line to 'None'
[0.379s] Level 5:colcon.colcon_core.verb:set package 'bumperbot_localization' build argument 'catkin_cmake_args' from command line to 'None'
[0.379s] Level 5:colcon.colcon_core.verb:set package 'bumperbot_localization' build argument 'catkin_skip_building_tests' from command line to 'False'
[0.379s] DEBUG:colcon.colcon_core.verb:Building package 'bumperbot_localization' with the following arguments: {'ament_cmake_args': None, 'build_base': '/home/kevin/bumperbot_ws/build/bumperbot_localization', 'catkin_cmake_args': None, 'catkin_skip_building_tests': False, 'cmake_args': None, 'cmake_clean_cache': False, 'cmake_clean_first': False, 'cmake_force_configure': False, 'cmake_target': None, 'cmake_target_skip_unavailable': False, 'install_base': '/home/kevin/bumperbot_ws/install/bumperbot_localization', 'merge_install': False, 'path': '/home/kevin/bumperbot_ws/src/bumperbot_localization', 'symlink_install': False, 'test_result_base': None}
[0.380s] Level 5:colcon.colcon_core.verb:set package 'bumperbot_mapping' build argument 'cmake_args' from command line to 'None'
[0.380s] Level 5:colcon.colcon_core.verb:set package 'bumperbot_mapping' build argument 'cmake_target' from command line to 'None'
[0.380s] Level 5:colcon.colcon_core.verb:set package 'bumperbot_mapping' build argument 'cmake_target_skip_unavailable' from command line to 'False'
[0.380s] Level 5:colcon.colcon_core.verb:set package 'bumperbot_mapping' build argument 'cmake_clean_cache' from command line to 'False'
[0.380s] Level 5:colcon.colcon_core.verb:set package 'bumperbot_mapping' build argument 'cmake_clean_first' from command line to 'False'
[0.380s] Level 5:colcon.colcon_core.verb:set package 'bumperbot_mapping' build argument 'cmake_force_configure' from command line to 'False'
[0.380s] Level 5:colcon.colcon_core.verb:set package 'bumperbot_mapping' build argument 'ament_cmake_args' from command line to 'None'
[0.380s] Level 5:colcon.colcon_core.verb:set package 'bumperbot_mapping' build argument 'catkin_cmake_args' from command line to 'None'
[0.380s] Level 5:colcon.colcon_core.verb:set package 'bumperbot_mapping' build argument 'catkin_skip_building_tests' from command line to 'False'
[0.380s] DEBUG:colcon.colcon_core.verb:Building package 'bumperbot_mapping' with the following arguments: {'ament_cmake_args': None, 'build_base': '/home/kevin/bumperbot_ws/build/bumperbot_mapping', 'catkin_cmake_args': None, 'catkin_skip_building_tests': False, 'cmake_args': None, 'cmake_clean_cache': False, 'cmake_clean_first': False, 'cmake_force_configure': False, 'cmake_target': None, 'cmake_target_skip_unavailable': False, 'install_base': '/home/kevin/bumperbot_ws/install/bumperbot_mapping', 'merge_install': False, 'path': '/home/kevin/bumperbot_ws/src/bumperbot_mapping', 'symlink_install': False, 'test_result_base': None}
[0.380s] Level 5:colcon.colcon_core.verb:set package 'bumperbot_bringup' build argument 'cmake_args' from command line to 'None'
[0.380s] Level 5:colcon.colcon_core.verb:set package 'bumperbot_bringup' build argument 'cmake_target' from command line to 'None'
[0.380s] Level 5:colcon.colcon_core.verb:set package 'bumperbot_bringup' build argument 'cmake_target_skip_unavailable' from command line to 'False'
[0.380s] Level 5:colcon.colcon_core.verb:set package 'bumperbot_bringup' build argument 'cmake_clean_cache' from command line to 'False'
[0.380s] Level 5:colcon.colcon_core.verb:set package 'bumperbot_bringup' build argument 'cmake_clean_first' from command line to 'False'
[0.380s] Level 5:colcon.colcon_core.verb:set package 'bumperbot_bringup' build argument 'cmake_force_configure' from command line to 'False'
[0.380s] Level 5:colcon.colcon_core.verb:set package 'bumperbot_bringup' build argument 'ament_cmake_args' from command line to 'None'
[0.380s] Level 5:colcon.colcon_core.verb:set package 'bumperbot_bringup' build argument 'catkin_cmake_args' from command line to 'None'
[0.380s] Level 5:colcon.colcon_core.verb:set package 'bumperbot_bringup' build argument 'catkin_skip_building_tests' from command line to 'False'
[0.380s] DEBUG:colcon.colcon_core.verb:Building package 'bumperbot_bringup' with the following arguments: {'ament_cmake_args': None, 'build_base': '/home/kevin/bumperbot_ws/build/bumperbot_bringup', 'catkin_cmake_args': None, 'catkin_skip_building_tests': False, 'cmake_args': None, 'cmake_clean_cache': False, 'cmake_clean_first': False, 'cmake_force_configure': False, 'cmake_target': None, 'cmake_target_skip_unavailable': False, 'install_base': '/home/kevin/bumperbot_ws/install/bumperbot_bringup', 'merge_install': False, 'path': '/home/kevin/bumperbot_ws/src/bumperbot_bringup', 'symlink_install': False, 'test_result_base': None}
[0.380s] INFO:colcon.colcon_core.executor:Executing jobs using 'parallel' executor
[0.381s] DEBUG:colcon.colcon_parallel_executor.executor.parallel:run_until_complete
[0.382s] INFO:colcon.colcon_ros.task.ament_cmake.build:Building ROS package in '/home/kevin/bumperbot_ws/src/bumperbot_controller' with build type 'ament_cmake'
[0.382s] INFO:colcon.colcon_cmake.task.cmake.build:Building CMake package in '/home/kevin/bumperbot_ws/src/bumperbot_controller'
[0.383s] INFO:colcon.colcon_core.plugin_system:Skipping extension 'colcon_core.shell.bat': Not used on non-Windows systems
[0.383s] INFO:colcon.colcon_core.shell:Skip shell extension 'powershell' for command environment: Not usable outside of PowerShell
[0.383s] DEBUG:colcon.colcon_core.shell:Skip shell extension 'dsv' for command environment
[0.386s] INFO:colcon.colcon_ros.task.ament_cmake.build:Building ROS package in '/home/kevin/bumperbot_ws/src/bumperbot_description' with build type 'ament_cmake'
[0.387s] INFO:colcon.colcon_cmake.task.cmake.build:Building CMake package in '/home/kevin/bumperbot_ws/src/bumperbot_description'
[0.387s] INFO:colcon.colcon_core.shell:Skip shell extension 'powershell' for command environment: Not usable outside of PowerShell
[0.387s] DEBUG:colcon.colcon_core.shell:Skip shell extension 'dsv' for command environment
[0.389s] INFO:colcon.colcon_ros.task.ament_cmake.build:Building ROS package in '/home/kevin/bumperbot_ws/src/bumperbot_localization' with build type 'ament_cmake'
[0.389s] INFO:colcon.colcon_cmake.task.cmake.build:Building CMake package in '/home/kevin/bumperbot_ws/src/bumperbot_localization'
[0.390s] INFO:colcon.colcon_core.shell:Skip shell extension 'powershell' for command environment: Not usable outside of PowerShell
[0.390s] DEBUG:colcon.colcon_core.shell:Skip shell extension 'dsv' for command environment
[0.392s] INFO:colcon.colcon_ros.task.ament_cmake.build:Building ROS package in '/home/kevin/bumperbot_ws/src/bumperbot_mapping' with build type 'ament_cmake'
[0.392s] INFO:colcon.colcon_cmake.task.cmake.build:Building CMake package in '/home/kevin/bumperbot_ws/src/bumperbot_mapping'
[0.393s] INFO:colcon.colcon_core.shell:Skip shell extension 'powershell' for command environment: Not usable outside of PowerShell
[0.393s] DEBUG:colcon.colcon_core.shell:Skip shell extension 'dsv' for command environment
[0.400s] DEBUG:colcon.colcon_core.event_handler.log_command:Invoking command in '/home/kevin/bumperbot_ws/build/bumperbot_controller': CMAKE_PREFIX_PATH=/opt/ros/humble /usr/bin/cmake /home/kevin/bumperbot_ws/src/bumperbot_controller -DCMAKE_INSTALL_PREFIX=/home/kevin/bumperbot_ws/install/bumperbot_controller
[0.401s] DEBUG:colcon.colcon_core.event_handler.log_command:Invoking command in '/home/kevin/bumperbot_ws/build/bumperbot_description': CMAKE_PREFIX_PATH=/opt/ros/humble /usr/bin/cmake /home/kevin/bumperbot_ws/src/bumperbot_description -DCMAKE_INSTALL_PREFIX=/home/kevin/bumperbot_ws/install/bumperbot_description
[0.403s] DEBUG:colcon.colcon_core.event_handler.log_command:Invoking command in '/home/kevin/bumperbot_ws/build/bumperbot_localization': CMAKE_PREFIX_PATH=/opt/ros/humble /usr/bin/cmake /home/kevin/bumperbot_ws/src/bumperbot_localization -DCMAKE_INSTALL_PREFIX=/home/kevin/bumperbot_ws/install/bumperbot_localization
[0.405s] DEBUG:colcon.colcon_core.event_handler.log_command:Invoking command in '/home/kevin/bumperbot_ws/build/bumperbot_mapping': CMAKE_PREFIX_PATH=/opt/ros/humble /usr/bin/cmake /home/kevin/bumperbot_ws/src/bumperbot_mapping -DCMAKE_INSTALL_PREFIX=/home/kevin/bumperbot_ws/install/bumperbot_mapping
[1.211s] DEBUG:colcon.colcon_core.event_handler.log_command:Invoked command in '/home/kevin/bumperbot_ws/build/bumperbot_description' returned '0': CMAKE_PREFIX_PATH=/opt/ros/humble /usr/bin/cmake /home/kevin/bumperbot_ws/src/bumperbot_description -DCMAKE_INSTALL_PREFIX=/home/kevin/bumperbot_ws/install/bumperbot_description
[1.211s] DEBUG:colcon.colcon_core.event_handler.log_command:Invoking command in '/home/kevin/bumperbot_ws/build/bumperbot_description': CMAKE_PREFIX_PATH=/opt/ros/humble /usr/bin/cmake --build /home/kevin/bumperbot_ws/build/bumperbot_description -- -j6 -l6
[1.246s] DEBUG:colcon.colcon_core.event_handler.log_command:Invoked command in '/home/kevin/bumperbot_ws/build/bumperbot_description' returned '0': CMAKE_PREFIX_PATH=/opt/ros/humble /usr/bin/cmake --build /home/kevin/bumperbot_ws/build/bumperbot_description -- -j6 -l6
[1.255s] DEBUG:colcon.colcon_core.event_handler.log_command:Invoking command in '/home/kevin/bumperbot_ws/build/bumperbot_description': CMAKE_PREFIX_PATH=/opt/ros/humble /usr/bin/cmake --install /home/kevin/bumperbot_ws/build/bumperbot_description
[1.479s] DEBUG:colcon.colcon_core.event_handler.log_command:Invoked command in '/home/kevin/bumperbot_ws/build/bumperbot_localization' returned '0': CMAKE_PREFIX_PATH=/opt/ros/humble /usr/bin/cmake /home/kevin/bumperbot_ws/src/bumperbot_localization -DCMAKE_INSTALL_PREFIX=/home/kevin/bumperbot_ws/install/bumperbot_localization
[1.480s] DEBUG:colcon.colcon_core.event_handler.log_command:Invoking command in '/home/kevin/bumperbot_ws/build/bumperbot_localization': CMAKE_PREFIX_PATH=/opt/ros/humble /usr/bin/cmake --build /home/kevin/bumperbot_ws/build/bumperbot_localization -- -j6 -l6
[1.481s] Level 1:colcon.colcon_core.environment:create_environment_scripts_only(bumperbot_description)
[1.482s] DEBUG:colcon.colcon_core.event_handler.log_command:Invoked command in '/home/kevin/bumperbot_ws/build/bumperbot_description' returned '0': CMAKE_PREFIX_PATH=/opt/ros/humble /usr/bin/cmake --install /home/kevin/bumperbot_ws/build/bumperbot_description
[1.483s] Level 1:colcon.colcon_core.environment:checking '/home/kevin/bumperbot_ws/install/bumperbot_description' for CMake module files
[1.484s] Level 1:colcon.colcon_core.environment:checking '/home/kevin/bumperbot_ws/install/bumperbot_description' for CMake config files
[1.484s] Level 1:colcon.colcon_core.shell:create_environment_hook('bumperbot_description', 'cmake_prefix_path')
[1.484s] INFO:colcon.colcon_core.shell:Creating environment hook '/home/kevin/bumperbot_ws/install/bumperbot_description/share/bumperbot_description/hook/cmake_prefix_path.ps1'
[1.485s] INFO:colcon.colcon_core.shell:Creating environment descriptor '/home/kevin/bumperbot_ws/install/bumperbot_description/share/bumperbot_description/hook/cmake_prefix_path.dsv'
[1.485s] INFO:colcon.colcon_core.shell:Creating environment hook '/home/kevin/bumperbot_ws/install/bumperbot_description/share/bumperbot_description/hook/cmake_prefix_path.sh'
[1.486s] Level 1:colcon.colcon_core.environment:checking '/home/kevin/bumperbot_ws/install/bumperbot_description/bin'
[1.486s] Level 1:colcon.colcon_core.environment:checking '/home/kevin/bumperbot_ws/install/bumperbot_description/lib/pkgconfig/bumperbot_description.pc'
[1.486s] Level 1:colcon.colcon_core.environment:checking '/home/kevin/bumperbot_ws/install/bumperbot_description/lib/python3.10/site-packages'
[1.486s] Level 1:colcon.colcon_core.environment:checking '/home/kevin/bumperbot_ws/install/bumperbot_description/bin'
[1.487s] INFO:colcon.colcon_core.shell:Creating package script '/home/kevin/bumperbot_ws/install/bumperbot_description/share/bumperbot_description/package.ps1'
[1.487s] INFO:colcon.colcon_core.shell:Creating package descriptor '/home/kevin/bumperbot_ws/install/bumperbot_description/share/bumperbot_description/package.dsv'
[1.488s] INFO:colcon.colcon_core.shell:Creating package script '/home/kevin/bumperbot_ws/install/bumperbot_description/share/bumperbot_description/package.sh'
[1.489s] INFO:colcon.colcon_core.shell:Creating package script '/home/kevin/bumperbot_ws/install/bumperbot_description/share/bumperbot_description/package.bash'
[1.489s] INFO:colcon.colcon_core.shell:Creating package script '/home/kevin/bumperbot_ws/install/bumperbot_description/share/bumperbot_description/package.zsh'
[1.490s] Level 1:colcon.colcon_core.environment:create_file_with_runtime_dependencies(/home/kevin/bumperbot_ws/install/bumperbot_description/share/colcon-core/packages/bumperbot_description)
[1.490s] Level 1:colcon.colcon_core.environment:create_environment_scripts_only(bumperbot_description)
[1.491s] Level 1:colcon.colcon_core.environment:checking '/home/kevin/bumperbot_ws/install/bumperbot_description' for CMake module files
[1.491s] Level 1:colcon.colcon_core.environment:checking '/home/kevin/bumperbot_ws/install/bumperbot_description' for CMake config files
[1.491s] Level 1:colcon.colcon_core.shell:create_environment_hook('bumperbot_description', 'cmake_prefix_path')
[1.491s] INFO:colcon.colcon_core.shell:Creating environment hook '/home/kevin/bumperbot_ws/install/bumperbot_description/share/bumperbot_description/hook/cmake_prefix_path.ps1'
[1.492s] INFO:colcon.colcon_core.shell:Creating environment descriptor '/home/kevin/bumperbot_ws/install/bumperbot_description/share/bumperbot_description/hook/cmake_prefix_path.dsv'
[1.492s] INFO:colcon.colcon_core.shell:Creating environment hook '/home/kevin/bumperbot_ws/install/bumperbot_description/share/bumperbot_description/hook/cmake_prefix_path.sh'
[1.493s] Level 1:colcon.colcon_core.environment:checking '/home/kevin/bumperbot_ws/install/bumperbot_description/bin'
[1.493s] Level 1:colcon.colcon_core.environment:checking '/home/kevin/bumperbot_ws/install/bumperbot_description/lib/pkgconfig/bumperbot_description.pc'
[1.493s] Level 1:colcon.colcon_core.environment:checking '/home/kevin/bumperbot_ws/install/bumperbot_description/lib/python3.10/site-packages'
[1.493s] Level 1:colcon.colcon_core.environment:checking '/home/kevin/bumperbot_ws/install/bumperbot_description/bin'
[1.493s] INFO:colcon.colcon_core.shell:Creating package script '/home/kevin/bumperbot_ws/install/bumperbot_description/share/bumperbot_description/package.ps1'
[1.494s] INFO:colcon.colcon_core.shell:Creating package descriptor '/home/kevin/bumperbot_ws/install/bumperbot_description/share/bumperbot_description/package.dsv'
[1.494s] INFO:colcon.colcon_core.shell:Creating package script '/home/kevin/bumperbot_ws/install/bumperbot_description/share/bumperbot_description/package.sh'
[1.495s] INFO:colcon.colcon_core.shell:Creating package script '/home/kevin/bumperbot_ws/install/bumperbot_description/share/bumperbot_description/package.bash'
[1.495s] INFO:colcon.colcon_core.shell:Creating package script '/home/kevin/bumperbot_ws/install/bumperbot_description/share/bumperbot_description/package.zsh'
[1.495s] Level 1:colcon.colcon_core.environment:create_file_with_runtime_dependencies(/home/kevin/bumperbot_ws/install/bumperbot_description/share/colcon-core/packages/bumperbot_description)
[1.569s] DEBUG:colcon.colcon_core.event_handler.log_command:Invoked command in '/home/kevin/bumperbot_ws/build/bumperbot_mapping' returned '0': CMAKE_PREFIX_PATH=/opt/ros/humble /usr/bin/cmake /home/kevin/bumperbot_ws/src/bumperbot_mapping -DCMAKE_INSTALL_PREFIX=/home/kevin/bumperbot_ws/install/bumperbot_mapping
[1.570s] DEBUG:colcon.colcon_core.event_handler.log_command:Invoking command in '/home/kevin/bumperbot_ws/build/bumperbot_mapping': CMAKE_PREFIX_PATH=/opt/ros/humble /usr/bin/cmake --build /home/kevin/bumperbot_ws/build/bumperbot_mapping -- -j6 -l6
[1.629s] DEBUG:colcon.colcon_core.event_handler.log_command:Invoked command in '/home/kevin/bumperbot_ws/build/bumperbot_controller' returned '0': CMAKE_PREFIX_PATH=/opt/ros/humble /usr/bin/cmake /home/kevin/bumperbot_ws/src/bumperbot_controller -DCMAKE_INSTALL_PREFIX=/home/kevin/bumperbot_ws/install/bumperbot_controller
[1.629s] DEBUG:colcon.colcon_core.event_handler.log_command:Invoking command in '/home/kevin/bumperbot_ws/build/bumperbot_controller': CMAKE_PREFIX_PATH=/opt/ros/humble /usr/bin/cmake --build /home/kevin/bumperbot_ws/build/bumperbot_controller -- -j6 -l6
[11.398s] DEBUG:colcon.colcon_core.event_handler.log_command:Invoked command in '/home/kevin/bumperbot_ws/build/bumperbot_mapping' returned '0': CMAKE_PREFIX_PATH=/opt/ros/humble /usr/bin/cmake --build /home/kevin/bumperbot_ws/build/bumperbot_mapping -- -j6 -l6
[11.400s] DEBUG:colcon.colcon_core.event_handler.log_command:Invoking command in '/home/kevin/bumperbot_ws/build/bumperbot_mapping': CMAKE_PREFIX_PATH=/opt/ros/humble /usr/bin/cmake --install /home/kevin/bumperbot_ws/build/bumperbot_mapping
[11.453s] Level 1:colcon.colcon_core.environment:create_environment_scripts_only(bumperbot_mapping)
[11.453s] Level 1:colcon.colcon_core.environment:checking '/home/kevin/bumperbot_ws/install/bumperbot_mapping' for CMake module files
[11.454s] DEBUG:colcon.colcon_core.event_handler.log_command:Invoked command in '/home/kevin/bumperbot_ws/build/bumperbot_mapping' returned '0': CMAKE_PREFIX_PATH=/opt/ros/humble /usr/bin/cmake --install /home/kevin/bumperbot_ws/build/bumperbot_mapping
[11.454s] Level 1:colcon.colcon_core.environment:checking '/home/kevin/bumperbot_ws/install/bumperbot_mapping' for CMake config files
[11.454s] Level 1:colcon.colcon_core.shell:create_environment_hook('bumperbot_mapping', 'cmake_prefix_path')
[11.454s] INFO:colcon.colcon_core.shell:Creating environment hook '/home/kevin/bumperbot_ws/install/bumperbot_mapping/share/bumperbot_mapping/hook/cmake_prefix_path.ps1'
[11.455s] INFO:colcon.colcon_core.shell:Creating environment descriptor '/home/kevin/bumperbot_ws/install/bumperbot_mapping/share/bumperbot_mapping/hook/cmake_prefix_path.dsv'
[11.455s] INFO:colcon.colcon_core.shell:Creating environment hook '/home/kevin/bumperbot_ws/install/bumperbot_mapping/share/bumperbot_mapping/hook/cmake_prefix_path.sh'
[11.455s] Level 1:colcon.colcon_core.environment:checking '/home/kevin/bumperbot_ws/install/bumperbot_mapping/lib'
[11.456s] Level 1:colcon.colcon_core.environment:checking '/home/kevin/bumperbot_ws/install/bumperbot_mapping/bin'
[11.456s] Level 1:colcon.colcon_core.environment:checking '/home/kevin/bumperbot_ws/install/bumperbot_mapping/lib/pkgconfig/bumperbot_mapping.pc'
[11.456s] Level 1:colcon.colcon_core.environment:checking '/home/kevin/bumperbot_ws/install/bumperbot_mapping/lib/python3.10/site-packages'
[11.456s] Level 1:colcon.colcon_core.environment:checking '/home/kevin/bumperbot_ws/install/bumperbot_mapping/bin'
[11.456s] INFO:colcon.colcon_core.shell:Creating package script '/home/kevin/bumperbot_ws/install/bumperbot_mapping/share/bumperbot_mapping/package.ps1'
[11.457s] INFO:colcon.colcon_core.shell:Creating package descriptor '/home/kevin/bumperbot_ws/install/bumperbot_mapping/share/bumperbot_mapping/package.dsv'
[11.457s] INFO:colcon.colcon_core.shell:Creating package script '/home/kevin/bumperbot_ws/install/bumperbot_mapping/share/bumperbot_mapping/package.sh'
[11.457s] INFO:colcon.colcon_core.shell:Creating package script '/home/kevin/bumperbot_ws/install/bumperbot_mapping/share/bumperbot_mapping/package.bash'
[11.458s] INFO:colcon.colcon_core.shell:Creating package script '/home/kevin/bumperbot_ws/install/bumperbot_mapping/share/bumperbot_mapping/package.zsh'
[11.458s] Level 1:colcon.colcon_core.environment:create_file_with_runtime_dependencies(/home/kevin/bumperbot_ws/install/bumperbot_mapping/share/colcon-core/packages/bumperbot_mapping)
[11.459s] Level 1:colcon.colcon_core.environment:create_environment_scripts_only(bumperbot_mapping)
[11.459s] Level 1:colcon.colcon_core.environment:checking '/home/kevin/bumperbot_ws/install/bumperbot_mapping' for CMake module files
[11.459s] Level 1:colcon.colcon_core.environment:checking '/home/kevin/bumperbot_ws/install/bumperbot_mapping' for CMake config files
[11.459s] Level 1:colcon.colcon_core.shell:create_environment_hook('bumperbot_mapping', 'cmake_prefix_path')
[11.459s] INFO:colcon.colcon_core.shell:Creating environment hook '/home/kevin/bumperbot_ws/install/bumperbot_mapping/share/bumperbot_mapping/hook/cmake_prefix_path.ps1'
[11.460s] INFO:colcon.colcon_core.shell:Creating environment descriptor '/home/kevin/bumperbot_ws/install/bumperbot_mapping/share/bumperbot_mapping/hook/cmake_prefix_path.dsv'
[11.460s] INFO:colcon.colcon_core.shell:Creating environment hook '/home/kevin/bumperbot_ws/install/bumperbot_mapping/share/bumperbot_mapping/hook/cmake_prefix_path.sh'
[11.461s] Level 1:colcon.colcon_core.environment:checking '/home/kevin/bumperbot_ws/install/bumperbot_mapping/lib'
[11.461s] Level 1:colcon.colcon_core.environment:checking '/home/kevin/bumperbot_ws/install/bumperbot_mapping/bin'
[11.461s] Level 1:colcon.colcon_core.environment:checking '/home/kevin/bumperbot_ws/install/bumperbot_mapping/lib/pkgconfig/bumperbot_mapping.pc'
[11.461s] Level 1:colcon.colcon_core.environment:checking '/home/kevin/bumperbot_ws/install/bumperbot_mapping/lib/python3.10/site-packages'
[11.461s] Level 1:colcon.colcon_core.environment:checking '/home/kevin/bumperbot_ws/install/bumperbot_mapping/bin'
[11.461s] INFO:colcon.colcon_core.shell:Creating package script '/home/kevin/bumperbot_ws/install/bumperbot_mapping/share/bumperbot_mapping/package.ps1'
[11.462s] INFO:colcon.colcon_core.shell:Creating package descriptor '/home/kevin/bumperbot_ws/install/bumperbot_mapping/share/bumperbot_mapping/package.dsv'
[11.462s] INFO:colcon.colcon_core.shell:Creating package script '/home/kevin/bumperbot_ws/install/bumperbot_mapping/share/bumperbot_mapping/package.sh'
[11.463s] INFO:colcon.colcon_core.shell:Creating package script '/home/kevin/bumperbot_ws/install/bumperbot_mapping/share/bumperbot_mapping/package.bash'
[11.463s] INFO:colcon.colcon_core.shell:Creating package script '/home/kevin/bumperbot_ws/install/bumperbot_mapping/share/bumperbot_mapping/package.zsh'
[11.463s] Level 1:colcon.colcon_core.environment:create_file_with_runtime_dependencies(/home/kevin/bumperbot_ws/install/bumperbot_mapping/share/colcon-core/packages/bumperbot_mapping)
[12.914s] DEBUG:colcon.colcon_core.event_handler.log_command:Invoked command in '/home/kevin/bumperbot_ws/build/bumperbot_localization' returned '0': CMAKE_PREFIX_PATH=/opt/ros/humble /usr/bin/cmake --build /home/kevin/bumperbot_ws/build/bumperbot_localization -- -j6 -l6
[12.915s] DEBUG:colcon.colcon_core.event_handler.log_command:Invoking command in '/home/kevin/bumperbot_ws/build/bumperbot_localization': CMAKE_PREFIX_PATH=/opt/ros/humble /usr/bin/cmake --install /home/kevin/bumperbot_ws/build/bumperbot_localization
[12.978s] Level 1:colcon.colcon_core.environment:create_environment_scripts_only(bumperbot_localization)
[12.978s] Level 1:colcon.colcon_core.environment:checking '/home/kevin/bumperbot_ws/install/bumperbot_localization' for CMake module files
[12.979s] DEBUG:colcon.colcon_core.event_handler.log_command:Invoked command in '/home/kevin/bumperbot_ws/build/bumperbot_localization' returned '0': CMAKE_PREFIX_PATH=/opt/ros/humble /usr/bin/cmake --install /home/kevin/bumperbot_ws/build/bumperbot_localization
[12.979s] Level 1:colcon.colcon_core.environment:checking '/home/kevin/bumperbot_ws/install/bumperbot_localization' for CMake config files
[12.979s] Level 1:colcon.colcon_core.shell:create_environment_hook('bumperbot_localization', 'cmake_prefix_path')
[12.979s] INFO:colcon.colcon_core.shell:Creating environment hook '/home/kevin/bumperbot_ws/install/bumperbot_localization/share/bumperbot_localization/hook/cmake_prefix_path.ps1'
[12.980s] INFO:colcon.colcon_core.shell:Creating environment descriptor '/home/kevin/bumperbot_ws/install/bumperbot_localization/share/bumperbot_localization/hook/cmake_prefix_path.dsv'
[12.980s] INFO:colcon.colcon_core.shell:Creating environment hook '/home/kevin/bumperbot_ws/install/bumperbot_localization/share/bumperbot_localization/hook/cmake_prefix_path.sh'
[12.980s] Level 1:colcon.colcon_core.environment:checking '/home/kevin/bumperbot_ws/install/bumperbot_localization/lib'
[12.980s] Level 1:colcon.colcon_core.environment:checking '/home/kevin/bumperbot_ws/install/bumperbot_localization/bin'
[12.981s] Level 1:colcon.colcon_core.shell:create_environment_hook('bumperbot_localization', 'path')
[12.981s] INFO:colcon.colcon_core.shell:Creating environment hook '/home/kevin/bumperbot_ws/install/bumperbot_localization/share/bumperbot_localization/hook/path.ps1'
[12.981s] INFO:colcon.colcon_core.shell:Creating environment descriptor '/home/kevin/bumperbot_ws/install/bumperbot_localization/share/bumperbot_localization/hook/path.dsv'
[12.981s] INFO:colcon.colcon_core.shell:Creating environment hook '/home/kevin/bumperbot_ws/install/bumperbot_localization/share/bumperbot_localization/hook/path.sh'
[12.982s] Level 1:colcon.colcon_core.environment:checking '/home/kevin/bumperbot_ws/install/bumperbot_localization/lib/pkgconfig/bumperbot_localization.pc'
[12.982s] Level 1:colcon.colcon_core.environment:checking '/home/kevin/bumperbot_ws/install/bumperbot_localization/lib/python3.10/site-packages'
[12.982s] Level 1:colcon.colcon_core.environment:checking '/home/kevin/bumperbot_ws/install/bumperbot_localization/bin'
[12.982s] Level 1:colcon.colcon_core.shell:create_environment_hook('bumperbot_localization', 'pythonscriptspath')
[12.982s] INFO:colcon.colcon_core.shell:Creating environment hook '/home/kevin/bumperbot_ws/install/bumperbot_localization/share/bumperbot_localization/hook/pythonscriptspath.ps1'
[12.983s] INFO:colcon.colcon_core.shell:Creating environment descriptor '/home/kevin/bumperbot_ws/install/bumperbot_localization/share/bumperbot_localization/hook/pythonscriptspath.dsv'
[12.983s] INFO:colcon.colcon_core.shell:Creating environment hook '/home/kevin/bumperbot_ws/install/bumperbot_localization/share/bumperbot_localization/hook/pythonscriptspath.sh'
[12.984s] INFO:colcon.colcon_core.shell:Creating package script '/home/kevin/bumperbot_ws/install/bumperbot_localization/share/bumperbot_localization/package.ps1'
[12.984s] INFO:colcon.colcon_core.shell:Creating package descriptor '/home/kevin/bumperbot_ws/install/bumperbot_localization/share/bumperbot_localization/package.dsv'
[12.985s] INFO:colcon.colcon_core.shell:Creating package script '/home/kevin/bumperbot_ws/install/bumperbot_localization/share/bumperbot_localization/package.sh'
[12.985s] INFO:colcon.colcon_core.shell:Creating package script '/home/kevin/bumperbot_ws/install/bumperbot_localization/share/bumperbot_localization/package.bash'
[12.985s] INFO:colcon.colcon_core.shell:Creating package script '/home/kevin/bumperbot_ws/install/bumperbot_localization/share/bumperbot_localization/package.zsh'
[12.986s] Level 1:colcon.colcon_core.environment:create_file_with_runtime_dependencies(/home/kevin/bumperbot_ws/install/bumperbot_localization/share/colcon-core/packages/bumperbot_localization)
[12.986s] Level 1:colcon.colcon_core.environment:create_environment_scripts_only(bumperbot_localization)
[12.986s] Level 1:colcon.colcon_core.environment:checking '/home/kevin/bumperbot_ws/install/bumperbot_localization' for CMake module files
[12.987s] Level 1:colcon.colcon_core.environment:checking '/home/kevin/bumperbot_ws/install/bumperbot_localization' for CMake config files
[12.987s] Level 1:colcon.colcon_core.shell:create_environment_hook('bumperbot_localization', 'cmake_prefix_path')
[12.987s] INFO:colcon.colcon_core.shell:Creating environment hook '/home/kevin/bumperbot_ws/install/bumperbot_localization/share/bumperbot_localization/hook/cmake_prefix_path.ps1'
[12.987s] INFO:colcon.colcon_core.shell:Creating environment descriptor '/home/kevin/bumperbot_ws/install/bumperbot_localization/share/bumperbot_localization/hook/cmake_prefix_path.dsv'
[12.988s] INFO:colcon.colcon_core.shell:Creating environment hook '/home/kevin/bumperbot_ws/install/bumperbot_localization/share/bumperbot_localization/hook/cmake_prefix_path.sh'
[12.988s] Level 1:colcon.colcon_core.environment:checking '/home/kevin/bumperbot_ws/install/bumperbot_localization/lib'
[12.988s] Level 1:colcon.colcon_core.environment:checking '/home/kevin/bumperbot_ws/install/bumperbot_localization/bin'
[12.988s] Level 1:colcon.colcon_core.shell:create_environment_hook('bumperbot_localization', 'path')
[12.989s] INFO:colcon.colcon_core.shell:Creating environment hook '/home/kevin/bumperbot_ws/install/bumperbot_localization/share/bumperbot_localization/hook/path.ps1'
[12.989s] INFO:colcon.colcon_core.shell:Creating environment descriptor '/home/kevin/bumperbot_ws/install/bumperbot_localization/share/bumperbot_localization/hook/path.dsv'
[12.989s] INFO:colcon.colcon_core.shell:Creating environment hook '/home/kevin/bumperbot_ws/install/bumperbot_localization/share/bumperbot_localization/hook/path.sh'
[12.990s] Level 1:colcon.colcon_core.environment:checking '/home/kevin/bumperbot_ws/install/bumperbot_localization/lib/pkgconfig/bumperbot_localization.pc'
[12.990s] Level 1:colcon.colcon_core.environment:checking '/home/kevin/bumperbot_ws/install/bumperbot_localization/lib/python3.10/site-packages'
[12.990s] Level 1:colcon.colcon_core.environment:checking '/home/kevin/bumperbot_ws/install/bumperbot_localization/bin'
[12.990s] Level 1:colcon.colcon_core.shell:create_environment_hook('bumperbot_localization', 'pythonscriptspath')
[12.991s] INFO:colcon.colcon_core.shell:Creating environment hook '/home/kevin/bumperbot_ws/install/bumperbot_localization/share/bumperbot_localization/hook/pythonscriptspath.ps1'
[12.991s] INFO:colcon.colcon_core.shell:Creating environment descriptor '/home/kevin/bumperbot_ws/install/bumperbot_localization/share/bumperbot_localization/hook/pythonscriptspath.dsv'
[12.991s] INFO:colcon.colcon_core.shell:Creating environment hook '/home/kevin/bumperbot_ws/install/bumperbot_localization/share/bumperbot_localization/hook/pythonscriptspath.sh'
[12.992s] INFO:colcon.colcon_core.shell:Creating package script '/home/kevin/bumperbot_ws/install/bumperbot_localization/share/bumperbot_localization/package.ps1'
[12.992s] INFO:colcon.colcon_core.shell:Creating package descriptor '/home/kevin/bumperbot_ws/install/bumperbot_localization/share/bumperbot_localization/package.dsv'
[12.993s] INFO:colcon.colcon_core.shell:Creating package script '/home/kevin/bumperbot_ws/install/bumperbot_localization/share/bumperbot_localization/package.sh'
[12.993s] INFO:colcon.colcon_core.shell:Creating package script '/home/kevin/bumperbot_ws/install/bumperbot_localization/share/bumperbot_localization/package.bash'
[12.994s] INFO:colcon.colcon_core.shell:Creating package script '/home/kevin/bumperbot_ws/install/bumperbot_localization/share/bumperbot_localization/package.zsh'
[12.994s] Level 1:colcon.colcon_core.environment:create_file_with_runtime_dependencies(/home/kevin/bumperbot_ws/install/bumperbot_localization/share/colcon-core/packages/bumperbot_localization)
[17.939s] DEBUG:colcon.colcon_core.event_handler.log_command:Invoked command in '/home/kevin/bumperbot_ws/build/bumperbot_controller' returned '0': CMAKE_PREFIX_PATH=/opt/ros/humble /usr/bin/cmake --build /home/kevin/bumperbot_ws/build/bumperbot_controller -- -j6 -l6
[17.940s] DEBUG:colcon.colcon_core.event_handler.log_command:Invoking command in '/home/kevin/bumperbot_ws/build/bumperbot_controller': CMAKE_PREFIX_PATH=/opt/ros/humble /usr/bin/cmake --install /home/kevin/bumperbot_ws/build/bumperbot_controller
[17.999s] Level 1:colcon.colcon_core.environment:create_environment_scripts_only(bumperbot_controller)
[18.000s] Level 1:colcon.colcon_core.environment:checking '/home/kevin/bumperbot_ws/install/bumperbot_controller' for CMake module files
[18.000s] DEBUG:colcon.colcon_core.event_handler.log_command:Invoked command in '/home/kevin/bumperbot_ws/build/bumperbot_controller' returned '0': CMAKE_PREFIX_PATH=/opt/ros/humble /usr/bin/cmake --install /home/kevin/bumperbot_ws/build/bumperbot_controller
[18.000s] Level 1:colcon.colcon_core.environment:checking '/home/kevin/bumperbot_ws/install/bumperbot_controller' for CMake config files
[18.000s] Level 1:colcon.colcon_core.shell:create_environment_hook('bumperbot_controller', 'cmake_prefix_path')
[18.001s] INFO:colcon.colcon_core.shell:Creating environment hook '/home/kevin/bumperbot_ws/install/bumperbot_controller/share/bumperbot_controller/hook/cmake_prefix_path.ps1'
[18.001s] INFO:colcon.colcon_core.shell:Creating environment descriptor '/home/kevin/bumperbot_ws/install/bumperbot_controller/share/bumperbot_controller/hook/cmake_prefix_path.dsv'
[18.001s] INFO:colcon.colcon_core.shell:Creating environment hook '/home/kevin/bumperbot_ws/install/bumperbot_controller/share/bumperbot_controller/hook/cmake_prefix_path.sh'
[18.002s] Level 1:colcon.colcon_core.environment:checking '/home/kevin/bumperbot_ws/install/bumperbot_controller/lib'
[18.002s] Level 1:colcon.colcon_core.environment:checking '/home/kevin/bumperbot_ws/install/bumperbot_controller/bin'
[18.002s] Level 1:colcon.colcon_core.environment:checking '/home/kevin/bumperbot_ws/install/bumperbot_controller/lib/pkgconfig/bumperbot_controller.pc'
[18.002s] Level 1:colcon.colcon_core.environment:checking '/home/kevin/bumperbot_ws/install/bumperbot_controller/lib/python3.10/site-packages'
[18.002s] Level 1:colcon.colcon_core.environment:checking '/home/kevin/bumperbot_ws/install/bumperbot_controller/bin'
[18.003s] INFO:colcon.colcon_core.shell:Creating package script '/home/kevin/bumperbot_ws/install/bumperbot_controller/share/bumperbot_controller/package.ps1'
[18.003s] INFO:colcon.colcon_core.shell:Creating package descriptor '/home/kevin/bumperbot_ws/install/bumperbot_controller/share/bumperbot_controller/package.dsv'
[18.003s] INFO:colcon.colcon_core.shell:Creating package script '/home/kevin/bumperbot_ws/install/bumperbot_controller/share/bumperbot_controller/package.sh'
[18.004s] INFO:colcon.colcon_core.shell:Creating package script '/home/kevin/bumperbot_ws/install/bumperbot_controller/share/bumperbot_controller/package.bash'
[18.004s] INFO:colcon.colcon_core.shell:Creating package script '/home/kevin/bumperbot_ws/install/bumperbot_controller/share/bumperbot_controller/package.zsh'
[18.004s] Level 1:colcon.colcon_core.environment:create_file_with_runtime_dependencies(/home/kevin/bumperbot_ws/install/bumperbot_controller/share/colcon-core/packages/bumperbot_controller)
[18.005s] Level 1:colcon.colcon_core.environment:create_environment_scripts_only(bumperbot_controller)
[18.005s] Level 1:colcon.colcon_core.environment:checking '/home/kevin/bumperbot_ws/install/bumperbot_controller' for CMake module files
[18.005s] Level 1:colcon.colcon_core.environment:checking '/home/kevin/bumperbot_ws/install/bumperbot_controller' for CMake config files
[18.006s] Level 1:colcon.colcon_core.shell:create_environment_hook('bumperbot_controller', 'cmake_prefix_path')
[18.006s] INFO:colcon.colcon_core.shell:Creating environment hook '/home/kevin/bumperbot_ws/install/bumperbot_controller/share/bumperbot_controller/hook/cmake_prefix_path.ps1'
[18.006s] INFO:colcon.colcon_core.shell:Creating environment descriptor '/home/kevin/bumperbot_ws/install/bumperbot_controller/share/bumperbot_controller/hook/cmake_prefix_path.dsv'
[18.006s] INFO:colcon.colcon_core.shell:Creating environment hook '/home/kevin/bumperbot_ws/install/bumperbot_controller/share/bumperbot_controller/hook/cmake_prefix_path.sh'
[18.007s] Level 1:colcon.colcon_core.environment:checking '/home/kevin/bumperbot_ws/install/bumperbot_controller/lib'
[18.007s] Level 1:colcon.colcon_core.environment:checking '/home/kevin/bumperbot_ws/install/bumperbot_controller/bin'
[18.007s] Level 1:colcon.colcon_core.environment:checking '/home/kevin/bumperbot_ws/install/bumperbot_controller/lib/pkgconfig/bumperbot_controller.pc'
[18.007s] Level 1:colcon.colcon_core.environment:checking '/home/kevin/bumperbot_ws/install/bumperbot_controller/lib/python3.10/site-packages'
[18.007s] Level 1:colcon.colcon_core.environment:checking '/home/kevin/bumperbot_ws/install/bumperbot_controller/bin'
[18.008s] INFO:colcon.colcon_core.shell:Creating package script '/home/kevin/bumperbot_ws/install/bumperbot_controller/share/bumperbot_controller/package.ps1'
[18.008s] INFO:colcon.colcon_core.shell:Creating package descriptor '/home/kevin/bumperbot_ws/install/bumperbot_controller/share/bumperbot_controller/package.dsv'
[18.009s] INFO:colcon.colcon_core.shell:Creating package script '/home/kevin/bumperbot_ws/install/bumperbot_controller/share/bumperbot_controller/package.sh'
[18.009s] INFO:colcon.colcon_core.shell:Creating package script '/home/kevin/bumperbot_ws/install/bumperbot_controller/share/bumperbot_controller/package.bash'
[18.009s] INFO:colcon.colcon_core.shell:Creating package script '/home/kevin/bumperbot_ws/install/bumperbot_controller/share/bumperbot_controller/package.zsh'
[18.010s] Level 1:colcon.colcon_core.environment:create_file_with_runtime_dependencies(/home/kevin/bumperbot_ws/install/bumperbot_controller/share/colcon-core/packages/bumperbot_controller)
[18.010s] INFO:colcon.colcon_ros.task.ament_cmake.build:Building ROS package in '/home/kevin/bumperbot_ws/src/bumperbot_bringup' with build type 'ament_cmake'
[18.010s] INFO:colcon.colcon_cmake.task.cmake.build:Building CMake package in '/home/kevin/bumperbot_ws/src/bumperbot_bringup'
[18.010s] INFO:colcon.colcon_core.shell:Skip shell extension 'powershell' for command environment: Not usable outside of PowerShell
[18.010s] DEBUG:colcon.colcon_core.shell:Skip shell extension 'dsv' for command environment
[18.020s] DEBUG:colcon.colcon_core.event_handler.log_command:Invoking command in '/home/kevin/bumperbot_ws/build/bumperbot_bringup': AMENT_PREFIX_PATH=/home/kevin/bumperbot_ws/install/bumperbot_mapping:/home/kevin/bumperbot_ws/install/bumperbot_localization:/home/kevin/bumperbot_ws/install/bumperbot_description:/home/kevin/bumperbot_ws/install/bumperbot_controller:${AMENT_PREFIX_PATH} CMAKE_PREFIX_PATH=/home/kevin/bumperbot_ws/install/bumperbot_mapping:/home/kevin/bumperbot_ws/install/bumperbot_localization:/home/kevin/bumperbot_ws/install/bumperbot_description:/home/kevin/bumperbot_ws/install/bumperbot_controller:/opt/ros/humble PATH=/home/kevin/bumperbot_ws/install/bumperbot_localization/bin:${PATH} PYTHONPATH=/home/kevin/bumperbot_ws/install/bumperbot_mapping/local/lib/python3.10/dist-packages:/home/kevin/bumperbot_ws/install/bumperbot_localization/local/lib/python3.10/dist-packages:/home/kevin/bumperbot_ws/install/bumperbot_controller/local/lib/python3.10/dist-packages:${PYTHONPATH} /usr/bin/cmake /home/kevin/bumperbot_ws/src/bumperbot_bringup -DCMAKE_INSTALL_PREFIX=/home/kevin/bumperbot_ws/install/bumperbot_bringup
[18.582s] DEBUG:colcon.colcon_core.event_handler.log_command:Invoked command in '/home/kevin/bumperbot_ws/build/bumperbot_bringup' returned '0': AMENT_PREFIX_PATH=/home/kevin/bumperbot_ws/install/bumperbot_mapping:/home/kevin/bumperbot_ws/install/bumperbot_localization:/home/kevin/bumperbot_ws/install/bumperbot_description:/home/kevin/bumperbot_ws/install/bumperbot_controller:${AMENT_PREFIX_PATH} CMAKE_PREFIX_PATH=/home/kevin/bumperbot_ws/install/bumperbot_mapping:/home/kevin/bumperbot_ws/install/bumperbot_localization:/home/kevin/bumperbot_ws/install/bumperbot_description:/home/kevin/bumperbot_ws/install/bumperbot_controller:/opt/ros/humble PATH=/home/kevin/bumperbot_ws/install/bumperbot_localization/bin:${PATH} PYTHONPATH=/home/kevin/bumperbot_ws/install/bumperbot_mapping/local/lib/python3.10/dist-packages:/home/kevin/bumperbot_ws/install/bumperbot_localization/local/lib/python3.10/dist-packages:/home/kevin/bumperbot_ws/install/bumperbot_controller/local/lib/python3.10/dist-packages:${PYTHONPATH} /usr/bin/cmake /home/kevin/bumperbot_ws/src/bumperbot_bringup -DCMAKE_INSTALL_PREFIX=/home/kevin/bumperbot_ws/install/bumperbot_bringup
[18.583s] DEBUG:colcon.colcon_core.event_handler.log_command:Invoking command in '/home/kevin/bumperbot_ws/build/bumperbot_bringup': AMENT_PREFIX_PATH=/home/kevin/bumperbot_ws/install/bumperbot_mapping:/home/kevin/bumperbot_ws/install/bumperbot_localization:/home/kevin/bumperbot_ws/install/bumperbot_description:/home/kevin/bumperbot_ws/install/bumperbot_controller:${AMENT_PREFIX_PATH} CMAKE_PREFIX_PATH=/home/kevin/bumperbot_ws/install/bumperbot_mapping:/home/kevin/bumperbot_ws/install/bumperbot_localization:/home/kevin/bumperbot_ws/install/bumperbot_description:/home/kevin/bumperbot_ws/install/bumperbot_controller:/opt/ros/humble PATH=/home/kevin/bumperbot_ws/install/bumperbot_localization/bin:${PATH} PYTHONPATH=/home/kevin/bumperbot_ws/install/bumperbot_mapping/local/lib/python3.10/dist-packages:/home/kevin/bumperbot_ws/install/bumperbot_localization/local/lib/python3.10/dist-packages:/home/kevin/bumperbot_ws/install/bumperbot_controller/local/lib/python3.10/dist-packages:${PYTHONPATH} /usr/bin/cmake --build /home/kevin/bumperbot_ws/build/bumperbot_bringup -- -j6 -l6
[18.615s] DEBUG:colcon.colcon_core.event_handler.log_command:Invoked command in '/home/kevin/bumperbot_ws/build/bumperbot_bringup' returned '0': AMENT_PREFIX_PATH=/home/kevin/bumperbot_ws/install/bumperbot_mapping:/home/kevin/bumperbot_ws/install/bumperbot_localization:/home/kevin/bumperbot_ws/install/bumperbot_description:/home/kevin/bumperbot_ws/install/bumperbot_controller:${AMENT_PREFIX_PATH} CMAKE_PREFIX_PATH=/home/kevin/bumperbot_ws/install/bumperbot_mapping:/home/kevin/bumperbot_ws/install/bumperbot_localization:/home/kevin/bumperbot_ws/install/bumperbot_description:/home/kevin/bumperbot_ws/install/bumperbot_controller:/opt/ros/humble PATH=/home/kevin/bumperbot_ws/install/bumperbot_localization/bin:${PATH} PYTHONPATH=/home/kevin/bumperbot_ws/install/bumperbot_mapping/local/lib/python3.10/dist-packages:/home/kevin/bumperbot_ws/install/bumperbot_localization/local/lib/python3.10/dist-packages:/home/kevin/bumperbot_ws/install/bumperbot_controller/local/lib/python3.10/dist-packages:${PYTHONPATH} /usr/bin/cmake --build /home/kevin/bumperbot_ws/build/bumperbot_bringup -- -j6 -l6
[18.617s] DEBUG:colcon.colcon_core.event_handler.log_command:Invoking command in '/home/kevin/bumperbot_ws/build/bumperbot_bringup': AMENT_PREFIX_PATH=/home/kevin/bumperbot_ws/install/bumperbot_mapping:/home/kevin/bumperbot_ws/install/bumperbot_localization:/home/kevin/bumperbot_ws/install/bumperbot_description:/home/kevin/bumperbot_ws/install/bumperbot_controller:${AMENT_PREFIX_PATH} CMAKE_PREFIX_PATH=/home/kevin/bumperbot_ws/install/bumperbot_mapping:/home/kevin/bumperbot_ws/install/bumperbot_localization:/home/kevin/bumperbot_ws/install/bumperbot_description:/home/kevin/bumperbot_ws/install/bumperbot_controller:/opt/ros/humble PATH=/home/kevin/bumperbot_ws/install/bumperbot_localization/bin:${PATH} PYTHONPATH=/home/kevin/bumperbot_ws/install/bumperbot_mapping/local/lib/python3.10/dist-packages:/home/kevin/bumperbot_ws/install/bumperbot_localization/local/lib/python3.10/dist-packages:/home/kevin/bumperbot_ws/install/bumperbot_controller/local/lib/python3.10/dist-packages:${PYTHONPATH} /usr/bin/cmake --install /home/kevin/bumperbot_ws/build/bumperbot_bringup
[18.627s] Level 1:colcon.colcon_core.environment:create_environment_scripts_only(bumperbot_bringup)
[18.627s] DEBUG:colcon.colcon_core.event_handler.log_command:Invoked command in '/home/kevin/bumperbot_ws/build/bumperbot_bringup' returned '0': AMENT_PREFIX_PATH=/home/kevin/bumperbot_ws/install/bumperbot_mapping:/home/kevin/bumperbot_ws/install/bumperbot_localization:/home/kevin/bumperbot_ws/install/bumperbot_description:/home/kevin/bumperbot_ws/install/bumperbot_controller:${AMENT_PREFIX_PATH} CMAKE_PREFIX_PATH=/home/kevin/bumperbot_ws/install/bumperbot_mapping:/home/kevin/bumperbot_ws/install/bumperbot_localization:/home/kevin/bumperbot_ws/install/bumperbot_description:/home/kevin/bumperbot_ws/install/bumperbot_controller:/opt/ros/humble PATH=/home/kevin/bumperbot_ws/install/bumperbot_localization/bin:${PATH} PYTHONPATH=/home/kevin/bumperbot_ws/install/bumperbot_mapping/local/lib/python3.10/dist-packages:/home/kevin/bumperbot_ws/install/bumperbot_localization/local/lib/python3.10/dist-packages:/home/kevin/bumperbot_ws/install/bumperbot_controller/local/lib/python3.10/dist-packages:${PYTHONPATH} /usr/bin/cmake --install /home/kevin/bumperbot_ws/build/bumperbot_bringup
[18.628s] Level 1:colcon.colcon_core.environment:checking '/home/kevin/bumperbot_ws/install/bumperbot_bringup' for CMake module files
[18.628s] Level 1:colcon.colcon_core.environment:checking '/home/kevin/bumperbot_ws/install/bumperbot_bringup' for CMake config files
[18.628s] Level 1:colcon.colcon_core.shell:create_environment_hook('bumperbot_bringup', 'cmake_prefix_path')
[18.628s] INFO:colcon.colcon_core.shell:Creating environment hook '/home/kevin/bumperbot_ws/install/bumperbot_bringup/share/bumperbot_bringup/hook/cmake_prefix_path.ps1'
[18.629s] INFO:colcon.colcon_core.shell:Creating environment descriptor '/home/kevin/bumperbot_ws/install/bumperbot_bringup/share/bumperbot_bringup/hook/cmake_prefix_path.dsv'
[18.629s] INFO:colcon.colcon_core.shell:Creating environment hook '/home/kevin/bumperbot_ws/install/bumperbot_bringup/share/bumperbot_bringup/hook/cmake_prefix_path.sh'
[18.630s] Level 1:colcon.colcon_core.environment:checking '/home/kevin/bumperbot_ws/install/bumperbot_bringup/bin'
[18.630s] Level 1:colcon.colcon_core.environment:checking '/home/kevin/bumperbot_ws/install/bumperbot_bringup/lib/pkgconfig/bumperbot_bringup.pc'
[18.630s] Level 1:colcon.colcon_core.environment:checking '/home/kevin/bumperbot_ws/install/bumperbot_bringup/lib/python3.10/site-packages'
[18.630s] Level 1:colcon.colcon_core.environment:checking '/home/kevin/bumperbot_ws/install/bumperbot_bringup/bin'
[18.631s] INFO:colcon.colcon_core.shell:Creating package script '/home/kevin/bumperbot_ws/install/bumperbot_bringup/share/bumperbot_bringup/package.ps1'
[18.631s] INFO:colcon.colcon_core.shell:Creating package descriptor '/home/kevin/bumperbot_ws/install/bumperbot_bringup/share/bumperbot_bringup/package.dsv'
[18.631s] INFO:colcon.colcon_core.shell:Creating package script '/home/kevin/bumperbot_ws/install/bumperbot_bringup/share/bumperbot_bringup/package.sh'
[18.632s] INFO:colcon.colcon_core.shell:Creating package script '/home/kevin/bumperbot_ws/install/bumperbot_bringup/share/bumperbot_bringup/package.bash'
[18.632s] INFO:colcon.colcon_core.shell:Creating package script '/home/kevin/bumperbot_ws/install/bumperbot_bringup/share/bumperbot_bringup/package.zsh'
[18.632s] Level 1:colcon.colcon_core.environment:create_file_with_runtime_dependencies(/home/kevin/bumperbot_ws/install/bumperbot_bringup/share/colcon-core/packages/bumperbot_bringup)
[18.633s] Level 1:colcon.colcon_core.environment:create_environment_scripts_only(bumperbot_bringup)
[18.633s] Level 1:colcon.colcon_core.environment:checking '/home/kevin/bumperbot_ws/install/bumperbot_bringup' for CMake module files
[18.634s] Level 1:colcon.colcon_core.environment:checking '/home/kevin/bumperbot_ws/install/bumperbot_bringup' for CMake config files
[18.634s] Level 1:colcon.colcon_core.shell:create_environment_hook('bumperbot_bringup', 'cmake_prefix_path')
[18.634s] INFO:colcon.colcon_core.shell:Creating environment hook '/home/kevin/bumperbot_ws/install/bumperbot_bringup/share/bumperbot_bringup/hook/cmake_prefix_path.ps1'
[18.635s] INFO:colcon.colcon_core.shell:Creating environment descriptor '/home/kevin/bumperbot_ws/install/bumperbot_bringup/share/bumperbot_bringup/hook/cmake_prefix_path.dsv'
[18.635s] INFO:colcon.colcon_core.shell:Creating environment hook '/home/kevin/bumperbot_ws/install/bumperbot_bringup/share/bumperbot_bringup/hook/cmake_prefix_path.sh'
[18.636s] Level 1:colcon.colcon_core.environment:checking '/home/kevin/bumperbot_ws/install/bumperbot_bringup/bin'
[18.636s] Level 1:colcon.colcon_core.environment:checking '/home/kevin/bumperbot_ws/install/bumperbot_bringup/lib/pkgconfig/bumperbot_bringup.pc'
[18.636s] Level 1:colcon.colcon_core.environment:checking '/home/kevin/bumperbot_ws/install/bumperbot_bringup/lib/python3.10/site-packages'
[18.636s] Level 1:colcon.colcon_core.environment:checking '/home/kevin/bumperbot_ws/install/bumperbot_bringup/bin'
[18.636s] INFO:colcon.colcon_core.shell:Creating package script '/home/kevin/bumperbot_ws/install/bumperbot_bringup/share/bumperbot_bringup/package.ps1'
[18.637s] INFO:colcon.colcon_core.shell:Creating package descriptor '/home/kevin/bumperbot_ws/install/bumperbot_bringup/share/bumperbot_bringup/package.dsv'
[18.637s] INFO:colcon.colcon_core.shell:Creating package script '/home/kevin/bumperbot_ws/install/bumperbot_bringup/share/bumperbot_bringup/package.sh'
[18.638s] INFO:colcon.colcon_core.shell:Creating package script '/home/kevin/bumperbot_ws/install/bumperbot_bringup/share/bumperbot_bringup/package.bash'
[18.638s] INFO:colcon.colcon_core.shell:Creating package script '/home/kevin/bumperbot_ws/install/bumperbot_bringup/share/bumperbot_bringup/package.zsh'
[18.639s] Level 1:colcon.colcon_core.environment:create_file_with_runtime_dependencies(/home/kevin/bumperbot_ws/install/bumperbot_bringup/share/colcon-core/packages/bumperbot_bringup)
[18.639s] DEBUG:colcon.colcon_parallel_executor.executor.parallel:closing loop
[18.639s] DEBUG:colcon.colcon_parallel_executor.executor.parallel:loop closed
[18.639s] DEBUG:colcon.colcon_parallel_executor.executor.parallel:run_until_complete finished with '0'
[18.639s] DEBUG:colcon.colcon_core.event_reactor:joining thread
[18.645s] INFO:colcon.colcon_core.plugin_system:Skipping extension 'colcon_notification.desktop_notification.terminal_notifier': Not used on non-Darwin systems
[18.646s] INFO:colcon.colcon_core.plugin_system:Skipping extension 'colcon_notification.desktop_notification.win32': Not used on non-Windows systems
[18.646s] INFO:colcon.colcon_notification.desktop_notification:Sending desktop notification using 'notify2'
[18.658s] DEBUG:colcon.colcon_core.event_reactor:joined thread
[18.658s] INFO:colcon.colcon_core.shell:Creating prefix script '/home/kevin/bumperbot_ws/install/local_setup.ps1'
[18.660s] INFO:colcon.colcon_core.shell:Creating prefix util module '/home/kevin/bumperbot_ws/install/_local_setup_util_ps1.py'
[18.661s] INFO:colcon.colcon_core.shell:Creating prefix chain script '/home/kevin/bumperbot_ws/install/setup.ps1'
[18.662s] INFO:colcon.colcon_core.shell:Creating prefix script '/home/kevin/bumperbot_ws/install/local_setup.sh'
[18.663s] INFO:colcon.colcon_core.shell:Creating prefix util module '/home/kevin/bumperbot_ws/install/_local_setup_util_sh.py'
[18.663s] INFO:colcon.colcon_core.shell:Creating prefix chain script '/home/kevin/bumperbot_ws/install/setup.sh'
[18.665s] INFO:colcon.colcon_core.shell:Creating prefix script '/home/kevin/bumperbot_ws/install/local_setup.bash'
[18.665s] INFO:colcon.colcon_core.shell:Creating prefix chain script '/home/kevin/bumperbot_ws/install/setup.bash'
[18.666s] INFO:colcon.colcon_core.shell:Creating prefix script '/home/kevin/bumperbot_ws/install/local_setup.zsh'
[18.667s] INFO:colcon.colcon_core.shell:Creating prefix chain script '/home/kevin/bumperbot_ws/install/setup.zsh'
