[0.351s] DEBUG:colcon:Command line arguments: ['/usr/bin/colcon', 'build']
[0.351s] DEBUG:colcon:Parsed command line arguments: Namespace(log_base=None, log_level=None, verb_name='build', build_base='build', install_base='install', merge_install=False, symlink_install=False, test_result_base=None, continue_on_error=False, executor='parallel', parallel_workers=6, event_handlers=None, ignore_user_meta=False, metas=['./colcon.meta'], base_paths=['.'], packages_ignore=None, packages_ignore_regex=None, paths=None, packages_up_to=None, packages_up_to_regex=None, packages_above=None, packages_above_and_dependencies=None, packages_above_depth=None, packages_select_by_dep=None, packages_skip_by_dep=None, packages_skip_up_to=None, packages_select_build_failed=False, packages_skip_build_finished=False, packages_select_test_failures=False, packages_skip_test_passed=False, packages_select=None, packages_skip=None, packages_select_regex=None, packages_skip_regex=None, packages_start=None, packages_end=None, allow_overriding=[], cmake_args=None, cmake_target=None, cmake_target_skip_unavailable=False, cmake_clean_cache=False, cmake_clean_first=False, cmake_force_configure=False, ament_cmake_args=None, catkin_cmake_args=None, catkin_skip_building_tests=False, mixin_files=None, mixin=None, verb_parser=<colcon_mixin.mixin.mixin_argument.MixinArgumentDecorator object at 0x78f4380172b0>, verb_extension=<colcon_core.verb.build.BuildVerb object at 0x78f437fd0850>, main=<bound method BuildVerb.main of <colcon_core.verb.build.BuildVerb object at 0x78f437fd0850>>, mixin_verb=('build',))
[0.676s] Level 1:colcon.colcon_core.package_discovery:discover_packages(colcon_meta) check parameters
[0.676s] Level 1:colcon.colcon_core.package_discovery:discover_packages(recursive) check parameters
[0.676s] Level 1:colcon.colcon_core.package_discovery:discover_packages(ignore) check parameters
[0.676s] Level 1:colcon.colcon_core.package_discovery:discover_packages(path) check parameters
[0.676s] Level 1:colcon.colcon_core.package_discovery:discover_packages(colcon_meta) discover
[0.676s] Level 1:colcon.colcon_core.package_discovery:discover_packages(recursive) discover
[0.677s] INFO:colcon.colcon_core.package_discovery:Crawling recursively for packages in '/home/kevin/bumperbot_ws'
[0.677s] Level 1:colcon.colcon_core.package_identification:_identify(.) by extensions ['ignore', 'ignore_ament_install']
[0.677s] Level 1:colcon.colcon_core.package_identification:_identify(.) by extension 'ignore'
[0.677s] Level 1:colcon.colcon_core.package_identification:_identify(.) by extension 'ignore_ament_install'
[0.677s] Level 1:colcon.colcon_core.package_identification:_identify(.) by extensions ['colcon_pkg']
[0.677s] Level 1:colcon.colcon_core.package_identification:_identify(.) by extension 'colcon_pkg'
[0.677s] Level 1:colcon.colcon_core.package_identification:_identify(.) by extensions ['colcon_meta']
[0.677s] Level 1:colcon.colcon_core.package_identification:_identify(.) by extension 'colcon_meta'
[0.677s] Level 1:colcon.colcon_core.package_identification:_identify(.) by extensions ['ros']
[0.677s] Level 1:colcon.colcon_core.package_identification:_identify(.) by extension 'ros'
[0.689s] Level 1:colcon.colcon_core.package_identification:_identify(.) by extensions ['cmake', 'python']
[0.689s] Level 1:colcon.colcon_core.package_identification:_identify(.) by extension 'cmake'
[0.690s] Level 1:colcon.colcon_core.package_identification:_identify(.) by extension 'python'
[0.690s] Level 1:colcon.colcon_core.package_identification:_identify(.) by extensions ['python_setup_py']
[0.690s] Level 1:colcon.colcon_core.package_identification:_identify(.) by extension 'python_setup_py'
[0.690s] Level 1:colcon.colcon_core.package_identification:_identify(build) by extensions ['ignore', 'ignore_ament_install']
[0.690s] Level 1:colcon.colcon_core.package_identification:_identify(build) by extension 'ignore'
[0.690s] Level 1:colcon.colcon_core.package_identification:_identify(build) ignored
[0.690s] Level 1:colcon.colcon_core.package_identification:_identify(install) by extensions ['ignore', 'ignore_ament_install']
[0.690s] Level 1:colcon.colcon_core.package_identification:_identify(install) by extension 'ignore'
[0.690s] Level 1:colcon.colcon_core.package_identification:_identify(install) ignored
[0.690s] Level 1:colcon.colcon_core.package_identification:_identify(log) by extensions ['ignore', 'ignore_ament_install']
[0.690s] Level 1:colcon.colcon_core.package_identification:_identify(log) by extension 'ignore'
[0.690s] Level 1:colcon.colcon_core.package_identification:_identify(log) ignored
[0.692s] Level 1:colcon.colcon_core.package_identification:_identify(src) by extensions ['ignore', 'ignore_ament_install']
[0.692s] Level 1:colcon.colcon_core.package_identification:_identify(src) by extension 'ignore'
[0.692s] Level 1:colcon.colcon_core.package_identification:_identify(src) by extension 'ignore_ament_install'
[0.692s] Level 1:colcon.colcon_core.package_identification:_identify(src) by extensions ['colcon_pkg']
[0.692s] Level 1:colcon.colcon_core.package_identification:_identify(src) by extension 'colcon_pkg'
[0.692s] Level 1:colcon.colcon_core.package_identification:_identify(src) by extensions ['colcon_meta']
[0.692s] Level 1:colcon.colcon_core.package_identification:_identify(src) by extension 'colcon_meta'
[0.692s] Level 1:colcon.colcon_core.package_identification:_identify(src) by extensions ['ros']
[0.692s] Level 1:colcon.colcon_core.package_identification:_identify(src) by extension 'ros'
[0.692s] Level 1:colcon.colcon_core.package_identification:_identify(src) by extensions ['cmake', 'python']
[0.692s] Level 1:colcon.colcon_core.package_identification:_identify(src) by extension 'cmake'
[0.692s] Level 1:colcon.colcon_core.package_identification:_identify(src) by extension 'python'
[0.692s] Level 1:colcon.colcon_core.package_identification:_identify(src) by extensions ['python_setup_py']
[0.692s] Level 1:colcon.colcon_core.package_identification:_identify(src) by extension 'python_setup_py'
[0.693s] Level 1:colcon.colcon_core.package_identification:_identify(src/bumperbot_bringup) by extensions ['ignore', 'ignore_ament_install']
[0.693s] Level 1:colcon.colcon_core.package_identification:_identify(src/bumperbot_bringup) by extension 'ignore'
[0.693s] Level 1:colcon.colcon_core.package_identification:_identify(src/bumperbot_bringup) by extension 'ignore_ament_install'
[0.693s] Level 1:colcon.colcon_core.package_identification:_identify(src/bumperbot_bringup) by extensions ['colcon_pkg']
[0.693s] Level 1:colcon.colcon_core.package_identification:_identify(src/bumperbot_bringup) by extension 'colcon_pkg'
[0.693s] Level 1:colcon.colcon_core.package_identification:_identify(src/bumperbot_bringup) by extensions ['colcon_meta']
[0.693s] Level 1:colcon.colcon_core.package_identification:_identify(src/bumperbot_bringup) by extension 'colcon_meta'
[0.693s] Level 1:colcon.colcon_core.package_identification:_identify(src/bumperbot_bringup) by extensions ['ros']
[0.693s] Level 1:colcon.colcon_core.package_identification:_identify(src/bumperbot_bringup) by extension 'ros'
[0.704s] DEBUG:colcon.colcon_core.package_identification:Package 'src/bumperbot_bringup' with type 'ros.ament_cmake' and name 'bumperbot_bringup'
[0.704s] Level 1:colcon.colcon_core.package_identification:_identify(src/bumperbot_controller) by extensions ['ignore', 'ignore_ament_install']
[0.704s] Level 1:colcon.colcon_core.package_identification:_identify(src/bumperbot_controller) by extension 'ignore'
[0.704s] Level 1:colcon.colcon_core.package_identification:_identify(src/bumperbot_controller) by extension 'ignore_ament_install'
[0.704s] Level 1:colcon.colcon_core.package_identification:_identify(src/bumperbot_controller) by extensions ['colcon_pkg']
[0.704s] Level 1:colcon.colcon_core.package_identification:_identify(src/bumperbot_controller) by extension 'colcon_pkg'
[0.704s] Level 1:colcon.colcon_core.package_identification:_identify(src/bumperbot_controller) by extensions ['colcon_meta']
[0.704s] Level 1:colcon.colcon_core.package_identification:_identify(src/bumperbot_controller) by extension 'colcon_meta'
[0.705s] Level 1:colcon.colcon_core.package_identification:_identify(src/bumperbot_controller) by extensions ['ros']
[0.705s] Level 1:colcon.colcon_core.package_identification:_identify(src/bumperbot_controller) by extension 'ros'
[0.706s] DEBUG:colcon.colcon_core.package_identification:Package 'src/bumperbot_controller' with type 'ros.ament_cmake' and name 'bumperbot_controller'
[0.707s] Level 1:colcon.colcon_core.package_identification:_identify(src/bumperbot_description) by extensions ['ignore', 'ignore_ament_install']
[0.707s] Level 1:colcon.colcon_core.package_identification:_identify(src/bumperbot_description) by extension 'ignore'
[0.707s] Level 1:colcon.colcon_core.package_identification:_identify(src/bumperbot_description) by extension 'ignore_ament_install'
[0.707s] Level 1:colcon.colcon_core.package_identification:_identify(src/bumperbot_description) by extensions ['colcon_pkg']
[0.707s] Level 1:colcon.colcon_core.package_identification:_identify(src/bumperbot_description) by extension 'colcon_pkg'
[0.707s] Level 1:colcon.colcon_core.package_identification:_identify(src/bumperbot_description) by extensions ['colcon_meta']
[0.707s] Level 1:colcon.colcon_core.package_identification:_identify(src/bumperbot_description) by extension 'colcon_meta'
[0.707s] Level 1:colcon.colcon_core.package_identification:_identify(src/bumperbot_description) by extensions ['ros']
[0.707s] Level 1:colcon.colcon_core.package_identification:_identify(src/bumperbot_description) by extension 'ros'
[0.710s] DEBUG:colcon.colcon_core.package_identification:Package 'src/bumperbot_description' with type 'ros.ament_cmake' and name 'bumperbot_description'
[0.711s] Level 1:colcon.colcon_core.package_identification:_identify(src/bumperbot_localization) by extensions ['ignore', 'ignore_ament_install']
[0.711s] Level 1:colcon.colcon_core.package_identification:_identify(src/bumperbot_localization) by extension 'ignore'
[0.711s] Level 1:colcon.colcon_core.package_identification:_identify(src/bumperbot_localization) by extension 'ignore_ament_install'
[0.711s] Level 1:colcon.colcon_core.package_identification:_identify(src/bumperbot_localization) by extensions ['colcon_pkg']
[0.711s] Level 1:colcon.colcon_core.package_identification:_identify(src/bumperbot_localization) by extension 'colcon_pkg'
[0.711s] Level 1:colcon.colcon_core.package_identification:_identify(src/bumperbot_localization) by extensions ['colcon_meta']
[0.711s] Level 1:colcon.colcon_core.package_identification:_identify(src/bumperbot_localization) by extension 'colcon_meta'
[0.711s] Level 1:colcon.colcon_core.package_identification:_identify(src/bumperbot_localization) by extensions ['ros']
[0.711s] Level 1:colcon.colcon_core.package_identification:_identify(src/bumperbot_localization) by extension 'ros'
[0.712s] DEBUG:colcon.colcon_core.package_identification:Package 'src/bumperbot_localization' with type 'ros.ament_cmake' and name 'bumperbot_localization'
[0.712s] Level 1:colcon.colcon_core.package_identification:_identify(src/bumperbot_mapping) by extensions ['ignore', 'ignore_ament_install']
[0.712s] Level 1:colcon.colcon_core.package_identification:_identify(src/bumperbot_mapping) by extension 'ignore'
[0.712s] Level 1:colcon.colcon_core.package_identification:_identify(src/bumperbot_mapping) by extension 'ignore_ament_install'
[0.713s] Level 1:colcon.colcon_core.package_identification:_identify(src/bumperbot_mapping) by extensions ['colcon_pkg']
[0.713s] Level 1:colcon.colcon_core.package_identification:_identify(src/bumperbot_mapping) by extension 'colcon_pkg'
[0.713s] Level 1:colcon.colcon_core.package_identification:_identify(src/bumperbot_mapping) by extensions ['colcon_meta']
[0.713s] Level 1:colcon.colcon_core.package_identification:_identify(src/bumperbot_mapping) by extension 'colcon_meta'
[0.713s] Level 1:colcon.colcon_core.package_identification:_identify(src/bumperbot_mapping) by extensions ['ros']
[0.713s] Level 1:colcon.colcon_core.package_identification:_identify(src/bumperbot_mapping) by extension 'ros'
[0.714s] DEBUG:colcon.colcon_core.package_identification:Package 'src/bumperbot_mapping' with type 'ros.ament_cmake' and name 'bumperbot_mapping'
[0.714s] Level 1:colcon.colcon_core.package_identification:_identify(src/bumperbot_planning) by extensions ['ignore', 'ignore_ament_install']
[0.714s] Level 1:colcon.colcon_core.package_identification:_identify(src/bumperbot_planning) by extension 'ignore'
[0.714s] Level 1:colcon.colcon_core.package_identification:_identify(src/bumperbot_planning) ignored
[0.714s] Level 1:colcon.colcon_core.package_identification:_identify(src/bumperbot_utils) by extensions ['ignore', 'ignore_ament_install']
[0.714s] Level 1:colcon.colcon_core.package_identification:_identify(src/bumperbot_utils) by extension 'ignore'
[0.715s] Level 1:colcon.colcon_core.package_identification:_identify(src/bumperbot_utils) ignored
[0.715s] Level 1:colcon.colcon_core.package_discovery:discover_packages(recursive) using defaults
[0.715s] Level 1:colcon.colcon_core.package_discovery:discover_packages(ignore) discover
[0.715s] Level 1:colcon.colcon_core.package_discovery:discover_packages(ignore) using defaults
[0.715s] Level 1:colcon.colcon_core.package_discovery:discover_packages(path) discover
[0.715s] Level 1:colcon.colcon_core.package_discovery:discover_packages(path) using defaults
[0.747s] Level 1:colcon.colcon_core.package_discovery:discover_packages(prefix_path) check parameters
[0.747s] Level 1:colcon.colcon_core.package_discovery:discover_packages(prefix_path) discover
[0.751s] DEBUG:colcon.colcon_installed_package_information.package_discovery:Found 383 installed packages in /opt/ros/humble
[0.753s] Level 1:colcon.colcon_core.package_discovery:discover_packages(prefix_path) using defaults
[0.798s] Level 5:colcon.colcon_core.verb:set package 'bumperbot_controller' build argument 'cmake_args' from command line to 'None'
[0.798s] Level 5:colcon.colcon_core.verb:set package 'bumperbot_controller' build argument 'cmake_target' from command line to 'None'
[0.798s] Level 5:colcon.colcon_core.verb:set package 'bumperbot_controller' build argument 'cmake_target_skip_unavailable' from command line to 'False'
[0.798s] Level 5:colcon.colcon_core.verb:set package 'bumperbot_controller' build argument 'cmake_clean_cache' from command line to 'False'
[0.798s] Level 5:colcon.colcon_core.verb:set package 'bumperbot_controller' build argument 'cmake_clean_first' from command line to 'False'
[0.798s] Level 5:colcon.colcon_core.verb:set package 'bumperbot_controller' build argument 'cmake_force_configure' from command line to 'False'
[0.798s] Level 5:colcon.colcon_core.verb:set package 'bumperbot_controller' build argument 'ament_cmake_args' from command line to 'None'
[0.798s] Level 5:colcon.colcon_core.verb:set package 'bumperbot_controller' build argument 'catkin_cmake_args' from command line to 'None'
[0.798s] Level 5:colcon.colcon_core.verb:set package 'bumperbot_controller' build argument 'catkin_skip_building_tests' from command line to 'False'
[0.798s] DEBUG:colcon.colcon_core.verb:Building package 'bumperbot_controller' with the following arguments: {'ament_cmake_args': None, 'build_base': '/home/kevin/bumperbot_ws/build/bumperbot_controller', 'catkin_cmake_args': None, 'catkin_skip_building_tests': False, 'cmake_args': None, 'cmake_clean_cache': False, 'cmake_clean_first': False, 'cmake_force_configure': False, 'cmake_target': None, 'cmake_target_skip_unavailable': False, 'install_base': '/home/kevin/bumperbot_ws/install/bumperbot_controller', 'merge_install': False, 'path': '/home/kevin/bumperbot_ws/src/bumperbot_controller', 'symlink_install': False, 'test_result_base': None}
[0.798s] Level 5:colcon.colcon_core.verb:set package 'bumperbot_description' build argument 'cmake_args' from command line to 'None'
[0.798s] Level 5:colcon.colcon_core.verb:set package 'bumperbot_description' build argument 'cmake_target' from command line to 'None'
[0.798s] Level 5:colcon.colcon_core.verb:set package 'bumperbot_description' build argument 'cmake_target_skip_unavailable' from command line to 'False'
[0.799s] Level 5:colcon.colcon_core.verb:set package 'bumperbot_description' build argument 'cmake_clean_cache' from command line to 'False'
[0.799s] Level 5:colcon.colcon_core.verb:set package 'bumperbot_description' build argument 'cmake_clean_first' from command line to 'False'
[0.799s] Level 5:colcon.colcon_core.verb:set package 'bumperbot_description' build argument 'cmake_force_configure' from command line to 'False'
[0.799s] Level 5:colcon.colcon_core.verb:set package 'bumperbot_description' build argument 'ament_cmake_args' from command line to 'None'
[0.799s] Level 5:colcon.colcon_core.verb:set package 'bumperbot_description' build argument 'catkin_cmake_args' from command line to 'None'
[0.799s] Level 5:colcon.colcon_core.verb:set package 'bumperbot_description' build argument 'catkin_skip_building_tests' from command line to 'False'
[0.799s] DEBUG:colcon.colcon_core.verb:Building package 'bumperbot_description' with the following arguments: {'ament_cmake_args': None, 'build_base': '/home/kevin/bumperbot_ws/build/bumperbot_description', 'catkin_cmake_args': None, 'catkin_skip_building_tests': False, 'cmake_args': None, 'cmake_clean_cache': False, 'cmake_clean_first': False, 'cmake_force_configure': False, 'cmake_target': None, 'cmake_target_skip_unavailable': False, 'install_base': '/home/kevin/bumperbot_ws/install/bumperbot_description', 'merge_install': False, 'path': '/home/kevin/bumperbot_ws/src/bumperbot_description', 'symlink_install': False, 'test_result_base': None}
[0.799s] Level 5:colcon.colcon_core.verb:set package 'bumperbot_localization' build argument 'cmake_args' from command line to 'None'
[0.799s] Level 5:colcon.colcon_core.verb:set package 'bumperbot_localization' build argument 'cmake_target' from command line to 'None'
[0.799s] Level 5:colcon.colcon_core.verb:set package 'bumperbot_localization' build argument 'cmake_target_skip_unavailable' from command line to 'False'
[0.799s] Level 5:colcon.colcon_core.verb:set package 'bumperbot_localization' build argument 'cmake_clean_cache' from command line to 'False'
[0.799s] Level 5:colcon.colcon_core.verb:set package 'bumperbot_localization' build argument 'cmake_clean_first' from command line to 'False'
[0.799s] Level 5:colcon.colcon_core.verb:set package 'bumperbot_localization' build argument 'cmake_force_configure' from command line to 'False'
[0.799s] Level 5:colcon.colcon_core.verb:set package 'bumperbot_localization' build argument 'ament_cmake_args' from command line to 'None'
[0.799s] Level 5:colcon.colcon_core.verb:set package 'bumperbot_localization' build argument 'catkin_cmake_args' from command line to 'None'
[0.799s] Level 5:colcon.colcon_core.verb:set package 'bumperbot_localization' build argument 'catkin_skip_building_tests' from command line to 'False'
[0.799s] DEBUG:colcon.colcon_core.verb:Building package 'bumperbot_localization' with the following arguments: {'ament_cmake_args': None, 'build_base': '/home/kevin/bumperbot_ws/build/bumperbot_localization', 'catkin_cmake_args': None, 'catkin_skip_building_tests': False, 'cmake_args': None, 'cmake_clean_cache': False, 'cmake_clean_first': False, 'cmake_force_configure': False, 'cmake_target': None, 'cmake_target_skip_unavailable': False, 'install_base': '/home/kevin/bumperbot_ws/install/bumperbot_localization', 'merge_install': False, 'path': '/home/kevin/bumperbot_ws/src/bumperbot_localization', 'symlink_install': False, 'test_result_base': None}
[0.799s] Level 5:colcon.colcon_core.verb:set package 'bumperbot_mapping' build argument 'cmake_args' from command line to 'None'
[0.799s] Level 5:colcon.colcon_core.verb:set package 'bumperbot_mapping' build argument 'cmake_target' from command line to 'None'
[0.800s] Level 5:colcon.colcon_core.verb:set package 'bumperbot_mapping' build argument 'cmake_target_skip_unavailable' from command line to 'False'
[0.800s] Level 5:colcon.colcon_core.verb:set package 'bumperbot_mapping' build argument 'cmake_clean_cache' from command line to 'False'
[0.800s] Level 5:colcon.colcon_core.verb:set package 'bumperbot_mapping' build argument 'cmake_clean_first' from command line to 'False'
[0.800s] Level 5:colcon.colcon_core.verb:set package 'bumperbot_mapping' build argument 'cmake_force_configure' from command line to 'False'
[0.800s] Level 5:colcon.colcon_core.verb:set package 'bumperbot_mapping' build argument 'ament_cmake_args' from command line to 'None'
[0.800s] Level 5:colcon.colcon_core.verb:set package 'bumperbot_mapping' build argument 'catkin_cmake_args' from command line to 'None'
[0.800s] Level 5:colcon.colcon_core.verb:set package 'bumperbot_mapping' build argument 'catkin_skip_building_tests' from command line to 'False'
[0.800s] DEBUG:colcon.colcon_core.verb:Building package 'bumperbot_mapping' with the following arguments: {'ament_cmake_args': None, 'build_base': '/home/kevin/bumperbot_ws/build/bumperbot_mapping', 'catkin_cmake_args': None, 'catkin_skip_building_tests': False, 'cmake_args': None, 'cmake_clean_cache': False, 'cmake_clean_first': False, 'cmake_force_configure': False, 'cmake_target': None, 'cmake_target_skip_unavailable': False, 'install_base': '/home/kevin/bumperbot_ws/install/bumperbot_mapping', 'merge_install': False, 'path': '/home/kevin/bumperbot_ws/src/bumperbot_mapping', 'symlink_install': False, 'test_result_base': None}
[0.800s] Level 5:colcon.colcon_core.verb:set package 'bumperbot_bringup' build argument 'cmake_args' from command line to 'None'
[0.800s] Level 5:colcon.colcon_core.verb:set package 'bumperbot_bringup' build argument 'cmake_target' from command line to 'None'
[0.800s] Level 5:colcon.colcon_core.verb:set package 'bumperbot_bringup' build argument 'cmake_target_skip_unavailable' from command line to 'False'
[0.800s] Level 5:colcon.colcon_core.verb:set package 'bumperbot_bringup' build argument 'cmake_clean_cache' from command line to 'False'
[0.800s] Level 5:colcon.colcon_core.verb:set package 'bumperbot_bringup' build argument 'cmake_clean_first' from command line to 'False'
[0.800s] Level 5:colcon.colcon_core.verb:set package 'bumperbot_bringup' build argument 'cmake_force_configure' from command line to 'False'
[0.800s] Level 5:colcon.colcon_core.verb:set package 'bumperbot_bringup' build argument 'ament_cmake_args' from command line to 'None'
[0.800s] Level 5:colcon.colcon_core.verb:set package 'bumperbot_bringup' build argument 'catkin_cmake_args' from command line to 'None'
[0.800s] Level 5:colcon.colcon_core.verb:set package 'bumperbot_bringup' build argument 'catkin_skip_building_tests' from command line to 'False'
[0.800s] DEBUG:colcon.colcon_core.verb:Building package 'bumperbot_bringup' with the following arguments: {'ament_cmake_args': None, 'build_base': '/home/kevin/bumperbot_ws/build/bumperbot_bringup', 'catkin_cmake_args': None, 'catkin_skip_building_tests': False, 'cmake_args': None, 'cmake_clean_cache': False, 'cmake_clean_first': False, 'cmake_force_configure': False, 'cmake_target': None, 'cmake_target_skip_unavailable': False, 'install_base': '/home/kevin/bumperbot_ws/install/bumperbot_bringup', 'merge_install': False, 'path': '/home/kevin/bumperbot_ws/src/bumperbot_bringup', 'symlink_install': False, 'test_result_base': None}
[0.800s] INFO:colcon.colcon_core.executor:Executing jobs using 'parallel' executor
[0.801s] DEBUG:colcon.colcon_parallel_executor.executor.parallel:run_until_complete
[0.801s] INFO:colcon.colcon_ros.task.ament_cmake.build:Building ROS package in '/home/kevin/bumperbot_ws/src/bumperbot_controller' with build type 'ament_cmake'
[0.801s] INFO:colcon.colcon_cmake.task.cmake.build:Building CMake package in '/home/kevin/bumperbot_ws/src/bumperbot_controller'
[0.807s] INFO:colcon.colcon_core.plugin_system:Skipping extension 'colcon_core.shell.bat': Not used on non-Windows systems
[0.807s] INFO:colcon.colcon_core.shell:Skip shell extension 'powershell' for command environment: Not usable outside of PowerShell
[0.807s] DEBUG:colcon.colcon_core.shell:Skip shell extension 'dsv' for command environment
[0.810s] INFO:colcon.colcon_ros.task.ament_cmake.build:Building ROS package in '/home/kevin/bumperbot_ws/src/bumperbot_description' with build type 'ament_cmake'
[0.810s] INFO:colcon.colcon_cmake.task.cmake.build:Building CMake package in '/home/kevin/bumperbot_ws/src/bumperbot_description'
[0.810s] INFO:colcon.colcon_core.shell:Skip shell extension 'powershell' for command environment: Not usable outside of PowerShell
[0.811s] DEBUG:colcon.colcon_core.shell:Skip shell extension 'dsv' for command environment
[0.813s] INFO:colcon.colcon_ros.task.ament_cmake.build:Building ROS package in '/home/kevin/bumperbot_ws/src/bumperbot_localization' with build type 'ament_cmake'
[0.814s] INFO:colcon.colcon_cmake.task.cmake.build:Building CMake package in '/home/kevin/bumperbot_ws/src/bumperbot_localization'
[0.814s] INFO:colcon.colcon_core.shell:Skip shell extension 'powershell' for command environment: Not usable outside of PowerShell
[0.814s] DEBUG:colcon.colcon_core.shell:Skip shell extension 'dsv' for command environment
[0.817s] INFO:colcon.colcon_ros.task.ament_cmake.build:Building ROS package in '/home/kevin/bumperbot_ws/src/bumperbot_mapping' with build type 'ament_cmake'
[0.817s] INFO:colcon.colcon_cmake.task.cmake.build:Building CMake package in '/home/kevin/bumperbot_ws/src/bumperbot_mapping'
[0.818s] INFO:colcon.colcon_core.shell:Skip shell extension 'powershell' for command environment: Not usable outside of PowerShell
[0.818s] DEBUG:colcon.colcon_core.shell:Skip shell extension 'dsv' for command environment
[0.825s] DEBUG:colcon.colcon_core.event_handler.log_command:Invoking command in '/home/kevin/bumperbot_ws/build/bumperbot_controller': CMAKE_PREFIX_PATH=/opt/ros/humble /usr/bin/cmake --build /home/kevin/bumperbot_ws/build/bumperbot_controller -- -j6 -l6
[0.830s] DEBUG:colcon.colcon_core.event_handler.log_command:Invoking command in '/home/kevin/bumperbot_ws/build/bumperbot_description': CMAKE_PREFIX_PATH=/opt/ros/humble /usr/bin/cmake --build /home/kevin/bumperbot_ws/build/bumperbot_description -- -j6 -l6
[0.835s] DEBUG:colcon.colcon_core.event_handler.log_command:Invoking command in '/home/kevin/bumperbot_ws/build/bumperbot_localization': CMAKE_PREFIX_PATH=/opt/ros/humble /usr/bin/cmake --build /home/kevin/bumperbot_ws/build/bumperbot_localization -- -j6 -l6
[0.841s] DEBUG:colcon.colcon_core.event_handler.log_command:Invoking command in '/home/kevin/bumperbot_ws/build/bumperbot_mapping': CMAKE_PREFIX_PATH=/opt/ros/humble /usr/bin/cmake --build /home/kevin/bumperbot_ws/build/bumperbot_mapping -- -j6 -l6
[0.931s] DEBUG:colcon.colcon_core.event_handler.log_command:Invoked command in '/home/kevin/bumperbot_ws/build/bumperbot_description' returned '0': CMAKE_PREFIX_PATH=/opt/ros/humble /usr/bin/cmake --build /home/kevin/bumperbot_ws/build/bumperbot_description -- -j6 -l6
[0.946s] DEBUG:colcon.colcon_core.event_handler.log_command:Invoking command in '/home/kevin/bumperbot_ws/build/bumperbot_description': CMAKE_PREFIX_PATH=/opt/ros/humble /usr/bin/cmake --install /home/kevin/bumperbot_ws/build/bumperbot_description
[1.092s] Level 1:colcon.colcon_core.environment:create_environment_scripts_only(bumperbot_description)
[1.093s] DEBUG:colcon.colcon_core.event_handler.log_command:Invoked command in '/home/kevin/bumperbot_ws/build/bumperbot_description' returned '0': CMAKE_PREFIX_PATH=/opt/ros/humble /usr/bin/cmake --install /home/kevin/bumperbot_ws/build/bumperbot_description
[1.098s] Level 1:colcon.colcon_core.environment:checking '/home/kevin/bumperbot_ws/install/bumperbot_description' for CMake module files
[1.098s] Level 1:colcon.colcon_core.environment:checking '/home/kevin/bumperbot_ws/install/bumperbot_description' for CMake config files
[1.099s] Level 1:colcon.colcon_core.shell:create_environment_hook('bumperbot_description', 'cmake_prefix_path')
[1.099s] INFO:colcon.colcon_core.shell:Creating environment hook '/home/kevin/bumperbot_ws/install/bumperbot_description/share/bumperbot_description/hook/cmake_prefix_path.ps1'
[1.100s] INFO:colcon.colcon_core.shell:Creating environment descriptor '/home/kevin/bumperbot_ws/install/bumperbot_description/share/bumperbot_description/hook/cmake_prefix_path.dsv'
[1.101s] INFO:colcon.colcon_core.shell:Creating environment hook '/home/kevin/bumperbot_ws/install/bumperbot_description/share/bumperbot_description/hook/cmake_prefix_path.sh'
[1.102s] Level 1:colcon.colcon_core.environment:checking '/home/kevin/bumperbot_ws/install/bumperbot_description/bin'
[1.102s] Level 1:colcon.colcon_core.environment:checking '/home/kevin/bumperbot_ws/install/bumperbot_description/lib/pkgconfig/bumperbot_description.pc'
[1.102s] Level 1:colcon.colcon_core.environment:checking '/home/kevin/bumperbot_ws/install/bumperbot_description/lib/python3.10/site-packages'
[1.102s] Level 1:colcon.colcon_core.environment:checking '/home/kevin/bumperbot_ws/install/bumperbot_description/bin'
[1.103s] INFO:colcon.colcon_core.shell:Creating package script '/home/kevin/bumperbot_ws/install/bumperbot_description/share/bumperbot_description/package.ps1'
[1.104s] INFO:colcon.colcon_core.shell:Creating package descriptor '/home/kevin/bumperbot_ws/install/bumperbot_description/share/bumperbot_description/package.dsv'
[1.105s] INFO:colcon.colcon_core.shell:Creating package script '/home/kevin/bumperbot_ws/install/bumperbot_description/share/bumperbot_description/package.sh'
[1.106s] INFO:colcon.colcon_core.shell:Creating package script '/home/kevin/bumperbot_ws/install/bumperbot_description/share/bumperbot_description/package.bash'
[1.107s] INFO:colcon.colcon_core.shell:Creating package script '/home/kevin/bumperbot_ws/install/bumperbot_description/share/bumperbot_description/package.zsh'
[1.108s] Level 1:colcon.colcon_core.environment:create_file_with_runtime_dependencies(/home/kevin/bumperbot_ws/install/bumperbot_description/share/colcon-core/packages/bumperbot_description)
[1.108s] Level 1:colcon.colcon_core.environment:create_environment_scripts_only(bumperbot_description)
[1.109s] Level 1:colcon.colcon_core.environment:checking '/home/kevin/bumperbot_ws/install/bumperbot_description' for CMake module files
[1.109s] Level 1:colcon.colcon_core.environment:checking '/home/kevin/bumperbot_ws/install/bumperbot_description' for CMake config files
[1.109s] Level 1:colcon.colcon_core.shell:create_environment_hook('bumperbot_description', 'cmake_prefix_path')
[1.109s] INFO:colcon.colcon_core.shell:Creating environment hook '/home/kevin/bumperbot_ws/install/bumperbot_description/share/bumperbot_description/hook/cmake_prefix_path.ps1'
[1.110s] INFO:colcon.colcon_core.shell:Creating environment descriptor '/home/kevin/bumperbot_ws/install/bumperbot_description/share/bumperbot_description/hook/cmake_prefix_path.dsv'
[1.110s] INFO:colcon.colcon_core.shell:Creating environment hook '/home/kevin/bumperbot_ws/install/bumperbot_description/share/bumperbot_description/hook/cmake_prefix_path.sh'
[1.110s] Level 1:colcon.colcon_core.environment:checking '/home/kevin/bumperbot_ws/install/bumperbot_description/bin'
[1.110s] Level 1:colcon.colcon_core.environment:checking '/home/kevin/bumperbot_ws/install/bumperbot_description/lib/pkgconfig/bumperbot_description.pc'
[1.111s] Level 1:colcon.colcon_core.environment:checking '/home/kevin/bumperbot_ws/install/bumperbot_description/lib/python3.10/site-packages'
[1.111s] Level 1:colcon.colcon_core.environment:checking '/home/kevin/bumperbot_ws/install/bumperbot_description/bin'
[1.111s] INFO:colcon.colcon_core.shell:Creating package script '/home/kevin/bumperbot_ws/install/bumperbot_description/share/bumperbot_description/package.ps1'
[1.112s] INFO:colcon.colcon_core.shell:Creating package descriptor '/home/kevin/bumperbot_ws/install/bumperbot_description/share/bumperbot_description/package.dsv'
[1.112s] INFO:colcon.colcon_core.shell:Creating package script '/home/kevin/bumperbot_ws/install/bumperbot_description/share/bumperbot_description/package.sh'
[1.112s] INFO:colcon.colcon_core.shell:Creating package script '/home/kevin/bumperbot_ws/install/bumperbot_description/share/bumperbot_description/package.bash'
[1.113s] INFO:colcon.colcon_core.shell:Creating package script '/home/kevin/bumperbot_ws/install/bumperbot_description/share/bumperbot_description/package.zsh'
[1.113s] Level 1:colcon.colcon_core.environment:create_file_with_runtime_dependencies(/home/kevin/bumperbot_ws/install/bumperbot_description/share/colcon-core/packages/bumperbot_description)
[1.277s] DEBUG:colcon.colcon_core.event_handler.log_command:Invoked command in '/home/kevin/bumperbot_ws/build/bumperbot_controller' returned '0': CMAKE_PREFIX_PATH=/opt/ros/humble /usr/bin/cmake --build /home/kevin/bumperbot_ws/build/bumperbot_controller -- -j6 -l6
[1.279s] DEBUG:colcon.colcon_core.event_handler.log_command:Invoking command in '/home/kevin/bumperbot_ws/build/bumperbot_controller': CMAKE_PREFIX_PATH=/opt/ros/humble /usr/bin/cmake --install /home/kevin/bumperbot_ws/build/bumperbot_controller
[1.279s] DEBUG:colcon.colcon_core.event_handler.log_command:Invoked command in '/home/kevin/bumperbot_ws/build/bumperbot_localization' returned '0': CMAKE_PREFIX_PATH=/opt/ros/humble /usr/bin/cmake --build /home/kevin/bumperbot_ws/build/bumperbot_localization -- -j6 -l6
[1.281s] DEBUG:colcon.colcon_core.event_handler.log_command:Invoking command in '/home/kevin/bumperbot_ws/build/bumperbot_localization': CMAKE_PREFIX_PATH=/opt/ros/humble /usr/bin/cmake --install /home/kevin/bumperbot_ws/build/bumperbot_localization
[1.281s] DEBUG:colcon.colcon_core.event_handler.log_command:Invoked command in '/home/kevin/bumperbot_ws/build/bumperbot_mapping' returned '0': CMAKE_PREFIX_PATH=/opt/ros/humble /usr/bin/cmake --build /home/kevin/bumperbot_ws/build/bumperbot_mapping -- -j6 -l6
[1.283s] DEBUG:colcon.colcon_core.event_handler.log_command:Invoking command in '/home/kevin/bumperbot_ws/build/bumperbot_mapping': CMAKE_PREFIX_PATH=/opt/ros/humble /usr/bin/cmake --install /home/kevin/bumperbot_ws/build/bumperbot_mapping
[1.329s] Level 1:colcon.colcon_core.environment:create_environment_scripts_only(bumperbot_controller)
[1.330s] Level 1:colcon.colcon_core.environment:checking '/home/kevin/bumperbot_ws/install/bumperbot_controller' for CMake module files
[1.331s] DEBUG:colcon.colcon_core.event_handler.log_command:Invoked command in '/home/kevin/bumperbot_ws/build/bumperbot_controller' returned '0': CMAKE_PREFIX_PATH=/opt/ros/humble /usr/bin/cmake --install /home/kevin/bumperbot_ws/build/bumperbot_controller
[1.334s] Level 1:colcon.colcon_core.environment:checking '/home/kevin/bumperbot_ws/install/bumperbot_controller' for CMake config files
[1.335s] Level 1:colcon.colcon_core.shell:create_environment_hook('bumperbot_controller', 'cmake_prefix_path')
[1.335s] INFO:colcon.colcon_core.shell:Creating environment hook '/home/kevin/bumperbot_ws/install/bumperbot_controller/share/bumperbot_controller/hook/cmake_prefix_path.ps1'
[1.335s] INFO:colcon.colcon_core.shell:Creating environment descriptor '/home/kevin/bumperbot_ws/install/bumperbot_controller/share/bumperbot_controller/hook/cmake_prefix_path.dsv'
[1.336s] INFO:colcon.colcon_core.shell:Creating environment hook '/home/kevin/bumperbot_ws/install/bumperbot_controller/share/bumperbot_controller/hook/cmake_prefix_path.sh'
[1.336s] Level 1:colcon.colcon_core.environment:checking '/home/kevin/bumperbot_ws/install/bumperbot_controller/lib'
[1.336s] Level 1:colcon.colcon_core.environment:checking '/home/kevin/bumperbot_ws/install/bumperbot_controller/bin'
[1.336s] Level 1:colcon.colcon_core.environment:checking '/home/kevin/bumperbot_ws/install/bumperbot_controller/lib/pkgconfig/bumperbot_controller.pc'
[1.337s] Level 1:colcon.colcon_core.environment:checking '/home/kevin/bumperbot_ws/install/bumperbot_controller/lib/python3.10/site-packages'
[1.337s] Level 1:colcon.colcon_core.environment:checking '/home/kevin/bumperbot_ws/install/bumperbot_controller/bin'
[1.337s] INFO:colcon.colcon_core.shell:Creating package script '/home/kevin/bumperbot_ws/install/bumperbot_controller/share/bumperbot_controller/package.ps1'
[1.337s] INFO:colcon.colcon_core.shell:Creating package descriptor '/home/kevin/bumperbot_ws/install/bumperbot_controller/share/bumperbot_controller/package.dsv'
[1.338s] INFO:colcon.colcon_core.shell:Creating package script '/home/kevin/bumperbot_ws/install/bumperbot_controller/share/bumperbot_controller/package.sh'
[1.338s] INFO:colcon.colcon_core.shell:Creating package script '/home/kevin/bumperbot_ws/install/bumperbot_controller/share/bumperbot_controller/package.bash'
[1.338s] INFO:colcon.colcon_core.shell:Creating package script '/home/kevin/bumperbot_ws/install/bumperbot_controller/share/bumperbot_controller/package.zsh'
[1.339s] Level 1:colcon.colcon_core.environment:create_file_with_runtime_dependencies(/home/kevin/bumperbot_ws/install/bumperbot_controller/share/colcon-core/packages/bumperbot_controller)
[1.339s] Level 1:colcon.colcon_core.environment:create_environment_scripts_only(bumperbot_controller)
[1.339s] Level 1:colcon.colcon_core.environment:checking '/home/kevin/bumperbot_ws/install/bumperbot_controller' for CMake module files
[1.340s] Level 1:colcon.colcon_core.environment:checking '/home/kevin/bumperbot_ws/install/bumperbot_controller' for CMake config files
[1.340s] Level 1:colcon.colcon_core.shell:create_environment_hook('bumperbot_controller', 'cmake_prefix_path')
[1.340s] INFO:colcon.colcon_core.shell:Creating environment hook '/home/kevin/bumperbot_ws/install/bumperbot_controller/share/bumperbot_controller/hook/cmake_prefix_path.ps1'
[1.341s] INFO:colcon.colcon_core.shell:Creating environment descriptor '/home/kevin/bumperbot_ws/install/bumperbot_controller/share/bumperbot_controller/hook/cmake_prefix_path.dsv'
[1.341s] INFO:colcon.colcon_core.shell:Creating environment hook '/home/kevin/bumperbot_ws/install/bumperbot_controller/share/bumperbot_controller/hook/cmake_prefix_path.sh'
[1.341s] Level 1:colcon.colcon_core.environment:checking '/home/kevin/bumperbot_ws/install/bumperbot_controller/lib'
[1.341s] Level 1:colcon.colcon_core.environment:checking '/home/kevin/bumperbot_ws/install/bumperbot_controller/bin'
[1.342s] Level 1:colcon.colcon_core.environment:checking '/home/kevin/bumperbot_ws/install/bumperbot_controller/lib/pkgconfig/bumperbot_controller.pc'
[1.342s] Level 1:colcon.colcon_core.environment:checking '/home/kevin/bumperbot_ws/install/bumperbot_controller/lib/python3.10/site-packages'
[1.342s] Level 1:colcon.colcon_core.environment:checking '/home/kevin/bumperbot_ws/install/bumperbot_controller/bin'
[1.342s] INFO:colcon.colcon_core.shell:Creating package script '/home/kevin/bumperbot_ws/install/bumperbot_controller/share/bumperbot_controller/package.ps1'
[1.343s] INFO:colcon.colcon_core.shell:Creating package descriptor '/home/kevin/bumperbot_ws/install/bumperbot_controller/share/bumperbot_controller/package.dsv'
[1.343s] INFO:colcon.colcon_core.shell:Creating package script '/home/kevin/bumperbot_ws/install/bumperbot_controller/share/bumperbot_controller/package.sh'
[1.343s] INFO:colcon.colcon_core.shell:Creating package script '/home/kevin/bumperbot_ws/install/bumperbot_controller/share/bumperbot_controller/package.bash'
[1.344s] INFO:colcon.colcon_core.shell:Creating package script '/home/kevin/bumperbot_ws/install/bumperbot_controller/share/bumperbot_controller/package.zsh'
[1.344s] Level 1:colcon.colcon_core.environment:create_file_with_runtime_dependencies(/home/kevin/bumperbot_ws/install/bumperbot_controller/share/colcon-core/packages/bumperbot_controller)
[1.345s] Level 1:colcon.colcon_core.environment:create_environment_scripts_only(bumperbot_localization)
[1.346s] Level 1:colcon.colcon_core.environment:checking '/home/kevin/bumperbot_ws/install/bumperbot_localization' for CMake module files
[1.346s] DEBUG:colcon.colcon_core.event_handler.log_command:Invoked command in '/home/kevin/bumperbot_ws/build/bumperbot_localization' returned '0': CMAKE_PREFIX_PATH=/opt/ros/humble /usr/bin/cmake --install /home/kevin/bumperbot_ws/build/bumperbot_localization
[1.346s] Level 1:colcon.colcon_core.environment:checking '/home/kevin/bumperbot_ws/install/bumperbot_localization' for CMake config files
[1.347s] Level 1:colcon.colcon_core.shell:create_environment_hook('bumperbot_localization', 'cmake_prefix_path')
[1.347s] INFO:colcon.colcon_core.shell:Creating environment hook '/home/kevin/bumperbot_ws/install/bumperbot_localization/share/bumperbot_localization/hook/cmake_prefix_path.ps1'
[1.347s] INFO:colcon.colcon_core.shell:Creating environment descriptor '/home/kevin/bumperbot_ws/install/bumperbot_localization/share/bumperbot_localization/hook/cmake_prefix_path.dsv'
[1.348s] INFO:colcon.colcon_core.shell:Creating environment hook '/home/kevin/bumperbot_ws/install/bumperbot_localization/share/bumperbot_localization/hook/cmake_prefix_path.sh'
[1.348s] Level 1:colcon.colcon_core.environment:checking '/home/kevin/bumperbot_ws/install/bumperbot_localization/lib'
[1.348s] Level 1:colcon.colcon_core.environment:checking '/home/kevin/bumperbot_ws/install/bumperbot_localization/bin'
[1.348s] Level 1:colcon.colcon_core.shell:create_environment_hook('bumperbot_localization', 'path')
[1.349s] INFO:colcon.colcon_core.shell:Creating environment hook '/home/kevin/bumperbot_ws/install/bumperbot_localization/share/bumperbot_localization/hook/path.ps1'
[1.349s] INFO:colcon.colcon_core.shell:Creating environment descriptor '/home/kevin/bumperbot_ws/install/bumperbot_localization/share/bumperbot_localization/hook/path.dsv'
[1.349s] INFO:colcon.colcon_core.shell:Creating environment hook '/home/kevin/bumperbot_ws/install/bumperbot_localization/share/bumperbot_localization/hook/path.sh'
[1.349s] Level 1:colcon.colcon_core.environment:checking '/home/kevin/bumperbot_ws/install/bumperbot_localization/lib/pkgconfig/bumperbot_localization.pc'
[1.350s] Level 1:colcon.colcon_core.environment:checking '/home/kevin/bumperbot_ws/install/bumperbot_localization/lib/python3.10/site-packages'
[1.350s] Level 1:colcon.colcon_core.environment:checking '/home/kevin/bumperbot_ws/install/bumperbot_localization/bin'
[1.350s] Level 1:colcon.colcon_core.shell:create_environment_hook('bumperbot_localization', 'pythonscriptspath')
[1.350s] INFO:colcon.colcon_core.shell:Creating environment hook '/home/kevin/bumperbot_ws/install/bumperbot_localization/share/bumperbot_localization/hook/pythonscriptspath.ps1'
[1.350s] INFO:colcon.colcon_core.shell:Creating environment descriptor '/home/kevin/bumperbot_ws/install/bumperbot_localization/share/bumperbot_localization/hook/pythonscriptspath.dsv'
[1.351s] INFO:colcon.colcon_core.shell:Creating environment hook '/home/kevin/bumperbot_ws/install/bumperbot_localization/share/bumperbot_localization/hook/pythonscriptspath.sh'
[1.351s] INFO:colcon.colcon_core.shell:Creating package script '/home/kevin/bumperbot_ws/install/bumperbot_localization/share/bumperbot_localization/package.ps1'
[1.352s] INFO:colcon.colcon_core.shell:Creating package descriptor '/home/kevin/bumperbot_ws/install/bumperbot_localization/share/bumperbot_localization/package.dsv'
[1.352s] INFO:colcon.colcon_core.shell:Creating package script '/home/kevin/bumperbot_ws/install/bumperbot_localization/share/bumperbot_localization/package.sh'
[1.353s] INFO:colcon.colcon_core.shell:Creating package script '/home/kevin/bumperbot_ws/install/bumperbot_localization/share/bumperbot_localization/package.bash'
[1.353s] INFO:colcon.colcon_core.shell:Creating package script '/home/kevin/bumperbot_ws/install/bumperbot_localization/share/bumperbot_localization/package.zsh'
[1.353s] Level 1:colcon.colcon_core.environment:create_file_with_runtime_dependencies(/home/kevin/bumperbot_ws/install/bumperbot_localization/share/colcon-core/packages/bumperbot_localization)
[1.355s] Level 1:colcon.colcon_core.environment:create_environment_scripts_only(bumperbot_localization)
[1.355s] Level 1:colcon.colcon_core.environment:checking '/home/kevin/bumperbot_ws/install/bumperbot_localization' for CMake module files
[1.355s] Level 1:colcon.colcon_core.environment:checking '/home/kevin/bumperbot_ws/install/bumperbot_localization' for CMake config files
[1.355s] Level 1:colcon.colcon_core.shell:create_environment_hook('bumperbot_localization', 'cmake_prefix_path')
[1.356s] INFO:colcon.colcon_core.shell:Creating environment hook '/home/kevin/bumperbot_ws/install/bumperbot_localization/share/bumperbot_localization/hook/cmake_prefix_path.ps1'
[1.356s] INFO:colcon.colcon_core.shell:Creating environment descriptor '/home/kevin/bumperbot_ws/install/bumperbot_localization/share/bumperbot_localization/hook/cmake_prefix_path.dsv'
[1.356s] INFO:colcon.colcon_core.shell:Creating environment hook '/home/kevin/bumperbot_ws/install/bumperbot_localization/share/bumperbot_localization/hook/cmake_prefix_path.sh'
[1.357s] Level 1:colcon.colcon_core.environment:checking '/home/kevin/bumperbot_ws/install/bumperbot_localization/lib'
[1.357s] Level 1:colcon.colcon_core.environment:checking '/home/kevin/bumperbot_ws/install/bumperbot_localization/bin'
[1.357s] Level 1:colcon.colcon_core.shell:create_environment_hook('bumperbot_localization', 'path')
[1.357s] INFO:colcon.colcon_core.shell:Creating environment hook '/home/kevin/bumperbot_ws/install/bumperbot_localization/share/bumperbot_localization/hook/path.ps1'
[1.357s] INFO:colcon.colcon_core.shell:Creating environment descriptor '/home/kevin/bumperbot_ws/install/bumperbot_localization/share/bumperbot_localization/hook/path.dsv'
[1.358s] INFO:colcon.colcon_core.shell:Creating environment hook '/home/kevin/bumperbot_ws/install/bumperbot_localization/share/bumperbot_localization/hook/path.sh'
[1.358s] Level 1:colcon.colcon_core.environment:checking '/home/kevin/bumperbot_ws/install/bumperbot_localization/lib/pkgconfig/bumperbot_localization.pc'
[1.358s] Level 1:colcon.colcon_core.environment:checking '/home/kevin/bumperbot_ws/install/bumperbot_localization/lib/python3.10/site-packages'
[1.358s] Level 1:colcon.colcon_core.environment:checking '/home/kevin/bumperbot_ws/install/bumperbot_localization/bin'
[1.358s] Level 1:colcon.colcon_core.shell:create_environment_hook('bumperbot_localization', 'pythonscriptspath')
[1.359s] INFO:colcon.colcon_core.shell:Creating environment hook '/home/kevin/bumperbot_ws/install/bumperbot_localization/share/bumperbot_localization/hook/pythonscriptspath.ps1'
[1.359s] INFO:colcon.colcon_core.shell:Creating environment descriptor '/home/kevin/bumperbot_ws/install/bumperbot_localization/share/bumperbot_localization/hook/pythonscriptspath.dsv'
[1.359s] INFO:colcon.colcon_core.shell:Creating environment hook '/home/kevin/bumperbot_ws/install/bumperbot_localization/share/bumperbot_localization/hook/pythonscriptspath.sh'
[1.360s] INFO:colcon.colcon_core.shell:Creating package script '/home/kevin/bumperbot_ws/install/bumperbot_localization/share/bumperbot_localization/package.ps1'
[1.360s] INFO:colcon.colcon_core.shell:Creating package descriptor '/home/kevin/bumperbot_ws/install/bumperbot_localization/share/bumperbot_localization/package.dsv'
[1.361s] INFO:colcon.colcon_core.shell:Creating package script '/home/kevin/bumperbot_ws/install/bumperbot_localization/share/bumperbot_localization/package.sh'
[1.361s] INFO:colcon.colcon_core.shell:Creating package script '/home/kevin/bumperbot_ws/install/bumperbot_localization/share/bumperbot_localization/package.bash'
[1.362s] INFO:colcon.colcon_core.shell:Creating package script '/home/kevin/bumperbot_ws/install/bumperbot_localization/share/bumperbot_localization/package.zsh'
[1.362s] Level 1:colcon.colcon_core.environment:create_file_with_runtime_dependencies(/home/kevin/bumperbot_ws/install/bumperbot_localization/share/colcon-core/packages/bumperbot_localization)
[1.362s] Level 1:colcon.colcon_core.environment:create_environment_scripts_only(bumperbot_mapping)
[1.363s] Level 1:colcon.colcon_core.environment:checking '/home/kevin/bumperbot_ws/install/bumperbot_mapping' for CMake module files
[1.363s] DEBUG:colcon.colcon_core.event_handler.log_command:Invoked command in '/home/kevin/bumperbot_ws/build/bumperbot_mapping' returned '0': CMAKE_PREFIX_PATH=/opt/ros/humble /usr/bin/cmake --install /home/kevin/bumperbot_ws/build/bumperbot_mapping
[1.364s] Level 1:colcon.colcon_core.environment:checking '/home/kevin/bumperbot_ws/install/bumperbot_mapping' for CMake config files
[1.365s] Level 1:colcon.colcon_core.shell:create_environment_hook('bumperbot_mapping', 'cmake_prefix_path')
[1.365s] INFO:colcon.colcon_core.shell:Creating environment hook '/home/kevin/bumperbot_ws/install/bumperbot_mapping/share/bumperbot_mapping/hook/cmake_prefix_path.ps1'
[1.365s] INFO:colcon.colcon_core.shell:Creating environment descriptor '/home/kevin/bumperbot_ws/install/bumperbot_mapping/share/bumperbot_mapping/hook/cmake_prefix_path.dsv'
[1.366s] INFO:colcon.colcon_core.shell:Creating environment hook '/home/kevin/bumperbot_ws/install/bumperbot_mapping/share/bumperbot_mapping/hook/cmake_prefix_path.sh'
[1.366s] Level 1:colcon.colcon_core.environment:checking '/home/kevin/bumperbot_ws/install/bumperbot_mapping/lib'
[1.366s] Level 1:colcon.colcon_core.environment:checking '/home/kevin/bumperbot_ws/install/bumperbot_mapping/bin'
[1.366s] Level 1:colcon.colcon_core.environment:checking '/home/kevin/bumperbot_ws/install/bumperbot_mapping/lib/pkgconfig/bumperbot_mapping.pc'
[1.366s] Level 1:colcon.colcon_core.environment:checking '/home/kevin/bumperbot_ws/install/bumperbot_mapping/lib/python3.10/site-packages'
[1.367s] Level 1:colcon.colcon_core.environment:checking '/home/kevin/bumperbot_ws/install/bumperbot_mapping/bin'
[1.367s] INFO:colcon.colcon_core.shell:Creating package script '/home/kevin/bumperbot_ws/install/bumperbot_mapping/share/bumperbot_mapping/package.ps1'
[1.367s] INFO:colcon.colcon_core.shell:Creating package descriptor '/home/kevin/bumperbot_ws/install/bumperbot_mapping/share/bumperbot_mapping/package.dsv'
[1.368s] INFO:colcon.colcon_core.shell:Creating package script '/home/kevin/bumperbot_ws/install/bumperbot_mapping/share/bumperbot_mapping/package.sh'
[1.368s] INFO:colcon.colcon_core.shell:Creating package script '/home/kevin/bumperbot_ws/install/bumperbot_mapping/share/bumperbot_mapping/package.bash'
[1.368s] INFO:colcon.colcon_core.shell:Creating package script '/home/kevin/bumperbot_ws/install/bumperbot_mapping/share/bumperbot_mapping/package.zsh'
[1.369s] Level 1:colcon.colcon_core.environment:create_file_with_runtime_dependencies(/home/kevin/bumperbot_ws/install/bumperbot_mapping/share/colcon-core/packages/bumperbot_mapping)
[1.369s] Level 1:colcon.colcon_core.environment:create_environment_scripts_only(bumperbot_mapping)
[1.369s] Level 1:colcon.colcon_core.environment:checking '/home/kevin/bumperbot_ws/install/bumperbot_mapping' for CMake module files
[1.370s] Level 1:colcon.colcon_core.environment:checking '/home/kevin/bumperbot_ws/install/bumperbot_mapping' for CMake config files
[1.370s] Level 1:colcon.colcon_core.shell:create_environment_hook('bumperbot_mapping', 'cmake_prefix_path')
[1.370s] INFO:colcon.colcon_core.shell:Creating environment hook '/home/kevin/bumperbot_ws/install/bumperbot_mapping/share/bumperbot_mapping/hook/cmake_prefix_path.ps1'
[1.370s] INFO:colcon.colcon_core.shell:Creating environment descriptor '/home/kevin/bumperbot_ws/install/bumperbot_mapping/share/bumperbot_mapping/hook/cmake_prefix_path.dsv'
[1.371s] INFO:colcon.colcon_core.shell:Creating environment hook '/home/kevin/bumperbot_ws/install/bumperbot_mapping/share/bumperbot_mapping/hook/cmake_prefix_path.sh'
[1.371s] Level 1:colcon.colcon_core.environment:checking '/home/kevin/bumperbot_ws/install/bumperbot_mapping/lib'
[1.371s] Level 1:colcon.colcon_core.environment:checking '/home/kevin/bumperbot_ws/install/bumperbot_mapping/bin'
[1.371s] Level 1:colcon.colcon_core.environment:checking '/home/kevin/bumperbot_ws/install/bumperbot_mapping/lib/pkgconfig/bumperbot_mapping.pc'
[1.371s] Level 1:colcon.colcon_core.environment:checking '/home/kevin/bumperbot_ws/install/bumperbot_mapping/lib/python3.10/site-packages'
[1.372s] Level 1:colcon.colcon_core.environment:checking '/home/kevin/bumperbot_ws/install/bumperbot_mapping/bin'
[1.372s] INFO:colcon.colcon_core.shell:Creating package script '/home/kevin/bumperbot_ws/install/bumperbot_mapping/share/bumperbot_mapping/package.ps1'
[1.372s] INFO:colcon.colcon_core.shell:Creating package descriptor '/home/kevin/bumperbot_ws/install/bumperbot_mapping/share/bumperbot_mapping/package.dsv'
[1.373s] INFO:colcon.colcon_core.shell:Creating package script '/home/kevin/bumperbot_ws/install/bumperbot_mapping/share/bumperbot_mapping/package.sh'
[1.373s] INFO:colcon.colcon_core.shell:Creating package script '/home/kevin/bumperbot_ws/install/bumperbot_mapping/share/bumperbot_mapping/package.bash'
[1.373s] INFO:colcon.colcon_core.shell:Creating package script '/home/kevin/bumperbot_ws/install/bumperbot_mapping/share/bumperbot_mapping/package.zsh'
[1.374s] Level 1:colcon.colcon_core.environment:create_file_with_runtime_dependencies(/home/kevin/bumperbot_ws/install/bumperbot_mapping/share/colcon-core/packages/bumperbot_mapping)
[1.374s] INFO:colcon.colcon_ros.task.ament_cmake.build:Building ROS package in '/home/kevin/bumperbot_ws/src/bumperbot_bringup' with build type 'ament_cmake'
[1.374s] INFO:colcon.colcon_cmake.task.cmake.build:Building CMake package in '/home/kevin/bumperbot_ws/src/bumperbot_bringup'
[1.374s] INFO:colcon.colcon_core.shell:Skip shell extension 'powershell' for command environment: Not usable outside of PowerShell
[1.374s] DEBUG:colcon.colcon_core.shell:Skip shell extension 'dsv' for command environment
[1.387s] DEBUG:colcon.colcon_core.event_handler.log_command:Invoking command in '/home/kevin/bumperbot_ws/build/bumperbot_bringup': AMENT_PREFIX_PATH=/home/kevin/bumperbot_ws/install/bumperbot_mapping:/home/kevin/bumperbot_ws/install/bumperbot_localization:/home/kevin/bumperbot_ws/install/bumperbot_description:/home/kevin/bumperbot_ws/install/bumperbot_controller:${AMENT_PREFIX_PATH} CMAKE_PREFIX_PATH=/home/kevin/bumperbot_ws/install/bumperbot_mapping:/home/kevin/bumperbot_ws/install/bumperbot_localization:/home/kevin/bumperbot_ws/install/bumperbot_description:/home/kevin/bumperbot_ws/install/bumperbot_controller:/opt/ros/humble PATH=/home/kevin/bumperbot_ws/install/bumperbot_localization/bin:${PATH} PYTHONPATH=/home/kevin/bumperbot_ws/install/bumperbot_mapping/local/lib/python3.10/dist-packages:/home/kevin/bumperbot_ws/install/bumperbot_localization/local/lib/python3.10/dist-packages:/home/kevin/bumperbot_ws/install/bumperbot_controller/local/lib/python3.10/dist-packages:${PYTHONPATH} /usr/bin/cmake --build /home/kevin/bumperbot_ws/build/bumperbot_bringup -- -j6 -l6
[1.423s] DEBUG:colcon.colcon_core.event_handler.log_command:Invoked command in '/home/kevin/bumperbot_ws/build/bumperbot_bringup' returned '0': AMENT_PREFIX_PATH=/home/kevin/bumperbot_ws/install/bumperbot_mapping:/home/kevin/bumperbot_ws/install/bumperbot_localization:/home/kevin/bumperbot_ws/install/bumperbot_description:/home/kevin/bumperbot_ws/install/bumperbot_controller:${AMENT_PREFIX_PATH} CMAKE_PREFIX_PATH=/home/kevin/bumperbot_ws/install/bumperbot_mapping:/home/kevin/bumperbot_ws/install/bumperbot_localization:/home/kevin/bumperbot_ws/install/bumperbot_description:/home/kevin/bumperbot_ws/install/bumperbot_controller:/opt/ros/humble PATH=/home/kevin/bumperbot_ws/install/bumperbot_localization/bin:${PATH} PYTHONPATH=/home/kevin/bumperbot_ws/install/bumperbot_mapping/local/lib/python3.10/dist-packages:/home/kevin/bumperbot_ws/install/bumperbot_localization/local/lib/python3.10/dist-packages:/home/kevin/bumperbot_ws/install/bumperbot_controller/local/lib/python3.10/dist-packages:${PYTHONPATH} /usr/bin/cmake --build /home/kevin/bumperbot_ws/build/bumperbot_bringup -- -j6 -l6
[1.424s] DEBUG:colcon.colcon_core.event_handler.log_command:Invoking command in '/home/kevin/bumperbot_ws/build/bumperbot_bringup': AMENT_PREFIX_PATH=/home/kevin/bumperbot_ws/install/bumperbot_mapping:/home/kevin/bumperbot_ws/install/bumperbot_localization:/home/kevin/bumperbot_ws/install/bumperbot_description:/home/kevin/bumperbot_ws/install/bumperbot_controller:${AMENT_PREFIX_PATH} CMAKE_PREFIX_PATH=/home/kevin/bumperbot_ws/install/bumperbot_mapping:/home/kevin/bumperbot_ws/install/bumperbot_localization:/home/kevin/bumperbot_ws/install/bumperbot_description:/home/kevin/bumperbot_ws/install/bumperbot_controller:/opt/ros/humble PATH=/home/kevin/bumperbot_ws/install/bumperbot_localization/bin:${PATH} PYTHONPATH=/home/kevin/bumperbot_ws/install/bumperbot_mapping/local/lib/python3.10/dist-packages:/home/kevin/bumperbot_ws/install/bumperbot_localization/local/lib/python3.10/dist-packages:/home/kevin/bumperbot_ws/install/bumperbot_controller/local/lib/python3.10/dist-packages:${PYTHONPATH} /usr/bin/cmake --install /home/kevin/bumperbot_ws/build/bumperbot_bringup
[1.435s] Level 1:colcon.colcon_core.environment:create_environment_scripts_only(bumperbot_bringup)
[1.435s] Level 1:colcon.colcon_core.environment:checking '/home/kevin/bumperbot_ws/install/bumperbot_bringup' for CMake module files
[1.435s] DEBUG:colcon.colcon_core.event_handler.log_command:Invoked command in '/home/kevin/bumperbot_ws/build/bumperbot_bringup' returned '0': AMENT_PREFIX_PATH=/home/kevin/bumperbot_ws/install/bumperbot_mapping:/home/kevin/bumperbot_ws/install/bumperbot_localization:/home/kevin/bumperbot_ws/install/bumperbot_description:/home/kevin/bumperbot_ws/install/bumperbot_controller:${AMENT_PREFIX_PATH} CMAKE_PREFIX_PATH=/home/kevin/bumperbot_ws/install/bumperbot_mapping:/home/kevin/bumperbot_ws/install/bumperbot_localization:/home/kevin/bumperbot_ws/install/bumperbot_description:/home/kevin/bumperbot_ws/install/bumperbot_controller:/opt/ros/humble PATH=/home/kevin/bumperbot_ws/install/bumperbot_localization/bin:${PATH} PYTHONPATH=/home/kevin/bumperbot_ws/install/bumperbot_mapping/local/lib/python3.10/dist-packages:/home/kevin/bumperbot_ws/install/bumperbot_localization/local/lib/python3.10/dist-packages:/home/kevin/bumperbot_ws/install/bumperbot_controller/local/lib/python3.10/dist-packages:${PYTHONPATH} /usr/bin/cmake --install /home/kevin/bumperbot_ws/build/bumperbot_bringup
[1.436s] Level 1:colcon.colcon_core.environment:checking '/home/kevin/bumperbot_ws/install/bumperbot_bringup' for CMake config files
[1.436s] Level 1:colcon.colcon_core.shell:create_environment_hook('bumperbot_bringup', 'cmake_prefix_path')
[1.436s] INFO:colcon.colcon_core.shell:Creating environment hook '/home/kevin/bumperbot_ws/install/bumperbot_bringup/share/bumperbot_bringup/hook/cmake_prefix_path.ps1'
[1.437s] INFO:colcon.colcon_core.shell:Creating environment descriptor '/home/kevin/bumperbot_ws/install/bumperbot_bringup/share/bumperbot_bringup/hook/cmake_prefix_path.dsv'
[1.437s] INFO:colcon.colcon_core.shell:Creating environment hook '/home/kevin/bumperbot_ws/install/bumperbot_bringup/share/bumperbot_bringup/hook/cmake_prefix_path.sh'
[1.437s] Level 1:colcon.colcon_core.environment:checking '/home/kevin/bumperbot_ws/install/bumperbot_bringup/bin'
[1.437s] Level 1:colcon.colcon_core.environment:checking '/home/kevin/bumperbot_ws/install/bumperbot_bringup/lib/pkgconfig/bumperbot_bringup.pc'
[1.438s] Level 1:colcon.colcon_core.environment:checking '/home/kevin/bumperbot_ws/install/bumperbot_bringup/lib/python3.10/site-packages'
[1.438s] Level 1:colcon.colcon_core.environment:checking '/home/kevin/bumperbot_ws/install/bumperbot_bringup/bin'
[1.438s] INFO:colcon.colcon_core.shell:Creating package script '/home/kevin/bumperbot_ws/install/bumperbot_bringup/share/bumperbot_bringup/package.ps1'
[1.438s] INFO:colcon.colcon_core.shell:Creating package descriptor '/home/kevin/bumperbot_ws/install/bumperbot_bringup/share/bumperbot_bringup/package.dsv'
[1.439s] INFO:colcon.colcon_core.shell:Creating package script '/home/kevin/bumperbot_ws/install/bumperbot_bringup/share/bumperbot_bringup/package.sh'
[1.439s] INFO:colcon.colcon_core.shell:Creating package script '/home/kevin/bumperbot_ws/install/bumperbot_bringup/share/bumperbot_bringup/package.bash'
[1.439s] INFO:colcon.colcon_core.shell:Creating package script '/home/kevin/bumperbot_ws/install/bumperbot_bringup/share/bumperbot_bringup/package.zsh'
[1.440s] Level 1:colcon.colcon_core.environment:create_file_with_runtime_dependencies(/home/kevin/bumperbot_ws/install/bumperbot_bringup/share/colcon-core/packages/bumperbot_bringup)
[1.441s] Level 1:colcon.colcon_core.environment:create_environment_scripts_only(bumperbot_bringup)
[1.441s] Level 1:colcon.colcon_core.environment:checking '/home/kevin/bumperbot_ws/install/bumperbot_bringup' for CMake module files
[1.441s] Level 1:colcon.colcon_core.environment:checking '/home/kevin/bumperbot_ws/install/bumperbot_bringup' for CMake config files
[1.441s] Level 1:colcon.colcon_core.shell:create_environment_hook('bumperbot_bringup', 'cmake_prefix_path')
[1.442s] INFO:colcon.colcon_core.shell:Creating environment hook '/home/kevin/bumperbot_ws/install/bumperbot_bringup/share/bumperbot_bringup/hook/cmake_prefix_path.ps1'
[1.442s] INFO:colcon.colcon_core.shell:Creating environment descriptor '/home/kevin/bumperbot_ws/install/bumperbot_bringup/share/bumperbot_bringup/hook/cmake_prefix_path.dsv'
[1.442s] INFO:colcon.colcon_core.shell:Creating environment hook '/home/kevin/bumperbot_ws/install/bumperbot_bringup/share/bumperbot_bringup/hook/cmake_prefix_path.sh'
[1.443s] Level 1:colcon.colcon_core.environment:checking '/home/kevin/bumperbot_ws/install/bumperbot_bringup/bin'
[1.443s] Level 1:colcon.colcon_core.environment:checking '/home/kevin/bumperbot_ws/install/bumperbot_bringup/lib/pkgconfig/bumperbot_bringup.pc'
[1.443s] Level 1:colcon.colcon_core.environment:checking '/home/kevin/bumperbot_ws/install/bumperbot_bringup/lib/python3.10/site-packages'
[1.443s] Level 1:colcon.colcon_core.environment:checking '/home/kevin/bumperbot_ws/install/bumperbot_bringup/bin'
[1.443s] INFO:colcon.colcon_core.shell:Creating package script '/home/kevin/bumperbot_ws/install/bumperbot_bringup/share/bumperbot_bringup/package.ps1'
[1.444s] INFO:colcon.colcon_core.shell:Creating package descriptor '/home/kevin/bumperbot_ws/install/bumperbot_bringup/share/bumperbot_bringup/package.dsv'
[1.444s] INFO:colcon.colcon_core.shell:Creating package script '/home/kevin/bumperbot_ws/install/bumperbot_bringup/share/bumperbot_bringup/package.sh'
[1.444s] INFO:colcon.colcon_core.shell:Creating package script '/home/kevin/bumperbot_ws/install/bumperbot_bringup/share/bumperbot_bringup/package.bash'
[1.445s] INFO:colcon.colcon_core.shell:Creating package script '/home/kevin/bumperbot_ws/install/bumperbot_bringup/share/bumperbot_bringup/package.zsh'
[1.445s] Level 1:colcon.colcon_core.environment:create_file_with_runtime_dependencies(/home/kevin/bumperbot_ws/install/bumperbot_bringup/share/colcon-core/packages/bumperbot_bringup)
[1.445s] DEBUG:colcon.colcon_parallel_executor.executor.parallel:closing loop
[1.446s] DEBUG:colcon.colcon_parallel_executor.executor.parallel:loop closed
[1.446s] DEBUG:colcon.colcon_parallel_executor.executor.parallel:run_until_complete finished with '0'
[1.446s] DEBUG:colcon.colcon_core.event_reactor:joining thread
[1.452s] INFO:colcon.colcon_core.plugin_system:Skipping extension 'colcon_notification.desktop_notification.terminal_notifier': Not used on non-Darwin systems
[1.452s] INFO:colcon.colcon_core.plugin_system:Skipping extension 'colcon_notification.desktop_notification.win32': Not used on non-Windows systems
[1.452s] INFO:colcon.colcon_notification.desktop_notification:Sending desktop notification using 'notify2'
[1.471s] DEBUG:colcon.colcon_core.event_reactor:joined thread
[1.471s] INFO:colcon.colcon_core.shell:Creating prefix script '/home/kevin/bumperbot_ws/install/local_setup.ps1'
[1.472s] INFO:colcon.colcon_core.shell:Creating prefix util module '/home/kevin/bumperbot_ws/install/_local_setup_util_ps1.py'
[1.474s] INFO:colcon.colcon_core.shell:Creating prefix chain script '/home/kevin/bumperbot_ws/install/setup.ps1'
[1.475s] INFO:colcon.colcon_core.shell:Creating prefix script '/home/kevin/bumperbot_ws/install/local_setup.sh'
[1.476s] INFO:colcon.colcon_core.shell:Creating prefix util module '/home/kevin/bumperbot_ws/install/_local_setup_util_sh.py'
[1.477s] INFO:colcon.colcon_core.shell:Creating prefix chain script '/home/kevin/bumperbot_ws/install/setup.sh'
[1.478s] INFO:colcon.colcon_core.shell:Creating prefix script '/home/kevin/bumperbot_ws/install/local_setup.bash'
[1.479s] INFO:colcon.colcon_core.shell:Creating prefix chain script '/home/kevin/bumperbot_ws/install/setup.bash'
[1.480s] INFO:colcon.colcon_core.shell:Creating prefix script '/home/kevin/bumperbot_ws/install/local_setup.zsh'
[1.481s] INFO:colcon.colcon_core.shell:Creating prefix chain script '/home/kevin/bumperbot_ws/install/setup.zsh'
