[0.023s] Invoking command in '/home/kevin/bumperbot_ws/build/bumperbot_localization': CMAKE_PREFIX_PATH=${CMAKE_PREFIX_PATH}:/home/kevin/osr_ws/install/osr_control:/home/kevin/osr_ws/install/bumperbot_py_examples:/opt/ros/humble /usr/bin/cmake --build /home/kevin/bumperbot_ws/build/bumperbot_localization -- -j6 -l6
[0.084s] [35m[1mConsolidate compiler generated dependencies of target kalman_filter[0m
[0.084s] [35m[1mConsolidate compiler generated dependencies of target imu_republisher[0m
[0.091s] [35m[1mConsolidate compiler generated dependencies of target odometry_motion_model[0m
[0.137s] [ 33%] Built target kalman_filter
[0.137s] [ 66%] Built target imu_republisher
[0.180s] [ 83%] Built target ament_cmake_python_copy_bumperbot_localization
[0.180s] [100%] Built target odometry_motion_model
[0.436s] running egg_info
[0.436s] writing bumperbot_localization.egg-info/PKG-INFO
[0.437s] writing dependency_links to bumperbot_localization.egg-info/dependency_links.txt
[0.437s] writing top-level names to bumperbot_localization.egg-info/top_level.txt
[0.439s] reading manifest file 'bumperbot_localization.egg-info/SOURCES.txt'
[0.439s] writing manifest file 'bumperbot_localization.egg-info/SOURCES.txt'
[0.471s] [100%] Built target ament_cmake_python_build_bumperbot_localization_egg
[0.482s] Invoked command in '/home/kevin/bumperbot_ws/build/bumperbot_localization' returned '0': CMAKE_PREFIX_PATH=${CMAKE_PREFIX_PATH}:/home/kevin/osr_ws/install/osr_control:/home/kevin/osr_ws/install/bumperbot_py_examples:/opt/ros/humble /usr/bin/cmake --build /home/kevin/bumperbot_ws/build/bumperbot_localization -- -j6 -l6
[0.484s] Invoking command in '/home/kevin/bumperbot_ws/build/bumperbot_localization': CMAKE_PREFIX_PATH=${CMAKE_PREFIX_PATH}:/home/kevin/osr_ws/install/osr_control:/home/kevin/osr_ws/install/bumperbot_py_examples:/opt/ros/humble /usr/bin/cmake --install /home/kevin/bumperbot_ws/build/bumperbot_localization
[0.492s] -- Install configuration: ""
[0.492s] -- Up-to-date: /home/kevin/bumperbot_ws/install/bumperbot_localization/share/bumperbot_localization/environment/pythonpath.sh
[0.492s] -- Up-to-date: /home/kevin/bumperbot_ws/install/bumperbot_localization/share/bumperbot_localization/environment/pythonpath.dsv
[0.493s] -- Up-to-date: /home/kevin/bumperbot_ws/install/bumperbot_localization/local/lib/python3.10/dist-packages/bumperbot_localization-0.0.0-py3.10.egg-info
[0.493s] -- Installing: /home/kevin/bumperbot_ws/install/bumperbot_localization/local/lib/python3.10/dist-packages/bumperbot_localization-0.0.0-py3.10.egg-info/PKG-INFO
[0.493s] -- Installing: /home/kevin/bumperbot_ws/install/bumperbot_localization/local/lib/python3.10/dist-packages/bumperbot_localization-0.0.0-py3.10.egg-info/top_level.txt
[0.493s] -- Installing: /home/kevin/bumperbot_ws/install/bumperbot_localization/local/lib/python3.10/dist-packages/bumperbot_localization-0.0.0-py3.10.egg-info/dependency_links.txt
[0.493s] -- Installing: /home/kevin/bumperbot_ws/install/bumperbot_localization/local/lib/python3.10/dist-packages/bumperbot_localization-0.0.0-py3.10.egg-info/SOURCES.txt
[0.493s] -- Up-to-date: /home/kevin/bumperbot_ws/install/bumperbot_localization/local/lib/python3.10/dist-packages/bumperbot_localization
[0.493s] -- Up-to-date: /home/kevin/bumperbot_ws/install/bumperbot_localization/local/lib/python3.10/dist-packages/bumperbot_localization/kalman_filter.py
[0.493s] -- Up-to-date: /home/kevin/bumperbot_ws/install/bumperbot_localization/local/lib/python3.10/dist-packages/bumperbot_localization/imu_republisher.py
[0.493s] -- Up-to-date: /home/kevin/bumperbot_ws/install/bumperbot_localization/local/lib/python3.10/dist-packages/bumperbot_localization/__init__.py
[0.493s] -- Up-to-date: /home/kevin/bumperbot_ws/install/bumperbot_localization/local/lib/python3.10/dist-packages/bumperbot_localization/odometry_motion_model.py
[0.533s] Listing '/home/kevin/bumperbot_ws/install/bumperbot_localization/local/lib/python3.10/dist-packages/bumperbot_localization'...
[0.542s] -- Up-to-date: /home/kevin/bumperbot_ws/install/bumperbot_localization/include/include
[0.542s] -- Up-to-date: /home/kevin/bumperbot_ws/install/bumperbot_localization/include/include/bumperbot_localization
[0.542s] -- Up-to-date: /home/kevin/bumperbot_ws/install/bumperbot_localization/include/include/bumperbot_localization/kalman_filter.hpp
[0.542s] -- Up-to-date: /home/kevin/bumperbot_ws/install/bumperbot_localization/include/include/bumperbot_localization/odometry_motion_model.hpp
[0.542s] -- Up-to-date: /home/kevin/bumperbot_ws/install/bumperbot_localization/bin/odometry_motion_model
[0.542s] -- Up-to-date: /home/kevin/bumperbot_ws/install/bumperbot_localization/lib/bumperbot_localization/kalman_filter
[0.542s] -- Up-to-date: /home/kevin/bumperbot_ws/install/bumperbot_localization/lib/bumperbot_localization/imu_republisher
[0.542s] -- Up-to-date: /home/kevin/bumperbot_ws/install/bumperbot_localization/lib/bumperbot_localization/odometry_motion_model
[0.542s] -- Up-to-date: /home/kevin/bumperbot_ws/install/bumperbot_localization/share/bumperbot_localization/launch
[0.542s] -- Up-to-date: /home/kevin/bumperbot_ws/install/bumperbot_localization/share/bumperbot_localization/launch/local_localization.launch.py
[0.542s] -- Up-to-date: /home/kevin/bumperbot_ws/install/bumperbot_localization/share/bumperbot_localization/launch/global_localization.launch.py
[0.542s] -- Up-to-date: /home/kevin/bumperbot_ws/install/bumperbot_localization/share/bumperbot_localization/config
[0.542s] -- Up-to-date: /home/kevin/bumperbot_ws/install/bumperbot_localization/share/bumperbot_localization/config/odometry_motion_model.rviz
[0.542s] -- Up-to-date: /home/kevin/bumperbot_ws/install/bumperbot_localization/share/bumperbot_localization/config/amcl.yaml
[0.542s] -- Up-to-date: /home/kevin/bumperbot_ws/install/bumperbot_localization/share/bumperbot_localization/config/ekf.yaml
[0.543s] -- Up-to-date: /home/kevin/bumperbot_ws/install/bumperbot_localization/share/bumperbot_localization/rviz
[0.543s] -- Up-to-date: /home/kevin/bumperbot_ws/install/bumperbot_localization/share/bumperbot_localization/rviz/global_localization.rviz
[0.543s] -- Up-to-date: /home/kevin/bumperbot_ws/install/bumperbot_localization/lib/bumperbot_localization/kalman_filter.py
[0.543s] -- Up-to-date: /home/kevin/bumperbot_ws/install/bumperbot_localization/lib/bumperbot_localization/imu_republisher.py
[0.543s] -- Up-to-date: /home/kevin/bumperbot_ws/install/bumperbot_localization/lib/bumperbot_localization/odometry_motion_model.py
[0.543s] -- Up-to-date: /home/kevin/bumperbot_ws/install/bumperbot_localization/share/ament_index/resource_index/package_run_dependencies/bumperbot_localization
[0.543s] -- Up-to-date: /home/kevin/bumperbot_ws/install/bumperbot_localization/share/ament_index/resource_index/parent_prefix_path/bumperbot_localization
[0.543s] -- Up-to-date: /home/kevin/bumperbot_ws/install/bumperbot_localization/share/bumperbot_localization/environment/ament_prefix_path.sh
[0.543s] -- Up-to-date: /home/kevin/bumperbot_ws/install/bumperbot_localization/share/bumperbot_localization/environment/ament_prefix_path.dsv
[0.543s] -- Up-to-date: /home/kevin/bumperbot_ws/install/bumperbot_localization/share/bumperbot_localization/environment/path.sh
[0.543s] -- Up-to-date: /home/kevin/bumperbot_ws/install/bumperbot_localization/share/bumperbot_localization/environment/path.dsv
[0.543s] -- Up-to-date: /home/kevin/bumperbot_ws/install/bumperbot_localization/share/bumperbot_localization/local_setup.bash
[0.543s] -- Up-to-date: /home/kevin/bumperbot_ws/install/bumperbot_localization/share/bumperbot_localization/local_setup.sh
[0.543s] -- Up-to-date: /home/kevin/bumperbot_ws/install/bumperbot_localization/share/bumperbot_localization/local_setup.zsh
[0.543s] -- Up-to-date: /home/kevin/bumperbot_ws/install/bumperbot_localization/share/bumperbot_localization/local_setup.dsv
[0.544s] -- Installing: /home/kevin/bumperbot_ws/install/bumperbot_localization/share/bumperbot_localization/package.dsv
[0.544s] -- Up-to-date: /home/kevin/bumperbot_ws/install/bumperbot_localization/share/ament_index/resource_index/packages/bumperbot_localization
[0.544s] -- Up-to-date: /home/kevin/bumperbot_ws/install/bumperbot_localization/share/bumperbot_localization/cmake/bumperbot_localizationConfig.cmake
[0.544s] -- Up-to-date: /home/kevin/bumperbot_ws/install/bumperbot_localization/share/bumperbot_localization/cmake/bumperbot_localizationConfig-version.cmake
[0.544s] -- Up-to-date: /home/kevin/bumperbot_ws/install/bumperbot_localization/share/bumperbot_localization/package.xml
[0.555s] Invoked command in '/home/kevin/bumperbot_ws/build/bumperbot_localization' returned '0': CMAKE_PREFIX_PATH=${CMAKE_PREFIX_PATH}:/home/kevin/osr_ws/install/osr_control:/home/kevin/osr_ws/install/bumperbot_py_examples:/opt/ros/humble /usr/bin/cmake --install /home/kevin/bumperbot_ws/build/bumperbot_localization
